Training Starts
Iter 0 of 11 loss -0.7930
Iter 1 of 11 loss -0.8812
Iter 2 of 11 loss -0.9123
Iter 3 of 11 loss -0.8026
Iter 4 of 11 loss -0.8842
Iter 5 of 11 loss -0.8037
Iter 6 of 11 loss -0.7718
Iter 7 of 11 loss -0.8473
Iter 8 of 11 loss -0.8001
Iter 9 of 11 loss -0.8362
Iter 10 of 11 loss -0.7915
Post_55_epoh_ModeTv2_cuda_nh(84211)_hd_6_ncc_8_reg_1_lr_1_54r/ Epoch 0 loss -0.8295
0 : 0.06626893876604177
0 : 0.033134469383020886
0 : 0.041985292100952636
Training Starts
Iter 0 of 11 loss -0.8042
Iter 1 of 11 loss -0.8365
Iter 2 of 11 loss -0.8036
Iter 3 of 11 loss -0.7922
Iter 4 of 11 loss -0.8851
Iter 5 of 11 loss -0.7722
Iter 6 of 11 loss -0.8005
Iter 7 of 11 loss -0.7918
Iter 8 of 11 loss -0.8477
Iter 9 of 11 loss -0.9119
Iter 10 of 11 loss -0.8862
Post_55_epoh_ModeTv2_cuda_nh(84211)_hd_6_ncc_8_reg_1_lr_1_54r/ Epoch 1 loss -0.8302
1 : 0.06626094784286628
1 : 0.03313047392143314
1 : 0.04328239087318294
Training Starts
Iter 0 of 11 loss -0.8851
Iter 1 of 11 loss -0.8038
Iter 2 of 11 loss -0.7925
Iter 3 of 11 loss -0.8007
Iter 4 of 11 loss -0.9122
Iter 5 of 11 loss -0.8479
Iter 6 of 11 loss -0.8864
Iter 7 of 11 loss -0.8368
Iter 8 of 11 loss -0.8046
Iter 9 of 11 loss -0.7724
Iter 10 of 11 loss -0.7919
Post_55_epoh_ModeTv2_cuda_nh(84211)_hd_6_ncc_8_reg_1_lr_1_54r/ Epoch 2 loss -0.8304
2 : 0.06606705776534158
2 : 0.03303352888267079
2 : 0.04480180074890838
Training Starts
Iter 0 of 11 loss -0.8007
Iter 1 of 11 loss -0.9123
Iter 2 of 11 loss -0.8039
Iter 3 of 11 loss -0.8368
Iter 4 of 11 loss -0.7922
Iter 5 of 11 loss -0.8865
Iter 6 of 11 loss -0.8047
Iter 7 of 11 loss -0.8480
Iter 8 of 11 loss -0.8853
Iter 9 of 11 loss -0.7919
Iter 10 of 11 loss -0.7725
Post_55_epoh_ModeTv2_cuda_nh(84211)_hd_6_ncc_8_reg_1_lr_1_54r/ Epoch 3 loss -0.8304
3 : 0.06781282217589409
3 : 0.03390641108794704
3 : 0.044444672674050806
Training Starts
Iter 0 of 11 loss -0.7920
Iter 1 of 11 loss -0.8008
Iter 2 of 11 loss -0.8047
Iter 3 of 11 loss -0.8480
Iter 4 of 11 loss -0.8368
Iter 5 of 11 loss -0.8866
Iter 6 of 11 loss -0.9125
Iter 7 of 11 loss -0.7927
Iter 8 of 11 loss -0.7726
Iter 9 of 11 loss -0.8041
Iter 10 of 11 loss -0.8853
Post_55_epoh_ModeTv2_cuda_nh(84211)_hd_6_ncc_8_reg_1_lr_1_54r/ Epoch 4 loss -0.8305
4 : 0.06778596335224389
4 : 0.033892981676121946
4 : 0.04368284152231063
Training Starts
Iter 0 of 11 loss -0.7926
Iter 1 of 11 loss -0.8008
Iter 2 of 11 loss -0.7726
Iter 3 of 11 loss -0.7921
Iter 4 of 11 loss -0.8048
Iter 5 of 11 loss -0.8369
Iter 6 of 11 loss -0.8481
Iter 7 of 11 loss -0.8041
Iter 8 of 11 loss -0.8853
Iter 9 of 11 loss -0.9125
Iter 10 of 11 loss -0.8867
Post_55_epoh_ModeTv2_cuda_nh(84211)_hd_6_ncc_8_reg_1_lr_1_54r/ Epoch 5 loss -0.8306
5 : 0.06796516922831994
5 : 0.03398258461415997
5 : 0.043883290633408255
Training Starts
Iter 0 of 11 loss -0.8041
Iter 1 of 11 loss -0.7921
Iter 2 of 11 loss -0.8853
Iter 3 of 11 loss -0.7726
Iter 4 of 11 loss -0.9125
Iter 5 of 11 loss -0.8369
Iter 6 of 11 loss -0.8867
Iter 7 of 11 loss -0.8481
Iter 8 of 11 loss -0.8048
Iter 9 of 11 loss -0.7929
Iter 10 of 11 loss -0.8008
Post_55_epoh_ModeTv2_cuda_nh(84211)_hd_6_ncc_8_reg_1_lr_1_54r/ Epoch 6 loss -0.8306
6 : 0.06743891502960767
6 : 0.03371945751480383
6 : 0.044929702888300116
Training Starts
Iter 0 of 11 loss -0.9126
Iter 1 of 11 loss -0.8369
Iter 2 of 11 loss -0.8481
Iter 3 of 11 loss -0.7726
Iter 4 of 11 loss -0.8048
Iter 5 of 11 loss -0.8867
Iter 6 of 11 loss -0.7929
Iter 7 of 11 loss -0.8042
Iter 8 of 11 loss -0.7921
Iter 9 of 11 loss -0.8009
Iter 10 of 11 loss -0.8854
Post_55_epoh_ModeTv2_cuda_nh(84211)_hd_6_ncc_8_reg_1_lr_1_54r/ Epoch 7 loss -0.8307
7 : 0.06739782911896659
7 : 0.033698914559483296
7 : 0.044131916062800834
Training Starts
Iter 0 of 11 loss -0.8049
Iter 1 of 11 loss -0.8369
Iter 2 of 11 loss -0.8042
Iter 3 of 11 loss -0.7922
Iter 4 of 11 loss -0.9126
Iter 5 of 11 loss -0.8009
Iter 6 of 11 loss -0.8482
Iter 7 of 11 loss -0.7930
Iter 8 of 11 loss -0.7727
Iter 9 of 11 loss -0.8867
Iter 10 of 11 loss -0.8854
Post_55_epoh_ModeTv2_cuda_nh(84211)_hd_6_ncc_8_reg_1_lr_1_54r/ Epoch 8 loss -0.8307
8 : 0.06622496804375269
8 : 0.033112484021876346
8 : 0.044660800311816906
Training Starts
Iter 0 of 11 loss -0.7929
Iter 1 of 11 loss -0.8854
Iter 2 of 11 loss -0.9126
Iter 3 of 11 loss -0.7726
Iter 4 of 11 loss -0.8009
Iter 5 of 11 loss -0.8369
Iter 6 of 11 loss -0.8867
Iter 7 of 11 loss -0.8049
Iter 8 of 11 loss -0.7922
Iter 9 of 11 loss -0.8042
Iter 10 of 11 loss -0.8482
Post_55_epoh_ModeTv2_cuda_nh(84211)_hd_6_ncc_8_reg_1_lr_1_54r/ Epoch 9 loss -0.8307
9 : 0.06614489178924075
9 : 0.03307244589462038
9 : 0.044523568601430176
Training Starts
Iter 0 of 11 loss -0.8854
Iter 1 of 11 loss -0.8009
Iter 2 of 11 loss -0.8867
Iter 3 of 11 loss -0.8369
Iter 4 of 11 loss -0.7930
Iter 5 of 11 loss -0.9126
Iter 6 of 11 loss -0.7922
Iter 7 of 11 loss -0.7727
Iter 8 of 11 loss -0.8049
Iter 9 of 11 loss -0.8481
Iter 10 of 11 loss -0.8042
Post_55_epoh_ModeTv2_cuda_nh(84211)_hd_6_ncc_8_reg_1_lr_1_54r/ Epoch 10 loss -0.8307
10 : 0.06710037119226434
10 : 0.03355018559613217
10 : 0.04512051889879606
Training Starts
Iter 0 of 11 loss -0.8867
Iter 1 of 11 loss -0.8854
Iter 2 of 11 loss -0.8009
Iter 3 of 11 loss -0.8042
Iter 4 of 11 loss -0.8049
Iter 5 of 11 loss -0.7727
Iter 6 of 11 loss -0.7922
Iter 7 of 11 loss -0.7930
Iter 8 of 11 loss -0.9126
Iter 9 of 11 loss -0.8481
Iter 10 of 11 loss -0.8369
Post_55_epoh_ModeTv2_cuda_nh(84211)_hd_6_ncc_8_reg_1_lr_1_54r/ Epoch 11 loss -0.8307
11 : 0.06644272747128495
11 : 0.033221363735642474
11 : 0.042238048206852424
Training Starts
Iter 0 of 11 loss -0.8854
Iter 1 of 11 loss -0.8369
Iter 2 of 11 loss -0.7922
Iter 3 of 11 loss -0.8009
Iter 4 of 11 loss -0.8867
Iter 5 of 11 loss -0.8482
Iter 6 of 11 loss -0.7929
Iter 7 of 11 loss -0.8049
Iter 8 of 11 loss -0.7726
Iter 9 of 11 loss -0.8041
Iter 10 of 11 loss -0.9126
Post_55_epoh_ModeTv2_cuda_nh(84211)_hd_6_ncc_8_reg_1_lr_1_54r/ Epoch 12 loss -0.8307
12 : 0.06741101249426505
12 : 0.033705506247132526
12 : 0.04485139866261717
Training Starts
Iter 0 of 11 loss -0.8867
Iter 1 of 11 loss -0.8854
Iter 2 of 11 loss -0.9125
Iter 3 of 11 loss -0.8369
Iter 4 of 11 loss -0.8048
Iter 5 of 11 loss -0.8042
Iter 6 of 11 loss -0.8008
Iter 7 of 11 loss -0.7930
Iter 8 of 11 loss -0.7726
Iter 9 of 11 loss -0.7921
Iter 10 of 11 loss -0.8481
Post_55_epoh_ModeTv2_cuda_nh(84211)_hd_6_ncc_8_reg_1_lr_1_54r/ Epoch 13 loss -0.8307
13 : 0.065708761061153
13 : 0.0328543805305765
13 : 0.045040192627492204
Training Starts
Iter 0 of 11 loss -0.7922
Iter 1 of 11 loss -0.8042
Iter 2 of 11 loss -0.8867
Iter 3 of 11 loss -0.8009
Iter 4 of 11 loss -0.8854
Iter 5 of 11 loss -0.9126
Iter 6 of 11 loss -0.7727
Iter 7 of 11 loss -0.7930
Iter 8 of 11 loss -0.8482
Iter 9 of 11 loss -0.8049
Iter 10 of 11 loss -0.8370
Post_55_epoh_ModeTv2_cuda_nh(84211)_hd_6_ncc_8_reg_1_lr_1_54r/ Epoch 14 loss -0.8307
14 : 0.0668777001323546
14 : 0.0334388500661773
14 : 0.04471967209231347
Training Starts
Iter 0 of 11 loss -0.8854
Iter 1 of 11 loss -0.7727
Iter 2 of 11 loss -0.8042
Iter 3 of 11 loss -0.8009
Iter 4 of 11 loss -0.7922
Iter 5 of 11 loss -0.8482
Iter 6 of 11 loss -0.9126
Iter 7 of 11 loss -0.8867
Iter 8 of 11 loss -0.8369
Iter 9 of 11 loss -0.8049
Iter 10 of 11 loss -0.7930
Post_55_epoh_ModeTv2_cuda_nh(84211)_hd_6_ncc_8_reg_1_lr_1_54r/ Epoch 15 loss -0.8307
15 : 0.06709411663413871
15 : 0.033547058317069355
15 : 0.04287137668926611
Training Starts
Iter 0 of 11 loss -0.8854
Iter 1 of 11 loss -0.8049
Iter 2 of 11 loss -0.8482
Iter 3 of 11 loss -0.7930
Iter 4 of 11 loss -0.7922
Iter 5 of 11 loss -0.8370
Iter 6 of 11 loss -0.9127
Iter 7 of 11 loss -0.8042
Iter 8 of 11 loss -0.8868
Iter 9 of 11 loss -0.8009
Iter 10 of 11 loss -0.7727
Post_55_epoh_ModeTv2_cuda_nh(84211)_hd_6_ncc_8_reg_1_lr_1_54r/ Epoch 16 loss -0.8307
16 : 0.0671433433402531
16 : 0.03357167167012655
16 : 0.0439614418343666
Training Starts
Iter 0 of 11 loss -0.8482
Iter 1 of 11 loss -0.8009
Iter 2 of 11 loss -0.8042
Iter 3 of 11 loss -0.7930
Iter 4 of 11 loss -0.8049
Iter 5 of 11 loss -0.8854
Iter 6 of 11 loss -0.8370
Iter 7 of 11 loss -0.7727
Iter 8 of 11 loss -0.9126
Iter 9 of 11 loss -0.8868
Iter 10 of 11 loss -0.7922
Post_55_epoh_ModeTv2_cuda_nh(84211)_hd_6_ncc_8_reg_1_lr_1_54r/ Epoch 17 loss -0.8307
17 : 0.0661168255492017
17 : 0.03305841277460085
17 : 0.04544664797194154
Training Starts
Iter 0 of 11 loss -0.9126
Iter 1 of 11 loss -0.8854
Iter 2 of 11 loss -0.8482
Iter 3 of 11 loss -0.8042
Iter 4 of 11 loss -0.8049
Iter 5 of 11 loss -0.7930
Iter 6 of 11 loss -0.7922
Iter 7 of 11 loss -0.8868
Iter 8 of 11 loss -0.7727
Iter 9 of 11 loss -0.8009
Iter 10 of 11 loss -0.8370
Post_55_epoh_ModeTv2_cuda_nh(84211)_hd_6_ncc_8_reg_1_lr_1_54r/ Epoch 18 loss -0.8307
18 : 0.0658875194081175
18 : 0.03294375970405875
18 : 0.044167053855807104
Training Starts
Iter 0 of 11 loss -0.8370
Iter 1 of 11 loss -0.8482
Iter 2 of 11 loss -0.7930
Iter 3 of 11 loss -0.9126
Iter 4 of 11 loss -0.8854
Iter 5 of 11 loss -0.8868
Iter 6 of 11 loss -0.8049
Iter 7 of 11 loss -0.7922
Iter 8 of 11 loss -0.8009
Iter 9 of 11 loss -0.7727
Iter 10 of 11 loss -0.8042
Post_55_epoh_ModeTv2_cuda_nh(84211)_hd_6_ncc_8_reg_1_lr_1_54r/ Epoch 19 loss -0.8307
19 : 0.06698371028941595
19 : 0.033491855144707976
19 : 0.04387135225984492
Training Starts
Iter 0 of 11 loss -0.7930
Iter 1 of 11 loss -0.8049
Iter 2 of 11 loss -0.8042
Iter 3 of 11 loss -0.8854
Iter 4 of 11 loss -0.9127
Iter 5 of 11 loss -0.8010
Iter 6 of 11 loss -0.8868
Iter 7 of 11 loss -0.7922
Iter 8 of 11 loss -0.8369
Iter 9 of 11 loss -0.8482
Iter 10 of 11 loss -0.7727
Post_55_epoh_ModeTv2_cuda_nh(84211)_hd_6_ncc_8_reg_1_lr_1_54r/ Epoch 20 loss -0.8307
20 : 0.06635194563597074
20 : 0.03317597281798537
20 : 0.04430313846509452
Training Starts
Iter 0 of 11 loss -0.7727
Iter 1 of 11 loss -0.7923
Iter 2 of 11 loss -0.8868
Iter 3 of 11 loss -0.8854
Iter 4 of 11 loss -0.8482
Iter 5 of 11 loss -0.9127
Iter 6 of 11 loss -0.8043
Iter 7 of 11 loss -0.8049
Iter 8 of 11 loss -0.8010
Iter 9 of 11 loss -0.7930
Iter 10 of 11 loss -0.8370
Post_55_epoh_ModeTv2_cuda_nh(84211)_hd_6_ncc_8_reg_1_lr_1_54r/ Epoch 21 loss -0.8307
21 : 0.0670244649557498
21 : 0.0335122324778749
21 : 0.04408769850317354
Training Starts
Iter 0 of 11 loss -0.7727
Iter 1 of 11 loss -0.7922
Iter 2 of 11 loss -0.8049
Iter 3 of 11 loss -0.9127
Iter 4 of 11 loss -0.8370
Iter 5 of 11 loss -0.7930
Iter 6 of 11 loss -0.8009
Iter 7 of 11 loss -0.8482
Iter 8 of 11 loss -0.8854
Iter 9 of 11 loss -0.8868
Iter 10 of 11 loss -0.8042
Post_55_epoh_ModeTv2_cuda_nh(84211)_hd_6_ncc_8_reg_1_lr_1_54r/ Epoch 22 loss -0.8307
22 : 0.06560728528196595
22 : 0.032803642640982976
22 : 0.04246464187937079
Training Starts
Iter 0 of 11 loss -0.7923
Iter 1 of 11 loss -0.8042
Iter 2 of 11 loss -0.8049
Iter 3 of 11 loss -0.9127
Iter 4 of 11 loss -0.7727
Iter 5 of 11 loss -0.8010
Iter 6 of 11 loss -0.8369
Iter 7 of 11 loss -0.8854
Iter 8 of 11 loss -0.8867
Iter 9 of 11 loss -0.8482
Iter 10 of 11 loss -0.7930
Post_55_epoh_ModeTv2_cuda_nh(84211)_hd_6_ncc_8_reg_1_lr_1_54r/ Epoch 23 loss -0.8307
23 : 0.0663662939475261
23 : 0.03318314697376305
23 : 0.04417725901663153
Training Starts
Iter 0 of 11 loss -0.8854
Iter 1 of 11 loss -0.7922
Iter 2 of 11 loss -0.9127
Iter 3 of 11 loss -0.8868
Iter 4 of 11 loss -0.8482
Iter 5 of 11 loss -0.8370
Iter 6 of 11 loss -0.7727
Iter 7 of 11 loss -0.8010
Iter 8 of 11 loss -0.8042
Iter 9 of 11 loss -0.7931
Iter 10 of 11 loss -0.8049
Post_55_epoh_ModeTv2_cuda_nh(84211)_hd_6_ncc_8_reg_1_lr_1_54r/ Epoch 24 loss -0.8307
24 : 0.0663232328578836
24 : 0.0331616164289418
24 : 0.043215640251729935
Training Starts
Iter 0 of 11 loss -0.8043
Iter 1 of 11 loss -0.8049
Iter 2 of 11 loss -0.8370
Iter 3 of 11 loss -0.8482
Iter 4 of 11 loss -0.8010
Iter 5 of 11 loss -0.8854
Iter 6 of 11 loss -0.9127
Iter 7 of 11 loss -0.8868
Iter 8 of 11 loss -0.7931
Iter 9 of 11 loss -0.7727
Iter 10 of 11 loss -0.7922
Post_55_epoh_ModeTv2_cuda_nh(84211)_hd_6_ncc_8_reg_1_lr_1_54r/ Epoch 25 loss -0.8307
25 : 0.06622016818312788
25 : 0.03311008409156394
25 : 0.04546941563076883
Training Starts
Iter 0 of 11 loss -0.8868
Iter 1 of 11 loss -0.8009
Iter 2 of 11 loss -0.7727
Iter 3 of 11 loss -0.8370
Iter 4 of 11 loss -0.7931
Iter 5 of 11 loss -0.8482
Iter 6 of 11 loss -0.8854
Iter 7 of 11 loss -0.7923
Iter 8 of 11 loss -0.8049
Iter 9 of 11 loss -0.9127
Iter 10 of 11 loss -0.8042
Post_55_epoh_ModeTv2_cuda_nh(84211)_hd_6_ncc_8_reg_1_lr_1_54r/ Epoch 26 loss -0.8307
26 : 0.06617854419045356
26 : 0.03308927209522678
26 : 0.043705961317044295
Training Starts
Iter 0 of 11 loss -0.9127
Iter 1 of 11 loss -0.8854
Iter 2 of 11 loss -0.8043
Iter 3 of 11 loss -0.7922
Iter 4 of 11 loss -0.8868
Iter 5 of 11 loss -0.7931
Iter 6 of 11 loss -0.8482
Iter 7 of 11 loss -0.7727
Iter 8 of 11 loss -0.8049
Iter 9 of 11 loss -0.8010
Iter 10 of 11 loss -0.8370
Post_55_epoh_ModeTv2_cuda_nh(84211)_hd_6_ncc_8_reg_1_lr_1_54r/ Epoch 27 loss -0.8307
27 : 0.06657770441081494
27 : 0.03328885220540747
27 : 0.043859760587541395
Training Starts
Iter 0 of 11 loss -0.7931
Iter 1 of 11 loss -0.8049
Iter 2 of 11 loss -0.8854
Iter 3 of 11 loss -0.7923
Iter 4 of 11 loss -0.8043
Iter 5 of 11 loss -0.8010
Iter 6 of 11 loss -0.9127
Iter 7 of 11 loss -0.7727
Iter 8 of 11 loss -0.8370
Iter 9 of 11 loss -0.8482
Iter 10 of 11 loss -0.8868
Post_55_epoh_ModeTv2_cuda_nh(84211)_hd_6_ncc_8_reg_1_lr_1_54r/ Epoch 28 loss -0.8308
28 : 0.06625215590120663
28 : 0.033126077950603315
28 : 0.04323133665562015
Training Starts
Iter 0 of 11 loss -0.8854
Iter 1 of 11 loss -0.8482
Iter 2 of 11 loss -0.7923
Iter 3 of 11 loss -0.8049
Iter 4 of 11 loss -0.7930
Iter 5 of 11 loss -0.7727
Iter 6 of 11 loss -0.8370
Iter 7 of 11 loss -0.8868
Iter 8 of 11 loss -0.8010
Iter 9 of 11 loss -0.9127
Iter 10 of 11 loss -0.8043
Post_55_epoh_ModeTv2_cuda_nh(84211)_hd_6_ncc_8_reg_1_lr_1_54r/ Epoch 29 loss -0.8308
29 : 0.06608151312542847
29 : 0.033040756562714234
29 : 0.04363447647618129
Training Starts
Iter 0 of 11 loss -0.9127
Iter 1 of 11 loss -0.8049
Iter 2 of 11 loss -0.8010
Iter 3 of 11 loss -0.8370
Iter 4 of 11 loss -0.7923
Iter 5 of 11 loss -0.7727
Iter 6 of 11 loss -0.8043
Iter 7 of 11 loss -0.7931
Iter 8 of 11 loss -0.8482
Iter 9 of 11 loss -0.8854
Iter 10 of 11 loss -0.8868
Post_55_epoh_ModeTv2_cuda_nh(84211)_hd_6_ncc_8_reg_1_lr_1_54r/ Epoch 30 loss -0.8307
30 : 0.06616011915264301
30 : 0.033080059576321506
30 : 0.04408603379108209
Training Starts
Iter 0 of 11 loss -0.8482
Iter 1 of 11 loss -0.8010
Iter 2 of 11 loss -0.8854
Iter 3 of 11 loss -0.8043
Iter 4 of 11 loss -0.8868
Iter 5 of 11 loss -0.8370
Iter 6 of 11 loss -0.9127
Iter 7 of 11 loss -0.8049
Iter 8 of 11 loss -0.7727
Iter 9 of 11 loss -0.7930
Iter 10 of 11 loss -0.7923
Post_55_epoh_ModeTv2_cuda_nh(84211)_hd_6_ncc_8_reg_1_lr_1_54r/ Epoch 31 loss -0.8307
31 : 0.0673217409129209
31 : 0.03366087045646045
31 : 0.044694147622281376
Training Starts
Iter 0 of 11 loss -0.8854
Iter 1 of 11 loss -0.8043
Iter 2 of 11 loss -0.8049
Iter 3 of 11 loss -0.8010
Iter 4 of 11 loss -0.7922
Iter 5 of 11 loss -0.8868
Iter 6 of 11 loss -0.9127
Iter 7 of 11 loss -0.8482
Iter 8 of 11 loss -0.8370
Iter 9 of 11 loss -0.7931
Iter 10 of 11 loss -0.7727
Post_55_epoh_ModeTv2_cuda_nh(84211)_hd_6_ncc_8_reg_1_lr_1_54r/ Epoch 32 loss -0.8308
32 : 0.06612725254968142
32 : 0.03306362627484071
32 : 0.04425631663482743
Training Starts
Iter 0 of 11 loss -0.8043
Iter 1 of 11 loss -0.8868
Iter 2 of 11 loss -0.8049
Iter 3 of 11 loss -0.8010
Iter 4 of 11 loss -0.8854
Iter 5 of 11 loss -0.9127
Iter 6 of 11 loss -0.8370
Iter 7 of 11 loss -0.7931
Iter 8 of 11 loss -0.7727
Iter 9 of 11 loss -0.7922
Iter 10 of 11 loss -0.8482
Post_55_epoh_ModeTv2_cuda_nh(84211)_hd_6_ncc_8_reg_1_lr_1_54r/ Epoch 33 loss -0.8308
33 : 0.06634875639124042
33 : 0.03317437819562021
33 : 0.04396507003118453
Training Starts
Iter 0 of 11 loss -0.8868
Iter 1 of 11 loss -0.7923
Iter 2 of 11 loss -0.8854
Iter 3 of 11 loss -0.7931
Iter 4 of 11 loss -0.8010
Iter 5 of 11 loss -0.9127
Iter 6 of 11 loss -0.8370
Iter 7 of 11 loss -0.8043
Iter 8 of 11 loss -0.8049
Iter 9 of 11 loss -0.8482
Iter 10 of 11 loss -0.7727
Post_55_epoh_ModeTv2_cuda_nh(84211)_hd_6_ncc_8_reg_1_lr_1_54r/ Epoch 34 loss -0.8308
34 : 0.06620496465692396
34 : 0.03310248232846198
34 : 0.04456303631299132
Training Starts
Iter 0 of 11 loss -0.7931
Iter 1 of 11 loss -0.7727
Iter 2 of 11 loss -0.8854
Iter 3 of 11 loss -0.8868
Iter 4 of 11 loss -0.7923
Iter 5 of 11 loss -0.9127
Iter 6 of 11 loss -0.8010
Iter 7 of 11 loss -0.8482
Iter 8 of 11 loss -0.8370
Iter 9 of 11 loss -0.8049
Iter 10 of 11 loss -0.8043
Post_55_epoh_ModeTv2_cuda_nh(84211)_hd_6_ncc_8_reg_1_lr_1_54r/ Epoch 35 loss -0.8308
35 : 0.06714100066199521
35 : 0.03357050033099761
35 : 0.04433214135926047
Training Starts
Iter 0 of 11 loss -0.8482
Iter 1 of 11 loss -0.8868
Iter 2 of 11 loss -0.8010
Iter 3 of 11 loss -0.7931
Iter 4 of 11 loss -0.8854
Iter 5 of 11 loss -0.9127
Iter 6 of 11 loss -0.7923
Iter 7 of 11 loss -0.8370
Iter 8 of 11 loss -0.8043
Iter 9 of 11 loss -0.8049
Iter 10 of 11 loss -0.7727
Post_55_epoh_ModeTv2_cuda_nh(84211)_hd_6_ncc_8_reg_1_lr_1_54r/ Epoch 36 loss -0.8308
36 : 0.06706282834562761
36 : 0.03353141417281381
36 : 0.043138881061119794
Training Starts
Iter 0 of 11 loss -0.8868
Iter 1 of 11 loss -0.7923
Iter 2 of 11 loss -0.7727
Iter 3 of 11 loss -0.8043
Iter 4 of 11 loss -0.8049
Iter 5 of 11 loss -0.8010
Iter 6 of 11 loss -0.8482
Iter 7 of 11 loss -0.8854
Iter 8 of 11 loss -0.7931
Iter 9 of 11 loss -0.9127
Iter 10 of 11 loss -0.8370
Post_55_epoh_ModeTv2_cuda_nh(84211)_hd_6_ncc_8_reg_1_lr_1_54r/ Epoch 37 loss -0.8308
37 : 0.06605741783416672
37 : 0.03302870891708336
37 : 0.04480417162975084
Training Starts
Iter 0 of 11 loss -0.8043
Iter 1 of 11 loss -0.8854
Iter 2 of 11 loss -0.7923
Iter 3 of 11 loss -0.8482
Iter 4 of 11 loss -0.9127
Iter 5 of 11 loss -0.7931
Iter 6 of 11 loss -0.7727
Iter 7 of 11 loss -0.8370
Iter 8 of 11 loss -0.8010
Iter 9 of 11 loss -0.8867
Iter 10 of 11 loss -0.8049
Post_55_epoh_ModeTv2_cuda_nh(84211)_hd_6_ncc_8_reg_1_lr_1_54r/ Epoch 38 loss -0.8307
38 : 0.06619135638777114
38 : 0.03309567819388557
38 : 0.043852344677241105
Training Starts
Iter 0 of 11 loss -0.7923
Iter 1 of 11 loss -0.9127
Iter 2 of 11 loss -0.8010
Iter 3 of 11 loss -0.8049
Iter 4 of 11 loss -0.8854
Iter 5 of 11 loss -0.8868
Iter 6 of 11 loss -0.8370
Iter 7 of 11 loss -0.7931
Iter 8 of 11 loss -0.8043
Iter 9 of 11 loss -0.8482
Iter 10 of 11 loss -0.7727
Post_55_epoh_ModeTv2_cuda_nh(84211)_hd_6_ncc_8_reg_1_lr_1_54r/ Epoch 39 loss -0.8308
39 : 0.06704717450839355
39 : 0.033523587254196775
39 : 0.04446677453801532
Training Starts
Iter 0 of 11 loss -0.9127
Iter 1 of 11 loss -0.7931
Iter 2 of 11 loss -0.8482
Iter 3 of 11 loss -0.8010
Iter 4 of 11 loss -0.8854
Iter 5 of 11 loss -0.8043
Iter 6 of 11 loss -0.7727
Iter 7 of 11 loss -0.7923
Iter 8 of 11 loss -0.8868
Iter 9 of 11 loss -0.8370
Iter 10 of 11 loss -0.8049
Post_55_epoh_ModeTv2_cuda_nh(84211)_hd_6_ncc_8_reg_1_lr_1_54r/ Epoch 40 loss -0.8308
40 : 0.06679583082256203
40 : 0.033397915411281016
40 : 0.043345148433429785
Training Starts
Iter 0 of 11 loss -0.8370
Iter 1 of 11 loss -0.8868
Iter 2 of 11 loss -0.9127
Iter 3 of 11 loss -0.8010
Iter 4 of 11 loss -0.8482
Iter 5 of 11 loss -0.7727
Iter 6 of 11 loss -0.7923
Iter 7 of 11 loss -0.8049
Iter 8 of 11 loss -0.8854
Iter 9 of 11 loss -0.8043
Iter 10 of 11 loss -0.7931
Post_55_epoh_ModeTv2_cuda_nh(84211)_hd_6_ncc_8_reg_1_lr_1_54r/ Epoch 41 loss -0.8308
41 : 0.06675325213155354
41 : 0.03337662606577677
41 : 0.04472864440548568
Training Starts
Iter 0 of 11 loss -0.8370
Iter 1 of 11 loss -0.7931
Iter 2 of 11 loss -0.8050
Iter 3 of 11 loss -0.8043
Iter 4 of 11 loss -0.8854
Iter 5 of 11 loss -0.7727
Iter 6 of 11 loss -0.8482
Iter 7 of 11 loss -0.8010
Iter 8 of 11 loss -0.9127
Iter 9 of 11 loss -0.8868
Iter 10 of 11 loss -0.7923
Post_55_epoh_ModeTv2_cuda_nh(84211)_hd_6_ncc_8_reg_1_lr_1_54r/ Epoch 42 loss -0.8308
42 : 0.0667493072487164
42 : 0.0333746536243582
42 : 0.043741412087560945
Training Starts
Iter 0 of 11 loss -0.7727
Iter 1 of 11 loss -0.8868
Iter 2 of 11 loss -0.8370
Iter 3 of 11 loss -0.8043
Iter 4 of 11 loss -0.8010
Iter 5 of 11 loss -0.7931
Iter 6 of 11 loss -0.9127
Iter 7 of 11 loss -0.8482
Iter 8 of 11 loss -0.8049
Iter 9 of 11 loss -0.7923
Iter 10 of 11 loss -0.8854
Post_55_epoh_ModeTv2_cuda_nh(84211)_hd_6_ncc_8_reg_1_lr_1_54r/ Epoch 43 loss -0.8308
43 : 0.06635593181799991
43 : 0.033177965908999955
43 : 0.04499711670677429
Training Starts
Iter 0 of 11 loss -0.8370
Iter 1 of 11 loss -0.7727
Iter 2 of 11 loss -0.8868
Iter 3 of 11 loss -0.8854
Iter 4 of 11 loss -0.8482
Iter 5 of 11 loss -0.7923
Iter 6 of 11 loss -0.8010
Iter 7 of 11 loss -0.8049
Iter 8 of 11 loss -0.8043
Iter 9 of 11 loss -0.7931
Iter 10 of 11 loss -0.9127
Post_55_epoh_ModeTv2_cuda_nh(84211)_hd_6_ncc_8_reg_1_lr_1_54r/ Epoch 44 loss -0.8308
44 : 0.06666162541046695
44 : 0.03333081270523348
44 : 0.04361169001861217
Training Starts
Iter 0 of 11 loss -0.7931
Iter 1 of 11 loss -0.8482
Iter 2 of 11 loss -0.8043
Iter 3 of 11 loss -0.8868
Iter 4 of 11 loss -0.8854
Iter 5 of 11 loss -0.8049
Iter 6 of 11 loss -0.7727
Iter 7 of 11 loss -0.8010
Iter 8 of 11 loss -0.8370
Iter 9 of 11 loss -0.7923
Iter 10 of 11 loss -0.9127
Post_55_epoh_ModeTv2_cuda_nh(84211)_hd_6_ncc_8_reg_1_lr_1_54r/ Epoch 45 loss -0.8308
45 : 0.06687612738462707
45 : 0.03343806369231354
45 : 0.0445036042921246
Training Starts
Iter 0 of 11 loss -0.8483
Iter 1 of 11 loss -0.7923
Iter 2 of 11 loss -0.8854
Iter 3 of 11 loss -0.8049
Iter 4 of 11 loss -0.8010
Iter 5 of 11 loss -0.8868
Iter 6 of 11 loss -0.8043
Iter 7 of 11 loss -0.7727
Iter 8 of 11 loss -0.9127
Iter 9 of 11 loss -0.7931
Iter 10 of 11 loss -0.8370
Post_55_epoh_ModeTv2_cuda_nh(84211)_hd_6_ncc_8_reg_1_lr_1_54r/ Epoch 46 loss -0.8308
46 : 0.06666399784616887
46 : 0.03333199892308444
46 : 0.04437549625311521
Training Starts
Iter 0 of 11 loss -0.8010
Iter 1 of 11 loss -0.8854
Iter 2 of 11 loss -0.8043
Iter 3 of 11 loss -0.7931
Iter 4 of 11 loss -0.8868
Iter 5 of 11 loss -0.8482
Iter 6 of 11 loss -0.9127
Iter 7 of 11 loss -0.8049
Iter 8 of 11 loss -0.7923
Iter 9 of 11 loss -0.8370
Iter 10 of 11 loss -0.7727
Post_55_epoh_ModeTv2_cuda_nh(84211)_hd_6_ncc_8_reg_1_lr_1_54r/ Epoch 47 loss -0.8308
47 : 0.06706439337380238
47 : 0.03353219668690119
47 : 0.043984134627818056
Training Starts
Iter 0 of 11 loss -0.8854
Iter 1 of 11 loss -0.8010
Iter 2 of 11 loss -0.8043
Iter 3 of 11 loss -0.8370
Iter 4 of 11 loss -0.9127
Iter 5 of 11 loss -0.8868
Iter 6 of 11 loss -0.8482
Iter 7 of 11 loss -0.8049
Iter 8 of 11 loss -0.7923
Iter 9 of 11 loss -0.7727
Iter 10 of 11 loss -0.7931
Post_55_epoh_ModeTv2_cuda_nh(84211)_hd_6_ncc_8_reg_1_lr_1_54r/ Epoch 48 loss -0.8308
48 : 0.06663156176533484
48 : 0.03331578088266742
48 : 0.04438931517653493
Training Starts
Iter 0 of 11 loss -0.9127
Iter 1 of 11 loss -0.8049
Iter 2 of 11 loss -0.7923
Iter 3 of 11 loss -0.8868
Iter 4 of 11 loss -0.7931
Iter 5 of 11 loss -0.8854
Iter 6 of 11 loss -0.8043
Iter 7 of 11 loss -0.8010
Iter 8 of 11 loss -0.7727
Iter 9 of 11 loss -0.8370
Iter 10 of 11 loss -0.8482
Post_55_epoh_ModeTv2_cuda_nh(84211)_hd_6_ncc_8_reg_1_lr_1_54r/ Epoch 49 loss -0.8308
49 : 0.06659355270784563
49 : 0.033296776353922815
49 : 0.0439270825682258
Training Starts
Iter 0 of 11 loss -0.8043
Iter 1 of 11 loss -0.7923
Iter 2 of 11 loss -0.8370
Iter 3 of 11 loss -0.8010
Iter 4 of 11 loss -0.7727
Iter 5 of 11 loss -0.8482
Iter 6 of 11 loss -0.9127
Iter 7 of 11 loss -0.7931
Iter 8 of 11 loss -0.8854
Iter 9 of 11 loss -0.8049
Iter 10 of 11 loss -0.8868
Post_55_epoh_ModeTv2_cuda_nh(84211)_hd_6_ncc_8_reg_1_lr_1_54r/ Epoch 50 loss -0.8308
50 : 0.06658087459714739
50 : 0.03329043729857369
50 : 0.044379448118820074
Training Starts
Iter 0 of 11 loss -0.9127
Iter 1 of 11 loss -0.7931
Iter 2 of 11 loss -0.7727
Iter 3 of 11 loss -0.8010
Iter 4 of 11 loss -0.8370
Iter 5 of 11 loss -0.8043
Iter 6 of 11 loss -0.8482
Iter 7 of 11 loss -0.8868
Iter 8 of 11 loss -0.7923
Iter 9 of 11 loss -0.8854
Iter 10 of 11 loss -0.8049
Post_55_epoh_ModeTv2_cuda_nh(84211)_hd_6_ncc_8_reg_1_lr_1_54r/ Epoch 51 loss -0.8308
51 : 0.06684859375578964
51 : 0.03342429687789482
51 : 0.044054500834988464
Training Starts
Iter 0 of 11 loss -0.8049
Iter 1 of 11 loss -0.7727
Iter 2 of 11 loss -0.8043
Iter 3 of 11 loss -0.8482
Iter 4 of 11 loss -0.9127
Iter 5 of 11 loss -0.8370
Iter 6 of 11 loss -0.8854
Iter 7 of 11 loss -0.7923
Iter 8 of 11 loss -0.8010
Iter 9 of 11 loss -0.7931
Iter 10 of 11 loss -0.8868
Post_55_epoh_ModeTv2_cuda_nh(84211)_hd_6_ncc_8_reg_1_lr_1_54r/ Epoch 52 loss -0.8308
52 : 0.06657611921882743
52 : 0.033288059609413716
52 : 0.04435793834690596
Training Starts
Iter 0 of 11 loss -0.7923
Iter 1 of 11 loss -0.8854
Iter 2 of 11 loss -0.8049
Iter 3 of 11 loss -0.8868
Iter 4 of 11 loss -0.9127
Iter 5 of 11 loss -0.8370
Iter 6 of 11 loss -0.8043
Iter 7 of 11 loss -0.7931
Iter 8 of 11 loss -0.7727
Iter 9 of 11 loss -0.8010
Iter 10 of 11 loss -0.8482
Post_55_epoh_ModeTv2_cuda_nh(84211)_hd_6_ncc_8_reg_1_lr_1_54r/ Epoch 53 loss -0.8308
53 : 0.06667585780896743
53 : 0.03333792890448371
53 : 0.04432414996001261
Training Starts
Iter 0 of 11 loss -0.8049
Iter 1 of 11 loss -0.9127
Iter 2 of 11 loss -0.8370
Iter 3 of 11 loss -0.8868
Iter 4 of 11 loss -0.7727
Iter 5 of 11 loss -0.8482
Iter 6 of 11 loss -0.7923
Iter 7 of 11 loss -0.8855
Iter 8 of 11 loss -0.7931
Iter 9 of 11 loss -0.8010
Iter 10 of 11 loss -0.8043
Post_55_epoh_ModeTv2_cuda_nh(84211)_hd_6_ncc_8_reg_1_lr_1_54r/ Epoch 54 loss -0.8308
54 : 0.06671773345699464
54 : 0.03335886672849732
54 : 0.044305049747368465
