Training Starts
Iter 0 of 11 loss -0.1903, Img Sim: -0.190322, Reg: 0.000000
Iter 1 of 11 loss -0.1926, Img Sim: -0.192563, Reg: 0.000001
Iter 2 of 11 loss -0.1635, Img Sim: -0.163492, Reg: 0.000001
Iter 3 of 11 loss -0.1564, Img Sim: -0.156372, Reg: 0.000003
Iter 4 of 11 loss -0.1710, Img Sim: -0.171011, Reg: 0.000007
Iter 5 of 11 loss -0.1865, Img Sim: -0.186525, Reg: 0.000011
Iter 6 of 11 loss -0.1595, Img Sim: -0.159489, Reg: 0.000015
Iter 7 of 11 loss -0.1763, Img Sim: -0.176305, Reg: 0.000023
Iter 8 of 11 loss -0.1554, Img Sim: -0.155388, Reg: 0.000020
Iter 9 of 11 loss -0.1597, Img Sim: -0.159693, Reg: 0.000022
Iter 10 of 11 loss -0.1663, Img Sim: -0.166279, Reg: 0.000022
New_Post_55_epoh_ModeTv2/ Epoch 0 loss -0.1707
0 : 0.00875315536960136
0 : 0.00437657768480068
0 : 0.0029177184565337866
Training Starts
Iter 0 of 11 loss -0.1876, Img Sim: -0.187653, Reg: 0.000031
Iter 1 of 11 loss -0.1622, Img Sim: -0.162284, Reg: 0.000040
Iter 2 of 11 loss -0.1610, Img Sim: -0.161005, Reg: 0.000052
Iter 3 of 11 loss -0.1958, Img Sim: -0.195820, Reg: 0.000047
Iter 4 of 11 loss -0.1994, Img Sim: -0.199458, Reg: 0.000070
Iter 5 of 11 loss -0.1623, Img Sim: -0.162331, Reg: 0.000073
Iter 6 of 11 loss -0.1596, Img Sim: -0.159701, Reg: 0.000087
Iter 7 of 11 loss -0.1836, Img Sim: -0.183653, Reg: 0.000092
Iter 8 of 11 loss -0.1864, Img Sim: -0.186445, Reg: 0.000080
Iter 9 of 11 loss -0.1684, Img Sim: -0.168512, Reg: 0.000086
Iter 10 of 11 loss -0.1792, Img Sim: -0.179311, Reg: 0.000089
New_Post_55_epoh_ModeTv2/ Epoch 1 loss -0.1769
1 : 0.008494756541388282
1 : 0.004247378270694141
1 : 0.002831585513796094
Training Starts
Iter 0 of 11 loss -0.2021, Img Sim: -0.202158, Reg: 0.000086
Iter 1 of 11 loss -0.1622, Img Sim: -0.162268, Reg: 0.000086
Iter 2 of 11 loss -0.1952, Img Sim: -0.195253, Reg: 0.000083
Iter 3 of 11 loss -0.1583, Img Sim: -0.158432, Reg: 0.000095
Iter 4 of 11 loss -0.1671, Img Sim: -0.167205, Reg: 0.000106
Iter 5 of 11 loss -0.1832, Img Sim: -0.183276, Reg: 0.000098
Iter 6 of 11 loss -0.1784, Img Sim: -0.178492, Reg: 0.000124
Iter 7 of 11 loss -0.1643, Img Sim: -0.164429, Reg: 0.000091
Iter 8 of 11 loss -0.1845, Img Sim: -0.184565, Reg: 0.000098
Iter 9 of 11 loss -0.1608, Img Sim: -0.160921, Reg: 0.000100
Iter 10 of 11 loss -0.1713, Img Sim: -0.171460, Reg: 0.000118
New_Post_55_epoh_ModeTv2/ Epoch 2 loss -0.1752
2 : 0.008444220474262572
2 : 0.004222110237131286
2 : 0.002814740158087524
Training Starts
Iter 0 of 11 loss -0.1579, Img Sim: -0.157963, Reg: 0.000106
Iter 1 of 11 loss -0.1648, Img Sim: -0.164954, Reg: 0.000115
Iter 2 of 11 loss -0.1626, Img Sim: -0.162673, Reg: 0.000107
Iter 3 of 11 loss -0.1641, Img Sim: -0.164245, Reg: 0.000106
Iter 4 of 11 loss -0.1912, Img Sim: -0.191284, Reg: 0.000105
Iter 5 of 11 loss -0.1709, Img Sim: -0.171078, Reg: 0.000131
Iter 6 of 11 loss -0.1839, Img Sim: -0.183990, Reg: 0.000120
Iter 7 of 11 loss -0.1857, Img Sim: -0.185800, Reg: 0.000141
Iter 8 of 11 loss -0.1991, Img Sim: -0.199259, Reg: 0.000133
Iter 9 of 11 loss -0.1794, Img Sim: -0.179509, Reg: 0.000145
Iter 10 of 11 loss -0.1568, Img Sim: -0.156955, Reg: 0.000137
New_Post_55_epoh_ModeTv2/ Epoch 3 loss -0.1742
3 : 0.007983867435455915
3 : 0.003991933717727957
3 : 0.0026612891451519714
Training Starts
Iter 0 of 11 loss -0.1549, Img Sim: -0.155057, Reg: 0.000172
Iter 1 of 11 loss -0.1834, Img Sim: -0.183617, Reg: 0.000175
Iter 2 of 11 loss -0.1836, Img Sim: -0.183807, Reg: 0.000196
Iter 3 of 11 loss -0.1776, Img Sim: -0.177836, Reg: 0.000220
Iter 4 of 11 loss -0.1562, Img Sim: -0.156434, Reg: 0.000219
Iter 5 of 11 loss -0.1604, Img Sim: -0.160676, Reg: 0.000282
Iter 6 of 11 loss -0.1553, Img Sim: -0.155674, Reg: 0.000340
Iter 7 of 11 loss -0.1811, Img Sim: -0.181314, Reg: 0.000244
Iter 8 of 11 loss -0.1597, Img Sim: -0.159950, Reg: 0.000297
Iter 9 of 11 loss -0.1556, Img Sim: -0.155900, Reg: 0.000307
Iter 10 of 11 loss -0.1879, Img Sim: -0.188261, Reg: 0.000390
New_Post_55_epoh_ModeTv2/ Epoch 4 loss -0.1687
4 : 0.006198487568165579
4 : 0.0030992437840827894
4 : 0.0020661625227218596
Training Starts
Iter 0 of 11 loss -0.1785, Img Sim: -0.178848, Reg: 0.000298
Iter 1 of 11 loss -0.1498, Img Sim: -0.150118, Reg: 0.000350
Iter 2 of 11 loss -0.1599, Img Sim: -0.160275, Reg: 0.000358
Iter 3 of 11 loss -0.1614, Img Sim: -0.161936, Reg: 0.000487
Iter 4 of 11 loss -0.1839, Img Sim: -0.184303, Reg: 0.000396
Iter 5 of 11 loss -0.1564, Img Sim: -0.156794, Reg: 0.000372
Iter 6 of 11 loss -0.1757, Img Sim: -0.176158, Reg: 0.000486
Iter 7 of 11 loss -0.1551, Img Sim: -0.155579, Reg: 0.000468
Iter 8 of 11 loss -0.1878, Img Sim: -0.188428, Reg: 0.000634
Iter 9 of 11 loss -0.1572, Img Sim: -0.157893, Reg: 0.000683
Iter 10 of 11 loss -0.1601, Img Sim: -0.160775, Reg: 0.000630
New_Post_55_epoh_ModeTv2/ Epoch 5 loss -0.1660
5 : 0.006445777494981225
5 : 0.0032228887474906125
5 : 0.002148592498327075
Training Starts
Iter 0 of 11 loss -0.1546, Img Sim: -0.155183, Reg: 0.000540
Iter 1 of 11 loss -0.1766, Img Sim: -0.177368, Reg: 0.000768
Iter 2 of 11 loss -0.1904, Img Sim: -0.191153, Reg: 0.000742
Iter 3 of 11 loss -0.1624, Img Sim: -0.162960, Reg: 0.000540
Iter 4 of 11 loss -0.1583, Img Sim: -0.159070, Reg: 0.000794
Iter 5 of 11 loss -0.1586, Img Sim: -0.159071, Reg: 0.000497
Iter 6 of 11 loss -0.1640, Img Sim: -0.164733, Reg: 0.000760
Iter 7 of 11 loss -0.1840, Img Sim: -0.184803, Reg: 0.000823
Iter 8 of 11 loss -0.1823, Img Sim: -0.182829, Reg: 0.000565
Iter 9 of 11 loss -0.1827, Img Sim: -0.183322, Reg: 0.000610
Iter 10 of 11 loss -0.1588, Img Sim: -0.159420, Reg: 0.000619
New_Post_55_epoh_ModeTv2/ Epoch 6 loss -0.1702
6 : 0.00786812015241115
6 : 0.003934060076205575
6 : 0.0026227067174703837
Training Starts
Iter 0 of 11 loss -0.1583, Img Sim: -0.159188, Reg: 0.000840
Iter 1 of 11 loss -0.1602, Img Sim: -0.160727, Reg: 0.000576
Iter 2 of 11 loss -0.1841, Img Sim: -0.184986, Reg: 0.000902
Iter 3 of 11 loss -0.1596, Img Sim: -0.160230, Reg: 0.000604
Iter 4 of 11 loss -0.1838, Img Sim: -0.184368, Reg: 0.000609
Iter 5 of 11 loss -0.1669, Img Sim: -0.167713, Reg: 0.000785
Iter 6 of 11 loss -0.1824, Img Sim: -0.183017, Reg: 0.000638
Iter 7 of 11 loss -0.1629, Img Sim: -0.163540, Reg: 0.000683
Iter 8 of 11 loss -0.1829, Img Sim: -0.183635, Reg: 0.000706
Iter 9 of 11 loss -0.1553, Img Sim: -0.155942, Reg: 0.000661
Iter 10 of 11 loss -0.1933, Img Sim: -0.193906, Reg: 0.000644
New_Post_55_epoh_ModeTv2/ Epoch 7 loss -0.1718
7 : 0.007396732074812526
7 : 0.003698366037406263
7 : 0.002465577358270842
Training Starts
Iter 0 of 11 loss -0.1858, Img Sim: -0.186625, Reg: 0.000775
Iter 1 of 11 loss -0.1562, Img Sim: -0.156970, Reg: 0.000787
Iter 2 of 11 loss -0.1612, Img Sim: -0.161888, Reg: 0.000692
Iter 3 of 11 loss -0.1778, Img Sim: -0.178540, Reg: 0.000707
Iter 4 of 11 loss -0.1583, Img Sim: -0.158837, Reg: 0.000584
Iter 5 of 11 loss -0.1509, Img Sim: -0.151519, Reg: 0.000644
Iter 6 of 11 loss -0.1739, Img Sim: -0.174477, Reg: 0.000611
Iter 7 of 11 loss -0.1773, Img Sim: -0.177913, Reg: 0.000607
Iter 8 of 11 loss -0.1583, Img Sim: -0.158920, Reg: 0.000623
Iter 9 of 11 loss -0.1651, Img Sim: -0.165793, Reg: 0.000721
Iter 10 of 11 loss -0.1771, Img Sim: -0.177685, Reg: 0.000606
New_Post_55_epoh_ModeTv2/ Epoch 8 loss -0.1674
8 : 0.007183525163186874
8 : 0.003591762581593437
8 : 0.002394508387728958
Training Starts
Iter 0 of 11 loss -0.1764, Img Sim: -0.177012, Reg: 0.000604
Iter 1 of 11 loss -0.1768, Img Sim: -0.177386, Reg: 0.000608
Iter 2 of 11 loss -0.1516, Img Sim: -0.152290, Reg: 0.000710
Iter 3 of 11 loss -0.1577, Img Sim: -0.158272, Reg: 0.000615
Iter 4 of 11 loss -0.1506, Img Sim: -0.151230, Reg: 0.000640
Iter 5 of 11 loss -0.1574, Img Sim: -0.158111, Reg: 0.000662
Iter 6 of 11 loss -0.1654, Img Sim: -0.166082, Reg: 0.000679
Iter 7 of 11 loss -0.1886, Img Sim: -0.189211, Reg: 0.000657
Iter 8 of 11 loss -0.1801, Img Sim: -0.180908, Reg: 0.000792
Iter 9 of 11 loss -0.1578, Img Sim: -0.158495, Reg: 0.000657
Iter 10 of 11 loss -0.1747, Img Sim: -0.175323, Reg: 0.000619
New_Post_55_epoh_ModeTv2/ Epoch 9 loss -0.1670
9 : 0.006198140556965171
9 : 0.0030990702784825853
9 : 0.0020660468523217234
Training Starts
Iter 0 of 11 loss -0.1731, Img Sim: -0.173737, Reg: 0.000684
Iter 1 of 11 loss -0.1461, Img Sim: -0.146753, Reg: 0.000694
Iter 2 of 11 loss -0.1586, Img Sim: -0.159433, Reg: 0.000867
Iter 3 of 11 loss -0.1511, Img Sim: -0.151797, Reg: 0.000705
Iter 4 of 11 loss -0.1731, Img Sim: -0.173707, Reg: 0.000621
Iter 5 of 11 loss -0.1486, Img Sim: -0.149530, Reg: 0.000910
Iter 6 of 11 loss -0.1579, Img Sim: -0.158872, Reg: 0.000960
Iter 7 of 11 loss -0.1597, Img Sim: -0.160341, Reg: 0.000612
Iter 8 of 11 loss -0.1886, Img Sim: -0.189325, Reg: 0.000676
Iter 9 of 11 loss -0.1717, Img Sim: -0.172415, Reg: 0.000757
Iter 10 of 11 loss -0.1516, Img Sim: -0.152377, Reg: 0.000793
New_Post_55_epoh_ModeTv2/ Epoch 10 loss -0.1618
10 : 0.005120919782677308
10 : 0.002560459891338654
10 : 0.001706973260892436
Training Starts
Iter 0 of 11 loss -0.1536, Img Sim: -0.154681, Reg: 0.001129
Iter 1 of 11 loss -0.1656, Img Sim: -0.166552, Reg: 0.000963
Iter 2 of 11 loss -0.1454, Img Sim: -0.146253, Reg: 0.000867
Iter 3 of 11 loss -0.1511, Img Sim: -0.151924, Reg: 0.000844
Iter 4 of 11 loss -0.1856, Img Sim: -0.186290, Reg: 0.000740
Iter 5 of 11 loss -0.1640, Img Sim: -0.164679, Reg: 0.000689
Iter 6 of 11 loss -0.1629, Img Sim: -0.164149, Reg: 0.001231
Iter 7 of 11 loss -0.1755, Img Sim: -0.176517, Reg: 0.000994
Iter 8 of 11 loss -0.1459, Img Sim: -0.147576, Reg: 0.001645
Iter 9 of 11 loss -0.1765, Img Sim: -0.177531, Reg: 0.001081
Iter 10 of 11 loss -0.1457, Img Sim: -0.146930, Reg: 0.001207
New_Post_55_epoh_ModeTv2/ Epoch 11 loss -0.1611
11 : 0.005986497550520139
11 : 0.0029932487752600697
11 : 0.0019954991835067133
Training Starts
Iter 0 of 11 loss -0.1699, Img Sim: -0.171191, Reg: 0.001274
Iter 1 of 11 loss -0.1449, Img Sim: -0.146205, Reg: 0.001345
Iter 2 of 11 loss -0.1706, Img Sim: -0.171961, Reg: 0.001337
Iter 3 of 11 loss -0.1453, Img Sim: -0.146828, Reg: 0.001558
Iter 4 of 11 loss -0.1575, Img Sim: -0.159094, Reg: 0.001610
Iter 5 of 11 loss -0.1782, Img Sim: -0.179835, Reg: 0.001660
Iter 6 of 11 loss -0.1765, Img Sim: -0.178090, Reg: 0.001635
Iter 7 of 11 loss -0.1922, Img Sim: -0.193773, Reg: 0.001603
Iter 8 of 11 loss -0.1529, Img Sim: -0.154394, Reg: 0.001517
Iter 9 of 11 loss -0.1514, Img Sim: -0.152926, Reg: 0.001555
Iter 10 of 11 loss -0.1520, Img Sim: -0.153890, Reg: 0.001903
New_Post_55_epoh_ModeTv2/ Epoch 12 loss -0.1628
12 : 0.005241905482750861
12 : 0.0026209527413754304
12 : 0.0017473018275836203
Training Starts
Iter 0 of 11 loss -0.1521, Img Sim: -0.153969, Reg: 0.001904
Iter 1 of 11 loss -0.1703, Img Sim: -0.172176, Reg: 0.001872
Iter 2 of 11 loss -0.1510, Img Sim: -0.152973, Reg: 0.001977
Iter 3 of 11 loss -0.1407, Img Sim: -0.142405, Reg: 0.001725
Iter 4 of 11 loss -0.1895, Img Sim: -0.191069, Reg: 0.001613
Iter 5 of 11 loss -0.1501, Img Sim: -0.151802, Reg: 0.001684
Iter 6 of 11 loss -0.1345, Img Sim: -0.136417, Reg: 0.001926
Iter 7 of 11 loss -0.1691, Img Sim: -0.171064, Reg: 0.001988
Iter 8 of 11 loss -0.1441, Img Sim: -0.145585, Reg: 0.001508
Iter 9 of 11 loss -0.1729, Img Sim: -0.174619, Reg: 0.001764
Iter 10 of 11 loss -0.1645, Img Sim: -0.166333, Reg: 0.001798
New_Post_55_epoh_ModeTv2/ Epoch 13 loss -0.1581
13 : 0.00471290072908589
13 : 0.002356450364542945
13 : 0.0015709669096952966
Training Starts
Iter 0 of 11 loss -0.1838, Img Sim: -0.185631, Reg: 0.001791
Iter 1 of 11 loss -0.1489, Img Sim: -0.150648, Reg: 0.001780
Iter 2 of 11 loss -0.1465, Img Sim: -0.148609, Reg: 0.002092
Iter 3 of 11 loss -0.1389, Img Sim: -0.140928, Reg: 0.002009
Iter 4 of 11 loss -0.1640, Img Sim: -0.166175, Reg: 0.002190
Iter 5 of 11 loss -0.1422, Img Sim: -0.144398, Reg: 0.002212
Iter 6 of 11 loss -0.1424, Img Sim: -0.144141, Reg: 0.001700
Iter 7 of 11 loss -0.1591, Img Sim: -0.161106, Reg: 0.002027
Iter 8 of 11 loss -0.1666, Img Sim: -0.168394, Reg: 0.001828
Iter 9 of 11 loss -0.1787, Img Sim: -0.180470, Reg: 0.001809
Iter 10 of 11 loss -0.1389, Img Sim: -0.140882, Reg: 0.001947
New_Post_55_epoh_ModeTv2/ Epoch 14 loss -0.1555
14 : 0.004622050460380762
14 : 0.002311025230190381
14 : 0.0015406834867935874
Training Starts
Iter 0 of 11 loss -0.1644, Img Sim: -0.166623, Reg: 0.002201
Iter 1 of 11 loss -0.1426, Img Sim: -0.144375, Reg: 0.001736
Iter 2 of 11 loss -0.1499, Img Sim: -0.151711, Reg: 0.001763
Iter 3 of 11 loss -0.1389, Img Sim: -0.140807, Reg: 0.001945
Iter 4 of 11 loss -0.1589, Img Sim: -0.160934, Reg: 0.002003
Iter 5 of 11 loss -0.1639, Img Sim: -0.165690, Reg: 0.001839
Iter 6 of 11 loss -0.1402, Img Sim: -0.142435, Reg: 0.002268
Iter 7 of 11 loss -0.1406, Img Sim: -0.142784, Reg: 0.002222
Iter 8 of 11 loss -0.1383, Img Sim: -0.140347, Reg: 0.002034
Iter 9 of 11 loss -0.1766, Img Sim: -0.178682, Reg: 0.002032
Iter 10 of 11 loss -0.1555, Img Sim: -0.157599, Reg: 0.002137
New_Post_55_epoh_ModeTv2/ Epoch 15 loss -0.1518
15 : 0.0044325607327876815
15 : 0.0022162803663938408
15 : 0.0014775202442625604
Training Starts
Iter 0 of 11 loss -0.1631, Img Sim: -0.165477, Reg: 0.002425
Iter 1 of 11 loss -0.1763, Img Sim: -0.178448, Reg: 0.002116
Iter 2 of 11 loss -0.1640, Img Sim: -0.166017, Reg: 0.002007
Iter 3 of 11 loss -0.1558, Img Sim: -0.158012, Reg: 0.002213
Iter 4 of 11 loss -0.1810, Img Sim: -0.183360, Reg: 0.002410
Iter 5 of 11 loss -0.1383, Img Sim: -0.140440, Reg: 0.002160
Iter 6 of 11 loss -0.1415, Img Sim: -0.143928, Reg: 0.002382
Iter 7 of 11 loss -0.1497, Img Sim: -0.151770, Reg: 0.002098
Iter 8 of 11 loss -0.1390, Img Sim: -0.141442, Reg: 0.002482
Iter 9 of 11 loss -0.1377, Img Sim: -0.140095, Reg: 0.002390
Iter 10 of 11 loss -0.1454, Img Sim: -0.147598, Reg: 0.002209
New_Post_55_epoh_ModeTv2/ Epoch 16 loss -0.1538
16 : 0.004357972277244273
16 : 0.0021789861386221367
16 : 0.001452657425748091
Training Starts
Iter 0 of 11 loss -0.1659, Img Sim: -0.167977, Reg: 0.002124
Iter 1 of 11 loss -0.1377, Img Sim: -0.140177, Reg: 0.002431
Iter 2 of 11 loss -0.1487, Img Sim: -0.150927, Reg: 0.002209
Iter 3 of 11 loss -0.1556, Img Sim: -0.158046, Reg: 0.002415
Iter 4 of 11 loss -0.1788, Img Sim: -0.181133, Reg: 0.002343
Iter 5 of 11 loss -0.1609, Img Sim: -0.163479, Reg: 0.002607
Iter 6 of 11 loss -0.1377, Img Sim: -0.139923, Reg: 0.002214
Iter 7 of 11 loss -0.1452, Img Sim: -0.147436, Reg: 0.002272
Iter 8 of 11 loss -0.1449, Img Sim: -0.147284, Reg: 0.002426
Iter 9 of 11 loss -0.1400, Img Sim: -0.142550, Reg: 0.002547
Iter 10 of 11 loss -0.1854, Img Sim: -0.188024, Reg: 0.002580
New_Post_55_epoh_ModeTv2/ Epoch 17 loss -0.1546
17 : 0.0044371350988685315
17 : 0.0022185675494342657
17 : 0.001479045032956177
Training Starts
Iter 0 of 11 loss -0.1451, Img Sim: -0.147580, Reg: 0.002490
Iter 1 of 11 loss -0.1587, Img Sim: -0.161396, Reg: 0.002725
Iter 2 of 11 loss -0.1664, Img Sim: -0.168547, Reg: 0.002195
Iter 3 of 11 loss -0.1460, Img Sim: -0.148321, Reg: 0.002286
Iter 4 of 11 loss -0.1789, Img Sim: -0.181179, Reg: 0.002297
Iter 5 of 11 loss -0.1553, Img Sim: -0.157953, Reg: 0.002646
Iter 6 of 11 loss -0.1760, Img Sim: -0.179066, Reg: 0.003026
Iter 7 of 11 loss -0.1384, Img Sim: -0.141485, Reg: 0.003082
Iter 8 of 11 loss -0.1426, Img Sim: -0.144949, Reg: 0.002362
Iter 9 of 11 loss -0.1393, Img Sim: -0.141968, Reg: 0.002681
Iter 10 of 11 loss -0.1355, Img Sim: -0.138167, Reg: 0.002652
New_Post_55_epoh_ModeTv2/ Epoch 18 loss -0.1529
18 : 0.004039266885721649
18 : 0.0020196334428608247
18 : 0.0013464222952405498
Training Starts
Iter 0 of 11 loss -0.1361, Img Sim: -0.138750, Reg: 0.002679
Iter 1 of 11 loss -0.1623, Img Sim: -0.164932, Reg: 0.002652
Iter 2 of 11 loss -0.1569, Img Sim: -0.160080, Reg: 0.003145
Iter 3 of 11 loss -0.1431, Img Sim: -0.146638, Reg: 0.003509
Iter 4 of 11 loss -0.1634, Img Sim: -0.166666, Reg: 0.003312
Iter 5 of 11 loss -0.1404, Img Sim: -0.143988, Reg: 0.003618
Iter 6 of 11 loss -0.1700, Img Sim: -0.172610, Reg: 0.002633
Iter 7 of 11 loss -0.1588, Img Sim: -0.162492, Reg: 0.003654
Iter 8 of 11 loss -0.1319, Img Sim: -0.134930, Reg: 0.003005
Iter 9 of 11 loss -0.1344, Img Sim: -0.137139, Reg: 0.002729
Iter 10 of 11 loss -0.1373, Img Sim: -0.140063, Reg: 0.002796
New_Post_55_epoh_ModeTv2/ Epoch 19 loss -0.1486
19 : 0.003929766203915462
19 : 0.001964883101957731
19 : 0.0013099220679718207
Training Starts
Iter 0 of 11 loss -0.1553, Img Sim: -0.158614, Reg: 0.003317
Iter 1 of 11 loss -0.1693, Img Sim: -0.172076, Reg: 0.002739
Iter 2 of 11 loss -0.1369, Img Sim: -0.139770, Reg: 0.002905
Iter 3 of 11 loss -0.1626, Img Sim: -0.166094, Reg: 0.003505
Iter 4 of 11 loss -0.1438, Img Sim: -0.147623, Reg: 0.003857
Iter 5 of 11 loss -0.1311, Img Sim: -0.134320, Reg: 0.003203
Iter 6 of 11 loss -0.1426, Img Sim: -0.146543, Reg: 0.003917
Iter 7 of 11 loss -0.1610, Img Sim: -0.165092, Reg: 0.004063
Iter 8 of 11 loss -0.1342, Img Sim: -0.137533, Reg: 0.003298
Iter 9 of 11 loss -0.1543, Img Sim: -0.157622, Reg: 0.003275
Iter 10 of 11 loss -0.1352, Img Sim: -0.138072, Reg: 0.002913
New_Post_55_epoh_ModeTv2/ Epoch 20 loss -0.1479
20 : 0.004038603841255898
20 : 0.002019301920627949
20 : 0.0013462012804186328
Training Starts
Iter 0 of 11 loss -0.1353, Img Sim: -0.138227, Reg: 0.002921
Iter 1 of 11 loss -0.1568, Img Sim: -0.160853, Reg: 0.004053
Iter 2 of 11 loss -0.1444, Img Sim: -0.148357, Reg: 0.003952
Iter 3 of 11 loss -0.1610, Img Sim: -0.164681, Reg: 0.003688
Iter 4 of 11 loss -0.1515, Img Sim: -0.154963, Reg: 0.003496
Iter 5 of 11 loss -0.1442, Img Sim: -0.148233, Reg: 0.004073
Iter 6 of 11 loss -0.1352, Img Sim: -0.138545, Reg: 0.003330
Iter 7 of 11 loss -0.1696, Img Sim: -0.172645, Reg: 0.003047
Iter 8 of 11 loss -0.1285, Img Sim: -0.132039, Reg: 0.003581
Iter 9 of 11 loss -0.1514, Img Sim: -0.154926, Reg: 0.003567
Iter 10 of 11 loss -0.1316, Img Sim: -0.135116, Reg: 0.003566
New_Post_55_epoh_ModeTv2/ Epoch 21 loss -0.1463
21 : 0.0039037511267066157
21 : 0.0019518755633533078
21 : 0.001301250375568872
Training Starts
Iter 0 of 11 loss -0.1338, Img Sim: -0.136900, Reg: 0.003128
Iter 1 of 11 loss -0.1398, Img Sim: -0.144344, Reg: 0.004509
Iter 2 of 11 loss -0.1661, Img Sim: -0.169410, Reg: 0.003291
Iter 3 of 11 loss -0.1427, Img Sim: -0.147031, Reg: 0.004299
Iter 4 of 11 loss -0.1366, Img Sim: -0.140115, Reg: 0.003537
Iter 5 of 11 loss -0.1518, Img Sim: -0.155765, Reg: 0.003962
Iter 6 of 11 loss -0.1317, Img Sim: -0.135872, Reg: 0.004148
Iter 7 of 11 loss -0.1471, Img Sim: -0.151516, Reg: 0.004369
Iter 8 of 11 loss -0.1629, Img Sim: -0.167022, Reg: 0.004076
Iter 9 of 11 loss -0.1436, Img Sim: -0.147615, Reg: 0.003987
Iter 10 of 11 loss -0.1424, Img Sim: -0.146431, Reg: 0.003993
New_Post_55_epoh_ModeTv2/ Epoch 22 loss -0.1453
22 : 0.005149441783300757
22 : 0.0025747208916503785
22 : 0.0017164805944335857
Training Starts
Iter 0 of 11 loss -0.1736, Img Sim: -0.177895, Reg: 0.004294
Iter 1 of 11 loss -0.1409, Img Sim: -0.144870, Reg: 0.003952
Iter 2 of 11 loss -0.1599, Img Sim: -0.164133, Reg: 0.004186
Iter 3 of 11 loss -0.1444, Img Sim: -0.148478, Reg: 0.004098
Iter 4 of 11 loss -0.1386, Img Sim: -0.142323, Reg: 0.003679
Iter 5 of 11 loss -0.1295, Img Sim: -0.133564, Reg: 0.004064
Iter 6 of 11 loss -0.1365, Img Sim: -0.140071, Reg: 0.003553
Iter 7 of 11 loss -0.1640, Img Sim: -0.167915, Reg: 0.003927
Iter 8 of 11 loss -0.1388, Img Sim: -0.142690, Reg: 0.003903
Iter 9 of 11 loss -0.1465, Img Sim: -0.150470, Reg: 0.003933
Iter 10 of 11 loss -0.1505, Img Sim: -0.154406, Reg: 0.003871
New_Post_55_epoh_ModeTv2/ Epoch 23 loss -0.1476
23 : 0.004891881527557181
23 : 0.0024459407637785905
23 : 0.0016306271758523936
Training Starts
Iter 0 of 11 loss -0.1637, Img Sim: -0.167578, Reg: 0.003915
Iter 1 of 11 loss -0.1616, Img Sim: -0.165802, Reg: 0.004205
Iter 2 of 11 loss -0.1427, Img Sim: -0.146729, Reg: 0.004013
Iter 3 of 11 loss -0.1378, Img Sim: -0.141663, Reg: 0.003899
Iter 4 of 11 loss -0.1487, Img Sim: -0.152483, Reg: 0.003789
Iter 5 of 11 loss -0.1358, Img Sim: -0.139189, Reg: 0.003367
Iter 6 of 11 loss -0.1382, Img Sim: -0.141704, Reg: 0.003479
Iter 7 of 11 loss -0.1292, Img Sim: -0.133045, Reg: 0.003826
Iter 8 of 11 loss -0.1410, Img Sim: -0.144773, Reg: 0.003732
Iter 9 of 11 loss -0.1485, Img Sim: -0.152113, Reg: 0.003614
Iter 10 of 11 loss -0.1603, Img Sim: -0.164125, Reg: 0.003817
New_Post_55_epoh_ModeTv2/ Epoch 24 loss -0.1461
24 : 0.004659937315836729
24 : 0.0023299686579183643
24 : 0.001553312438612243
Training Starts
Iter 0 of 11 loss -0.1413, Img Sim: -0.144949, Reg: 0.003685
Iter 1 of 11 loss -0.1599, Img Sim: -0.163695, Reg: 0.003802
Iter 2 of 11 loss -0.1382, Img Sim: -0.141527, Reg: 0.003316
Iter 3 of 11 loss -0.1513, Img Sim: -0.154960, Reg: 0.003660
Iter 4 of 11 loss -0.1305, Img Sim: -0.134250, Reg: 0.003747
Iter 5 of 11 loss -0.1633, Img Sim: -0.167357, Reg: 0.004091
Iter 6 of 11 loss -0.1402, Img Sim: -0.144235, Reg: 0.004078
Iter 7 of 11 loss -0.1405, Img Sim: -0.144391, Reg: 0.003873
Iter 8 of 11 loss -0.1478, Img Sim: -0.151341, Reg: 0.003579
Iter 9 of 11 loss -0.1377, Img Sim: -0.141090, Reg: 0.003415
Iter 10 of 11 loss -0.1507, Img Sim: -0.154955, Reg: 0.004220
New_Post_55_epoh_ModeTv2/ Epoch 25 loss -0.1456
25 : 0.0046372475686991665
25 : 0.0023186237843495832
25 : 0.0015457491895663888
Training Starts
Iter 0 of 11 loss -0.1407, Img Sim: -0.144586, Reg: 0.003911
Iter 1 of 11 loss -0.1296, Img Sim: -0.133369, Reg: 0.003775
Iter 2 of 11 loss -0.1408, Img Sim: -0.144205, Reg: 0.003390
Iter 3 of 11 loss -0.1375, Img Sim: -0.140733, Reg: 0.003207
Iter 4 of 11 loss -0.1474, Img Sim: -0.151145, Reg: 0.003751
Iter 5 of 11 loss -0.1533, Img Sim: -0.156976, Reg: 0.003716
Iter 6 of 11 loss -0.1548, Img Sim: -0.159195, Reg: 0.004382
Iter 7 of 11 loss -0.1494, Img Sim: -0.153819, Reg: 0.004395
Iter 8 of 11 loss -0.1612, Img Sim: -0.164963, Reg: 0.003736
Iter 9 of 11 loss -0.1374, Img Sim: -0.141646, Reg: 0.004276
Iter 10 of 11 loss -0.1418, Img Sim: -0.145416, Reg: 0.003604
New_Post_55_epoh_ModeTv2/ Epoch 26 loss -0.1449
26 : 0.004411938420285757
26 : 0.0022059692101428787
26 : 0.0014706461400952524
Training Starts
Iter 0 of 11 loss -0.1346, Img Sim: -0.138752, Reg: 0.004179
Iter 1 of 11 loss -0.1585, Img Sim: -0.162628, Reg: 0.004152
Iter 2 of 11 loss -0.1429, Img Sim: -0.146398, Reg: 0.003466
Iter 3 of 11 loss -0.1598, Img Sim: -0.164160, Reg: 0.004365
Iter 4 of 11 loss -0.1339, Img Sim: -0.137868, Reg: 0.003964
Iter 5 of 11 loss -0.1457, Img Sim: -0.149236, Reg: 0.003522
Iter 6 of 11 loss -0.1460, Img Sim: -0.149874, Reg: 0.003876
Iter 7 of 11 loss -0.1425, Img Sim: -0.145906, Reg: 0.003424
Iter 8 of 11 loss -0.1635, Img Sim: -0.167295, Reg: 0.003828
Iter 9 of 11 loss -0.1318, Img Sim: -0.135595, Reg: 0.003798
Iter 10 of 11 loss -0.1413, Img Sim: -0.145271, Reg: 0.003985
New_Post_55_epoh_ModeTv2/ Epoch 27 loss -0.1455
27 : 0.004206270055706702
27 : 0.002103135027853351
27 : 0.0014020900185689007
Training Starts
Iter 0 of 11 loss -0.1446, Img Sim: -0.148236, Reg: 0.003676
Iter 1 of 11 loss -0.1615, Img Sim: -0.165364, Reg: 0.003899
Iter 2 of 11 loss -0.1566, Img Sim: -0.160886, Reg: 0.004326
Iter 3 of 11 loss -0.1435, Img Sim: -0.148196, Reg: 0.004733
Iter 4 of 11 loss -0.1444, Img Sim: -0.148339, Reg: 0.003900
Iter 5 of 11 loss -0.1335, Img Sim: -0.137766, Reg: 0.004231
Iter 6 of 11 loss -0.1253, Img Sim: -0.130692, Reg: 0.005414
Iter 7 of 11 loss -0.1356, Img Sim: -0.139941, Reg: 0.004360
Iter 8 of 11 loss -0.1375, Img Sim: -0.142474, Reg: 0.004957
Iter 9 of 11 loss -0.1500, Img Sim: -0.155206, Reg: 0.005208
Iter 10 of 11 loss -0.1305, Img Sim: -0.136290, Reg: 0.005749
New_Post_55_epoh_ModeTv2/ Epoch 28 loss -0.1421
28 : 0.004016662671234649
28 : 0.0020083313356173246
28 : 0.0013388875570782164
Training Starts
Iter 0 of 11 loss -0.1443, Img Sim: -0.150245, Reg: 0.005911
Iter 1 of 11 loss -0.1502, Img Sim: -0.155655, Reg: 0.005418
Iter 2 of 11 loss -0.1539, Img Sim: -0.160524, Reg: 0.006625
Iter 3 of 11 loss -0.1435, Img Sim: -0.148756, Reg: 0.005214
Iter 4 of 11 loss -0.1306, Img Sim: -0.136630, Reg: 0.006044
Iter 5 of 11 loss -0.1365, Img Sim: -0.141560, Reg: 0.005016
Iter 6 of 11 loss -0.1357, Img Sim: -0.141063, Reg: 0.005412
Iter 7 of 11 loss -0.1252, Img Sim: -0.131521, Reg: 0.006356
Iter 8 of 11 loss -0.1373, Img Sim: -0.142270, Reg: 0.004923
Iter 9 of 11 loss -0.1184, Img Sim: -0.125560, Reg: 0.007133
Iter 10 of 11 loss -0.1429, Img Sim: -0.147753, Reg: 0.004816
New_Post_55_epoh_ModeTv2/ Epoch 29 loss -0.1381
29 : 0.0038190838384166126
29 : 0.0019095419192083063
29 : 0.001273027946138871
Training Starts
Iter 0 of 11 loss -0.1176, Img Sim: -0.124850, Reg: 0.007247
Iter 1 of 11 loss -0.1423, Img Sim: -0.147655, Reg: 0.005400
Iter 2 of 11 loss -0.1384, Img Sim: -0.143359, Reg: 0.004967
Iter 3 of 11 loss -0.1331, Img Sim: -0.138775, Reg: 0.005635
Iter 4 of 11 loss -0.1513, Img Sim: -0.158849, Reg: 0.007521
Iter 5 of 11 loss -0.1381, Img Sim: -0.143248, Reg: 0.005112
Iter 6 of 11 loss -0.1420, Img Sim: -0.146937, Reg: 0.004889
Iter 7 of 11 loss -0.1245, Img Sim: -0.131196, Reg: 0.006728
Iter 8 of 11 loss -0.1432, Img Sim: -0.148533, Reg: 0.005370
Iter 9 of 11 loss -0.1456, Img Sim: -0.152364, Reg: 0.006802
Iter 10 of 11 loss -0.1194, Img Sim: -0.126220, Reg: 0.006869
New_Post_55_epoh_ModeTv2/ Epoch 30 loss -0.1359
30 : 0.00366461015019402
30 : 0.00183230507509701
30 : 0.00122153671673134
Training Starts
Iter 0 of 11 loss -0.1431, Img Sim: -0.148545, Reg: 0.005417
Iter 1 of 11 loss -0.1381, Img Sim: -0.143254, Reg: 0.005141
Iter 2 of 11 loss -0.1450, Img Sim: -0.151933, Reg: 0.006900
Iter 3 of 11 loss -inf, Img Sim: -inf, Reg: 0.004993
Iter 4 of 11 loss nan, Img Sim: -0.000000, Reg: nan
Iter 5 of 11 loss nan, Img Sim: -0.000000, Reg: nan
Iter 6 of 11 loss nan, Img Sim: -0.000000, Reg: nan
Iter 7 of 11 loss nan, Img Sim: -0.000000, Reg: nan
Iter 8 of 11 loss nan, Img Sim: -0.000000, Reg: nan
Iter 9 of 11 loss nan, Img Sim: -0.000000, Reg: nan
Iter 10 of 11 loss nan, Img Sim: -0.000000, Reg: nan
New_Post_55_epoh_ModeTv2/ Epoch 31 loss nan
31 : 0.0002507776513583642
31 : 0.00012541447069360913
31 : 8.362674380535744e-05
Training Starts
Iter 0 of 11 loss nan, Img Sim: -0.000000, Reg: nan
Iter 1 of 11 loss nan, Img Sim: -0.000000, Reg: nan
Iter 2 of 11 loss nan, Img Sim: -0.000000, Reg: nan
Iter 3 of 11 loss nan, Img Sim: -0.000000, Reg: nan
Iter 4 of 11 loss nan, Img Sim: -0.000000, Reg: nan
Iter 5 of 11 loss nan, Img Sim: -0.000000, Reg: nan
Iter 6 of 11 loss nan, Img Sim: -0.000000, Reg: nan
Iter 7 of 11 loss nan, Img Sim: -0.000000, Reg: nan
Iter 8 of 11 loss nan, Img Sim: -0.000000, Reg: nan
Iter 9 of 11 loss nan, Img Sim: -0.000000, Reg: nan
Iter 10 of 11 loss nan, Img Sim: -0.000000, Reg: nan
New_Post_55_epoh_ModeTv2/ Epoch 32 loss nan
32 : 0.0002507776513583642
32 : 0.00012541447069360913
32 : 8.362674380535744e-05
Training Starts
Iter 0 of 11 loss nan, Img Sim: -0.000000, Reg: nan
Iter 1 of 11 loss nan, Img Sim: -0.000000, Reg: nan
Iter 2 of 11 loss nan, Img Sim: -0.000000, Reg: nan
Iter 3 of 11 loss nan, Img Sim: -0.000000, Reg: nan
Iter 4 of 11 loss nan, Img Sim: -0.000000, Reg: nan
Iter 5 of 11 loss nan, Img Sim: -0.000000, Reg: nan
Iter 6 of 11 loss nan, Img Sim: -0.000000, Reg: nan
Iter 7 of 11 loss nan, Img Sim: -0.000000, Reg: nan
Iter 8 of 11 loss nan, Img Sim: -0.000000, Reg: nan
Iter 9 of 11 loss nan, Img Sim: -0.000000, Reg: nan
Iter 10 of 11 loss nan, Img Sim: -0.000000, Reg: nan
New_Post_55_epoh_ModeTv2/ Epoch 33 loss nan
33 : 0.0002507776513583642
33 : 0.00012541447069360913
33 : 8.362674380535744e-05
Training Starts
Iter 0 of 11 loss nan, Img Sim: -0.000000, Reg: nan
Iter 1 of 11 loss nan, Img Sim: -0.000000, Reg: nan
Iter 2 of 11 loss nan, Img Sim: -0.000000, Reg: nan
Iter 3 of 11 loss nan, Img Sim: -0.000000, Reg: nan
Iter 4 of 11 loss nan, Img Sim: -0.000000, Reg: nan
Iter 5 of 11 loss nan, Img Sim: -0.000000, Reg: nan
Iter 6 of 11 loss nan, Img Sim: -0.000000, Reg: nan
Iter 7 of 11 loss nan, Img Sim: -0.000000, Reg: nan
Iter 8 of 11 loss nan, Img Sim: -0.000000, Reg: nan
Iter 9 of 11 loss nan, Img Sim: -0.000000, Reg: nan
Iter 10 of 11 loss nan, Img Sim: -0.000000, Reg: nan
New_Post_55_epoh_ModeTv2/ Epoch 34 loss nan
34 : 0.0002507776513583642
34 : 0.00012541447069360913
34 : 8.362674380535744e-05
Training Starts
Iter 0 of 11 loss nan, Img Sim: -0.000000, Reg: nan
Iter 1 of 11 loss nan, Img Sim: -0.000000, Reg: nan
Iter 2 of 11 loss nan, Img Sim: -0.000000, Reg: nan
Iter 3 of 11 loss nan, Img Sim: -0.000000, Reg: nan
Iter 4 of 11 loss nan, Img Sim: -0.000000, Reg: nan
Iter 5 of 11 loss nan, Img Sim: -0.000000, Reg: nan
Iter 6 of 11 loss nan, Img Sim: -0.000000, Reg: nan
Iter 7 of 11 loss nan, Img Sim: -0.000000, Reg: nan
Iter 8 of 11 loss nan, Img Sim: -0.000000, Reg: nan
Iter 9 of 11 loss nan, Img Sim: -0.000000, Reg: nan
Iter 10 of 11 loss nan, Img Sim: -0.000000, Reg: nan
New_Post_55_epoh_ModeTv2/ Epoch 35 loss nan
35 : 0.0002507776513583642
35 : 0.00012541447069360913
35 : 8.362674380535744e-05
Training Starts
Iter 0 of 11 loss nan, Img Sim: -0.000000, Reg: nan
Iter 1 of 11 loss nan, Img Sim: -0.000000, Reg: nan
Iter 2 of 11 loss nan, Img Sim: -0.000000, Reg: nan
Iter 3 of 11 loss nan, Img Sim: -0.000000, Reg: nan
Iter 4 of 11 loss nan, Img Sim: -0.000000, Reg: nan
Iter 5 of 11 loss nan, Img Sim: -0.000000, Reg: nan
Iter 6 of 11 loss nan, Img Sim: -0.000000, Reg: nan
Iter 7 of 11 loss nan, Img Sim: -0.000000, Reg: nan
Iter 8 of 11 loss nan, Img Sim: -0.000000, Reg: nan
Iter 9 of 11 loss nan, Img Sim: -0.000000, Reg: nan
Iter 10 of 11 loss nan, Img Sim: -0.000000, Reg: nan
New_Post_55_epoh_ModeTv2/ Epoch 36 loss nan
36 : 0.0002507776513583642
36 : 0.00012541447069360913
36 : 8.362674380535744e-05
Training Starts
Iter 0 of 11 loss nan, Img Sim: -0.000000, Reg: nan
Iter 1 of 11 loss nan, Img Sim: -0.000000, Reg: nan
Iter 2 of 11 loss nan, Img Sim: -0.000000, Reg: nan
Iter 3 of 11 loss nan, Img Sim: -0.000000, Reg: nan
Iter 4 of 11 loss nan, Img Sim: -0.000000, Reg: nan
Iter 5 of 11 loss nan, Img Sim: -0.000000, Reg: nan
Iter 6 of 11 loss nan, Img Sim: -0.000000, Reg: nan
Iter 7 of 11 loss nan, Img Sim: -0.000000, Reg: nan
Iter 8 of 11 loss nan, Img Sim: -0.000000, Reg: nan
Iter 9 of 11 loss nan, Img Sim: -0.000000, Reg: nan
Iter 10 of 11 loss nan, Img Sim: -0.000000, Reg: nan
New_Post_55_epoh_ModeTv2/ Epoch 37 loss nan
37 : 0.0002507776513583642
37 : 0.00012541447069360913
37 : 8.362674380535744e-05
Training Starts
Iter 0 of 11 loss nan, Img Sim: -0.000000, Reg: nan
Iter 1 of 11 loss nan, Img Sim: -0.000000, Reg: nan
Iter 2 of 11 loss nan, Img Sim: -0.000000, Reg: nan
Iter 3 of 11 loss nan, Img Sim: -0.000000, Reg: nan
Iter 4 of 11 loss nan, Img Sim: -0.000000, Reg: nan
Iter 5 of 11 loss nan, Img Sim: -0.000000, Reg: nan
Iter 6 of 11 loss nan, Img Sim: -0.000000, Reg: nan
Iter 7 of 11 loss nan, Img Sim: -0.000000, Reg: nan
Iter 8 of 11 loss nan, Img Sim: -0.000000, Reg: nan
Iter 9 of 11 loss nan, Img Sim: -0.000000, Reg: nan
Iter 10 of 11 loss nan, Img Sim: -0.000000, Reg: nan
New_Post_55_epoh_ModeTv2/ Epoch 38 loss nan
38 : 0.0002507776513583642
38 : 0.00012541447069360913
38 : 8.362674380535744e-05
Training Starts
Iter 0 of 11 loss nan, Img Sim: -0.000000, Reg: nan
Iter 1 of 11 loss nan, Img Sim: -0.000000, Reg: nan
Iter 2 of 11 loss nan, Img Sim: -0.000000, Reg: nan
Iter 3 of 11 loss nan, Img Sim: -0.000000, Reg: nan
Iter 4 of 11 loss nan, Img Sim: -0.000000, Reg: nan
Iter 5 of 11 loss nan, Img Sim: -0.000000, Reg: nan
Iter 6 of 11 loss nan, Img Sim: -0.000000, Reg: nan
Iter 7 of 11 loss nan, Img Sim: -0.000000, Reg: nan
Iter 8 of 11 loss nan, Img Sim: -0.000000, Reg: nan
Iter 9 of 11 loss nan, Img Sim: -0.000000, Reg: nan
Iter 10 of 11 loss nan, Img Sim: -0.000000, Reg: nan
New_Post_55_epoh_ModeTv2/ Epoch 39 loss nan
39 : 0.0002507776513583642
39 : 0.00012541447069360913
39 : 8.362674380535744e-05
Training Starts
Iter 0 of 11 loss nan, Img Sim: -0.000000, Reg: nan
Iter 1 of 11 loss nan, Img Sim: -0.000000, Reg: nan
Iter 2 of 11 loss nan, Img Sim: -0.000000, Reg: nan
Iter 3 of 11 loss nan, Img Sim: -0.000000, Reg: nan
Iter 4 of 11 loss nan, Img Sim: -0.000000, Reg: nan
Iter 5 of 11 loss nan, Img Sim: -0.000000, Reg: nan
Iter 6 of 11 loss nan, Img Sim: -0.000000, Reg: nan
Iter 7 of 11 loss nan, Img Sim: -0.000000, Reg: nan
Iter 8 of 11 loss nan, Img Sim: -0.000000, Reg: nan
Iter 9 of 11 loss nan, Img Sim: -0.000000, Reg: nan
Iter 10 of 11 loss nan, Img Sim: -0.000000, Reg: nan
New_Post_55_epoh_ModeTv2/ Epoch 40 loss nan
40 : 0.0002507776513583642
40 : 0.00012541447069360913
40 : 8.362674380535744e-05
Training Starts
Iter 0 of 11 loss nan, Img Sim: -0.000000, Reg: nan
Iter 1 of 11 loss nan, Img Sim: -0.000000, Reg: nan
Iter 2 of 11 loss nan, Img Sim: -0.000000, Reg: nan
Iter 3 of 11 loss nan, Img Sim: -0.000000, Reg: nan
Iter 4 of 11 loss nan, Img Sim: -0.000000, Reg: nan
Iter 5 of 11 loss nan, Img Sim: -0.000000, Reg: nan
Iter 6 of 11 loss nan, Img Sim: -0.000000, Reg: nan
Iter 7 of 11 loss nan, Img Sim: -0.000000, Reg: nan
Iter 8 of 11 loss nan, Img Sim: -0.000000, Reg: nan
Iter 9 of 11 loss nan, Img Sim: -0.000000, Reg: nan
Iter 10 of 11 loss nan, Img Sim: -0.000000, Reg: nan
New_Post_55_epoh_ModeTv2/ Epoch 41 loss nan
41 : 0.0002507776513583642
41 : 0.00012541447069360913
41 : 8.362674380535744e-05
Training Starts
Iter 0 of 11 loss nan, Img Sim: -0.000000, Reg: nan
Iter 1 of 11 loss nan, Img Sim: -0.000000, Reg: nan
Iter 2 of 11 loss nan, Img Sim: -0.000000, Reg: nan
Iter 3 of 11 loss nan, Img Sim: -0.000000, Reg: nan
Iter 4 of 11 loss nan, Img Sim: -0.000000, Reg: nan
Iter 5 of 11 loss nan, Img Sim: -0.000000, Reg: nan
Iter 6 of 11 loss nan, Img Sim: -0.000000, Reg: nan
Iter 7 of 11 loss nan, Img Sim: -0.000000, Reg: nan
Iter 8 of 11 loss nan, Img Sim: -0.000000, Reg: nan
Iter 9 of 11 loss nan, Img Sim: -0.000000, Reg: nan
Iter 10 of 11 loss nan, Img Sim: -0.000000, Reg: nan
New_Post_55_epoh_ModeTv2/ Epoch 42 loss nan
42 : 0.0002507776513583642
42 : 0.00012541447069360913
42 : 8.362674380535744e-05
Training Starts
Iter 0 of 11 loss nan, Img Sim: -0.000000, Reg: nan
Iter 1 of 11 loss nan, Img Sim: -0.000000, Reg: nan
Iter 2 of 11 loss nan, Img Sim: -0.000000, Reg: nan
Iter 3 of 11 loss nan, Img Sim: -0.000000, Reg: nan
Iter 4 of 11 loss nan, Img Sim: -0.000000, Reg: nan
Iter 5 of 11 loss nan, Img Sim: -0.000000, Reg: nan
Iter 6 of 11 loss nan, Img Sim: -0.000000, Reg: nan
Iter 7 of 11 loss nan, Img Sim: -0.000000, Reg: nan
Iter 8 of 11 loss nan, Img Sim: -0.000000, Reg: nan
Iter 9 of 11 loss nan, Img Sim: -0.000000, Reg: nan
Iter 10 of 11 loss nan, Img Sim: -0.000000, Reg: nan
New_Post_55_epoh_ModeTv2/ Epoch 43 loss nan
43 : 0.0002507776513583642
43 : 0.00012541447069360913
43 : 8.362674380535744e-05
Training Starts
Iter 0 of 11 loss nan, Img Sim: -0.000000, Reg: nan
Iter 1 of 11 loss nan, Img Sim: -0.000000, Reg: nan
Iter 2 of 11 loss nan, Img Sim: -0.000000, Reg: nan
Iter 3 of 11 loss nan, Img Sim: -0.000000, Reg: nan
Iter 4 of 11 loss nan, Img Sim: -0.000000, Reg: nan
Iter 5 of 11 loss nan, Img Sim: -0.000000, Reg: nan
Iter 6 of 11 loss nan, Img Sim: -0.000000, Reg: nan
Iter 7 of 11 loss nan, Img Sim: -0.000000, Reg: nan
Iter 8 of 11 loss nan, Img Sim: -0.000000, Reg: nan
Iter 9 of 11 loss nan, Img Sim: -0.000000, Reg: nan
Iter 10 of 11 loss nan, Img Sim: -0.000000, Reg: nan
New_Post_55_epoh_ModeTv2/ Epoch 44 loss nan
44 : 0.0002507776513583642
44 : 0.00012541447069360913
44 : 8.362674380535744e-05
Training Starts
Iter 0 of 11 loss nan, Img Sim: -0.000000, Reg: nan
Iter 1 of 11 loss nan, Img Sim: -0.000000, Reg: nan
Iter 2 of 11 loss nan, Img Sim: -0.000000, Reg: nan
Iter 3 of 11 loss nan, Img Sim: -0.000000, Reg: nan
Iter 4 of 11 loss nan, Img Sim: -0.000000, Reg: nan
Iter 5 of 11 loss nan, Img Sim: -0.000000, Reg: nan
Iter 6 of 11 loss nan, Img Sim: -0.000000, Reg: nan
Iter 7 of 11 loss nan, Img Sim: -0.000000, Reg: nan
Iter 8 of 11 loss nan, Img Sim: -0.000000, Reg: nan
Iter 9 of 11 loss nan, Img Sim: -0.000000, Reg: nan
Iter 10 of 11 loss nan, Img Sim: -0.000000, Reg: nan
New_Post_55_epoh_ModeTv2/ Epoch 45 loss nan
45 : 0.0002507776513583642
45 : 0.00012541447069360913
45 : 8.362674380535744e-05
Training Starts
Iter 0 of 11 loss nan, Img Sim: -0.000000, Reg: nan
Iter 1 of 11 loss nan, Img Sim: -0.000000, Reg: nan
Iter 2 of 11 loss nan, Img Sim: -0.000000, Reg: nan
Iter 3 of 11 loss nan, Img Sim: -0.000000, Reg: nan
Iter 4 of 11 loss nan, Img Sim: -0.000000, Reg: nan
Iter 5 of 11 loss nan, Img Sim: -0.000000, Reg: nan
Iter 6 of 11 loss nan, Img Sim: -0.000000, Reg: nan
Iter 7 of 11 loss nan, Img Sim: -0.000000, Reg: nan
Iter 8 of 11 loss nan, Img Sim: -0.000000, Reg: nan
Iter 9 of 11 loss nan, Img Sim: -0.000000, Reg: nan
Iter 10 of 11 loss nan, Img Sim: -0.000000, Reg: nan
New_Post_55_epoh_ModeTv2/ Epoch 46 loss nan
46 : 0.0002507776513583642
46 : 0.00012541447069360913
46 : 8.362674380535744e-05
Training Starts
Iter 0 of 11 loss nan, Img Sim: -0.000000, Reg: nan
Iter 1 of 11 loss nan, Img Sim: -0.000000, Reg: nan
Iter 2 of 11 loss nan, Img Sim: -0.000000, Reg: nan
Iter 3 of 11 loss nan, Img Sim: -0.000000, Reg: nan
Iter 4 of 11 loss nan, Img Sim: -0.000000, Reg: nan
Iter 5 of 11 loss nan, Img Sim: -0.000000, Reg: nan
Iter 6 of 11 loss nan, Img Sim: -0.000000, Reg: nan
Iter 7 of 11 loss nan, Img Sim: -0.000000, Reg: nan
Iter 8 of 11 loss nan, Img Sim: -0.000000, Reg: nan
Iter 9 of 11 loss nan, Img Sim: -0.000000, Reg: nan
Iter 10 of 11 loss nan, Img Sim: -0.000000, Reg: nan
New_Post_55_epoh_ModeTv2/ Epoch 47 loss nan
47 : 0.0002507776513583642
47 : 0.00012541447069360913
47 : 8.362674380535744e-05
Training Starts
Iter 0 of 11 loss nan, Img Sim: -0.000000, Reg: nan
Iter 1 of 11 loss nan, Img Sim: -0.000000, Reg: nan
Iter 2 of 11 loss nan, Img Sim: -0.000000, Reg: nan
Iter 3 of 11 loss nan, Img Sim: -0.000000, Reg: nan
Iter 4 of 11 loss nan, Img Sim: -0.000000, Reg: nan
Iter 5 of 11 loss nan, Img Sim: -0.000000, Reg: nan
Iter 6 of 11 loss nan, Img Sim: -0.000000, Reg: nan
Iter 7 of 11 loss nan, Img Sim: -0.000000, Reg: nan
Iter 8 of 11 loss nan, Img Sim: -0.000000, Reg: nan
Iter 9 of 11 loss nan, Img Sim: -0.000000, Reg: nan
Iter 10 of 11 loss nan, Img Sim: -0.000000, Reg: nan
New_Post_55_epoh_ModeTv2/ Epoch 48 loss nan
48 : 0.0002507776513583642
48 : 0.00012541447069360913
48 : 8.362674380535744e-05
Training Starts
Iter 0 of 11 loss nan, Img Sim: -0.000000, Reg: nan
Iter 1 of 11 loss nan, Img Sim: -0.000000, Reg: nan
Iter 2 of 11 loss nan, Img Sim: -0.000000, Reg: nan
Iter 3 of 11 loss nan, Img Sim: -0.000000, Reg: nan
Iter 4 of 11 loss nan, Img Sim: -0.000000, Reg: nan
Iter 5 of 11 loss nan, Img Sim: -0.000000, Reg: nan
Iter 6 of 11 loss nan, Img Sim: -0.000000, Reg: nan
Iter 7 of 11 loss nan, Img Sim: -0.000000, Reg: nan
Iter 8 of 11 loss nan, Img Sim: -0.000000, Reg: nan
Iter 9 of 11 loss nan, Img Sim: -0.000000, Reg: nan
Iter 10 of 11 loss nan, Img Sim: -0.000000, Reg: nan
New_Post_55_epoh_ModeTv2/ Epoch 49 loss nan
49 : 0.0002507776513583642
49 : 0.00012541447069360913
49 : 8.362674380535744e-05
Training Starts
Iter 0 of 11 loss nan, Img Sim: -0.000000, Reg: nan
Iter 1 of 11 loss nan, Img Sim: -0.000000, Reg: nan
Iter 2 of 11 loss nan, Img Sim: -0.000000, Reg: nan
Iter 3 of 11 loss nan, Img Sim: -0.000000, Reg: nan
Iter 4 of 11 loss nan, Img Sim: -0.000000, Reg: nan
Iter 5 of 11 loss nan, Img Sim: -0.000000, Reg: nan
Iter 6 of 11 loss nan, Img Sim: -0.000000, Reg: nan
Iter 7 of 11 loss nan, Img Sim: -0.000000, Reg: nan
Iter 8 of 11 loss nan, Img Sim: -0.000000, Reg: nan
Iter 9 of 11 loss nan, Img Sim: -0.000000, Reg: nan
Iter 10 of 11 loss nan, Img Sim: -0.000000, Reg: nan
New_Post_55_epoh_ModeTv2/ Epoch 50 loss nan
50 : 0.0002507776513583642
50 : 0.00012541447069360913
50 : 8.362674380535744e-05
Training Starts
Iter 0 of 11 loss nan, Img Sim: -0.000000, Reg: nan
Iter 1 of 11 loss nan, Img Sim: -0.000000, Reg: nan
Iter 2 of 11 loss nan, Img Sim: -0.000000, Reg: nan
Iter 3 of 11 loss nan, Img Sim: -0.000000, Reg: nan
Iter 4 of 11 loss nan, Img Sim: -0.000000, Reg: nan
Iter 5 of 11 loss nan, Img Sim: -0.000000, Reg: nan
Iter 6 of 11 loss nan, Img Sim: -0.000000, Reg: nan
Iter 7 of 11 loss nan, Img Sim: -0.000000, Reg: nan
Iter 8 of 11 loss nan, Img Sim: -0.000000, Reg: nan
Iter 9 of 11 loss nan, Img Sim: -0.000000, Reg: nan
Iter 10 of 11 loss nan, Img Sim: -0.000000, Reg: nan
New_Post_55_epoh_ModeTv2/ Epoch 51 loss nan
51 : 0.0002507776513583642
51 : 0.00012541447069360913
51 : 8.362674380535744e-05
Training Starts
Iter 0 of 11 loss nan, Img Sim: -0.000000, Reg: nan
Iter 1 of 11 loss nan, Img Sim: -0.000000, Reg: nan
Iter 2 of 11 loss nan, Img Sim: -0.000000, Reg: nan
Iter 3 of 11 loss nan, Img Sim: -0.000000, Reg: nan
Iter 4 of 11 loss nan, Img Sim: -0.000000, Reg: nan
Iter 5 of 11 loss nan, Img Sim: -0.000000, Reg: nan
Iter 6 of 11 loss nan, Img Sim: -0.000000, Reg: nan
Iter 7 of 11 loss nan, Img Sim: -0.000000, Reg: nan
Iter 8 of 11 loss nan, Img Sim: -0.000000, Reg: nan
Iter 9 of 11 loss nan, Img Sim: -0.000000, Reg: nan
Iter 10 of 11 loss nan, Img Sim: -0.000000, Reg: nan
New_Post_55_epoh_ModeTv2/ Epoch 52 loss nan
52 : 0.0002507776513583642
52 : 0.00012541447069360913
52 : 8.362674380535744e-05
Training Starts
Iter 0 of 11 loss nan, Img Sim: -0.000000, Reg: nan
Iter 1 of 11 loss nan, Img Sim: -0.000000, Reg: nan
Iter 2 of 11 loss nan, Img Sim: -0.000000, Reg: nan
Iter 3 of 11 loss nan, Img Sim: -0.000000, Reg: nan
Iter 4 of 11 loss nan, Img Sim: -0.000000, Reg: nan
Iter 5 of 11 loss nan, Img Sim: -0.000000, Reg: nan
Iter 6 of 11 loss nan, Img Sim: -0.000000, Reg: nan
Iter 7 of 11 loss nan, Img Sim: -0.000000, Reg: nan
Iter 8 of 11 loss nan, Img Sim: -0.000000, Reg: nan
Iter 9 of 11 loss nan, Img Sim: -0.000000, Reg: nan
Iter 10 of 11 loss nan, Img Sim: -0.000000, Reg: nan
New_Post_55_epoh_ModeTv2/ Epoch 53 loss nan
53 : 0.0002507776513583642
53 : 0.00012541447069360913
53 : 8.362674380535744e-05
Training Starts
Iter 0 of 11 loss nan, Img Sim: -0.000000, Reg: nan
Iter 1 of 11 loss nan, Img Sim: -0.000000, Reg: nan
Iter 2 of 11 loss nan, Img Sim: -0.000000, Reg: nan
Iter 3 of 11 loss nan, Img Sim: -0.000000, Reg: nan
Iter 4 of 11 loss nan, Img Sim: -0.000000, Reg: nan
Iter 5 of 11 loss nan, Img Sim: -0.000000, Reg: nan
Iter 6 of 11 loss nan, Img Sim: -0.000000, Reg: nan
Iter 7 of 11 loss nan, Img Sim: -0.000000, Reg: nan
Iter 8 of 11 loss nan, Img Sim: -0.000000, Reg: nan
Iter 9 of 11 loss nan, Img Sim: -0.000000, Reg: nan
Iter 10 of 11 loss nan, Img Sim: -0.000000, Reg: nan
New_Post_55_epoh_ModeTv2/ Epoch 54 loss nan
54 : 0.0002507776513583642
54 : 0.00012541447069360913
54 : 8.362674380535744e-05
Training Starts
Iter 0 of 11 loss -0.1903, Img Sim: -0.190322, Reg: 0.000000
Iter 1 of 11 loss -0.1914, Img Sim: -0.191373, Reg: 0.000001
Iter 2 of 11 loss -0.1636, Img Sim: -0.163598, Reg: 0.000000
Iter 3 of 11 loss -0.1569, Img Sim: -0.156911, Reg: 0.000002
Iter 4 of 11 loss -0.1717, Img Sim: -0.171662, Reg: 0.000006
Iter 5 of 11 loss -0.1876, Img Sim: -0.187639, Reg: 0.000009
Iter 6 of 11 loss -0.1601, Img Sim: -0.160114, Reg: 0.000013
Iter 7 of 11 loss -0.1788, Img Sim: -0.178862, Reg: 0.000020
Iter 8 of 11 loss -0.1567, Img Sim: -0.156691, Reg: 0.000020
Iter 9 of 11 loss -0.1584, Img Sim: -0.158416, Reg: 0.000022
Iter 10 of 11 loss -0.1686, Img Sim: -0.168604, Reg: 0.000022
New_Post_55_epoh_ModeTv2/ Epoch 0 loss -0.1713
0 : 0.008784059480508217
0 : 0.004392029740254108
0 : 0.0029280198268360723
Training Starts
Iter 0 of 11 loss -0.1888, Img Sim: -0.188790, Reg: 0.000021
Iter 1 of 11 loss -0.1569, Img Sim: -0.156916, Reg: 0.000019
Iter 2 of 11 loss -0.1609, Img Sim: -0.160877, Reg: 0.000022
Iter 3 of 11 loss -0.1951, Img Sim: -0.195080, Reg: 0.000026
Iter 4 of 11 loss -0.1976, Img Sim: -0.197668, Reg: 0.000029
Iter 5 of 11 loss -0.1615, Img Sim: -0.161508, Reg: 0.000031
Iter 6 of 11 loss -0.1564, Img Sim: -0.156430, Reg: 0.000035
Iter 7 of 11 loss -0.1700, Img Sim: -0.170044, Reg: 0.000040
Iter 8 of 11 loss -0.1822, Img Sim: -0.182262, Reg: 0.000041
Iter 9 of 11 loss -0.1669, Img Sim: -0.166982, Reg: 0.000049
Iter 10 of 11 loss -0.1713, Img Sim: -0.171348, Reg: 0.000053
New_Post_55_epoh_ModeTv2/ Epoch 1 loss -0.1734
1 : 0.008216273520871616
1 : 0.004108136760435808
1 : 0.0027387578402905386
Training Starts
Iter 0 of 11 loss -0.1964, Img Sim: -0.196491, Reg: 0.000068
Iter 1 of 11 loss -0.1600, Img Sim: -0.160122, Reg: 0.000080
Iter 2 of 11 loss -0.1895, Img Sim: -0.189626, Reg: 0.000084
Iter 3 of 11 loss -0.1512, Img Sim: -0.151297, Reg: 0.000097
Iter 4 of 11 loss -0.1652, Img Sim: -0.165297, Reg: 0.000110
Iter 5 of 11 loss -0.1824, Img Sim: -0.182510, Reg: 0.000104
Iter 6 of 11 loss -0.1711, Img Sim: -0.171193, Reg: 0.000127
Iter 7 of 11 loss -0.1599, Img Sim: -0.160034, Reg: 0.000123
Iter 8 of 11 loss -0.1854, Img Sim: -0.185581, Reg: 0.000138
Iter 9 of 11 loss -0.1632, Img Sim: -0.163387, Reg: 0.000141
Iter 10 of 11 loss -0.1560, Img Sim: -0.156234, Reg: 0.000188
New_Post_55_epoh_ModeTv2/ Epoch 2 loss -0.1710
2 : 0.007760845780620268
2 : 0.003880422890310134
2 : 0.0025869485935400894
Training Starts
Iter 0 of 11 loss -0.1571, Img Sim: -0.157325, Reg: 0.000202
Iter 1 of 11 loss -0.1629, Img Sim: -0.163158, Reg: 0.000227
Iter 2 of 11 loss -0.1618, Img Sim: -0.162073, Reg: 0.000266
Iter 3 of 11 loss -0.1602, Img Sim: -0.160438, Reg: 0.000232
Iter 4 of 11 loss -0.1847, Img Sim: -0.184986, Reg: 0.000268
Iter 5 of 11 loss -0.1691, Img Sim: -0.169380, Reg: 0.000290
Iter 6 of 11 loss -0.1873, Img Sim: -0.187588, Reg: 0.000295
Iter 7 of 11 loss -0.1756, Img Sim: -0.175856, Reg: 0.000285
Iter 8 of 11 loss -0.1931, Img Sim: -0.193501, Reg: 0.000358
Iter 9 of 11 loss -0.1592, Img Sim: -0.159607, Reg: 0.000402
Iter 10 of 11 loss -0.1671, Img Sim: -0.167448, Reg: 0.000350
New_Post_55_epoh_ModeTv2/ Epoch 3 loss -0.1707
3 : 0.007817839299150255
3 : 0.0039089196495751275
3 : 0.002605946433050085
Training Starts
Iter 0 of 11 loss -0.1740, Img Sim: -0.174506, Reg: 0.000462
Iter 1 of 11 loss -0.1521, Img Sim: -0.152572, Reg: 0.000424
Iter 2 of 11 loss -0.1782, Img Sim: -0.178699, Reg: 0.000455
Iter 3 of 11 loss -0.1722, Img Sim: -0.172650, Reg: 0.000465
Iter 4 of 11 loss -0.1627, Img Sim: -0.163209, Reg: 0.000535
Iter 5 of 11 loss -0.1608, Img Sim: -0.161434, Reg: 0.000596
Iter 6 of 11 loss -0.1512, Img Sim: -0.151866, Reg: 0.000633
Iter 7 of 11 loss -0.1762, Img Sim: -0.176725, Reg: 0.000531
Iter 8 of 11 loss -0.1617, Img Sim: -0.162352, Reg: 0.000622
Iter 9 of 11 loss -0.1582, Img Sim: -0.158848, Reg: 0.000681
Iter 10 of 11 loss -0.1835, Img Sim: -0.184195, Reg: 0.000701
New_Post_55_epoh_ModeTv2/ Epoch 4 loss -0.1665
4 : 0.006647610183140947
4 : 0.0033238050915704734
4 : 0.002215870061046982
Training Starts
Iter 0 of 11 loss -0.1753, Img Sim: -0.175894, Reg: 0.000584
Iter 1 of 11 loss -0.1477, Img Sim: -0.148361, Reg: 0.000650
Iter 2 of 11 loss -0.1611, Img Sim: -0.161758, Reg: 0.000695
Iter 3 of 11 loss -0.1674, Img Sim: -0.168152, Reg: 0.000765
Iter 4 of 11 loss -0.1727, Img Sim: -0.173385, Reg: 0.000701
Iter 5 of 11 loss -0.1614, Img Sim: -0.162114, Reg: 0.000709
Iter 6 of 11 loss -0.1762, Img Sim: -0.176809, Reg: 0.000634
Iter 7 of 11 loss -0.1587, Img Sim: -0.159474, Reg: 0.000822
Iter 8 of 11 loss -0.1863, Img Sim: -0.186987, Reg: 0.000726
Iter 9 of 11 loss -0.1513, Img Sim: -0.152076, Reg: 0.000743
Iter 10 of 11 loss -0.1576, Img Sim: -0.158289, Reg: 0.000734
New_Post_55_epoh_ModeTv2/ Epoch 5 loss -0.1650
5 : 0.006274719357227403
5 : 0.0031373596786137014
5 : 0.002091573119075801
Training Starts
Iter 0 of 11 loss -0.1584, Img Sim: -0.159246, Reg: 0.000844
Iter 1 of 11 loss -0.1659, Img Sim: -0.166847, Reg: 0.000923
Iter 2 of 11 loss -0.1853, Img Sim: -0.185988, Reg: 0.000666
Iter 3 of 11 loss -0.1623, Img Sim: -0.163042, Reg: 0.000704
Iter 4 of 11 loss -0.1543, Img Sim: -0.154980, Reg: 0.000638
Iter 5 of 11 loss -0.1585, Img Sim: -0.159129, Reg: 0.000653
Iter 6 of 11 loss -0.1597, Img Sim: -0.160353, Reg: 0.000608
Iter 7 of 11 loss -0.1776, Img Sim: -0.178040, Reg: 0.000475
Iter 8 of 11 loss -0.1787, Img Sim: -0.179309, Reg: 0.000605
Iter 9 of 11 loss -0.1783, Img Sim: -0.178758, Reg: 0.000505
Iter 10 of 11 loss -0.1521, Img Sim: -0.152564, Reg: 0.000503
New_Post_55_epoh_ModeTv2/ Epoch 6 loss -0.1665
6 : 0.006510881572407804
6 : 0.003255440786203902
6 : 0.002170293857469268
Training Starts
Iter 0 of 11 loss -0.1561, Img Sim: -0.156653, Reg: 0.000560
Iter 1 of 11 loss -0.1581, Img Sim: -0.158674, Reg: 0.000555
Iter 2 of 11 loss -0.1769, Img Sim: -0.177384, Reg: 0.000440
Iter 3 of 11 loss -0.1585, Img Sim: -0.159045, Reg: 0.000538
Iter 4 of 11 loss -0.1801, Img Sim: -0.180681, Reg: 0.000550
Iter 5 of 11 loss -0.1605, Img Sim: -0.161047, Reg: 0.000545
Iter 6 of 11 loss -0.1777, Img Sim: -0.178213, Reg: 0.000485
Iter 7 of 11 loss -0.1566, Img Sim: -0.157212, Reg: 0.000566
Iter 8 of 11 loss -0.1639, Img Sim: -0.164519, Reg: 0.000647
Iter 9 of 11 loss -0.1512, Img Sim: -0.151737, Reg: 0.000488
Iter 10 of 11 loss -0.1899, Img Sim: -0.190413, Reg: 0.000539
New_Post_55_epoh_ModeTv2/ Epoch 7 loss -0.1663
7 : 0.006278277563786329
7 : 0.0031391387818931644
7 : 0.0020927591879287763
Training Starts
Iter 0 of 11 loss -0.1793, Img Sim: -0.179819, Reg: 0.000566
Iter 1 of 11 loss -0.1571, Img Sim: -0.157640, Reg: 0.000570
Iter 2 of 11 loss -0.1566, Img Sim: -0.157189, Reg: 0.000638
Iter 3 of 11 loss -0.1575, Img Sim: -0.158356, Reg: 0.000834
Iter 4 of 11 loss -0.1528, Img Sim: -0.153547, Reg: 0.000735
Iter 5 of 11 loss -0.1473, Img Sim: -0.147999, Reg: 0.000681
Iter 6 of 11 loss -0.1772, Img Sim: -0.177859, Reg: 0.000672
Iter 7 of 11 loss -0.1730, Img Sim: -0.173763, Reg: 0.000761
Iter 8 of 11 loss -0.1574, Img Sim: -0.158164, Reg: 0.000801
Iter 9 of 11 loss -0.1567, Img Sim: -0.157599, Reg: 0.000943
Iter 10 of 11 loss -0.1820, Img Sim: -0.182953, Reg: 0.000976
New_Post_55_epoh_ModeTv2/ Epoch 8 loss -0.1633
8 : 0.00521652797932714
8 : 0.00260826398966357
8 : 0.0017388426597757132
Training Starts
Iter 0 of 11 loss -0.1719, Img Sim: -0.172824, Reg: 0.000916
Iter 1 of 11 loss -0.1822, Img Sim: -0.183210, Reg: 0.001033
Iter 2 of 11 loss -0.1461, Img Sim: -0.147167, Reg: 0.001100
Iter 3 of 11 loss -0.1561, Img Sim: -0.157013, Reg: 0.000929
Iter 4 of 11 loss -0.1455, Img Sim: -0.146398, Reg: 0.000946
Iter 5 of 11 loss -0.1519, Img Sim: -0.152834, Reg: 0.000944
Iter 6 of 11 loss -0.1544, Img Sim: -0.155483, Reg: 0.001079
Iter 7 of 11 loss -0.1735, Img Sim: -0.174552, Reg: 0.001011
Iter 8 of 11 loss -0.1610, Img Sim: -0.162206, Reg: 0.001175
Iter 9 of 11 loss -0.1541, Img Sim: -0.155109, Reg: 0.000987
Iter 10 of 11 loss -0.1732, Img Sim: -0.174213, Reg: 0.000965
New_Post_55_epoh_ModeTv2/ Epoch 9 loss -0.1609
9 : 0.005212414288799919
9 : 0.0026062071443999596
9 : 0.001737471429599973
Training Starts
Iter 0 of 11 loss -0.1784, Img Sim: -0.179519, Reg: 0.001118
Iter 1 of 11 loss -0.1457, Img Sim: -0.146637, Reg: 0.000978
Iter 2 of 11 loss -0.1561, Img Sim: -0.157152, Reg: 0.001099
Iter 3 of 11 loss -0.1499, Img Sim: -0.150860, Reg: 0.000976
Iter 4 of 11 loss -0.1696, Img Sim: -0.170709, Reg: 0.001076
Iter 5 of 11 loss -0.1463, Img Sim: -0.147432, Reg: 0.001137
Iter 6 of 11 loss -0.1473, Img Sim: -0.148459, Reg: 0.001178
Iter 7 of 11 loss -0.1575, Img Sim: -0.158428, Reg: 0.000974
Iter 8 of 11 loss -0.1770, Img Sim: -0.177961, Reg: 0.001005
Iter 9 of 11 loss -0.1766, Img Sim: -0.177617, Reg: 0.000998
Iter 10 of 11 loss -0.1540, Img Sim: -0.155067, Reg: 0.001057
New_Post_55_epoh_ModeTv2/ Epoch 10 loss -0.1598
10 : 0.005520119946176323
10 : 0.0027600599730881613
10 : 0.0018400399820587743
Training Starts
Iter 0 of 11 loss -0.1588, Img Sim: -0.159936, Reg: 0.001120
Iter 1 of 11 loss -0.1814, Img Sim: -0.182547, Reg: 0.001177
Iter 2 of 11 loss -0.1444, Img Sim: -0.145532, Reg: 0.001113
Iter 3 of 11 loss -0.1524, Img Sim: -0.153548, Reg: 0.001127
Iter 4 of 11 loss -0.1780, Img Sim: -0.179123, Reg: 0.001136
Iter 5 of 11 loss -0.1531, Img Sim: -0.154196, Reg: 0.001108
Iter 6 of 11 loss -0.1528, Img Sim: -0.154186, Reg: 0.001399
Iter 7 of 11 loss -0.1699, Img Sim: -0.170954, Reg: 0.001097
Iter 8 of 11 loss -0.1482, Img Sim: -0.149444, Reg: 0.001245
Iter 9 of 11 loss -0.1722, Img Sim: -0.173334, Reg: 0.001159
Iter 10 of 11 loss -0.1498, Img Sim: -0.150892, Reg: 0.001125
New_Post_55_epoh_ModeTv2/ Epoch 11 loss -0.1601
11 : 0.005795724997699095
11 : 0.0028978624988495474
11 : 0.0019319083325663648
Training Starts
Iter 0 of 11 loss -0.1799, Img Sim: -0.181217, Reg: 0.001319
Iter 1 of 11 loss -0.1491, Img Sim: -0.150290, Reg: 0.001171
Iter 2 of 11 loss -0.1517, Img Sim: -0.153312, Reg: 0.001566
Iter 3 of 11 loss -0.1421, Img Sim: -0.143376, Reg: 0.001294
Iter 4 of 11 loss -0.1614, Img Sim: -0.162710, Reg: 0.001317
Iter 5 of 11 loss -0.1723, Img Sim: -0.173681, Reg: 0.001345
Iter 6 of 11 loss -0.1622, Img Sim: -0.163502, Reg: 0.001307
Iter 7 of 11 loss -0.1760, Img Sim: -0.177447, Reg: 0.001487
Iter 8 of 11 loss -0.1484, Img Sim: -0.149776, Reg: 0.001409
Iter 9 of 11 loss -0.1505, Img Sim: -0.152048, Reg: 0.001545
Iter 10 of 11 loss -0.1445, Img Sim: -0.145998, Reg: 0.001506
New_Post_55_epoh_ModeTv2/ Epoch 12 loss -0.1580
12 : 0.005752960454144808
12 : 0.002876480227072404
12 : 0.001917653484714936
Training Starts
Iter 0 of 11 loss -0.1602, Img Sim: -0.161557, Reg: 0.001406
Iter 1 of 11 loss -0.1815, Img Sim: -0.183030, Reg: 0.001530
Iter 2 of 11 loss -0.1442, Img Sim: -0.145682, Reg: 0.001527
Iter 3 of 11 loss -0.1489, Img Sim: -0.150346, Reg: 0.001413
Iter 4 of 11 loss -0.1749, Img Sim: -0.176473, Reg: 0.001564
Iter 5 of 11 loss -0.1513, Img Sim: -0.152963, Reg: 0.001614
Iter 6 of 11 loss -0.1409, Img Sim: -0.142392, Reg: 0.001467
Iter 7 of 11 loss -0.1610, Img Sim: -0.162322, Reg: 0.001372
Iter 8 of 11 loss -0.1487, Img Sim: -0.150144, Reg: 0.001447
Iter 9 of 11 loss -0.1499, Img Sim: -0.151696, Reg: 0.001820
Iter 10 of 11 loss -0.1716, Img Sim: -0.172957, Reg: 0.001373
New_Post_55_epoh_ModeTv2/ Epoch 13 loss -0.1575
13 : 0.005191334155523339
13 : 0.0025956670777616694
13 : 0.0017304447185077796
Training Starts
Iter 0 of 11 loss -0.1625, Img Sim: -0.164254, Reg: 0.001768
Iter 1 of 11 loss -0.1502, Img Sim: -0.151919, Reg: 0.001687
Iter 2 of 11 loss -0.1543, Img Sim: -0.155744, Reg: 0.001464
Iter 3 of 11 loss -0.1378, Img Sim: -0.139376, Reg: 0.001579
Iter 4 of 11 loss -0.1739, Img Sim: -0.175439, Reg: 0.001543
Iter 5 of 11 loss -0.1400, Img Sim: -0.141564, Reg: 0.001541
Iter 6 of 11 loss -0.1441, Img Sim: -0.145650, Reg: 0.001568
Iter 7 of 11 loss -0.1538, Img Sim: -0.155146, Reg: 0.001389
Iter 8 of 11 loss -0.1703, Img Sim: -0.171587, Reg: 0.001333
Iter 9 of 11 loss -0.1662, Img Sim: -0.167817, Reg: 0.001608
Iter 10 of 11 loss -0.1444, Img Sim: -0.146007, Reg: 0.001601
New_Post_55_epoh_ModeTv2/ Epoch 14 loss -0.1543
14 : 0.004399971612649211
14 : 0.0021999858063246054
14 : 0.0014666572042164037
Training Starts
Iter 0 of 11 loss -0.1710, Img Sim: -0.172603, Reg: 0.001570
Iter 1 of 11 loss -0.1440, Img Sim: -0.145587, Reg: 0.001547
Iter 2 of 11 loss -0.1489, Img Sim: -0.150710, Reg: 0.001775
Iter 3 of 11 loss -0.1363, Img Sim: -0.137962, Reg: 0.001634
Iter 4 of 11 loss -0.1607, Img Sim: -0.162585, Reg: 0.001931
Iter 5 of 11 loss -0.1704, Img Sim: -0.171739, Reg: 0.001362
Iter 6 of 11 loss -0.1399, Img Sim: -0.141505, Reg: 0.001644
Iter 7 of 11 loss -0.1490, Img Sim: -0.150614, Reg: 0.001587
Iter 8 of 11 loss -0.1433, Img Sim: -0.144929, Reg: 0.001671
Iter 9 of 11 loss -0.1637, Img Sim: -0.165392, Reg: 0.001697
Iter 10 of 11 loss -0.1502, Img Sim: -0.151870, Reg: 0.001663
New_Post_55_epoh_ModeTv2/ Epoch 15 loss -0.1525
15 : 0.00411565795392309
15 : 0.002057828976961545
15 : 0.00137188598464103
Training Starts
Iter 0 of 11 loss -0.1678, Img Sim: -0.169577, Reg: 0.001772
Iter 1 of 11 loss -0.1627, Img Sim: -0.164428, Reg: 0.001744
Iter 2 of 11 loss -0.1662, Img Sim: -0.167697, Reg: 0.001493
Iter 3 of 11 loss -0.1490, Img Sim: -0.150751, Reg: 0.001730
Iter 4 of 11 loss -0.1610, Img Sim: -0.163242, Reg: 0.002254
Iter 5 of 11 loss -0.1431, Img Sim: -0.144903, Reg: 0.001776
Iter 6 of 11 loss -0.1369, Img Sim: -0.138812, Reg: 0.001900
Iter 7 of 11 loss -0.1498, Img Sim: -0.151834, Reg: 0.001987
Iter 8 of 11 loss -0.1483, Img Sim: -0.150138, Reg: 0.001795
Iter 9 of 11 loss -0.1349, Img Sim: -0.136798, Reg: 0.001862
Iter 10 of 11 loss -0.1382, Img Sim: -0.140029, Reg: 0.001794
New_Post_55_epoh_ModeTv2/ Epoch 16 loss -0.1507
16 : 0.003986148775572069
16 : 0.0019930743877860347
16 : 0.0013287162585240231
Training Starts
Iter 0 of 11 loss -0.1672, Img Sim: -0.168753, Reg: 0.001555
Iter 1 of 11 loss -0.1349, Img Sim: -0.136733, Reg: 0.001878
Iter 2 of 11 loss -0.1500, Img Sim: -0.151970, Reg: 0.002015
Iter 3 of 11 loss -0.1473, Img Sim: -0.149086, Reg: 0.001807
Iter 4 of 11 loss -0.1603, Img Sim: -0.162167, Reg: 0.001859
Iter 5 of 11 loss -0.1655, Img Sim: -0.167447, Reg: 0.001950
Iter 6 of 11 loss -0.1425, Img Sim: -0.144302, Reg: 0.001839
Iter 7 of 11 loss -0.1377, Img Sim: -0.139522, Reg: 0.001829
Iter 8 of 11 loss -0.1355, Img Sim: -0.137545, Reg: 0.001995
Iter 9 of 11 loss -0.1478, Img Sim: -0.149662, Reg: 0.001867
Iter 10 of 11 loss -0.1629, Img Sim: -0.165224, Reg: 0.002364
New_Post_55_epoh_ModeTv2/ Epoch 17 loss -0.1501
17 : 0.003916213248834756
17 : 0.001958106624417378
17 : 0.001305404416278252
Training Starts
Iter 0 of 11 loss -0.1354, Img Sim: -0.137435, Reg: 0.002005
Iter 1 of 11 loss -0.1648, Img Sim: -0.166802, Reg: 0.001980
Iter 2 of 11 loss -0.1677, Img Sim: -0.169253, Reg: 0.001585
Iter 3 of 11 loss -0.1496, Img Sim: -0.151665, Reg: 0.002041
Iter 4 of 11 loss -0.1597, Img Sim: -0.161593, Reg: 0.001890
Iter 5 of 11 loss -0.1471, Img Sim: -0.148955, Reg: 0.001835
Iter 6 of 11 loss -0.1578, Img Sim: -0.160131, Reg: 0.002377
Iter 7 of 11 loss -0.1479, Img Sim: -0.149885, Reg: 0.001954
Iter 8 of 11 loss -0.1364, Img Sim: -0.138392, Reg: 0.001943
Iter 9 of 11 loss -0.1340, Img Sim: -0.135969, Reg: 0.001996
Iter 10 of 11 loss -0.1433, Img Sim: -0.145217, Reg: 0.001892
New_Post_55_epoh_ModeTv2/ Epoch 18 loss -0.1494
18 : 0.003848756292692437
18 : 0.0019243781463462186
18 : 0.0012829187642308124
Training Starts
Iter 0 of 11 loss -0.1438, Img Sim: -0.145716, Reg: 0.001899
Iter 1 of 11 loss -0.1679, Img Sim: -0.169766, Reg: 0.001823
Iter 2 of 11 loss -0.1489, Img Sim: -0.151030, Reg: 0.002133
Iter 3 of 11 loss -0.1305, Img Sim: -0.132861, Reg: 0.002370
Iter 4 of 11 loss -0.1637, Img Sim: -0.165969, Reg: 0.002283
Iter 5 of 11 loss -0.1491, Img Sim: -0.151426, Reg: 0.002334
Iter 6 of 11 loss -0.1548, Img Sim: -0.156988, Reg: 0.002150
Iter 7 of 11 loss -0.1437, Img Sim: -0.146290, Reg: 0.002623
Iter 8 of 11 loss -0.1317, Img Sim: -0.133868, Reg: 0.002122
Iter 9 of 11 loss -0.1343, Img Sim: -0.136443, Reg: 0.002180
Iter 10 of 11 loss -0.1435, Img Sim: -0.145777, Reg: 0.002278
New_Post_55_epoh_ModeTv2/ Epoch 19 loss -0.1465
19 : 0.0036877718241644887
19 : 0.0018438859120822443
19 : 0.0012292572747214963
Training Starts
Iter 0 of 11 loss -0.1464, Img Sim: -0.148726, Reg: 0.002330
Iter 1 of 11 loss -0.1527, Img Sim: -0.155063, Reg: 0.002366
Iter 2 of 11 loss -0.1421, Img Sim: -0.144457, Reg: 0.002403
Iter 3 of 11 loss -0.1611, Img Sim: -0.163718, Reg: 0.002598
Iter 4 of 11 loss -0.1272, Img Sim: -0.129906, Reg: 0.002689
Iter 5 of 11 loss -0.1213, Img Sim: -0.123621, Reg: 0.002370
Iter 6 of 11 loss -0.1482, Img Sim: -0.150931, Reg: 0.002751
Iter 7 of 11 loss -0.1387, Img Sim: -0.141723, Reg: 0.003019
Iter 8 of 11 loss -0.1456, Img Sim: -0.147906, Reg: 0.002343
Iter 9 of 11 loss -0.1577, Img Sim: -0.159966, Reg: 0.002315
Iter 10 of 11 loss -0.1271, Img Sim: -0.129719, Reg: 0.002574
New_Post_55_epoh_ModeTv2/ Epoch 20 loss -0.1425
20 : 0.0034721200526996684
20 : 0.0017360600263498342
20 : 0.0011573733508998894
Training Starts
Iter 0 of 11 loss -0.1267, Img Sim: -0.129312, Reg: 0.002598
Iter 1 of 11 loss -0.1383, Img Sim: -0.141385, Reg: 0.003131
Iter 2 of 11 loss -0.1458, Img Sim: -0.148639, Reg: 0.002840
Iter 3 of 11 loss -0.1593, Img Sim: -0.162019, Reg: 0.002730
Iter 4 of 11 loss -0.1577, Img Sim: -0.160067, Reg: 0.002353
Iter 5 of 11 loss -0.1254, Img Sim: -0.128220, Reg: 0.002793
Iter 6 of 11 loss -0.1392, Img Sim: -0.141903, Reg: 0.002698
Iter 7 of 11 loss -0.1501, Img Sim: -0.152702, Reg: 0.002623
Iter 8 of 11 loss -0.1308, Img Sim: -0.133280, Reg: 0.002467
Iter 9 of 11 loss -0.1416, Img Sim: -0.143956, Reg: 0.002344
Iter 10 of 11 loss -0.1472, Img Sim: -0.149596, Reg: 0.002412
New_Post_55_epoh_ModeTv2/ Epoch 21 loss -0.1420
21 : 0.0035651881353039767
21 : 0.0017825940676519884
21 : 0.0011883960451013257
Training Starts
Iter 0 of 11 loss -0.1245, Img Sim: -0.127075, Reg: 0.002619
Iter 1 of 11 loss -0.1339, Img Sim: -0.137088, Reg: 0.003176
Iter 2 of 11 loss -0.1493, Img Sim: -0.152010, Reg: 0.002671
Iter 3 of 11 loss -0.1254, Img Sim: -0.128287, Reg: 0.002841
Iter 4 of 11 loss -0.1485, Img Sim: -0.150968, Reg: 0.002508
Iter 5 of 11 loss -0.1388, Img Sim: -0.141224, Reg: 0.002465
Iter 6 of 11 loss -0.1330, Img Sim: -0.135681, Reg: 0.002646
Iter 7 of 11 loss -0.1533, Img Sim: -0.155800, Reg: 0.002477
Iter 8 of 11 loss -0.1561, Img Sim: -0.158964, Reg: 0.002879
Iter 9 of 11 loss -0.1393, Img Sim: -0.142315, Reg: 0.002997
Iter 10 of 11 loss -0.1381, Img Sim: -0.141231, Reg: 0.003123
New_Post_55_epoh_ModeTv2/ Epoch 22 loss -0.1400
22 : 0.0032825556752731013
22 : 0.0016412778376365506
22 : 0.0010941852250910338
Training Starts
Iter 0 of 11 loss -0.1324, Img Sim: -0.135967, Reg: 0.003551
Iter 1 of 11 loss -0.1375, Img Sim: -0.140702, Reg: 0.003212
Iter 2 of 11 loss -0.1448, Img Sim: -0.147850, Reg: 0.003056
Iter 3 of 11 loss -0.1229, Img Sim: -0.125898, Reg: 0.003043
Iter 4 of 11 loss -0.1197, Img Sim: -0.122841, Reg: 0.003092
Iter 5 of 11 loss -0.1333, Img Sim: -0.136195, Reg: 0.002909
Iter 6 of 11 loss -0.1498, Img Sim: -0.152646, Reg: 0.002826
Iter 7 of 11 loss -0.1572, Img Sim: -0.160223, Reg: 0.003056
Iter 8 of 11 loss -0.1345, Img Sim: -0.137650, Reg: 0.003139
Iter 9 of 11 loss -0.1499, Img Sim: -0.152539, Reg: 0.002619
Iter 10 of 11 loss -0.1310, Img Sim: -0.133738, Reg: 0.002740
New_Post_55_epoh_ModeTv2/ Epoch 23 loss -0.1375
23 : 0.002984792580811974
23 : 0.001492396290405987
23 : 0.000994930860270658
Training Starts
Iter 0 of 11 loss -0.1564, Img Sim: -0.159459, Reg: 0.003090
Iter 1 of 11 loss -0.1401, Img Sim: -0.143791, Reg: 0.003727
Iter 2 of 11 loss -0.1215, Img Sim: -0.124658, Reg: 0.003112
Iter 3 of 11 loss -0.1328, Img Sim: -0.135968, Reg: 0.003185
Iter 4 of 11 loss -0.1463, Img Sim: -0.148961, Reg: 0.002651
Iter 5 of 11 loss -0.1499, Img Sim: -0.152911, Reg: 0.002961
Iter 6 of 11 loss -0.1184, Img Sim: -0.121660, Reg: 0.003236
Iter 7 of 11 loss -0.1323, Img Sim: -0.135426, Reg: 0.003107
Iter 8 of 11 loss -0.1328, Img Sim: -0.136522, Reg: 0.003698
Iter 9 of 11 loss -0.1287, Img Sim: -0.131531, Reg: 0.002803
Iter 10 of 11 loss -0.1430, Img Sim: -0.146333, Reg: 0.003334
New_Post_55_epoh_ModeTv2/ Epoch 24 loss -0.1366
24 : 0.0029191966368961033
24 : 0.0014595983184480517
24 : 0.0009730655456320344
Training Starts
Iter 0 of 11 loss -0.1327, Img Sim: -0.136397, Reg: 0.003725
Iter 1 of 11 loss -0.1430, Img Sim: -0.146298, Reg: 0.003342
Iter 2 of 11 loss -0.1498, Img Sim: -0.152827, Reg: 0.003005
Iter 3 of 11 loss -0.1477, Img Sim: -0.150348, Reg: 0.002673
Iter 4 of 11 loss -0.1319, Img Sim: -0.135070, Reg: 0.003152
Iter 5 of 11 loss -0.1491, Img Sim: -0.152281, Reg: 0.003137
Iter 6 of 11 loss -0.1216, Img Sim: -0.124756, Reg: 0.003170
Iter 7 of 11 loss -0.1316, Img Sim: -0.134813, Reg: 0.003177
Iter 8 of 11 loss -0.1287, Img Sim: -0.131579, Reg: 0.002891
Iter 9 of 11 loss -0.1191, Img Sim: -0.122316, Reg: 0.003250
Iter 10 of 11 loss -0.1358, Img Sim: -0.139637, Reg: 0.003803
New_Post_55_epoh_ModeTv2/ Epoch 25 loss -0.1355
25 : 0.0030596294221175205
25 : 0.0015298147110587603
25 : 0.0010198764740391734
Training Starts
Iter 0 of 11 loss -0.1318, Img Sim: -0.134933, Reg: 0.003169
Iter 1 of 11 loss -0.1313, Img Sim: -0.134723, Reg: 0.003376
Iter 2 of 11 loss -0.1205, Img Sim: -0.123848, Reg: 0.003370
Iter 3 of 11 loss -0.1389, Img Sim: -0.142071, Reg: 0.003122
Iter 4 of 11 loss -0.1287, Img Sim: -0.131854, Reg: 0.003139
Iter 5 of 11 loss -0.1471, Img Sim: -0.150171, Reg: 0.003052
Iter 6 of 11 loss -0.1584, Img Sim: -0.162076, Reg: 0.003670
Iter 7 of 11 loss -0.1563, Img Sim: -0.160513, Reg: 0.004188
Iter 8 of 11 loss -0.1454, Img Sim: -0.148925, Reg: 0.003568
Iter 9 of 11 loss -0.1285, Img Sim: -0.132160, Reg: 0.003653
Iter 10 of 11 loss -0.1408, Img Sim: -0.144804, Reg: 0.003958
New_Post_55_epoh_ModeTv2/ Epoch 26 loss -0.1389
26 : 0.0031029890829089414
26 : 0.0015514945414544707
26 : 0.0010343296943029804
Training Starts
Iter 0 of 11 loss -0.1289, Img Sim: -0.132582, Reg: 0.003687
Iter 1 of 11 loss -0.1551, Img Sim: -0.158895, Reg: 0.003802
Iter 2 of 11 loss -0.1410, Img Sim: -0.144978, Reg: 0.003970
Iter 3 of 11 loss -0.1569, Img Sim: -0.161189, Reg: 0.004279
Iter 4 of 11 loss -0.1309, Img Sim: -0.134343, Reg: 0.003416
Iter 5 of 11 loss -0.1290, Img Sim: -0.132436, Reg: 0.003396
Iter 6 of 11 loss -0.1497, Img Sim: -0.152915, Reg: 0.003258
Iter 7 of 11 loss -0.1222, Img Sim: -0.125775, Reg: 0.003613
Iter 8 of 11 loss -0.1452, Img Sim: -0.148912, Reg: 0.003688
Iter 9 of 11 loss -0.1286, Img Sim: -0.132346, Reg: 0.003777
Iter 10 of 11 loss -0.1304, Img Sim: -0.133777, Reg: 0.003402
New_Post_55_epoh_ModeTv2/ Epoch 27 loss -0.1380
27 : 0.003175069177406152
27 : 0.001587534588703076
27 : 0.0010583563924687173
Training Starts
Iter 0 of 11 loss -0.1302, Img Sim: -0.133869, Reg: 0.003630
Iter 1 of 11 loss -0.1447, Img Sim: -0.148429, Reg: 0.003717
Iter 2 of 11 loss -0.1515, Img Sim: -0.155707, Reg: 0.004194
Iter 3 of 11 loss -0.1552, Img Sim: -0.159897, Reg: 0.004702
Iter 4 of 11 loss -0.1396, Img Sim: -0.143874, Reg: 0.004224
Iter 5 of 11 loss -0.1279, Img Sim: -0.131826, Reg: 0.003904
Iter 6 of 11 loss -0.1305, Img Sim: -0.134666, Reg: 0.004193
Iter 7 of 11 loss -0.1218, Img Sim: -0.125646, Reg: 0.003810
Iter 8 of 11 loss -0.1295, Img Sim: -0.133178, Reg: 0.003645
Iter 9 of 11 loss -0.1528, Img Sim: -0.156318, Reg: 0.003523
Iter 10 of 11 loss -0.1275, Img Sim: -0.131360, Reg: 0.003884
New_Post_55_epoh_ModeTv2/ Epoch 28 loss -0.1374
28 : 0.0030610587474401234
28 : 0.0015305293737200617
28 : 0.0010203529158133745
Training Starts
Iter 0 of 11 loss -0.1525, Img Sim: -0.156881, Reg: 0.004398
Iter 1 of 11 loss -0.1509, Img Sim: -0.154447, Reg: 0.003550
Iter 2 of 11 loss -0.1530, Img Sim: -0.158011, Reg: 0.005020
Iter 3 of 11 loss -0.1435, Img Sim: -0.147544, Reg: 0.004046
Iter 4 of 11 loss -0.1272, Img Sim: -0.131208, Reg: 0.004030
Iter 5 of 11 loss -0.1217, Img Sim: -0.125711, Reg: 0.004033
Iter 6 of 11 loss -0.1287, Img Sim: -0.132642, Reg: 0.003953
Iter 7 of 11 loss -0.1269, Img Sim: -0.131076, Reg: 0.004146
Iter 8 of 11 loss -0.1274, Img Sim: -0.131702, Reg: 0.004317
Iter 9 of 11 loss -0.1291, Img Sim: -0.133699, Reg: 0.004642
Iter 10 of 11 loss -0.1389, Img Sim: -0.143664, Reg: 0.004777
New_Post_55_epoh_ModeTv2/ Epoch 29 loss -0.1363
29 : 0.0030260279292230823
29 : 0.0015130139646115412
29 : 0.0010086759764076942
Training Starts
Iter 0 of 11 loss -0.1903, Img Sim: -0.190322, Reg: 0.000000
Iter 1 of 11 loss -0.1920, Img Sim: -0.192007, Reg: 0.000001
Iter 2 of 11 loss -0.1631, Img Sim: -0.163146, Reg: 0.000000
Iter 3 of 11 loss -0.1562, Img Sim: -0.156229, Reg: 0.000002
Iter 4 of 11 loss -0.1710, Img Sim: -0.170980, Reg: 0.000005
Iter 5 of 11 loss -0.1870, Img Sim: -0.187005, Reg: 0.000008
Iter 6 of 11 loss -0.1601, Img Sim: -0.160096, Reg: 0.000011
Iter 7 of 11 loss -0.1797, Img Sim: -0.179709, Reg: 0.000016
Iter 8 of 11 loss -0.1556, Img Sim: -0.155653, Reg: 0.000016
Iter 9 of 11 loss -0.1564, Img Sim: -0.156395, Reg: 0.000019
Iter 10 of 11 loss -0.1422, Img Sim: -0.142196, Reg: 0.000018
New_Post_55_epoh_ModeTv2/ Epoch 0 loss -0.1685
0 : 0.008062649385120548
0 : 0.004031324692560274
0 : 0.0026875497950401826
