Training Starts
Iter 1 of 11 loss -0.1949, Img Sim: -0.194912, Reg: 0.000000
Iter 2 of 11 loss -0.1540, Img Sim: -0.154017, Reg: 0.000001
Iter 3 of 11 loss -0.1522, Img Sim: -0.152152, Reg: 0.000000
Iter 4 of 11 loss -0.1507, Img Sim: -0.150684, Reg: 0.000002
Iter 5 of 11 loss -0.1638, Img Sim: -0.163837, Reg: 0.000003
Iter 6 of 11 loss -0.1726, Img Sim: -0.172559, Reg: 0.000005
Iter 7 of 11 loss -0.1782, Img Sim: -0.178242, Reg: 0.000006
Iter 8 of 11 loss -0.1575, Img Sim: -0.157485, Reg: 0.000008
Iter 9 of 11 loss -0.1859, Img Sim: -0.185903, Reg: 0.000009
Iter 10 of 11 loss -0.1936, Img Sim: -0.193636, Reg: 0.000015
Iter 11 of 11 loss -0.1716, Img Sim: -0.171593, Reg: 0.000023
2_300_epoh_post_ModeTv2_cuda_nh(84211)_hd_6_c_8_ncc_1_reg_1_lr_0.0001_54r/ Epoch 0 loss -0.1704
0 : 0.07142854578341037
0 : 0.07142854578341037
0 : 0.07142854578341037
0 : 0.07142854578341037
0 : 0.07142854578341037
0 : 0.07142854578341039
Training Starts
Iter 1 of 11 loss -0.1623, Img Sim: -0.162362, Reg: 0.000025
Iter 2 of 11 loss -0.1937, Img Sim: -0.193752, Reg: 0.000020
Iter 3 of 11 loss -0.1604, Img Sim: -0.160379, Reg: 0.000021
Iter 4 of 11 loss -0.1948, Img Sim: -0.194818, Reg: 0.000025
Iter 5 of 11 loss -0.1578, Img Sim: -0.157780, Reg: 0.000025
Iter 6 of 11 loss -0.1812, Img Sim: -0.181228, Reg: 0.000032
Iter 7 of 11 loss -0.1887, Img Sim: -0.188739, Reg: 0.000036
Iter 8 of 11 loss -0.1717, Img Sim: -0.171715, Reg: 0.000051
Iter 9 of 11 loss -0.1611, Img Sim: -0.161104, Reg: 0.000039
Iter 10 of 11 loss -0.1558, Img Sim: -0.155860, Reg: 0.000046
Iter 11 of 11 loss -0.1672, Img Sim: -0.167222, Reg: 0.000055
2_300_epoh_post_ModeTv2_cuda_nh(84211)_hd_6_c_8_ncc_1_reg_1_lr_0.0001_54r/ Epoch 1 loss -0.1722
1 : 0.07142854578341037
1 : 0.07142854578341037
1 : 0.07142854578341037
1 : 0.07142854578341037
1 : 0.07142854578341037
1 : 0.07142854578341039
Training Starts
Iter 1 of 11 loss -0.1561, Img Sim: -0.156175, Reg: 0.000053
Iter 2 of 11 loss -0.1599, Img Sim: -0.159951, Reg: 0.000057
Iter 3 of 11 loss -0.1902, Img Sim: -0.190284, Reg: 0.000067
Iter 4 of 11 loss -0.1888, Img Sim: -0.188863, Reg: 0.000064
Iter 5 of 11 loss -0.1555, Img Sim: -0.155576, Reg: 0.000066
Iter 6 of 11 loss -0.1609, Img Sim: -0.160939, Reg: 0.000061
Iter 7 of 11 loss -0.1669, Img Sim: -0.166979, Reg: 0.000077
Iter 8 of 11 loss -0.1900, Img Sim: -0.190107, Reg: 0.000072
Iter 9 of 11 loss -0.1695, Img Sim: -0.169623, Reg: 0.000089
Iter 10 of 11 loss -0.1794, Img Sim: -0.179470, Reg: 0.000083
Iter 11 of 11 loss -0.1691, Img Sim: -0.169189, Reg: 0.000121
2_300_epoh_post_ModeTv2_cuda_nh(84211)_hd_6_c_8_ncc_1_reg_1_lr_0.0001_54r/ Epoch 2 loss -0.1715
2 : 0.07142854578341037
2 : 0.07142854578341037
2 : 0.07142854578341037
2 : 0.07142854578341037
2 : 0.07142854578341037
2 : 0.07142854578341039
Training Starts
Iter 1 of 11 loss -0.1882, Img Sim: -0.188350, Reg: 0.000100
Iter 2 of 11 loss -0.1531, Img Sim: -0.153239, Reg: 0.000114
Iter 3 of 11 loss -0.1584, Img Sim: -0.158523, Reg: 0.000127
Iter 4 of 11 loss -0.1865, Img Sim: -0.186639, Reg: 0.000120
Iter 5 of 11 loss -0.1863, Img Sim: -0.186453, Reg: 0.000161
Iter 6 of 11 loss -0.1622, Img Sim: -0.162366, Reg: 0.000174
Iter 7 of 11 loss -0.1631, Img Sim: -0.163310, Reg: 0.000203
Iter 8 of 11 loss -0.1600, Img Sim: -0.160119, Reg: 0.000153
Iter 9 of 11 loss -0.1526, Img Sim: -0.152813, Reg: 0.000179
Iter 10 of 11 loss -0.1622, Img Sim: -0.162470, Reg: 0.000259
Iter 11 of 11 loss -0.1739, Img Sim: -0.174154, Reg: 0.000209
2_300_epoh_post_ModeTv2_cuda_nh(84211)_hd_6_c_8_ncc_1_reg_1_lr_0.0001_54r/ Epoch 3 loss -0.1679
3 : 0.07142854578341037
3 : 0.07142854578341037
3 : 0.07142854578341037
3 : 0.07142854578341037
3 : 0.07142854578341037
3 : 0.07142854578341039
Training Starts
Iter 1 of 11 loss -0.1611, Img Sim: -0.161376, Reg: 0.000292
Iter 2 of 11 loss -0.1887, Img Sim: -0.188950, Reg: 0.000207
Iter 3 of 11 loss -0.1609, Img Sim: -0.161282, Reg: 0.000359
Iter 4 of 11 loss -0.1583, Img Sim: -0.158541, Reg: 0.000214
Iter 5 of 11 loss -0.1758, Img Sim: -0.176026, Reg: 0.000252
Iter 6 of 11 loss -0.1500, Img Sim: -0.150376, Reg: 0.000359
Iter 7 of 11 loss -0.1498, Img Sim: -0.150026, Reg: 0.000264
Iter 8 of 11 loss -0.1852, Img Sim: -0.185504, Reg: 0.000303
Iter 9 of 11 loss -0.1731, Img Sim: -0.173433, Reg: 0.000324
Iter 10 of 11 loss -0.1568, Img Sim: -0.157064, Reg: 0.000245
Iter 11 of 11 loss -0.1548, Img Sim: -0.155006, Reg: 0.000218
2_300_epoh_post_ModeTv2_cuda_nh(84211)_hd_6_c_8_ncc_1_reg_1_lr_0.0001_54r/ Epoch 4 loss -0.1650
4 : 0.07142854578341037
4 : 0.07142854578341037
4 : 0.07142854578341037
4 : 0.07142854578341037
4 : 0.07142854578341037
4 : 0.07142854578341039
Training Starts
Iter 1 of 11 loss -0.1879, Img Sim: -0.188191, Reg: 0.000307
Iter 2 of 11 loss -0.1861, Img Sim: -0.186363, Reg: 0.000247
Iter 3 of 11 loss -0.1736, Img Sim: -0.173978, Reg: 0.000354
Iter 4 of 11 loss -0.1562, Img Sim: -0.156586, Reg: 0.000433
Iter 5 of 11 loss -0.1484, Img Sim: -0.148817, Reg: 0.000430
Iter 6 of 11 loss -0.1738, Img Sim: -0.174067, Reg: 0.000278
Iter 7 of 11 loss -0.1563, Img Sim: -0.156538, Reg: 0.000231
Iter 8 of 11 loss -0.1571, Img Sim: -0.157367, Reg: 0.000258
Iter 9 of 11 loss -0.1584, Img Sim: -0.158614, Reg: 0.000236
Iter 10 of 11 loss -0.1513, Img Sim: -0.151632, Reg: 0.000287
Iter 11 of 11 loss -0.1491, Img Sim: -0.149542, Reg: 0.000399
2_300_epoh_post_ModeTv2_cuda_nh(84211)_hd_6_c_8_ncc_1_reg_1_lr_0.0001_54r/ Epoch 5 loss -0.1635
5 : 0.07142854578341037
5 : 0.07142854578341037
5 : 0.07142854578341037
5 : 0.07142854578341037
5 : 0.07142854578341037
5 : 0.07142854578341039
Training Starts
Iter 1 of 11 loss -0.1568, Img Sim: -0.157094, Reg: 0.000274
Iter 2 of 11 loss -0.1573, Img Sim: -0.157767, Reg: 0.000465
Iter 3 of 11 loss -0.1596, Img Sim: -0.159903, Reg: 0.000276
Iter 4 of 11 loss -0.1693, Img Sim: -0.169699, Reg: 0.000375
Iter 5 of 11 loss -0.1511, Img Sim: -0.151417, Reg: 0.000312
Iter 6 of 11 loss -0.1727, Img Sim: -0.173015, Reg: 0.000319
Iter 7 of 11 loss -0.1479, Img Sim: -0.148355, Reg: 0.000445
Iter 8 of 11 loss -0.1588, Img Sim: -0.159043, Reg: 0.000229
Iter 9 of 11 loss -0.1467, Img Sim: -0.147223, Reg: 0.000504
Iter 10 of 11 loss -0.1898, Img Sim: -0.190158, Reg: 0.000344
Iter 11 of 11 loss -0.1834, Img Sim: -0.183719, Reg: 0.000284
2_300_epoh_post_ModeTv2_cuda_nh(84211)_hd_6_c_8_ncc_1_reg_1_lr_0.0001_54r/ Epoch 6 loss -0.1631
6 : 0.07142854578341037
6 : 0.07142854578341037
6 : 0.07142854578341037
6 : 0.07142854578341037
6 : 0.07142854578341037
6 : 0.07142854578341039
Training Starts
Iter 1 of 11 loss -0.1500, Img Sim: -0.150414, Reg: 0.000368
Iter 2 of 11 loss -0.1696, Img Sim: -0.169959, Reg: 0.000397
Iter 3 of 11 loss -0.1582, Img Sim: -0.158508, Reg: 0.000281
Iter 4 of 11 loss -0.1682, Img Sim: -0.168654, Reg: 0.000481
Iter 5 of 11 loss -0.1536, Img Sim: -0.154289, Reg: 0.000666
Iter 6 of 11 loss -0.1446, Img Sim: -0.145270, Reg: 0.000647
Iter 7 of 11 loss -0.1925, Img Sim: -0.193001, Reg: 0.000525
Iter 8 of 11 loss -0.1515, Img Sim: -0.152004, Reg: 0.000472
Iter 9 of 11 loss -0.1570, Img Sim: -0.157842, Reg: 0.000845
Iter 10 of 11 loss -0.1773, Img Sim: -0.177774, Reg: 0.000430
Iter 11 of 11 loss -0.1585, Img Sim: -0.159023, Reg: 0.000479
2_300_epoh_post_ModeTv2_cuda_nh(84211)_hd_6_c_8_ncc_1_reg_1_lr_0.0001_54r/ Epoch 7 loss -0.1619
7 : 0.07142854578341037
7 : 0.07142854578341037
7 : 0.07142854578341037
7 : 0.07142854578341037
7 : 0.07142854578341037
7 : 0.07142854578341039
Training Starts
Iter 1 of 11 loss -0.1484, Img Sim: -0.149410, Reg: 0.001001
Iter 2 of 11 loss -0.1636, Img Sim: -0.164276, Reg: 0.000644
Iter 3 of 11 loss -0.1627, Img Sim: -0.163272, Reg: 0.000584
Iter 4 of 11 loss -0.1554, Img Sim: -0.156459, Reg: 0.001021
Iter 5 of 11 loss -0.1436, Img Sim: -0.144272, Reg: 0.000647
Iter 6 of 11 loss -0.1763, Img Sim: -0.176817, Reg: 0.000490
Iter 7 of 11 loss -0.1553, Img Sim: -0.155796, Reg: 0.000475
Iter 8 of 11 loss -0.1839, Img Sim: -0.184681, Reg: 0.000741
Iter 9 of 11 loss -0.1642, Img Sim: -0.164942, Reg: 0.000764
Iter 10 of 11 loss -0.1399, Img Sim: -0.140919, Reg: 0.000973
Iter 11 of 11 loss -0.1564, Img Sim: -0.156888, Reg: 0.000502
2_300_epoh_post_ModeTv2_cuda_nh(84211)_hd_6_c_8_ncc_1_reg_1_lr_0.0001_54r/ Epoch 8 loss -0.1591
8 : 0.07142854578341037
8 : 0.07142854578341037
8 : 0.07142854578341037
8 : 0.07142854578341037
8 : 0.07142854321890571
8 : 0.07142854364632316
Training Starts
Iter 1 of 11 loss -0.1821, Img Sim: -0.182859, Reg: 0.000768
Iter 2 of 11 loss -0.1563, Img Sim: -0.156788, Reg: 0.000507
Iter 3 of 11 loss -0.1444, Img Sim: -0.145070, Reg: 0.000694
Iter 4 of 11 loss -0.1649, Img Sim: -0.165715, Reg: 0.000784
Iter 5 of 11 loss -0.1773, Img Sim: -0.177787, Reg: 0.000517
Iter 6 of 11 loss -0.1591, Img Sim: -0.159758, Reg: 0.000657
Iter 7 of 11 loss -0.1395, Img Sim: -0.140479, Reg: 0.001017
Iter 8 of 11 loss -0.1628, Img Sim: -0.163908, Reg: 0.001083
Iter 9 of 11 loss -0.1527, Img Sim: -0.153889, Reg: 0.001190
Iter 10 of 11 loss -0.1484, Img Sim: -0.149111, Reg: 0.000675
Iter 11 of 11 loss -0.1531, Img Sim: -0.153616, Reg: 0.000523
2_300_epoh_post_ModeTv2_cuda_nh(84211)_hd_6_c_8_ncc_1_reg_1_lr_0.0001_54r/ Epoch 9 loss -0.1582
9 : 0.07142854578341037
9 : 0.07142854578341037
9 : 0.07142854578341037
9 : 0.07142854578341037
9 : 0.07142854578341037
9 : 0.07142854578341039
Training Starts
Iter 1 of 11 loss -0.1558, Img Sim: -0.156354, Reg: 0.000522
Iter 2 of 11 loss -0.1773, Img Sim: -0.177833, Reg: 0.000525
Iter 3 of 11 loss -0.1395, Img Sim: -0.140525, Reg: 0.001023
Iter 4 of 11 loss -0.1588, Img Sim: -0.159445, Reg: 0.000658
Iter 5 of 11 loss -0.1788, Img Sim: -0.179580, Reg: 0.000811
Iter 6 of 11 loss -0.1432, Img Sim: -0.143894, Reg: 0.000721
Iter 7 of 11 loss -0.1520, Img Sim: -0.153211, Reg: 0.001188
Iter 8 of 11 loss -0.1620, Img Sim: -0.162828, Reg: 0.000791
Iter 9 of 11 loss -0.1399, Img Sim: -0.140986, Reg: 0.001095
Iter 10 of 11 loss -0.1518, Img Sim: -0.152338, Reg: 0.000569
Iter 11 of 11 loss -0.1463, Img Sim: -0.147043, Reg: 0.000769
2_300_epoh_post_ModeTv2_cuda_nh(84211)_hd_6_c_8_ncc_1_reg_1_lr_0.0001_54r/ Epoch 10 loss -0.1550
10 : 0.07142854578341037
10 : 0.07142854578341037
10 : 0.07142854578341037
10 : 0.07142854898904005
10 : 0.07142854834791412
10 : 0.07142854792049684
Training Starts
Iter 1 of 11 loss -0.1364, Img Sim: -0.137562, Reg: 0.001147
Iter 2 of 11 loss -0.1514, Img Sim: -0.152042, Reg: 0.000690
Iter 3 of 11 loss -0.1749, Img Sim: -0.175555, Reg: 0.000687
Iter 4 of 11 loss -0.1460, Img Sim: -0.146843, Reg: 0.000857
Iter 5 of 11 loss -0.1538, Img Sim: -0.155055, Reg: 0.001289
Iter 6 of 11 loss -0.1582, Img Sim: -0.159199, Reg: 0.000974
Iter 7 of 11 loss -0.1413, Img Sim: -0.142805, Reg: 0.001457
Iter 8 of 11 loss -0.1653, Img Sim: -0.166320, Reg: 0.000978
Iter 9 of 11 loss -0.1405, Img Sim: -0.141456, Reg: 0.000929
Iter 10 of 11 loss -0.1574, Img Sim: -0.158162, Reg: 0.000754
Iter 11 of 11 loss -0.1561, Img Sim: -0.156932, Reg: 0.000841
2_300_epoh_post_ModeTv2_cuda_nh(84211)_hd_6_c_8_ncc_1_reg_1_lr_0.0001_54r/ Epoch 11 loss -0.1528
11 : 0.07142854578341037
11 : 0.07142854578341037
11 : 0.07142854578341037
11 : 0.07142854578341037
11 : 0.07142854578341037
11 : 0.07142854578341039
Training Starts
Iter 1 of 11 loss -0.1463, Img Sim: -0.147179, Reg: 0.000924
Iter 2 of 11 loss -0.1565, Img Sim: -0.157365, Reg: 0.000849
Iter 3 of 11 loss -0.1413, Img Sim: -0.142851, Reg: 0.001511
Iter 4 of 11 loss -0.1802, Img Sim: -0.180958, Reg: 0.000784
Iter 5 of 11 loss -0.1356, Img Sim: -0.136891, Reg: 0.001250
Iter 6 of 11 loss -0.1588, Img Sim: -0.159540, Reg: 0.000786
Iter 7 of 11 loss -0.1627, Img Sim: -0.163756, Reg: 0.001018
Iter 8 of 11 loss -0.1413, Img Sim: -0.142658, Reg: 0.001346
Iter 9 of 11 loss -0.1588, Img Sim: -0.159912, Reg: 0.001067
Iter 10 of 11 loss -0.1478, Img Sim: -0.148785, Reg: 0.001002
Iter 11 of 11 loss -0.1401, Img Sim: -0.141159, Reg: 0.001027
2_300_epoh_post_ModeTv2_cuda_nh(84211)_hd_6_c_8_ncc_1_reg_1_lr_0.0001_54r/ Epoch 12 loss -0.1518
12 : 0.07142854578341037
12 : 0.07142854578341037
12 : 0.07142855005758328
12 : 0.07142854898904005
12 : 0.07142854834791412
12 : 0.07142854792049684
Training Starts
Iter 1 of 11 loss -0.1327, Img Sim: -0.134142, Reg: 0.001406
Iter 2 of 11 loss -0.1456, Img Sim: -0.146680, Reg: 0.001071
Iter 3 of 11 loss -0.1400, Img Sim: -0.141118, Reg: 0.001094
Iter 4 of 11 loss -0.1503, Img Sim: -0.151264, Reg: 0.000997
Iter 5 of 11 loss -0.1382, Img Sim: -0.139878, Reg: 0.001645
Iter 6 of 11 loss -0.1463, Img Sim: -0.147554, Reg: 0.001248
Iter 7 of 11 loss -0.1755, Img Sim: -0.176618, Reg: 0.001093
Iter 8 of 11 loss -0.1552, Img Sim: -0.156736, Reg: 0.001538
Iter 9 of 11 loss -0.1577, Img Sim: -0.159376, Reg: 0.001679
Iter 10 of 11 loss -0.1327, Img Sim: -0.135471, Reg: 0.002796
Iter 11 of 11 loss -0.1492, Img Sim: -0.150490, Reg: 0.001303
2_300_epoh_post_ModeTv2_cuda_nh(84211)_hd_6_c_8_ncc_1_reg_1_lr_0.0001_54r/ Epoch 13 loss -0.1476
13 : 0.07142854578341037
13 : 0.07142854578341037
13 : 0.07142854578341037
13 : 0.07142854578341037
13 : 0.07142854578341037
13 : 0.07142854578341039
Training Starts
Iter 1 of 11 loss -0.1320, Img Sim: -0.134863, Reg: 0.002905
Iter 2 of 11 loss -0.1458, Img Sim: -0.147526, Reg: 0.001703
Iter 3 of 11 loss -0.1181, Img Sim: -0.120677, Reg: 0.002564
Iter 4 of 11 loss -0.1730, Img Sim: -0.174570, Reg: 0.001543
Iter 5 of 11 loss -0.1454, Img Sim: -0.147320, Reg: 0.001876
Iter 6 of 11 loss -0.1373, Img Sim: -0.139136, Reg: 0.001818
Iter 7 of 11 loss -0.1573, Img Sim: -0.159077, Reg: 0.001781
Iter 8 of 11 loss -0.1634, Img Sim: -0.165126, Reg: 0.001742
Iter 9 of 11 loss -0.1447, Img Sim: -0.146261, Reg: 0.001596
Iter 10 of 11 loss -0.1364, Img Sim: -0.138894, Reg: 0.002528
Iter 11 of 11 loss -0.1504, Img Sim: -0.151751, Reg: 0.001398
2_300_epoh_post_ModeTv2_cuda_nh(84211)_hd_6_c_8_ncc_1_reg_1_lr_0.0001_54r/ Epoch 14 loss -0.1458
14 : 0.07142854578341037
14 : 0.07142855219466973
14 : 0.07142855433175618
14 : 0.07142855219466973
14 : 0.0714285534769216
14 : 0.07142855219466974
Training Starts
Iter 1 of 11 loss -0.1446, Img Sim: -0.146668, Reg: 0.002034
Iter 2 of 11 loss -0.1576, Img Sim: -0.159415, Reg: 0.001834
Iter 3 of 11 loss -0.1433, Img Sim: -0.145145, Reg: 0.001887
Iter 4 of 11 loss -0.1735, Img Sim: -0.175292, Reg: 0.001744
Iter 5 of 11 loss -0.1296, Img Sim: -0.132811, Reg: 0.003195
Iter 6 of 11 loss -0.1437, Img Sim: -0.145441, Reg: 0.001708
Iter 7 of 11 loss -0.1351, Img Sim: -0.137120, Reg: 0.001996
Iter 8 of 11 loss -0.1172, Img Sim: -0.120002, Reg: 0.002761
Iter 9 of 11 loss -0.1501, Img Sim: -0.151631, Reg: 0.001486
Iter 10 of 11 loss -0.1285, Img Sim: -0.131340, Reg: 0.002807
Iter 11 of 11 loss -0.1640, Img Sim: -0.165921, Reg: 0.001912
2_300_epoh_post_ModeTv2_cuda_nh(84211)_hd_6_c_8_ncc_1_reg_1_lr_0.0001_54r/ Epoch 15 loss -0.1443
15 : 0.07142854578341037
15 : 0.07142854578341037
15 : 0.07142854578341037
15 : 0.07142854578341037
15 : 0.07142854578341037
15 : 0.07142854578341039
Training Starts
Iter 1 of 11 loss -0.1430, Img Sim: -0.145192, Reg: 0.002170
Iter 2 of 11 loss -0.1370, Img Sim: -0.139825, Reg: 0.002872
Iter 3 of 11 loss -0.1431, Img Sim: -0.144905, Reg: 0.001787
Iter 4 of 11 loss -0.1607, Img Sim: -0.162697, Reg: 0.002030
Iter 5 of 11 loss -0.1280, Img Sim: -0.131393, Reg: 0.003358
Iter 6 of 11 loss -0.1474, Img Sim: -0.148958, Reg: 0.001551
Iter 7 of 11 loss -0.1356, Img Sim: -0.137818, Reg: 0.002195
Iter 8 of 11 loss -0.1430, Img Sim: -0.145177, Reg: 0.002141
Iter 9 of 11 loss -0.1157, Img Sim: -0.118745, Reg: 0.003040
Iter 10 of 11 loss -0.1716, Img Sim: -0.173547, Reg: 0.001940
Iter 11 of 11 loss -0.1572, Img Sim: -0.159370, Reg: 0.002149
2_300_epoh_post_ModeTv2_cuda_nh(84211)_hd_6_c_8_ncc_1_reg_1_lr_0.0001_54r/ Epoch 16 loss -0.1439
16 : 0.07142854578341037
16 : 0.07142854578341037
16 : 0.07142854578341037
16 : 0.07142854578341037
16 : 0.07142854578341037
16 : 0.07142854578341039
Training Starts
Iter 1 of 11 loss -0.1429, Img Sim: -0.144770, Reg: 0.001895
Iter 2 of 11 loss -0.1713, Img Sim: -0.173249, Reg: 0.001964
Iter 3 of 11 loss -0.1431, Img Sim: -0.145318, Reg: 0.002209
Iter 4 of 11 loss -0.1580, Img Sim: -0.160316, Reg: 0.002295
Iter 5 of 11 loss -0.1421, Img Sim: -0.145252, Reg: 0.003199
Iter 6 of 11 loss -0.1428, Img Sim: -0.145093, Reg: 0.002288
Iter 7 of 11 loss -0.1446, Img Sim: -0.146187, Reg: 0.001633
Iter 8 of 11 loss -0.1536, Img Sim: -0.155874, Reg: 0.002260
Iter 9 of 11 loss -0.1359, Img Sim: -0.138241, Reg: 0.002379
Iter 10 of 11 loss -0.1145, Img Sim: -0.117748, Reg: 0.003269
Iter 11 of 11 loss -0.1256, Img Sim: -0.129190, Reg: 0.003632
2_300_epoh_post_ModeTv2_cuda_nh(84211)_hd_6_c_8_ncc_1_reg_1_lr_0.0001_54r/ Epoch 17 loss -0.1431
17 : 0.07142854578341037
17 : 0.07142855219466973
17 : 0.07142855005758328
17 : 0.07142854898904005
17 : 0.07142855091241787
17 : 0.07142855005758329
Training Starts
Iter 1 of 11 loss -0.1366, Img Sim: -0.138972, Reg: 0.002414
Iter 2 of 11 loss -0.1419, Img Sim: -0.144202, Reg: 0.002334
Iter 3 of 11 loss -0.1435, Img Sim: -0.145545, Reg: 0.002013
Iter 4 of 11 loss -0.1429, Img Sim: -0.145318, Reg: 0.002369
Iter 5 of 11 loss -0.1301, Img Sim: -0.133462, Reg: 0.003397
Iter 6 of 11 loss -0.1539, Img Sim: -0.156441, Reg: 0.002522
Iter 7 of 11 loss -0.1248, Img Sim: -0.128454, Reg: 0.003690
Iter 8 of 11 loss -0.1144, Img Sim: -0.117787, Reg: 0.003349
Iter 9 of 11 loss -0.1545, Img Sim: -0.156811, Reg: 0.002342
Iter 10 of 11 loss -0.1700, Img Sim: -0.172092, Reg: 0.002133
Iter 11 of 11 loss -0.1425, Img Sim: -0.144199, Reg: 0.001733
2_300_epoh_post_ModeTv2_cuda_nh(84211)_hd_6_c_8_ncc_1_reg_1_lr_0.0001_54r/ Epoch 18 loss -0.1414
18 : 0.07142854578341037
18 : 0.07142855219466973
18 : 0.07142855005758328
18 : 0.07142854898904005
18 : 0.07142854834791412
18 : 0.07142855005758329
Training Starts
Iter 1 of 11 loss -0.1423, Img Sim: -0.144087, Reg: 0.001738
Iter 2 of 11 loss -0.1415, Img Sim: -0.143569, Reg: 0.002113
Iter 3 of 11 loss -0.1525, Img Sim: -0.155077, Reg: 0.002581
Iter 4 of 11 loss -0.1351, Img Sim: -0.137536, Reg: 0.002477
Iter 5 of 11 loss -0.1405, Img Sim: -0.142909, Reg: 0.002397
Iter 6 of 11 loss -0.1151, Img Sim: -0.118454, Reg: 0.003361
Iter 7 of 11 loss -0.1316, Img Sim: -0.135029, Reg: 0.003449
Iter 8 of 11 loss -0.1235, Img Sim: -0.127335, Reg: 0.003786
Iter 9 of 11 loss -0.1682, Img Sim: -0.170496, Reg: 0.002279
Iter 10 of 11 loss -0.1533, Img Sim: -0.155766, Reg: 0.002500
Iter 11 of 11 loss -0.1440, Img Sim: -0.146546, Reg: 0.002556
2_300_epoh_post_ModeTv2_cuda_nh(84211)_hd_6_c_8_ncc_1_reg_1_lr_0.0001_54r/ Epoch 19 loss -0.1407
19 : 0.07142854578341037
19 : 0.07142855219466973
19 : 0.07142855005758328
19 : 0.07142854898904005
19 : 0.07142854834791412
19 : 0.07142855005758329
Training Starts
Iter 1 of 11 loss -0.1476, Img Sim: -0.150541, Reg: 0.002926
Iter 2 of 11 loss -0.1335, Img Sim: -0.137439, Reg: 0.003904
Iter 3 of 11 loss -0.1431, Img Sim: -0.145802, Reg: 0.002685
Iter 4 of 11 loss -0.1371, Img Sim: -0.139759, Reg: 0.002687
Iter 5 of 11 loss -0.1311, Img Sim: -0.133997, Reg: 0.002859
Iter 6 of 11 loss -0.1727, Img Sim: -0.175275, Reg: 0.002534
Iter 7 of 11 loss -0.1179, Img Sim: -0.122065, Reg: 0.004141
Iter 8 of 11 loss -0.1249, Img Sim: -0.129203, Reg: 0.004299
Iter 9 of 11 loss -0.1387, Img Sim: -0.141093, Reg: 0.002421
Iter 10 of 11 loss -0.1422, Img Sim: -0.144742, Reg: 0.002547
Iter 11 of 11 loss -0.1562, Img Sim: -0.159139, Reg: 0.002896
2_300_epoh_post_ModeTv2_cuda_nh(84211)_hd_6_c_8_ncc_1_reg_1_lr_0.0001_54r/ Epoch 20 loss -0.1405
20 : 0.07142854578341037
20 : 0.07142854578341037
20 : 0.07142854578341037
20 : 0.07142854578341037
20 : 0.07142854578341037
20 : 0.07142854578341039
Training Starts
Iter 1 of 11 loss -0.1561, Img Sim: -0.159029, Reg: 0.002909
Iter 2 of 11 loss -0.1263, Img Sim: -0.130629, Reg: 0.004359
Iter 3 of 11 loss -0.1215, Img Sim: -0.125870, Reg: 0.004335
Iter 4 of 11 loss -0.1323, Img Sim: -0.135263, Reg: 0.002937
Iter 5 of 11 loss -0.1432, Img Sim: -0.145749, Reg: 0.002588
Iter 6 of 11 loss -0.1283, Img Sim: -0.131320, Reg: 0.003052
Iter 7 of 11 loss -0.1395, Img Sim: -0.142621, Reg: 0.003087
Iter 8 of 11 loss -0.1286, Img Sim: -0.133216, Reg: 0.004609
Iter 9 of 11 loss -0.1759, Img Sim: -0.178614, Reg: 0.002709
Iter 10 of 11 loss -0.1426, Img Sim: -0.146228, Reg: 0.003599
Iter 11 of 11 loss -0.1387, Img Sim: -0.141467, Reg: 0.002792
2_300_epoh_post_ModeTv2_cuda_nh(84211)_hd_6_c_8_ncc_1_reg_1_lr_0.0001_54r/ Epoch 21 loss -0.1394
21 : 0.07142854578341037
21 : 0.07142854578341037
21 : 0.07142854578341037
21 : 0.07142854578341037
21 : 0.07142854578341037
21 : 0.07142854578341039
Training Starts
Iter 1 of 11 loss -0.1533, Img Sim: -0.156491, Reg: 0.003233
Iter 2 of 11 loss -0.1268, Img Sim: -0.131688, Reg: 0.004854
Iter 3 of 11 loss -0.1373, Img Sim: -0.142433, Reg: 0.005116
Iter 4 of 11 loss -0.1262, Img Sim: -0.129586, Reg: 0.003339
Iter 5 of 11 loss -0.1378, Img Sim: -0.140827, Reg: 0.003015
Iter 6 of 11 loss -0.1419, Img Sim: -0.145938, Reg: 0.004081
Iter 7 of 11 loss -0.1718, Img Sim: -0.174777, Reg: 0.002929
Iter 8 of 11 loss -0.1409, Img Sim: -0.143712, Reg: 0.002775
Iter 9 of 11 loss -0.1330, Img Sim: -0.136030, Reg: 0.003078
Iter 10 of 11 loss -0.1233, Img Sim: -0.128858, Reg: 0.005521
Iter 11 of 11 loss -0.1332, Img Sim: -0.136683, Reg: 0.003467
2_300_epoh_post_ModeTv2_cuda_nh(84211)_hd_6_c_8_ncc_1_reg_1_lr_0.0001_54r/ Epoch 22 loss -0.1387
22 : 0.07142854578341037
22 : 0.07142854578341037
22 : 0.07142854578341037
22 : 0.07142854578341037
22 : 0.07142854578341037
22 : 0.07142854578341039
Training Starts
Iter 1 of 11 loss -0.1279, Img Sim: -0.133185, Reg: 0.005309
Iter 2 of 11 loss -0.1328, Img Sim: -0.136286, Reg: 0.003495
Iter 3 of 11 loss -0.1325, Img Sim: -0.138426, Reg: 0.005919
Iter 4 of 11 loss -0.1237, Img Sim: -0.127370, Reg: 0.003653
Iter 5 of 11 loss -0.1549, Img Sim: -0.158899, Reg: 0.004022
Iter 6 of 11 loss -0.1693, Img Sim: -0.172443, Reg: 0.003113
Iter 7 of 11 loss -0.1365, Img Sim: -0.140111, Reg: 0.003579
Iter 8 of 11 loss -0.1334, Img Sim: -0.136708, Reg: 0.003276
Iter 9 of 11 loss -0.1245, Img Sim: -0.130827, Reg: 0.006314
Iter 10 of 11 loss -0.1405, Img Sim: -0.143461, Reg: 0.002987
Iter 11 of 11 loss -0.1404, Img Sim: -0.145400, Reg: 0.005000
2_300_epoh_post_ModeTv2_cuda_nh(84211)_hd_6_c_8_ncc_1_reg_1_lr_0.0001_54r/ Epoch 23 loss -0.1379
23 : 0.07142854578341037
23 : 0.07142854578341037
23 : 0.07142854150923593
23 : 0.07142854257777953
23 : 0.07142854321890571
23 : 0.07142854364632316
Training Starts
Iter 1 of 11 loss -0.1330, Img Sim: -0.136426, Reg: 0.003377
Iter 2 of 11 loss -0.1295, Img Sim: -0.135281, Reg: 0.005808
Iter 3 of 11 loss -0.1216, Img Sim: -0.125638, Reg: 0.004073
Iter 4 of 11 loss -0.1250, Img Sim: -0.131659, Reg: 0.006628
Iter 5 of 11 loss -0.1403, Img Sim: -0.143383, Reg: 0.003069
Iter 6 of 11 loss -0.1363, Img Sim: -0.140151, Reg: 0.003894
Iter 7 of 11 loss -0.1515, Img Sim: -0.156004, Reg: 0.004543
Iter 8 of 11 loss -0.1673, Img Sim: -0.170680, Reg: 0.003346
Iter 9 of 11 loss -0.1267, Img Sim: -0.130881, Reg: 0.004143
Iter 10 of 11 loss -0.1408, Img Sim: -0.146073, Reg: 0.005290
Iter 11 of 11 loss -0.1268, Img Sim: -0.134023, Reg: 0.007268
2_300_epoh_post_ModeTv2_cuda_nh(84211)_hd_6_c_8_ncc_1_reg_1_lr_0.0001_54r/ Epoch 24 loss -0.1363
24 : 0.07142853296088704
24 : 0.07142853937214871
24 : 0.07142854150923593
24 : 0.07142854257777954
24 : 0.07142854321890571
24 : 0.07142854364632316
Training Starts
Iter 1 of 11 loss -0.1265, Img Sim: -0.130752, Reg: 0.004203
Iter 2 of 11 loss -0.1263, Img Sim: -0.133654, Reg: 0.007345
Iter 3 of 11 loss -0.1291, Img Sim: -0.133042, Reg: 0.003954
Iter 4 of 11 loss -0.1390, Img Sim: -0.142195, Reg: 0.003212
Iter 5 of 11 loss -0.1668, Img Sim: -0.170291, Reg: 0.003458
Iter 6 of 11 loss -0.1349, Img Sim: -0.138482, Reg: 0.003554
Iter 7 of 11 loss -0.1207, Img Sim: -0.125004, Reg: 0.004318
Iter 8 of 11 loss -0.1215, Img Sim: -0.128269, Reg: 0.006760
Iter 9 of 11 loss -0.1378, Img Sim: -0.142965, Reg: 0.005184
Iter 10 of 11 loss -0.1487, Img Sim: -0.153593, Reg: 0.004872
Iter 11 of 11 loss -0.1240, Img Sim: -0.130035, Reg: 0.005996
2_300_epoh_post_ModeTv2_cuda_nh(84211)_hd_6_c_8_ncc_1_reg_1_lr_0.0001_54r/ Epoch 25 loss -0.1341
25 : 0.07142854578341037
25 : 0.07142854578341037
25 : 0.07142854578341037
25 : 0.07142854578341037
25 : 0.07142854578341037
25 : 0.07142854578341039
Training Starts
Iter 1 of 11 loss -0.1207, Img Sim: -0.127333, Reg: 0.006663
Iter 2 of 11 loss -0.1667, Img Sim: -0.170187, Reg: 0.003521
Iter 3 of 11 loss -0.1486, Img Sim: -0.153517, Reg: 0.004875
Iter 4 of 11 loss -0.1301, Img Sim: -0.134013, Reg: 0.003937
Iter 5 of 11 loss -0.1344, Img Sim: -0.139488, Reg: 0.005109
Iter 6 of 11 loss -0.1389, Img Sim: -0.142284, Reg: 0.003425
Iter 7 of 11 loss -0.1362, Img Sim: -0.139737, Reg: 0.003560
Iter 8 of 11 loss -0.1229, Img Sim: -0.128869, Reg: 0.005951
Iter 9 of 11 loss -0.1256, Img Sim: -0.132768, Reg: 0.007185
Iter 10 of 11 loss -0.1214, Img Sim: -0.125805, Reg: 0.004415
Iter 11 of 11 loss -0.1262, Img Sim: -0.130746, Reg: 0.004498
2_300_epoh_post_ModeTv2_cuda_nh(84211)_hd_6_c_8_ncc_1_reg_1_lr_0.0001_54r/ Epoch 26 loss -0.1338
26 : 0.07142854578341037
26 : 0.07142854578341037
26 : 0.07142854578341037
26 : 0.07142854578341037
26 : 0.07142854578341037
26 : 0.07142854578341039
Training Starts
Iter 1 of 11 loss -0.1212, Img Sim: -0.125708, Reg: 0.004466
Iter 2 of 11 loss -0.1359, Img Sim: -0.139570, Reg: 0.003621
Iter 3 of 11 loss -0.1254, Img Sim: -0.130009, Reg: 0.004562
Iter 4 of 11 loss -0.1224, Img Sim: -0.128495, Reg: 0.006114
Iter 5 of 11 loss -0.1191, Img Sim: -0.125866, Reg: 0.006779
Iter 6 of 11 loss -0.1334, Img Sim: -0.138719, Reg: 0.005299
Iter 7 of 11 loss -0.1386, Img Sim: -0.142165, Reg: 0.003584
Iter 8 of 11 loss -0.1479, Img Sim: -0.153007, Reg: 0.005091
Iter 9 of 11 loss -0.1269, Img Sim: -0.134446, Reg: 0.007544
Iter 10 of 11 loss -0.1651, Img Sim: -0.168809, Reg: 0.003692
Iter 11 of 11 loss -0.1290, Img Sim: -0.133112, Reg: 0.004137
2_300_epoh_post_ModeTv2_cuda_nh(84211)_hd_6_c_8_ncc_1_reg_1_lr_0.0001_54r/ Epoch 27 loss -0.1332
27 : 0.07142854578341037
27 : 0.07142854578341037
27 : 0.07142854578341037
27 : 0.07142854578341037
27 : 0.07142854578341037
27 : 0.07142854578341039
Training Starts
Iter 1 of 11 loss -0.1332, Img Sim: -0.138559, Reg: 0.005376
Iter 2 of 11 loss -0.1210, Img Sim: -0.128595, Reg: 0.007603
Iter 3 of 11 loss -0.1360, Img Sim: -0.139766, Reg: 0.003721
Iter 4 of 11 loss -0.1219, Img Sim: -0.128157, Reg: 0.006267
Iter 5 of 11 loss -0.1250, Img Sim: -0.129746, Reg: 0.004726
Iter 6 of 11 loss -0.1644, Img Sim: -0.168178, Reg: 0.003772
Iter 7 of 11 loss -0.1198, Img Sim: -0.124449, Reg: 0.004684
Iter 8 of 11 loss -0.1479, Img Sim: -0.153077, Reg: 0.005194
Iter 9 of 11 loss -0.1281, Img Sim: -0.132327, Reg: 0.004250
Iter 10 of 11 loss -0.1376, Img Sim: -0.141346, Reg: 0.003746
Iter 11 of 11 loss -0.1183, Img Sim: -0.125282, Reg: 0.007000
2_300_epoh_post_ModeTv2_cuda_nh(84211)_hd_6_c_8_ncc_1_reg_1_lr_0.0001_54r/ Epoch 28 loss -0.1321
28 : 0.07142854578341037
28 : 0.07142855219466973
28 : 0.07142855005758328
28 : 0.07142854898904005
28 : 0.07142854834791412
28 : 0.07142854792049684
Training Starts
Iter 1 of 11 loss -0.1371, Img Sim: -0.140841, Reg: 0.003790
Iter 2 of 11 loss -0.1374, Img Sim: -0.141167, Reg: 0.003771
Iter 3 of 11 loss -0.1213, Img Sim: -0.127719, Reg: 0.006374
Iter 4 of 11 loss -0.1255, Img Sim: -0.133251, Reg: 0.007757
Iter 5 of 11 loss -0.1320, Img Sim: -0.137491, Reg: 0.005509
Iter 6 of 11 loss -0.1493, Img Sim: -0.154540, Reg: 0.005237
Iter 7 of 11 loss -0.1273, Img Sim: -0.131600, Reg: 0.004325
Iter 8 of 11 loss -0.1180, Img Sim: -0.125037, Reg: 0.007047
Iter 9 of 11 loss -0.1633, Img Sim: -0.167132, Reg: 0.003865
Iter 10 of 11 loss -0.1203, Img Sim: -0.125079, Reg: 0.004762
Iter 11 of 11 loss -0.1247, Img Sim: -0.129499, Reg: 0.004846
2_300_epoh_post_ModeTv2_cuda_nh(84211)_hd_6_c_8_ncc_1_reg_1_lr_0.0001_54r/ Epoch 29 loss -0.1324
29 : 0.07142854578341037
29 : 0.07142855219466973
29 : 0.07142855005758328
29 : 0.07142854898904005
29 : 0.07142854834791412
29 : 0.07142854792049684
Training Starts
Iter 1 of 11 loss -0.1203, Img Sim: -0.125106, Reg: 0.004768
Iter 2 of 11 loss -0.1253, Img Sim: -0.133111, Reg: 0.007803
Iter 3 of 11 loss -0.1631, Img Sim: -0.166984, Reg: 0.003880
Iter 4 of 11 loss -0.1270, Img Sim: -0.131361, Reg: 0.004363
Iter 5 of 11 loss -0.1211, Img Sim: -0.127495, Reg: 0.006433
Iter 6 of 11 loss -0.1490, Img Sim: -0.154236, Reg: 0.005266
Iter 7 of 11 loss -0.1243, Img Sim: -0.129206, Reg: 0.004863
Iter 8 of 11 loss -0.1316, Img Sim: -0.137109, Reg: 0.005556
Iter 9 of 11 loss -0.1368, Img Sim: -0.140603, Reg: 0.003833
Iter 10 of 11 loss -0.1375, Img Sim: -0.141365, Reg: 0.003842
Iter 11 of 11 loss -0.1178, Img Sim: -0.124895, Reg: 0.007095
2_300_epoh_post_ModeTv2_cuda_nh(84211)_hd_6_c_8_ncc_1_reg_1_lr_0.0001_54r/ Epoch 30 loss -0.1322
30 : 0.07142854578341037
30 : 0.07142855219466973
30 : 0.07142855005758328
30 : 0.07142854898904005
30 : 0.07142854834791412
30 : 0.07142854792049684
Training Starts
Iter 1 of 11 loss -0.1367, Img Sim: -0.140569, Reg: 0.003839
Iter 2 of 11 loss -0.1629, Img Sim: -0.166792, Reg: 0.003900
Iter 3 of 11 loss -0.1371, Img Sim: -0.140973, Reg: 0.003848
Iter 4 of 11 loss -0.1245, Img Sim: -0.129426, Reg: 0.004877
Iter 5 of 11 loss -0.1178, Img Sim: -0.124894, Reg: 0.007107
Iter 6 of 11 loss -0.1267, Img Sim: -0.131090, Reg: 0.004405
Iter 7 of 11 loss -0.1201, Img Sim: -0.124914, Reg: 0.004798
Iter 8 of 11 loss -0.1250, Img Sim: -0.132862, Reg: 0.007849
Iter 9 of 11 loss -0.1486, Img Sim: -0.153858, Reg: 0.005292
Iter 10 of 11 loss -0.1291, Img Sim: -0.134728, Reg: 0.005586
Iter 11 of 11 loss -0.1209, Img Sim: -0.127422, Reg: 0.006476
2_300_epoh_post_ModeTv2_cuda_nh(84211)_hd_6_c_8_ncc_1_reg_1_lr_0.0001_54r/ Epoch 31 loss -0.1318
31 : 0.07142854578341037
31 : 0.07142854578341037
31 : 0.07142854578341037
31 : 0.07142854578341037
31 : 0.07142854578341037
31 : 0.07142854578341039
Training Starts
Iter 1 of 11 loss -0.1380, Img Sim: -0.141883, Reg: 0.003857
Iter 2 of 11 loss -0.1246, Img Sim: -0.129533, Reg: 0.004888
Iter 3 of 11 loss -0.1250, Img Sim: -0.132853, Reg: 0.007863
Iter 4 of 11 loss -0.1627, Img Sim: -0.166652, Reg: 0.003916
Iter 5 of 11 loss -0.1209, Img Sim: -0.127410, Reg: 0.006487
Iter 6 of 11 loss -0.1177, Img Sim: -0.124856, Reg: 0.007134
Iter 7 of 11 loss -0.1202, Img Sim: -0.125056, Reg: 0.004812
Iter 8 of 11 loss -0.1366, Img Sim: -0.140414, Reg: 0.003857
Iter 9 of 11 loss -0.1264, Img Sim: -0.130823, Reg: 0.004440
Iter 10 of 11 loss -0.1288, Img Sim: -0.134408, Reg: 0.005609
Iter 11 of 11 loss -0.1489, Img Sim: -0.154184, Reg: 0.005315
2_300_epoh_post_ModeTv2_cuda_nh(84211)_hd_6_c_8_ncc_1_reg_1_lr_0.0001_54r/ Epoch 32 loss -0.1318
32 : 0.07142854578341037
32 : 0.07142854578341037
32 : 0.07142854578341037
32 : 0.07142854578341037
32 : 0.07142854578341037
32 : 0.07142854578341039
Training Starts
Iter 1 of 11 loss -0.1246, Img Sim: -0.129484, Reg: 0.004899
Iter 2 of 11 loss -0.1177, Img Sim: -0.124827, Reg: 0.007150
Iter 3 of 11 loss -0.1153, Img Sim: -0.123229, Reg: 0.007885
Iter 4 of 11 loss -0.1623, Img Sim: -0.166278, Reg: 0.003972
Iter 5 of 11 loss -0.1369, Img Sim: -0.140832, Reg: 0.003942
Iter 6 of 11 loss -0.1193, Img Sim: -0.124244, Reg: 0.004952
Iter 7 of 11 loss -0.1251, Img Sim: -0.129703, Reg: 0.004620
Iter 8 of 11 loss -0.1293, Img Sim: -0.135173, Reg: 0.005904
Iter 9 of 11 loss -0.1471, Img Sim: -0.152643, Reg: 0.005549
Iter 10 of 11 loss -0.1197, Img Sim: -0.126541, Reg: 0.006844
Iter 11 of 11 loss -0.1350, Img Sim: -0.139115, Reg: 0.004142
2_300_epoh_post_ModeTv2_cuda_nh(84211)_hd_6_c_8_ncc_1_reg_1_lr_0.0001_54r/ Epoch 33 loss -0.1302
33 : 0.07142854578341037
33 : 0.07142855219466973
33 : 0.07142855005758328
33 : 0.07142854898904005
33 : 0.07142854834791412
33 : 0.07142854792049684
Training Starts
Iter 1 of 11 loss -0.1167, Img Sim: -0.124352, Reg: 0.007662
Iter 2 of 11 loss -0.1194, Img Sim: -0.126309, Reg: 0.006927
Iter 3 of 11 loss -0.1363, Img Sim: -0.140439, Reg: 0.004125
Iter 4 of 11 loss -0.1276, Img Sim: -0.133697, Reg: 0.006122
Iter 5 of 11 loss -0.1606, Img Sim: -0.164857, Reg: 0.004243
Iter 6 of 11 loss -0.1182, Img Sim: -0.123363, Reg: 0.005192
Iter 7 of 11 loss -0.1240, Img Sim: -0.128832, Reg: 0.004830
Iter 8 of 11 loss -0.1223, Img Sim: -0.127642, Reg: 0.005294
Iter 9 of 11 loss -0.1232, Img Sim: -0.131845, Reg: 0.008620
Iter 10 of 11 loss -0.1341, Img Sim: -0.138395, Reg: 0.004274
Iter 11 of 11 loss -0.1466, Img Sim: -0.152338, Reg: 0.005732
2_300_epoh_post_ModeTv2_cuda_nh(84211)_hd_6_c_8_ncc_1_reg_1_lr_0.0001_54r/ Epoch 34 loss -0.1299
34 : 0.07142854578341037
34 : 0.07142855219466973
34 : 0.07142855005758328
34 : 0.07142854898904005
34 : 0.07142854834791412
34 : 0.07142854792049684
Training Starts
Iter 1 of 11 loss -0.1285, Img Sim: -0.134760, Reg: 0.006236
Iter 2 of 11 loss -0.1460, Img Sim: -0.151734, Reg: 0.005743
Iter 3 of 11 loss -0.1355, Img Sim: -0.139673, Reg: 0.004205
Iter 4 of 11 loss -0.1162, Img Sim: -0.124140, Reg: 0.007910
Iter 5 of 11 loss -0.1187, Img Sim: -0.125841, Reg: 0.007094
Iter 6 of 11 loss -0.1177, Img Sim: -0.122956, Reg: 0.005266
Iter 7 of 11 loss -0.1601, Img Sim: -0.164438, Reg: 0.004321
Iter 8 of 11 loss -0.1339, Img Sim: -0.138169, Reg: 0.004315
Iter 9 of 11 loss -0.1235, Img Sim: -0.128437, Reg: 0.004913
Iter 10 of 11 loss -0.1222, Img Sim: -0.130872, Reg: 0.008720
Iter 11 of 11 loss -0.1220, Img Sim: -0.127405, Reg: 0.005361
2_300_epoh_post_ModeTv2_cuda_nh(84211)_hd_6_c_8_ncc_1_reg_1_lr_0.0001_54r/ Epoch 35 loss -0.1295
35 : 0.07142854578341037
35 : 0.07142855219466973
35 : 0.07142855005758328
35 : 0.07142854898904005
35 : 0.07142854834791412
35 : 0.07142854792049684
Training Starts
Iter 1 of 11 loss -0.1338, Img Sim: -0.138158, Reg: 0.004325
Iter 2 of 11 loss -0.1161, Img Sim: -0.124084, Reg: 0.007956
Iter 3 of 11 loss -0.1600, Img Sim: -0.164350, Reg: 0.004339
Iter 4 of 11 loss -0.1263, Img Sim: -0.132569, Reg: 0.006310
Iter 5 of 11 loss -0.1362, Img Sim: -0.140423, Reg: 0.004247
Iter 6 of 11 loss -0.1172, Img Sim: -0.122506, Reg: 0.005301
Iter 7 of 11 loss -0.1184, Img Sim: -0.125505, Reg: 0.007144
Iter 8 of 11 loss -0.1234, Img Sim: -0.128375, Reg: 0.004942
Iter 9 of 11 loss -0.1220, Img Sim: -0.127370, Reg: 0.005398
Iter 10 of 11 loss -0.1225, Img Sim: -0.131296, Reg: 0.008786
Iter 11 of 11 loss -0.1461, Img Sim: -0.151906, Reg: 0.005795
2_300_epoh_post_ModeTv2_cuda_nh(84211)_hd_6_c_8_ncc_1_reg_1_lr_0.0001_54r/ Epoch 36 loss -0.1293
36 : 0.07142854578341037
36 : 0.07142855219466973
36 : 0.07142855005758328
36 : 0.07142854898904005
36 : 0.07142854834791412
36 : 0.07142854792049684
Training Starts
Iter 1 of 11 loss -0.1159, Img Sim: -0.123956, Reg: 0.008010
Iter 2 of 11 loss -0.1182, Img Sim: -0.125325, Reg: 0.007159
Iter 3 of 11 loss -0.1463, Img Sim: -0.152076, Reg: 0.005796
Iter 4 of 11 loss -0.1218, Img Sim: -0.127192, Reg: 0.005412
Iter 5 of 11 loss -0.1179, Img Sim: -0.126720, Reg: 0.008803
Iter 6 of 11 loss -0.1596, Img Sim: -0.163988, Reg: 0.004379
Iter 7 of 11 loss -0.1334, Img Sim: -0.137800, Reg: 0.004380
Iter 8 of 11 loss -0.1359, Img Sim: -0.140220, Reg: 0.004323
Iter 9 of 11 loss -0.1262, Img Sim: -0.132629, Reg: 0.006410
Iter 10 of 11 loss -0.1169, Img Sim: -0.122340, Reg: 0.005412
Iter 11 of 11 loss -0.1220, Img Sim: -0.127058, Reg: 0.005034
2_300_epoh_post_ModeTv2_cuda_nh(84211)_hd_6_c_8_ncc_1_reg_1_lr_0.0001_54r/ Epoch 37 loss -0.1286
37 : 0.07142854578341037
37 : 0.07142855219466973
37 : 0.07142855005758328
37 : 0.07142854898904005
37 : 0.07142854834791412
37 : 0.07142854792049684
Training Starts
Iter 1 of 11 loss -0.1202, Img Sim: -0.125776, Reg: 0.005545
Iter 2 of 11 loss -0.1364, Img Sim: -0.140747, Reg: 0.004368
Iter 3 of 11 loss -0.1176, Img Sim: -0.124918, Reg: 0.007331
Iter 4 of 11 loss -0.1329, Img Sim: -0.137300, Reg: 0.004406
Iter 5 of 11 loss -0.1167, Img Sim: -0.122187, Reg: 0.005473
Iter 6 of 11 loss -0.1254, Img Sim: -0.131853, Reg: 0.006471
Iter 7 of 11 loss -0.1460, Img Sim: -0.151911, Reg: 0.005887
Iter 8 of 11 loss -0.1212, Img Sim: -0.126247, Reg: 0.005089
Iter 9 of 11 loss -0.1590, Img Sim: -0.163380, Reg: 0.004409
Iter 10 of 11 loss -0.1130, Img Sim: -0.121274, Reg: 0.008299
Iter 11 of 11 loss -0.1174, Img Sim: -0.126524, Reg: 0.009096
2_300_epoh_post_ModeTv2_cuda_nh(84211)_hd_6_c_8_ncc_1_reg_1_lr_0.0001_54r/ Epoch 38 loss -0.1278
38 : 0.07142854578341037
38 : 0.07142854578341037
38 : 0.07142854578341037
38 : 0.07142854578341037
38 : 0.07142854578341037
38 : 0.07142854578341039
Training Starts
Iter 1 of 11 loss -0.1171, Img Sim: -0.124521, Reg: 0.007377
Iter 2 of 11 loss -0.1166, Img Sim: -0.122062, Reg: 0.005511
Iter 3 of 11 loss -0.1588, Img Sim: -0.163227, Reg: 0.004407
Iter 4 of 11 loss -0.1171, Img Sim: -0.126186, Reg: 0.009113
Iter 5 of 11 loss -0.1368, Img Sim: -0.141227, Reg: 0.004407
Iter 6 of 11 loss -0.1126, Img Sim: -0.120896, Reg: 0.008320
Iter 7 of 11 loss -0.1204, Img Sim: -0.125570, Reg: 0.005130
Iter 8 of 11 loss -0.1276, Img Sim: -0.134109, Reg: 0.006498
Iter 9 of 11 loss -0.1187, Img Sim: -0.124344, Reg: 0.005649
Iter 10 of 11 loss -0.1323, Img Sim: -0.136666, Reg: 0.004402
Iter 11 of 11 loss -0.1432, Img Sim: -0.149071, Reg: 0.005885
2_300_epoh_post_ModeTv2_cuda_nh(84211)_hd_6_c_8_ncc_1_reg_1_lr_0.0001_54r/ Epoch 39 loss -0.1274
39 : 0.07142854578341037
39 : 0.07142854578341037
39 : 0.07142854578341037
39 : 0.07142854578341037
39 : 0.07142854578341037
39 : 0.07142854578341039
Training Starts
Iter 1 of 11 loss -0.1164, Img Sim: -0.121929, Reg: 0.005530
Iter 2 of 11 loss -0.1259, Img Sim: -0.132405, Reg: 0.006500
Iter 3 of 11 loss -0.1322, Img Sim: -0.136637, Reg: 0.004404
Iter 4 of 11 loss -0.1586, Img Sim: -0.163020, Reg: 0.004411
Iter 5 of 11 loss -0.1367, Img Sim: -0.141137, Reg: 0.004422
Iter 6 of 11 loss -0.1186, Img Sim: -0.124275, Reg: 0.005661
Iter 7 of 11 loss -0.1464, Img Sim: -0.152321, Reg: 0.005883
Iter 8 of 11 loss -0.1168, Img Sim: -0.124249, Reg: 0.007401
Iter 9 of 11 loss -0.1124, Img Sim: -0.120767, Reg: 0.008340
Iter 10 of 11 loss -0.1200, Img Sim: -0.125148, Reg: 0.005159
Iter 11 of 11 loss -0.1167, Img Sim: -0.125827, Reg: 0.009146
2_300_epoh_post_ModeTv2_cuda_nh(84211)_hd_6_c_8_ncc_1_reg_1_lr_0.0001_54r/ Epoch 40 loss -0.1274
40 : 0.07142854578341037
40 : 0.07142854578341037
40 : 0.07142854578341037
40 : 0.07142854578341037
40 : 0.07142854578341037
40 : 0.07142854578341039
Training Starts
Iter 1 of 11 loss -0.1199, Img Sim: -0.125083, Reg: 0.005161
Iter 2 of 11 loss -0.1124, Img Sim: -0.120763, Reg: 0.008346
Iter 3 of 11 loss -0.1164, Img Sim: -0.121904, Reg: 0.005545
Iter 4 of 11 loss -0.1585, Img Sim: -0.162947, Reg: 0.004423
Iter 5 of 11 loss -0.1323, Img Sim: -0.136676, Reg: 0.004417
Iter 6 of 11 loss -0.1432, Img Sim: -0.149101, Reg: 0.005892
Iter 7 of 11 loss -0.1168, Img Sim: -0.124230, Reg: 0.007417
Iter 8 of 11 loss -0.1167, Img Sim: -0.125872, Reg: 0.009158
Iter 9 of 11 loss -0.1372, Img Sim: -0.141619, Reg: 0.004439
Iter 10 of 11 loss -0.1187, Img Sim: -0.124351, Reg: 0.005677
Iter 11 of 11 loss -0.1250, Img Sim: -0.131496, Reg: 0.006524
2_300_epoh_post_ModeTv2_cuda_nh(84211)_hd_6_c_8_ncc_1_reg_1_lr_0.0001_54r/ Epoch 41 loss -0.1270
41 : 0.07142854578341037
41 : 0.07142854578341037
41 : 0.07142854578341037
41 : 0.07142854578341037
41 : 0.07142854578341037
41 : 0.07142854578341039
Training Starts
Iter 1 of 11 loss -0.1199, Img Sim: -0.125117, Reg: 0.005181
Iter 2 of 11 loss -0.1259, Img Sim: -0.132436, Reg: 0.006530
Iter 3 of 11 loss -0.1166, Img Sim: -0.125764, Reg: 0.009169
Iter 4 of 11 loss -0.1185, Img Sim: -0.124196, Reg: 0.005685
Iter 5 of 11 loss -0.1366, Img Sim: -0.141051, Reg: 0.004447
Iter 6 of 11 loss -0.1438, Img Sim: -0.149733, Reg: 0.005913
Iter 7 of 11 loss -0.1322, Img Sim: -0.136588, Reg: 0.004433
Iter 8 of 11 loss -0.1584, Img Sim: -0.162815, Reg: 0.004444
Iter 9 of 11 loss -0.1162, Img Sim: -0.121805, Reg: 0.005565
Iter 10 of 11 loss -0.1124, Img Sim: -0.120742, Reg: 0.008385
Iter 11 of 11 loss -0.1168, Img Sim: -0.124261, Reg: 0.007450
2_300_epoh_post_ModeTv2_cuda_nh(84211)_hd_6_c_8_ncc_1_reg_1_lr_0.0001_54r/ Epoch 42 loss -0.1270
42 : 0.07142854578341037
42 : 0.07142854578341037
42 : 0.07142854578341037
42 : 0.07142854578341037
42 : 0.07142854578341037
42 : 0.07142854578341039
Training Starts
Iter 1 of 11 loss -0.1444, Img Sim: -0.150315, Reg: 0.005925
Iter 2 of 11 loss -0.1124, Img Sim: -0.120743, Reg: 0.008390
Iter 3 of 11 loss -0.1196, Img Sim: -0.124785, Reg: 0.005210
Iter 4 of 11 loss -0.1184, Img Sim: -0.124088, Reg: 0.005697
Iter 5 of 11 loss -0.1583, Img Sim: -0.162779, Reg: 0.004452
Iter 6 of 11 loss -0.1273, Img Sim: -0.133907, Reg: 0.006559
Iter 7 of 11 loss -0.1164, Img Sim: -0.122013, Reg: 0.005574
Iter 8 of 11 loss -0.1321, Img Sim: -0.136539, Reg: 0.004444
Iter 9 of 11 loss -0.1165, Img Sim: -0.125681, Reg: 0.009195
Iter 10 of 11 loss -0.1168, Img Sim: -0.124308, Reg: 0.007467
Iter 11 of 11 loss -0.1374, Img Sim: -0.141864, Reg: 0.004462
2_300_epoh_post_ModeTv2_cuda_nh(84211)_hd_6_c_8_ncc_1_reg_1_lr_0.0001_54r/ Epoch 43 loss -0.1272
43 : 0.07142854578341037
43 : 0.07142854578341037
43 : 0.07142854578341037
43 : 0.07142854578341037
43 : 0.07142854578341037
43 : 0.07142854578341039
Training Starts
Iter 1 of 11 loss -0.1199, Img Sim: -0.125143, Reg: 0.005224
Iter 2 of 11 loss -0.1442, Img Sim: -0.150125, Reg: 0.005943
Iter 3 of 11 loss -0.1124, Img Sim: -0.120791, Reg: 0.008413
Iter 4 of 11 loss -0.1378, Img Sim: -0.142254, Reg: 0.004468
Iter 5 of 11 loss -0.1321, Img Sim: -0.136590, Reg: 0.004453
Iter 6 of 11 loss -0.1168, Img Sim: -0.124328, Reg: 0.007486
Iter 7 of 11 loss -0.1583, Img Sim: -0.162747, Reg: 0.004469
Iter 8 of 11 loss -0.1171, Img Sim: -0.126267, Reg: 0.009216
Iter 9 of 11 loss -0.1188, Img Sim: -0.124515, Reg: 0.005720
Iter 10 of 11 loss -0.1253, Img Sim: -0.131840, Reg: 0.006589
Iter 11 of 11 loss -0.1163, Img Sim: -0.121915, Reg: 0.005595
2_300_epoh_post_ModeTv2_cuda_nh(84211)_hd_6_c_8_ncc_1_reg_1_lr_0.0001_54r/ Epoch 44 loss -0.1272
44 : 0.07142854578341037
44 : 0.07142854578341037
44 : 0.07142854578341037
44 : 0.07142854578341037
44 : 0.07142854578341037
44 : 0.07142854578341039
Training Starts
Iter 1 of 11 loss -0.1251, Img Sim: -0.131712, Reg: 0.006592
Iter 2 of 11 loss -0.1321, Img Sim: -0.136598, Reg: 0.004458
Iter 3 of 11 loss -0.1185, Img Sim: -0.124256, Reg: 0.005726
Iter 4 of 11 loss -0.1123, Img Sim: -0.120783, Reg: 0.008442
Iter 5 of 11 loss -0.1368, Img Sim: -0.141267, Reg: 0.004482
Iter 6 of 11 loss -0.1156, Img Sim: -0.124868, Reg: 0.009239
Iter 7 of 11 loss -0.1436, Img Sim: -0.149534, Reg: 0.005979
Iter 8 of 11 loss -0.1582, Img Sim: -0.162683, Reg: 0.004487
Iter 9 of 11 loss -0.1195, Img Sim: -0.124815, Reg: 0.005285
Iter 10 of 11 loss -0.1168, Img Sim: -0.124359, Reg: 0.007543
Iter 11 of 11 loss -0.1162, Img Sim: -0.121846, Reg: 0.005614
2_300_epoh_post_ModeTv2_cuda_nh(84211)_hd_6_c_8_ncc_1_reg_1_lr_0.0001_54r/ Epoch 45 loss -0.1268
45 : 0.07142854578341037
45 : 0.07142854578341037
45 : 0.07142854578341037
45 : 0.07142854578341037
45 : 0.07142854578341037
45 : 0.07142854578341039
Training Starts
Iter 1 of 11 loss -0.1321, Img Sim: -0.136623, Reg: 0.004475
Iter 2 of 11 loss -0.1168, Img Sim: -0.124385, Reg: 0.007557
Iter 3 of 11 loss -0.1372, Img Sim: -0.141739, Reg: 0.004498
Iter 4 of 11 loss -0.1158, Img Sim: -0.125060, Reg: 0.009280
Iter 5 of 11 loss -0.1581, Img Sim: -0.162650, Reg: 0.004503
Iter 6 of 11 loss -0.1124, Img Sim: -0.120913, Reg: 0.008496
Iter 7 of 11 loss -0.1177, Img Sim: -0.123439, Reg: 0.005749
Iter 8 of 11 loss -0.1438, Img Sim: -0.149815, Reg: 0.006019
Iter 9 of 11 loss -0.1162, Img Sim: -0.121824, Reg: 0.005626
Iter 10 of 11 loss -0.1252, Img Sim: -0.131830, Reg: 0.006647
Iter 11 of 11 loss -0.1195, Img Sim: -0.124765, Reg: 0.005314
2_300_epoh_post_ModeTv2_cuda_nh(84211)_hd_6_c_8_ncc_1_reg_1_lr_0.0001_54r/ Epoch 46 loss -0.1268
46 : 0.07142854578341037
46 : 0.07142854578341037
46 : 0.07142854578341037
46 : 0.07142854578341037
46 : 0.07142854578341037
46 : 0.07142854578341039
Training Starts
Iter 1 of 11 loss -0.1581, Img Sim: -0.162651, Reg: 0.004510
Iter 2 of 11 loss -0.1369, Img Sim: -0.141361, Reg: 0.004507
Iter 3 of 11 loss -0.1186, Img Sim: -0.124308, Reg: 0.005754
Iter 4 of 11 loss -0.1255, Img Sim: -0.132160, Reg: 0.006654
Iter 5 of 11 loss -0.1125, Img Sim: -0.120990, Reg: 0.008514
Iter 6 of 11 loss -0.1322, Img Sim: -0.136699, Reg: 0.004490
Iter 7 of 11 loss -0.1164, Img Sim: -0.122008, Reg: 0.005632
Iter 8 of 11 loss -0.1154, Img Sim: -0.124671, Reg: 0.009302
Iter 9 of 11 loss -0.1168, Img Sim: -0.124440, Reg: 0.007606
Iter 10 of 11 loss -0.1196, Img Sim: -0.124901, Reg: 0.005327
Iter 11 of 11 loss -0.1434, Img Sim: -0.149410, Reg: 0.006045
2_300_epoh_post_ModeTv2_cuda_nh(84211)_hd_6_c_8_ncc_1_reg_1_lr_0.0001_54r/ Epoch 47 loss -0.1268
47 : 0.07142854578341037
47 : 0.07142854578341037
47 : 0.07142854578341037
47 : 0.07142854578341037
47 : 0.07142854578341037
47 : 0.07142854578341039
Training Starts
Iter 1 of 11 loss -0.1372, Img Sim: -0.141695, Reg: 0.004516
Iter 2 of 11 loss -0.1580, Img Sim: -0.162474, Reg: 0.004522
Iter 3 of 11 loss -0.1185, Img Sim: -0.124281, Reg: 0.005772
Iter 4 of 11 loss -0.1189, Img Sim: -0.124267, Reg: 0.005349
Iter 5 of 11 loss -0.1161, Img Sim: -0.121730, Reg: 0.005654
Iter 6 of 11 loss -0.1120, Img Sim: -0.120565, Reg: 0.008569
Iter 7 of 11 loss -0.1318, Img Sim: -0.136311, Reg: 0.004497
Iter 8 of 11 loss -0.1155, Img Sim: -0.124814, Reg: 0.009351
Iter 9 of 11 loss -0.1165, Img Sim: -0.124180, Reg: 0.007654
Iter 10 of 11 loss -0.1436, Img Sim: -0.149706, Reg: 0.006064
Iter 11 of 11 loss -0.1248, Img Sim: -0.131503, Reg: 0.006696
2_300_epoh_post_ModeTv2_cuda_nh(84211)_hd_6_c_8_ncc_1_reg_1_lr_0.0001_54r/ Epoch 48 loss -0.1266
48 : 0.07142854578341037
48 : 0.07142854578341037
48 : 0.07142854578341037
48 : 0.07142854578341037
48 : 0.07142854578341037
48 : 0.07142854578341039
Training Starts
Iter 1 of 11 loss -0.1160, Img Sim: -0.121711, Reg: 0.005663
Iter 2 of 11 loss -0.1159, Img Sim: -0.125249, Reg: 0.009359
Iter 3 of 11 loss -0.1164, Img Sim: -0.124115, Reg: 0.007667
Iter 4 of 11 loss -0.1117, Img Sim: -0.120324, Reg: 0.008597
Iter 5 of 11 loss -0.1231, Img Sim: -0.129848, Reg: 0.006703
Iter 6 of 11 loss -0.1366, Img Sim: -0.141122, Reg: 0.004520
Iter 7 of 11 loss -0.1180, Img Sim: -0.123781, Reg: 0.005787
Iter 8 of 11 loss -0.1576, Img Sim: -0.162157, Reg: 0.004522
Iter 9 of 11 loss -0.1430, Img Sim: -0.149084, Reg: 0.006079
Iter 10 of 11 loss -0.1181, Img Sim: -0.123533, Reg: 0.005387
Iter 11 of 11 loss -0.1315, Img Sim: -0.135967, Reg: 0.004488
2_300_epoh_post_ModeTv2_cuda_nh(84211)_hd_6_c_8_ncc_1_reg_1_lr_0.0001_54r/ Epoch 49 loss -0.1262
49 : 0.07142854578341037
49 : 0.07142854578341037
49 : 0.07142854578341037
49 : 0.07142854578341037
49 : 0.07142854578341037
49 : 0.07142854578341039
Training Starts
Iter 1 of 11 loss -0.1181, Img Sim: -0.123852, Reg: 0.005791
Iter 2 of 11 loss -0.1162, Img Sim: -0.123940, Reg: 0.007699
Iter 3 of 11 loss -0.1181, Img Sim: -0.123471, Reg: 0.005393
Iter 4 of 11 loss -0.1576, Img Sim: -0.162084, Reg: 0.004520
Iter 5 of 11 loss -0.1434, Img Sim: -0.149513, Reg: 0.006086
Iter 6 of 11 loss -0.1314, Img Sim: -0.135870, Reg: 0.004486
Iter 7 of 11 loss -0.1159, Img Sim: -0.121538, Reg: 0.005674
Iter 8 of 11 loss -0.1237, Img Sim: -0.130410, Reg: 0.006718
Iter 9 of 11 loss -0.1376, Img Sim: -0.142098, Reg: 0.004522
Iter 10 of 11 loss -0.1148, Img Sim: -0.124193, Reg: 0.009405
Iter 11 of 11 loss -0.1113, Img Sim: -0.119934, Reg: 0.008639
2_300_epoh_post_ModeTv2_cuda_nh(84211)_hd_6_c_8_ncc_1_reg_1_lr_0.0001_54r/ Epoch 50 loss -0.1262
50 : 0.07142854578341037
50 : 0.07142854578341037
50 : 0.07142854578341037
50 : 0.07142854578341037
50 : 0.07142854578341037
50 : 0.07142854578341039
Training Starts
Iter 1 of 11 loss -0.1156, Img Sim: -0.121262, Reg: 0.005674
Iter 2 of 11 loss -0.1262, Img Sim: -0.132898, Reg: 0.006717
Iter 3 of 11 loss -0.1433, Img Sim: -0.149369, Reg: 0.006083
Iter 4 of 11 loss -0.1575, Img Sim: -0.162060, Reg: 0.004522
Iter 5 of 11 loss -0.1180, Img Sim: -0.123448, Reg: 0.005407
Iter 6 of 11 loss -0.1182, Img Sim: -0.123971, Reg: 0.005799
Iter 7 of 11 loss -0.1314, Img Sim: -0.135842, Reg: 0.004490
Iter 8 of 11 loss -0.1113, Img Sim: -0.119924, Reg: 0.008648
Iter 9 of 11 loss -0.1162, Img Sim: -0.123879, Reg: 0.007725
Iter 10 of 11 loss -0.1378, Img Sim: -0.142322, Reg: 0.004532
Iter 11 of 11 loss -0.1147, Img Sim: -0.124136, Reg: 0.009416
2_300_epoh_post_ModeTv2_cuda_nh(84211)_hd_6_c_8_ncc_1_reg_1_lr_0.0001_54r/ Epoch 51 loss -0.1264
51 : 0.07142854578341037
51 : 0.07142854578341037
51 : 0.07142854578341037
51 : 0.07142854578341037
51 : 0.07142854578341037
51 : 0.07142854578341039
Training Starts
Iter 1 of 11 loss -0.1148, Img Sim: -0.124170, Reg: 0.009417
Iter 2 of 11 loss -0.1415, Img Sim: -0.147602, Reg: 0.006091
Iter 3 of 11 loss -0.1181, Img Sim: -0.123887, Reg: 0.005803
Iter 4 of 11 loss -0.1313, Img Sim: -0.135805, Reg: 0.004492
Iter 5 of 11 loss -0.1157, Img Sim: -0.121331, Reg: 0.005681
Iter 6 of 11 loss -0.1177, Img Sim: -0.123171, Reg: 0.005428
Iter 7 of 11 loss -0.1375, Img Sim: -0.142076, Reg: 0.004535
Iter 8 of 11 loss -0.1161, Img Sim: -0.123866, Reg: 0.007735
Iter 9 of 11 loss -0.1574, Img Sim: -0.161979, Reg: 0.004529
Iter 10 of 11 loss -0.1248, Img Sim: -0.131564, Reg: 0.006732
Iter 11 of 11 loss -0.1113, Img Sim: -0.119914, Reg: 0.008661
2_300_epoh_post_ModeTv2_cuda_nh(84211)_hd_6_c_8_ncc_1_reg_1_lr_0.0001_54r/ Epoch 52 loss -0.1260
52 : 0.07142854578341037
52 : 0.07142854578341037
52 : 0.07142854578341037
52 : 0.07142854578341037
52 : 0.07142854578341037
52 : 0.07142854578341039
Training Starts
Iter 1 of 11 loss -0.1161, Img Sim: -0.123860, Reg: 0.007739
Iter 2 of 11 loss -0.1377, Img Sim: -0.142255, Reg: 0.004537
Iter 3 of 11 loss -0.1147, Img Sim: -0.124094, Reg: 0.009426
Iter 4 of 11 loss -0.1113, Img Sim: -0.119924, Reg: 0.008663
Iter 5 of 11 loss -0.1157, Img Sim: -0.121409, Reg: 0.005685
Iter 6 of 11 loss -0.1180, Img Sim: -0.123470, Reg: 0.005442
Iter 7 of 11 loss -0.1177, Img Sim: -0.123518, Reg: 0.005810
Iter 8 of 11 loss -0.1251, Img Sim: -0.131833, Reg: 0.006739
Iter 9 of 11 loss -0.1435, Img Sim: -0.149591, Reg: 0.006105
Iter 10 of 11 loss -0.1574, Img Sim: -0.161969, Reg: 0.004539
Iter 11 of 11 loss -0.1313, Img Sim: -0.135784, Reg: 0.004502
2_300_epoh_post_ModeTv2_cuda_nh(84211)_hd_6_c_8_ncc_1_reg_1_lr_0.0001_54r/ Epoch 53 loss -0.1262
53 : 0.07142854578341037
53 : 0.07142854578341037
53 : 0.07142854578341037
53 : 0.07142854578341037
53 : 0.07142854578341037
53 : 0.07142854578341039
Training Starts
Iter 1 of 11 loss -0.1125, Img Sim: -0.121938, Reg: 0.009439
Iter 2 of 11 loss -0.1159, Img Sim: -0.121574, Reg: 0.005690
Iter 3 of 11 loss -0.1178, Img Sim: -0.123281, Reg: 0.005460
Iter 4 of 11 loss -0.1115, Img Sim: -0.120201, Reg: 0.008689
Iter 5 of 11 loss -0.1416, Img Sim: -0.147702, Reg: 0.006119
Iter 6 of 11 loss -0.1311, Img Sim: -0.135643, Reg: 0.004501
Iter 7 of 11 loss -0.1165, Img Sim: -0.124282, Reg: 0.007787
Iter 8 of 11 loss -0.1375, Img Sim: -0.142068, Reg: 0.004546
Iter 9 of 11 loss -0.1237, Img Sim: -0.130514, Reg: 0.006772
Iter 10 of 11 loss -0.1574, Img Sim: -0.161993, Reg: 0.004549
Iter 11 of 11 loss -0.1177, Img Sim: -0.123467, Reg: 0.005797
2_300_epoh_post_ModeTv2_cuda_nh(84211)_hd_6_c_8_ncc_1_reg_1_lr_0.0001_54r/ Epoch 54 loss -0.1258
54 : 0.07142854578341037
54 : 0.07142855219466973
54 : 0.07142855005758328
54 : 0.07142854898904005
54 : 0.07142854834791412
54 : 0.07142854792049684
Training Starts
Iter 1 of 11 loss -0.1166, Img Sim: -0.124436, Reg: 0.007799
Iter 2 of 11 loss -0.1146, Img Sim: -0.124050, Reg: 0.009420
Iter 3 of 11 loss -0.1119, Img Sim: -0.120566, Reg: 0.008703
Iter 4 of 11 loss -0.1575, Img Sim: -0.162001, Reg: 0.004550
Iter 5 of 11 loss -0.1243, Img Sim: -0.131031, Reg: 0.006781
Iter 6 of 11 loss -0.1370, Img Sim: -0.141584, Reg: 0.004546
Iter 7 of 11 loss -0.1158, Img Sim: -0.121531, Reg: 0.005683
Iter 8 of 11 loss -0.1310, Img Sim: -0.135456, Reg: 0.004496
Iter 9 of 11 loss -0.1426, Img Sim: -0.148711, Reg: 0.006126
Iter 10 of 11 loss -0.1173, Img Sim: -0.123134, Reg: 0.005792
Iter 11 of 11 loss -0.1180, Img Sim: -0.123483, Reg: 0.005483
2_300_epoh_post_ModeTv2_cuda_nh(84211)_hd_6_c_8_ncc_1_reg_1_lr_0.0001_54r/ Epoch 55 loss -0.1261
55 : 0.07142854578341037
55 : 0.07142855219466973
55 : 0.07142855005758328
55 : 0.07142854898904005
55 : 0.07142854834791412
55 : 0.07142854792049684
Training Starts
Iter 1 of 11 loss -0.1574, Img Sim: -0.161974, Reg: 0.004554
Iter 2 of 11 loss -inf, Img Sim: -inf, Reg: 0.006791
Iter 3 of 11 loss nan, Img Sim: -0.000000, Reg: nan
Iter 4 of 11 loss nan, Img Sim: -0.000000, Reg: nan
Iter 5 of 11 loss nan, Img Sim: -0.000000, Reg: nan
Iter 6 of 11 loss nan, Img Sim: -0.000000, Reg: nan
Iter 7 of 11 loss nan, Img Sim: -0.000000, Reg: nan
Iter 8 of 11 loss nan, Img Sim: -0.000000, Reg: nan
Iter 9 of 11 loss nan, Img Sim: -0.000000, Reg: nan
Iter 10 of 11 loss nan, Img Sim: -0.000000, Reg: nan
Iter 11 of 11 loss nan, Img Sim: -0.000000, Reg: nan
2_300_epoh_post_ModeTv2_cuda_nh(84211)_hd_6_c_8_ncc_1_reg_1_lr_0.0001_54r/ Epoch 56 loss nan
56 : 0.07142855860592909
56 : 0.07142855860592909
56 : 0.07142855860592909
56 : 0.07142855860592909
56 : 0.07142855860592909
56 : 0.0714285586059291
Training Starts
Iter 1 of 11 loss nan, Img Sim: -0.000000, Reg: nan
Iter 2 of 11 loss nan, Img Sim: -0.000000, Reg: nan
Iter 3 of 11 loss nan, Img Sim: -0.000000, Reg: nan
Iter 4 of 11 loss nan, Img Sim: -0.000000, Reg: nan
Iter 5 of 11 loss nan, Img Sim: -0.000000, Reg: nan
Iter 6 of 11 loss nan, Img Sim: -0.000000, Reg: nan
Iter 7 of 11 loss nan, Img Sim: -0.000000, Reg: nan
Iter 8 of 11 loss nan, Img Sim: -0.000000, Reg: nan
Iter 9 of 11 loss nan, Img Sim: -0.000000, Reg: nan
Iter 10 of 11 loss nan, Img Sim: -0.000000, Reg: nan
Iter 11 of 11 loss nan, Img Sim: -0.000000, Reg: nan
2_300_epoh_post_ModeTv2_cuda_nh(84211)_hd_6_c_8_ncc_1_reg_1_lr_0.0001_54r/ Epoch 57 loss nan
57 : 0.07142855860592909
57 : 0.07142855860592909
57 : 0.07142855860592909
57 : 0.07142855860592909
57 : 0.07142855860592909
57 : 0.0714285586059291
Training Starts
Iter 1 of 11 loss nan, Img Sim: -0.000000, Reg: nan
Iter 2 of 11 loss nan, Img Sim: -0.000000, Reg: nan
Iter 3 of 11 loss nan, Img Sim: -0.000000, Reg: nan
Iter 4 of 11 loss nan, Img Sim: -0.000000, Reg: nan
Iter 5 of 11 loss nan, Img Sim: -0.000000, Reg: nan
Iter 6 of 11 loss nan, Img Sim: -0.000000, Reg: nan
Iter 7 of 11 loss nan, Img Sim: -0.000000, Reg: nan
Iter 8 of 11 loss nan, Img Sim: -0.000000, Reg: nan
Iter 9 of 11 loss nan, Img Sim: -0.000000, Reg: nan
Iter 10 of 11 loss nan, Img Sim: -0.000000, Reg: nan
Iter 11 of 11 loss nan, Img Sim: -0.000000, Reg: nan
2_300_epoh_post_ModeTv2_cuda_nh(84211)_hd_6_c_8_ncc_1_reg_1_lr_0.0001_54r/ Epoch 58 loss nan
58 : 0.07142855860592909
58 : 0.07142855860592909
58 : 0.07142855860592909
58 : 0.07142855860592909
58 : 0.07142855860592909
58 : 0.0714285586059291
Training Starts
Iter 1 of 11 loss nan, Img Sim: -0.000000, Reg: nan
Iter 2 of 11 loss nan, Img Sim: -0.000000, Reg: nan
Iter 3 of 11 loss nan, Img Sim: -0.000000, Reg: nan
Iter 4 of 11 loss nan, Img Sim: -0.000000, Reg: nan
Iter 5 of 11 loss nan, Img Sim: -0.000000, Reg: nan
Iter 6 of 11 loss nan, Img Sim: -0.000000, Reg: nan
Iter 7 of 11 loss nan, Img Sim: -0.000000, Reg: nan
Iter 8 of 11 loss nan, Img Sim: -0.000000, Reg: nan
Iter 9 of 11 loss nan, Img Sim: -0.000000, Reg: nan
Iter 10 of 11 loss nan, Img Sim: -0.000000, Reg: nan
Iter 11 of 11 loss nan, Img Sim: -0.000000, Reg: nan
2_300_epoh_post_ModeTv2_cuda_nh(84211)_hd_6_c_8_ncc_1_reg_1_lr_0.0001_54r/ Epoch 59 loss nan
59 : 0.07142855860592909
59 : 0.07142855860592909
59 : 0.07142855860592909
59 : 0.07142855860592909
59 : 0.07142855860592909
59 : 0.0714285586059291
Training Starts
Iter 1 of 11 loss nan, Img Sim: -0.000000, Reg: nan
Iter 2 of 11 loss nan, Img Sim: -0.000000, Reg: nan
Iter 3 of 11 loss nan, Img Sim: -0.000000, Reg: nan
Iter 4 of 11 loss nan, Img Sim: -0.000000, Reg: nan
Iter 5 of 11 loss nan, Img Sim: -0.000000, Reg: nan
Iter 6 of 11 loss nan, Img Sim: -0.000000, Reg: nan
Iter 7 of 11 loss nan, Img Sim: -0.000000, Reg: nan
Iter 8 of 11 loss nan, Img Sim: -0.000000, Reg: nan
Iter 9 of 11 loss nan, Img Sim: -0.000000, Reg: nan
Iter 10 of 11 loss nan, Img Sim: -0.000000, Reg: nan
Iter 11 of 11 loss nan, Img Sim: -0.000000, Reg: nan
2_300_epoh_post_ModeTv2_cuda_nh(84211)_hd_6_c_8_ncc_1_reg_1_lr_0.0001_54r/ Epoch 60 loss nan
60 : 0.07142855860592909
60 : 0.07142855860592909
60 : 0.07142855860592909
60 : 0.07142855860592909
60 : 0.07142855860592909
60 : 0.0714285586059291
Training Starts
Iter 1 of 11 loss nan, Img Sim: -0.000000, Reg: nan
Iter 2 of 11 loss nan, Img Sim: -0.000000, Reg: nan
Iter 3 of 11 loss nan, Img Sim: -0.000000, Reg: nan
Iter 4 of 11 loss nan, Img Sim: -0.000000, Reg: nan
Iter 5 of 11 loss nan, Img Sim: -0.000000, Reg: nan
Iter 6 of 11 loss nan, Img Sim: -0.000000, Reg: nan
Iter 7 of 11 loss nan, Img Sim: -0.000000, Reg: nan
Iter 8 of 11 loss nan, Img Sim: -0.000000, Reg: nan
Iter 9 of 11 loss nan, Img Sim: -0.000000, Reg: nan
Iter 10 of 11 loss nan, Img Sim: -0.000000, Reg: nan
Iter 11 of 11 loss nan, Img Sim: -0.000000, Reg: nan
2_300_epoh_post_ModeTv2_cuda_nh(84211)_hd_6_c_8_ncc_1_reg_1_lr_0.0001_54r/ Epoch 61 loss nan
61 : 0.07142855860592909
61 : 0.07142855860592909
61 : 0.07142855860592909
61 : 0.07142855860592909
61 : 0.07142855860592909
61 : 0.0714285586059291
Training Starts
Iter 1 of 11 loss nan, Img Sim: -0.000000, Reg: nan
Iter 2 of 11 loss nan, Img Sim: -0.000000, Reg: nan
Iter 3 of 11 loss nan, Img Sim: -0.000000, Reg: nan
Iter 4 of 11 loss nan, Img Sim: -0.000000, Reg: nan
Iter 5 of 11 loss nan, Img Sim: -0.000000, Reg: nan
Iter 6 of 11 loss nan, Img Sim: -0.000000, Reg: nan
Iter 7 of 11 loss nan, Img Sim: -0.000000, Reg: nan
Iter 8 of 11 loss nan, Img Sim: -0.000000, Reg: nan
Iter 9 of 11 loss nan, Img Sim: -0.000000, Reg: nan
Iter 10 of 11 loss nan, Img Sim: -0.000000, Reg: nan
Iter 11 of 11 loss nan, Img Sim: -0.000000, Reg: nan
2_300_epoh_post_ModeTv2_cuda_nh(84211)_hd_6_c_8_ncc_1_reg_1_lr_0.0001_54r/ Epoch 62 loss nan
62 : 0.07142855860592909
62 : 0.07142855860592909
62 : 0.07142855860592909
62 : 0.07142855860592909
62 : 0.07142855860592909
62 : 0.0714285586059291
Training Starts
Iter 1 of 11 loss nan, Img Sim: -0.000000, Reg: nan
Iter 2 of 11 loss nan, Img Sim: -0.000000, Reg: nan
Iter 3 of 11 loss nan, Img Sim: -0.000000, Reg: nan
Iter 4 of 11 loss nan, Img Sim: -0.000000, Reg: nan
Iter 5 of 11 loss nan, Img Sim: -0.000000, Reg: nan
Iter 6 of 11 loss nan, Img Sim: -0.000000, Reg: nan
Iter 7 of 11 loss nan, Img Sim: -0.000000, Reg: nan
Iter 8 of 11 loss nan, Img Sim: -0.000000, Reg: nan
Iter 9 of 11 loss nan, Img Sim: -0.000000, Reg: nan
Iter 10 of 11 loss nan, Img Sim: -0.000000, Reg: nan
Iter 11 of 11 loss nan, Img Sim: -0.000000, Reg: nan
2_300_epoh_post_ModeTv2_cuda_nh(84211)_hd_6_c_8_ncc_1_reg_1_lr_0.0001_54r/ Epoch 63 loss nan
63 : 0.07142855860592909
63 : 0.07142855860592909
63 : 0.07142855860592909
63 : 0.07142855860592909
63 : 0.07142855860592909
63 : 0.0714285586059291
Training Starts
Iter 1 of 11 loss nan, Img Sim: -0.000000, Reg: nan
Iter 2 of 11 loss nan, Img Sim: -0.000000, Reg: nan
Iter 3 of 11 loss nan, Img Sim: -0.000000, Reg: nan
Iter 4 of 11 loss nan, Img Sim: -0.000000, Reg: nan
Iter 5 of 11 loss nan, Img Sim: -0.000000, Reg: nan
Iter 6 of 11 loss nan, Img Sim: -0.000000, Reg: nan
Iter 7 of 11 loss nan, Img Sim: -0.000000, Reg: nan
Iter 8 of 11 loss nan, Img Sim: -0.000000, Reg: nan
Iter 9 of 11 loss nan, Img Sim: -0.000000, Reg: nan
Iter 10 of 11 loss nan, Img Sim: -0.000000, Reg: nan
Iter 11 of 11 loss nan, Img Sim: -0.000000, Reg: nan
2_300_epoh_post_ModeTv2_cuda_nh(84211)_hd_6_c_8_ncc_1_reg_1_lr_0.0001_54r/ Epoch 64 loss nan
64 : 0.07142855860592909
64 : 0.07142855860592909
64 : 0.07142855860592909
64 : 0.07142855860592909
64 : 0.07142855860592909
64 : 0.0714285586059291
Training Starts
