Training Starts
Training Starts
Training Starts
Iter 0 of 11 loss -0.2643, Img Sim: -0.264321, Reg: 0.000000
Iter 1 of 11 loss -0.1911, Img Sim: -0.191051, Reg: 0.000000
Iter 2 of 11 loss -0.1903, Img Sim: -0.190302, Reg: 0.000001
Iter 3 of 11 loss -0.2384, Img Sim: -0.238377, Reg: 0.000003
Iter 4 of 11 loss -0.2376, Img Sim: -0.237592, Reg: 0.000008
Iter 5 of 11 loss -0.1817, Img Sim: -0.181678, Reg: 0.000015
Iter 6 of 11 loss -0.1193, Img Sim: -0.119293, Reg: 0.000018
Iter 7 of 11 loss -0.2043, Img Sim: -0.204280, Reg: 0.000014
Iter 8 of 11 loss -0.1966, Img Sim: -0.196649, Reg: 0.000013
Iter 9 of 11 loss -0.1567, Img Sim: -0.156666, Reg: 0.000013
Iter 10 of 11 loss -0.2283, Img Sim: -0.228338, Reg: 0.000018
New_Post_55_epoh_ModeTv2 Epoch 0 loss -0.2008
0 : 0.004665035178061901
0 : 0.0023325175890309504
0 : 0.0015550117260206336
Training Starts
Iter 0 of 11 loss -0.1777, Img Sim: -0.177727, Reg: 0.000017
Iter 1 of 11 loss -0.1564, Img Sim: -0.156403, Reg: 0.000022
Iter 2 of 11 loss -0.2413, Img Sim: -0.241341, Reg: 0.000031
Iter 3 of 11 loss -0.2654, Img Sim: -0.265469, Reg: 0.000032
Iter 4 of 11 loss -0.1914, Img Sim: -0.191431, Reg: 0.000046
Iter 5 of 11 loss -0.1162, Img Sim: -0.116251, Reg: 0.000058
Iter 6 of 11 loss -0.1435, Img Sim: -0.143613, Reg: 0.000066
Iter 7 of 11 loss -0.2294, Img Sim: -0.229465, Reg: 0.000071
Iter 8 of 11 loss -0.2019, Img Sim: -0.201978, Reg: 0.000077
Iter 9 of 11 loss -0.1912, Img Sim: -0.191262, Reg: 0.000087
Iter 10 of 11 loss -0.2349, Img Sim: -0.234982, Reg: 0.000097
New_Post_55_epoh_ModeTv2 Epoch 1 loss -0.1954
1 : 0.005010369821760124
1 : 0.002505184910880062
1 : 0.0016701232739200413
Training Starts
Iter 0 of 11 loss -0.1917, Img Sim: -0.191788, Reg: 0.000101
Iter 1 of 11 loss -0.2421, Img Sim: -0.242189, Reg: 0.000115
Iter 2 of 11 loss -0.2655, Img Sim: -0.265621, Reg: 0.000121
Iter 3 of 11 loss -0.1976, Img Sim: -0.197727, Reg: 0.000121
Iter 4 of 11 loss -0.1907, Img Sim: -0.190866, Reg: 0.000121
Iter 5 of 11 loss -0.1985, Img Sim: -0.198680, Reg: 0.000137
Iter 6 of 11 loss -0.2347, Img Sim: -0.234862, Reg: 0.000135
Iter 7 of 11 loss -0.1544, Img Sim: -0.154529, Reg: 0.000131
Iter 8 of 11 loss -0.1757, Img Sim: -0.175831, Reg: 0.000139
Iter 9 of 11 loss -0.1146, Img Sim: -0.114712, Reg: 0.000157
Iter 10 of 11 loss -0.2255, Img Sim: -0.225665, Reg: 0.000142
New_Post_55_epoh_ModeTv2 Epoch 2 loss -0.1992
2 : 0.00494487678239606
2 : 0.00247243839119803
2 : 0.0016482922607986867
Training Starts
Iter 0 of 11 loss -0.1977, Img Sim: -0.197860, Reg: 0.000156
Iter 1 of 11 loss -0.1913, Img Sim: -0.191465, Reg: 0.000167
Iter 2 of 11 loss -0.2444, Img Sim: -0.244562, Reg: 0.000177
Iter 3 of 11 loss -0.1555, Img Sim: -0.155641, Reg: 0.000177
Iter 4 of 11 loss -0.2626, Img Sim: -0.262821, Reg: 0.000199
Iter 5 of 11 loss -0.2359, Img Sim: -0.236052, Reg: 0.000184
Iter 6 of 11 loss -0.1790, Img Sim: -0.179146, Reg: 0.000184
Iter 7 of 11 loss -0.1966, Img Sim: -0.196816, Reg: 0.000211
Iter 8 of 11 loss -0.2006, Img Sim: -0.200784, Reg: 0.000217
Iter 9 of 11 loss -0.2234, Img Sim: -0.223585, Reg: 0.000203
Iter 10 of 11 loss -0.1164, Img Sim: -0.116645, Reg: 0.000227
New_Post_55_epoh_ModeTv2 Epoch 3 loss -0.2003
3 : 0.004835800779904512
3 : 0.002417900389952256
3 : 0.001611933593301504
Training Starts
Iter 0 of 11 loss -0.2231, Img Sim: -0.223311, Reg: 0.000215
Iter 1 of 11 loss -0.1978, Img Sim: -0.198065, Reg: 0.000227
Iter 2 of 11 loss -0.1790, Img Sim: -0.179237, Reg: 0.000234
Iter 3 of 11 loss -0.1959, Img Sim: -0.196137, Reg: 0.000261
Iter 4 of 11 loss -0.1547, Img Sim: -0.155000, Reg: 0.000253
Iter 5 of 11 loss -0.2349, Img Sim: -0.235149, Reg: 0.000264
Iter 6 of 11 loss -0.1896, Img Sim: -0.189895, Reg: 0.000283
Iter 7 of 11 loss -0.2587, Img Sim: -0.258957, Reg: 0.000301
Iter 8 of 11 loss -0.1137, Img Sim: -0.114031, Reg: 0.000282
Iter 9 of 11 loss -0.2419, Img Sim: -0.242172, Reg: 0.000300
Iter 10 of 11 loss -0.2018, Img Sim: -0.202076, Reg: 0.000313
New_Post_55_epoh_ModeTv2 Epoch 4 loss -0.1992
4 : 0.004769444280621309
4 : 0.0023847221403106543
4 : 0.001589814760207103
Training Starts
Iter 0 of 11 loss -0.2576, Img Sim: -0.257973, Reg: 0.000336
Iter 1 of 11 loss -0.1963, Img Sim: -0.196617, Reg: 0.000294
Iter 2 of 11 loss -0.1151, Img Sim: -0.115383, Reg: 0.000302
Iter 3 of 11 loss -0.2219, Img Sim: -0.222231, Reg: 0.000293
Iter 4 of 11 loss -0.1789, Img Sim: -0.179221, Reg: 0.000304
Iter 5 of 11 loss -0.1536, Img Sim: -0.153854, Reg: 0.000298
Iter 6 of 11 loss -0.1951, Img Sim: -0.195460, Reg: 0.000330
Iter 7 of 11 loss -0.2401, Img Sim: -0.240460, Reg: 0.000336
Iter 8 of 11 loss -0.2021, Img Sim: -0.202429, Reg: 0.000361
Iter 9 of 11 loss -0.1882, Img Sim: -0.188579, Reg: 0.000363
Iter 10 of 11 loss -0.2333, Img Sim: -0.233590, Reg: 0.000339
New_Post_55_epoh_ModeTv2 Epoch 5 loss -0.1984
5 : 0.004660401863270608
5 : 0.002330200931635304
5 : 0.0015534672877568695
Training Starts
Iter 0 of 11 loss -0.2399, Img Sim: -0.240217, Reg: 0.000352
Iter 1 of 11 loss -0.2219, Img Sim: -0.222225, Reg: 0.000328
Iter 2 of 11 loss -0.2019, Img Sim: -0.202298, Reg: 0.000378
Iter 3 of 11 loss -0.1142, Img Sim: -0.114514, Reg: 0.000353
Iter 4 of 11 loss -0.1877, Img Sim: -0.188100, Reg: 0.000378
Iter 5 of 11 loss -0.1532, Img Sim: -0.153491, Reg: 0.000332
Iter 6 of 11 loss -0.2328, Img Sim: -0.233154, Reg: 0.000350
Iter 7 of 11 loss -0.1951, Img Sim: -0.195493, Reg: 0.000356
Iter 8 of 11 loss -0.1790, Img Sim: -0.179334, Reg: 0.000355
Iter 9 of 11 loss -0.2550, Img Sim: -0.255427, Reg: 0.000420
Iter 10 of 11 loss -0.1959, Img Sim: -0.196252, Reg: 0.000364
New_Post_55_epoh_ModeTv2 Epoch 6 loss -0.1979
6 : 0.004531609834980385
6 : 0.0022658049174901925
6 : 0.0015105366116601284
Training Starts
Iter 0 of 11 loss -0.1867, Img Sim: -0.187132, Reg: 0.000392
Iter 1 of 11 loss -0.1529, Img Sim: -0.153234, Reg: 0.000363
Iter 2 of 11 loss -0.1953, Img Sim: -0.195734, Reg: 0.000386
Iter 3 of 11 loss -0.1112, Img Sim: -0.111593, Reg: 0.000405
Iter 4 of 11 loss -0.1780, Img Sim: -0.178408, Reg: 0.000432
Iter 5 of 11 loss -0.2319, Img Sim: -0.232368, Reg: 0.000442
Iter 6 of 11 loss -0.2524, Img Sim: -0.252836, Reg: 0.000485
Iter 7 of 11 loss -0.2380, Img Sim: -0.238504, Reg: 0.000519
Iter 8 of 11 loss -0.2222, Img Sim: -0.222717, Reg: 0.000469
Iter 9 of 11 loss -0.1925, Img Sim: -0.193009, Reg: 0.000527
Iter 10 of 11 loss -0.1980, Img Sim: -0.198532, Reg: 0.000528
New_Post_55_epoh_ModeTv2 Epoch 7 loss -0.1963
7 : 0.004189488503942328
7 : 0.002094744251971164
7 : 0.0013964961679807759
Training Starts
Iter 0 of 11 loss -0.1769, Img Sim: -0.177533, Reg: 0.000585
Iter 1 of 11 loss -0.1496, Img Sim: -0.150199, Reg: 0.000580
Iter 2 of 11 loss -0.2363, Img Sim: -0.236987, Reg: 0.000676
Iter 3 of 11 loss -0.2199, Img Sim: -0.220495, Reg: 0.000596
Iter 4 of 11 loss -0.1823, Img Sim: -0.182868, Reg: 0.000618
Iter 5 of 11 loss -0.1886, Img Sim: -0.189257, Reg: 0.000687
Iter 6 of 11 loss -0.1909, Img Sim: -0.191580, Reg: 0.000679
Iter 7 of 11 loss -0.2449, Img Sim: -0.245543, Reg: 0.000659
Iter 8 of 11 loss -0.1092, Img Sim: -0.109941, Reg: 0.000778
Iter 9 of 11 loss -0.2262, Img Sim: -0.226866, Reg: 0.000712
Iter 10 of 11 loss -0.1948, Img Sim: -0.195562, Reg: 0.000745
New_Post_55_epoh_ModeTv2 Epoch 8 loss -0.1927
8 : 0.0033621319218769883
8 : 0.0016810659609384942
8 : 0.0011207106406256628
Training Starts
Iter 0 of 11 loss -0.2427, Img Sim: -0.243380, Reg: 0.000716
Iter 1 of 11 loss -0.1947, Img Sim: -0.195459, Reg: 0.000779
Iter 2 of 11 loss -0.1792, Img Sim: -0.179925, Reg: 0.000750
Iter 3 of 11 loss -0.1076, Img Sim: -0.108459, Reg: 0.000885
Iter 4 of 11 loss -0.1861, Img Sim: -0.186951, Reg: 0.000838
Iter 5 of 11 loss -0.1464, Img Sim: -0.147182, Reg: 0.000811
Iter 6 of 11 loss -0.2250, Img Sim: -0.225816, Reg: 0.000819
Iter 7 of 11 loss -0.1752, Img Sim: -0.176078, Reg: 0.000899
Iter 8 of 11 loss -0.2154, Img Sim: -0.216284, Reg: 0.000855
Iter 9 of 11 loss -0.2348, Img Sim: -0.235843, Reg: 0.001025
Iter 10 of 11 loss -0.1882, Img Sim: -0.189164, Reg: 0.000920
New_Post_55_epoh_ModeTv2 Epoch 9 loss -0.1905
9 : 0.0030962109480120533
9 : 0.0015481054740060266
9 : 0.0010320703160040178
Training Starts
Iter 0 of 11 loss -0.1933, Img Sim: -0.194312, Reg: 0.000969
Iter 1 of 11 loss -0.1843, Img Sim: -0.185240, Reg: 0.000981
Iter 2 of 11 loss -0.2222, Img Sim: -0.223171, Reg: 0.000955
Iter 3 of 11 loss -0.1453, Img Sim: -0.146257, Reg: 0.000944
Iter 4 of 11 loss -0.2339, Img Sim: -0.234900, Reg: 0.001040
Iter 5 of 11 loss -0.1761, Img Sim: -0.177068, Reg: 0.000977
Iter 6 of 11 loss -0.2148, Img Sim: -0.215801, Reg: 0.000972
Iter 7 of 11 loss -0.1058, Img Sim: -0.106947, Reg: 0.001166
Iter 8 of 11 loss -0.1723, Img Sim: -0.173403, Reg: 0.001140
Iter 9 of 11 loss -0.1859, Img Sim: -0.187052, Reg: 0.001113
Iter 10 of 11 loss -0.2334, Img Sim: -0.234569, Reg: 0.001218
New_Post_55_epoh_ModeTv2 Epoch 10 loss -0.1879
10 : 0.0029042087218024886
10 : 0.0014521043609012443
10 : 0.0009680695739341629
Training Starts
Iter 0 of 11 loss -0.2189, Img Sim: -0.220060, Reg: 0.001117
Iter 1 of 11 loss -0.1885, Img Sim: -0.189678, Reg: 0.001202
Iter 2 of 11 loss -0.1826, Img Sim: -0.183804, Reg: 0.001195
Iter 3 of 11 loss -0.2315, Img Sim: -0.232833, Reg: 0.001335
Iter 4 of 11 loss -0.1701, Img Sim: -0.171379, Reg: 0.001305
Iter 5 of 11 loss -0.1027, Img Sim: -0.104048, Reg: 0.001352
Iter 6 of 11 loss -0.2159, Img Sim: -0.217144, Reg: 0.001209
Iter 7 of 11 loss -0.2263, Img Sim: -0.227661, Reg: 0.001320
Iter 8 of 11 loss -0.1718, Img Sim: -0.173046, Reg: 0.001205
Iter 9 of 11 loss -0.1850, Img Sim: -0.186311, Reg: 0.001339
Iter 10 of 11 loss -0.1422, Img Sim: -0.143458, Reg: 0.001281
New_Post_55_epoh_ModeTv2 Epoch 11 loss -0.1851
11 : 0.0028021176656519956
11 : 0.0014010588328259978
11 : 0.0009340392218839985
Training Starts
Iter 0 of 11 loss -0.1853, Img Sim: -0.186678, Reg: 0.001341
Iter 1 of 11 loss -0.1417, Img Sim: -0.143038, Reg: 0.001306
Iter 2 of 11 loss -0.2161, Img Sim: -0.217438, Reg: 0.001308
Iter 3 of 11 loss -0.1763, Img Sim: -0.177731, Reg: 0.001403
Iter 4 of 11 loss -0.2159, Img Sim: -0.217267, Reg: 0.001344
Iter 5 of 11 loss -0.1845, Img Sim: -0.185885, Reg: 0.001423
Iter 6 of 11 loss -0.2264, Img Sim: -0.227845, Reg: 0.001445
Iter 7 of 11 loss -0.1681, Img Sim: -0.169589, Reg: 0.001517
Iter 8 of 11 loss -0.1026, Img Sim: -0.104145, Reg: 0.001549
Iter 9 of 11 loss -0.2289, Img Sim: -0.230526, Reg: 0.001672
Iter 10 of 11 loss -0.1713, Img Sim: -0.172684, Reg: 0.001345
New_Post_55_epoh_ModeTv2 Epoch 12 loss -0.1834
12 : 0.0027501014378578394
12 : 0.0013750507189289197
12 : 0.0009167004792859464
Training Starts
Iter 0 of 11 loss -0.2156, Img Sim: -0.217049, Reg: 0.001450
Iter 1 of 11 loss -0.1837, Img Sim: -0.185186, Reg: 0.001487
Iter 2 of 11 loss -0.1715, Img Sim: -0.172895, Reg: 0.001392
Iter 3 of 11 loss -0.1407, Img Sim: -0.142230, Reg: 0.001532
Iter 4 of 11 loss -0.1664, Img Sim: -0.168090, Reg: 0.001666
Iter 5 of 11 loss -0.2265, Img Sim: -0.228350, Reg: 0.001886
Iter 6 of 11 loss -0.1771, Img Sim: -0.178767, Reg: 0.001682
Iter 7 of 11 loss -0.2230, Img Sim: -0.224853, Reg: 0.001808
Iter 8 of 11 loss -0.0995, Img Sim: -0.101463, Reg: 0.001952
Iter 9 of 11 loss -0.2144, Img Sim: -0.216119, Reg: 0.001700
Iter 10 of 11 loss -0.1829, Img Sim: -0.184843, Reg: 0.001977
New_Post_55_epoh_ModeTv2 Epoch 13 loss -0.1819
13 : 0.002797363140980526
13 : 0.001398681570490263
13 : 0.0009324543803268421
Training Starts
Iter 0 of 11 loss -0.2152, Img Sim: -0.216945, Reg: 0.001766
Iter 1 of 11 loss -0.2245, Img Sim: -0.226931, Reg: 0.002390
Iter 2 of 11 loss -0.2162, Img Sim: -0.218234, Reg: 0.001995
Iter 3 of 11 loss -0.1793, Img Sim: -0.181476, Reg: 0.002218
Iter 4 of 11 loss -0.1865, Img Sim: -0.188479, Reg: 0.002016
Iter 5 of 11 loss -0.1747, Img Sim: -0.176576, Reg: 0.001848
Iter 6 of 11 loss -0.1031, Img Sim: -0.105497, Reg: 0.002387
Iter 7 of 11 loss -0.2208, Img Sim: -0.222997, Reg: 0.002245
Iter 8 of 11 loss -0.1856, Img Sim: -0.187751, Reg: 0.002112
Iter 9 of 11 loss -0.1650, Img Sim: -0.167193, Reg: 0.002175
Iter 10 of 11 loss -0.1404, Img Sim: -0.142404, Reg: 0.001978
New_Post_55_epoh_ModeTv2 Epoch 14 loss -0.1829
14 : 0.0029565006660660967
14 : 0.0014782503330330484
14 : 0.0009855002220220323
Training Starts
Iter 0 of 11 loss -0.1868, Img Sim: -0.188804, Reg: 0.002009
Iter 1 of 11 loss -0.1031, Img Sim: -0.105552, Reg: 0.002450
Iter 2 of 11 loss -0.2225, Img Sim: -0.225232, Reg: 0.002706
Iter 3 of 11 loss -0.1791, Img Sim: -0.181753, Reg: 0.002618
Iter 4 of 11 loss -0.2198, Img Sim: -0.221643, Reg: 0.001887
Iter 5 of 11 loss -0.1844, Img Sim: -0.186961, Reg: 0.002512
Iter 6 of 11 loss -0.1808, Img Sim: -0.182916, Reg: 0.002093
Iter 7 of 11 loss -0.2213, Img Sim: -0.223652, Reg: 0.002393
Iter 8 of 11 loss -0.1389, Img Sim: -0.141551, Reg: 0.002695
Iter 9 of 11 loss -0.1618, Img Sim: -0.164503, Reg: 0.002709
Iter 10 of 11 loss -0.2168, Img Sim: -0.219187, Reg: 0.002364
New_Post_55_epoh_ModeTv2 Epoch 15 loss -0.1832
15 : 0.0030312818342943222
15 : 0.0015156409171471611
15 : 0.0010104272780981074
Training Starts
Iter 0 of 11 loss -0.1869, Img Sim: -0.189324, Reg: 0.002421
Iter 1 of 11 loss -0.1607, Img Sim: -0.163607, Reg: 0.002896
Iter 2 of 11 loss -0.1822, Img Sim: -0.185067, Reg: 0.002885
Iter 3 of 11 loss -0.2149, Img Sim: -0.217544, Reg: 0.002683
Iter 4 of 11 loss -0.2187, Img Sim: -0.220967, Reg: 0.002231
Iter 5 of 11 loss -0.1379, Img Sim: -0.141023, Reg: 0.003107
Iter 6 of 11 loss -0.1815, Img Sim: -0.184086, Reg: 0.002610
Iter 7 of 11 loss -0.2152, Img Sim: -0.218982, Reg: 0.003797
Iter 8 of 11 loss -0.2183, Img Sim: -0.221353, Reg: 0.003026
Iter 9 of 11 loss -0.1750, Img Sim: -0.178560, Reg: 0.003524
Iter 10 of 11 loss -0.1031, Img Sim: -0.106883, Reg: 0.003743
New_Post_55_epoh_ModeTv2 Epoch 16 loss -0.1813
16 : 0.002777113849970167
16 : 0.0013885569249850835
16 : 0.0009257046166567224
Training Starts
Iter 0 of 11 loss -0.1814, Img Sim: -0.184800, Reg: 0.003437
Iter 1 of 11 loss -0.1737, Img Sim: -0.177448, Reg: 0.003704
Iter 2 of 11 loss -0.2134, Img Sim: -0.217399, Reg: 0.004012
Iter 3 of 11 loss -0.2089, Img Sim: -0.213006, Reg: 0.004103
Iter 4 of 11 loss -0.1589, Img Sim: -0.162573, Reg: 0.003700
Iter 5 of 11 loss -0.1858, Img Sim: -0.189256, Reg: 0.003412
Iter 6 of 11 loss -0.1360, Img Sim: -0.139477, Reg: 0.003513
Iter 7 of 11 loss -0.1009, Img Sim: -0.105248, Reg: 0.004369
Iter 8 of 11 loss -0.1747, Img Sim: -0.178027, Reg: 0.003358
Iter 9 of 11 loss -0.2105, Img Sim: -0.214346, Reg: 0.003890
Iter 10 of 11 loss -0.2146, Img Sim: -0.217559, Reg: 0.002962
New_Post_55_epoh_ModeTv2 Epoch 17 loss -0.1781
17 : 0.0023702667519214446
17 : 0.0011851333759607223
17 : 0.0007900889173071482
Training Starts
Iter 0 of 11 loss -0.1727, Img Sim: -0.176205, Reg: 0.003524
Iter 1 of 11 loss -0.1814, Img Sim: -0.185200, Reg: 0.003807
Iter 2 of 11 loss -0.1782, Img Sim: -0.182358, Reg: 0.004199
Iter 3 of 11 loss -0.2104, Img Sim: -0.215089, Reg: 0.004691
Iter 4 of 11 loss -0.1542, Img Sim: -0.158567, Reg: 0.004417
Iter 5 of 11 loss -0.1982, Img Sim: -0.203833, Reg: 0.005604
Iter 6 of 11 loss -0.2134, Img Sim: -0.216598, Reg: 0.003213
Iter 7 of 11 loss -0.2077, Img Sim: -0.211998, Reg: 0.004322
Iter 8 of 11 loss -0.0960, Img Sim: -0.100879, Reg: 0.004901
Iter 9 of 11 loss -0.1693, Img Sim: -0.174033, Reg: 0.004726
Iter 10 of 11 loss -0.1321, Img Sim: -0.136373, Reg: 0.004310
New_Post_55_epoh_ModeTv2 Epoch 18 loss -0.1739
18 : 0.0020665181707870115
18 : 0.0010332590853935058
18 : 0.0006888393902623372
Training Starts
Iter 0 of 11 loss -0.1319, Img Sim: -0.136294, Reg: 0.004414
Iter 1 of 11 loss -0.1794, Img Sim: -0.183941, Reg: 0.004543
Iter 2 of 11 loss -0.1927, Img Sim: -0.198545, Reg: 0.005879
Iter 3 of 11 loss -0.1689, Img Sim: -0.173213, Reg: 0.004305
Iter 4 of 11 loss -0.1793, Img Sim: -0.183811, Reg: 0.004496
Iter 5 of 11 loss -0.2079, Img Sim: -0.212762, Reg: 0.004904
Iter 6 of 11 loss -0.1541, Img Sim: -0.159438, Reg: 0.005314
Iter 7 of 11 loss -0.2107, Img Sim: -0.214723, Reg: 0.004014
Iter 8 of 11 loss -0.1682, Img Sim: -0.173499, Reg: 0.005323
Iter 9 of 11 loss -0.0939, Img Sim: -0.099807, Reg: 0.005913
Iter 10 of 11 loss -0.2083, Img Sim: -0.214518, Reg: 0.006237
New_Post_55_epoh_ModeTv2 Epoch 19 loss -0.1723
19 : 0.001918570821846658
19 : 0.000959285410923329
19 : 0.0006395236072822193
Training Starts
Iter 0 of 11 loss -0.1856, Img Sim: -0.192986, Reg: 0.007392
Iter 1 of 11 loss -0.1509, Img Sim: -0.156711, Reg: 0.005801
Iter 2 of 11 loss -0.2066, Img Sim: -0.212914, Reg: 0.006358
Iter 3 of 11 loss -0.1722, Img Sim: -0.177218, Reg: 0.005024
Iter 4 of 11 loss -0.1634, Img Sim: -0.168085, Reg: 0.004665
Iter 5 of 11 loss -0.1645, Img Sim: -0.169951, Reg: 0.005407
Iter 6 of 11 loss -0.2010, Img Sim: -0.206512, Reg: 0.005518
Iter 7 of 11 loss -0.2104, Img Sim: -0.214479, Reg: 0.004111
Iter 8 of 11 loss -0.1287, Img Sim: -0.134027, Reg: 0.005364
Iter 9 of 11 loss -0.1715, Img Sim: -0.177439, Reg: 0.005928
Iter 10 of 11 loss -0.0890, Img Sim: -0.095591, Reg: 0.006596
New_Post_55_epoh_ModeTv2 Epoch 20 loss -0.1676
20 : 0.0019045240249535946
20 : 0.0009522620124767973
20 : 0.0006348413416511982
Training Starts
Iter 0 of 11 loss -0.0887, Img Sim: -0.095314, Reg: 0.006614
Iter 1 of 11 loss -0.2096, Img Sim: -0.214063, Reg: 0.004507
Iter 2 of 11 loss -0.1983, Img Sim: -0.204069, Reg: 0.005754
Iter 3 of 11 loss -0.1688, Img Sim: -0.174266, Reg: 0.005433
Iter 4 of 11 loss -0.1720, Img Sim: -0.178247, Reg: 0.006284
Iter 5 of 11 loss -0.1579, Img Sim: -0.163142, Reg: 0.005231
Iter 6 of 11 loss -0.2028, Img Sim: -0.209977, Reg: 0.007153
Iter 7 of 11 loss -0.1478, Img Sim: -0.154264, Reg: 0.006512
Iter 8 of 11 loss -0.1656, Img Sim: -0.171976, Reg: 0.006361
Iter 9 of 11 loss -0.1906, Img Sim: -0.198577, Reg: 0.008010
Iter 10 of 11 loss -0.1313, Img Sim: -0.136749, Reg: 0.005458
New_Post_55_epoh_ModeTv2 Epoch 21 loss -0.1667
21 : 0.002005605832531452
21 : 0.001002802916265726
21 : 0.0006685352775104839
Training Starts
Iter 0 of 11 loss -0.0924, Img Sim: -0.098597, Reg: 0.006215
Iter 1 of 11 loss -0.2065, Img Sim: -0.211339, Reg: 0.004839
Iter 2 of 11 loss -0.1585, Img Sim: -0.164551, Reg: 0.006067
Iter 3 of 11 loss -0.1562, Img Sim: -0.160755, Reg: 0.004529
Iter 4 of 11 loss -0.1381, Img Sim: -0.142798, Reg: 0.004680
Iter 5 of 11 loss -0.2004, Img Sim: -0.208291, Reg: 0.007879
Iter 6 of 11 loss -0.1795, Img Sim: -0.184834, Reg: 0.005309
Iter 7 of 11 loss -0.1853, Img Sim: -0.190131, Reg: 0.004816
Iter 8 of 11 loss -0.1702, Img Sim: -0.175140, Reg: 0.004918
Iter 9 of 11 loss -0.1915, Img Sim: -0.196258, Reg: 0.004756
Iter 10 of 11 loss -0.2127, Img Sim: -0.217895, Reg: 0.005164
New_Post_55_epoh_ModeTv2 Epoch 22 loss -0.1719
22 : 0.002820515784158814
22 : 0.0014128779702615789
22 : 0.0009419186468410525
Training Starts
Iter 0 of 11 loss -0.2097, Img Sim: -0.214185, Reg: 0.004477
Iter 1 of 11 loss -0.2127, Img Sim: -0.217744, Reg: 0.005061
Iter 2 of 11 loss -0.1631, Img Sim: -0.168164, Reg: 0.005016
Iter 3 of 11 loss -0.1560, Img Sim: -0.160262, Reg: 0.004264
Iter 4 of 11 loss -0.1007, Img Sim: -0.105418, Reg: 0.004761
Iter 5 of 11 loss -0.1850, Img Sim: -0.190017, Reg: 0.005061
Iter 6 of 11 loss -0.1391, Img Sim: -0.143113, Reg: 0.003978
Iter 7 of 11 loss -0.1680, Img Sim: -0.173560, Reg: 0.005525
Iter 8 of 11 loss -0.1881, Img Sim: -0.193049, Reg: 0.004989
Iter 9 of 11 loss -0.1821, Img Sim: -0.187314, Reg: 0.005243
Iter 10 of 11 loss -0.1959, Img Sim: -0.205152, Reg: 0.009230
New_Post_55_epoh_ModeTv2 Epoch 23 loss -0.1728
23 : 0.002364822298882057
23 : 0.0011824111494410285
23 : 0.0007882740996273523
Training Starts
Iter 0 of 11 loss -0.1661, Img Sim: -0.172109, Reg: 0.006013
Iter 1 of 11 loss -0.2079, Img Sim: -0.212984, Reg: 0.005132
Iter 2 of 11 loss -0.1539, Img Sim: -0.158772, Reg: 0.004852
Iter 3 of 11 loss -0.1898, Img Sim: -0.195552, Reg: 0.005746
Iter 4 of 11 loss -0.1821, Img Sim: -0.188254, Reg: 0.006176
Iter 5 of 11 loss -0.1314, Img Sim: -0.136592, Reg: 0.005171
Iter 6 of 11 loss -0.0918, Img Sim: -0.098427, Reg: 0.006608
Iter 7 of 11 loss -0.1687, Img Sim: -0.175604, Reg: 0.006859
Iter 8 of 11 loss -0.2080, Img Sim: -0.215188, Reg: 0.007141
Iter 9 of 11 loss -0.1794, Img Sim: -0.189356, Reg: 0.009932
Iter 10 of 11 loss -0.1520, Img Sim: -0.159070, Reg: 0.007068
New_Post_55_epoh_ModeTv2 Epoch 24 loss -0.1665
24 : 0.0020033992099707373
24 : 0.0010016996049853687
24 : 0.0006677997366569124
Training Starts
Iter 0 of 11 loss -0.2042, Img Sim: -0.212421, Reg: 0.008232
Iter 1 of 11 loss -0.1480, Img Sim: -0.156401, Reg: 0.008365
Iter 2 of 11 loss -0.1266, Img Sim: -0.134043, Reg: 0.007452
Iter 3 of 11 loss -0.1651, Img Sim: -0.174514, Reg: 0.009443
Iter 4 of 11 loss -0.1647, Img Sim: -0.173136, Reg: 0.008454
Iter 5 of 11 loss -0.1593, Img Sim: -0.168215, Reg: 0.008957
Iter 6 of 11 loss -0.1449, Img Sim: -0.152294, Reg: 0.007424
Iter 7 of 11 loss -0.1753, Img Sim: -0.184920, Reg: 0.009631
Iter 8 of 11 loss -0.1715, Img Sim: -0.184093, Reg: 0.012601
Iter 9 of 11 loss -0.0853, Img Sim: -0.095445, Reg: 0.010163
Iter 10 of 11 loss -0.1907, Img Sim: -0.198272, Reg: 0.007614
New_Post_55_epoh_ModeTv2 Epoch 25 loss -0.1578
25 : 0.001833731643757517
25 : 0.0009168658218787585
25 : 0.0006112438812525057
Training Starts
Iter 0 of 11 loss -0.1704, Img Sim: -0.180709, Reg: 0.010297
Iter 1 of 11 loss -0.1624, Img Sim: -0.171663, Reg: 0.009282
Iter 2 of 11 loss -0.0837, Img Sim: -0.094245, Reg: 0.010508
Iter 3 of 11 loss -0.1214, Img Sim: -0.131275, Reg: 0.009866
Iter 4 of 11 loss -0.1590, Img Sim: -0.173788, Reg: 0.014752
Iter 5 of 11 loss -0.1600, Img Sim: -0.171518, Reg: 0.011565
Iter 6 of 11 loss -0.1420, Img Sim: -0.152042, Reg: 0.010035
Iter 7 of 11 loss -0.1865, Img Sim: -0.194524, Reg: 0.008035
Iter 8 of 11 loss -0.1389, Img Sim: -0.151005, Reg: 0.012097
Iter 9 of 11 loss -0.1375, Img Sim: -0.145880, Reg: 0.008353
Iter 10 of 11 loss -0.1809, Img Sim: -0.192954, Reg: 0.012056
New_Post_55_epoh_ModeTv2 Epoch 26 loss -0.1493
26 : 0.001438721660341477
26 : 0.0007200383727508377
26 : 0.0004800255818338918
Training Starts
Iter 0 of 11 loss -0.1371, Img Sim: -0.145456, Reg: 0.008383
Iter 1 of 11 loss -0.1351, Img Sim: -0.144912, Reg: 0.009845
Iter 2 of 11 loss -0.1815, Img Sim: -0.193957, Reg: 0.012458
Iter 3 of 11 loss -0.1838, Img Sim: -0.191780, Reg: 0.007939
Iter 4 of 11 loss -0.1708, Img Sim: -0.182239, Reg: 0.011455
Iter 5 of 11 loss -0.1523, Img Sim: -0.166200, Reg: 0.013886
Iter 6 of 11 loss -0.1518, Img Sim: -0.163377, Reg: 0.011537
Iter 7 of 11 loss -0.0769, Img Sim: -0.088758, Reg: 0.011858
Iter 8 of 11 loss -0.1332, Img Sim: -0.145275, Reg: 0.012032
Iter 9 of 11 loss -0.1411, Img Sim: -0.151710, Reg: 0.010596
Iter 10 of 11 loss -0.1109, Img Sim: -0.122440, Reg: 0.011566
New_Post_55_epoh_ModeTv2 Epoch 27 loss -0.1431
27 : 0.0013629000725374017
27 : 0.0006820718030812213
27 : 0.0004547145353874809
Training Starts
Iter 0 of 11 loss -0.1440, Img Sim: -0.160268, Reg: 0.016229
Iter 1 of 11 loss -0.1294, Img Sim: -0.141236, Reg: 0.011862
Iter 2 of 11 loss -0.1340, Img Sim: -0.143630, Reg: 0.009620
Iter 3 of 11 loss -0.1808, Img Sim: -0.188762, Reg: 0.007975
Iter 4 of 11 loss -0.1695, Img Sim: -0.178731, Reg: 0.009263
Iter 5 of 11 loss -0.1433, Img Sim: -0.152946, Reg: 0.009651
Iter 6 of 11 loss -0.1311, Img Sim: -0.139856, Reg: 0.008739
Iter 7 of 11 loss -0.0743, Img Sim: -0.082926, Reg: 0.008644
Iter 8 of 11 loss -0.1062, Img Sim: -0.118474, Reg: 0.012318
Iter 9 of 11 loss -0.1436, Img Sim: -0.155918, Reg: 0.012299
Iter 10 of 11 loss -0.1656, Img Sim: -0.175557, Reg: 0.009926
New_Post_55_epoh_ModeTv2 Epoch 28 loss -0.1383
28 : 0.0011550077157755588
28 : 0.0005779986286555007
28 : 0.00038533241910366714
Training Starts
Iter 0 of 11 loss -0.1290, Img Sim: -0.138856, Reg: 0.009875
Iter 1 of 11 loss -0.1464, Img Sim: -0.156380, Reg: 0.009990
Iter 2 of 11 loss -0.1666, Img Sim: -0.176878, Reg: 0.010327
Iter 3 of 11 loss -0.1255, Img Sim: -0.136307, Reg: 0.010785
Iter 4 of 11 loss -0.1492, Img Sim: -0.160962, Reg: 0.011750
Iter 5 of 11 loss -0.0739, Img Sim: -0.083828, Reg: 0.009955
Iter 6 of 11 loss -0.1038, Img Sim: -0.115704, Reg: 0.011904
Iter 7 of 11 loss -0.1644, Img Sim: -0.171186, Reg: 0.006757
Iter 8 of 11 loss -0.1414, Img Sim: -0.150951, Reg: 0.009592
Iter 9 of 11 loss -0.1268, Img Sim: -0.135215, Reg: 0.008465
Iter 10 of 11 loss -0.1540, Img Sim: -0.166263, Reg: 0.012241
New_Post_55_epoh_ModeTv2 Epoch 29 loss -0.1346
29 : 0.0010973492718324227
29 : 0.0005491463763080078
29 : 0.0003660975842053385
Training Starts
Iter 0 of 11 loss -0.1256, Img Sim: -0.134347, Reg: 0.008739
Iter 1 of 11 loss -0.1235, Img Sim: -0.134352, Reg: 0.010827
Iter 2 of 11 loss -0.1402, Img Sim: -0.150000, Reg: 0.009814
Iter 3 of 11 loss -0.1040, Img Sim: -0.116360, Reg: 0.012339
Iter 4 of 11 loss -0.1595, Img Sim: -0.170619, Reg: 0.011077
Iter 5 of 11 loss -0.0711, Img Sim: -0.082142, Reg: 0.011082
Iter 6 of 11 loss -0.1553, Img Sim: -0.167811, Reg: 0.012477
Iter 7 of 11 loss -0.1428, Img Sim: -0.156093, Reg: 0.013304
Iter 8 of 11 loss -0.1375, Img Sim: -0.148540, Reg: 0.011068
Iter 9 of 11 loss -0.1196, Img Sim: -0.130871, Reg: 0.011226
Iter 10 of 11 loss -0.1546, Img Sim: -0.162834, Reg: 0.008262
New_Post_55_epoh_ModeTv2 Epoch 30 loss -0.1303
30 : 0.0010371856561883774
30 : 0.0005190366988602999
30 : 0.0003460244659068666
Training Starts
Iter 0 of 11 loss -0.1361, Img Sim: -0.147824, Reg: 0.011686
Iter 1 of 11 loss -0.1369, Img Sim: -0.147166, Reg: 0.010261
Iter 2 of 11 loss -0.1194, Img Sim: -0.131173, Reg: 0.011818
Iter 3 of 11 loss -0.1586, Img Sim: -0.170598, Reg: 0.012006
Iter 4 of 11 loss -0.1523, Img Sim: -0.161153, Reg: 0.008876
Iter 5 of 11 loss -0.1056, Img Sim: -0.117873, Reg: 0.012321
Iter 6 of 11 loss -0.1175, Img Sim: -0.128540, Reg: 0.011076
Iter 7 of 11 loss -0.1211, Img Sim: -0.131915, Reg: 0.010816
Iter 8 of 11 loss -0.0713, Img Sim: -0.082142, Reg: 0.010805
Iter 9 of 11 loss -0.1355, Img Sim: -0.152799, Reg: 0.017305
Iter 10 of 11 loss -0.1570, Img Sim: -0.168859, Reg: 0.011812
New_Post_55_epoh_ModeTv2 Epoch 31 loss -0.1283
31 : 0.0009818794943730305
31 : 0.0004913546773703385
31 : 0.000327569784913559
Training Starts
Iter 0 of 11 loss -0.1188, Img Sim: -0.131895, Reg: 0.013071
Iter 1 of 11 loss -0.1566, Img Sim: -0.169117, Reg: 0.012566
Iter 2 of 11 loss -0.1198, Img Sim: -0.131610, Reg: 0.011853
Iter 3 of 11 loss -0.1346, Img Sim: -0.145854, Reg: 0.011257
Iter 4 of 11 loss -0.1556, Img Sim: -0.167941, Reg: 0.012371
Iter 5 of 11 loss -0.1421, Img Sim: -0.155164, Reg: 0.013015
Iter 6 of 11 loss -0.1103, Img Sim: -0.123379, Reg: 0.013096
Iter 7 of 11 loss -0.1230, Img Sim: -0.137908, Reg: 0.014943
Iter 8 of 11 loss -0.1030, Img Sim: -0.116724, Reg: 0.013723
Iter 9 of 11 loss -0.1236, Img Sim: -0.144627, Reg: 0.021023
Iter 10 of 11 loss -0.0675, Img Sim: -0.080615, Reg: 0.013140
New_Post_55_epoh_ModeTv2 Epoch 32 loss -0.1232
32 : 0.000955162181803567
32 : 0.0004779973582986144
32 : 0.0003186649055324096
Training Starts
Iter 0 of 11 loss -0.1488, Img Sim: -0.163773, Reg: 0.015004
Iter 1 of 11 loss -0.1398, Img Sim: -0.154243, Reg: 0.014486
Iter 2 of 11 loss -0.1166, Img Sim: -0.130887, Reg: 0.014238
Iter 3 of 11 loss -0.1309, Img Sim: -0.143727, Reg: 0.012825
Iter 4 of 11 loss -0.1134, Img Sim: -0.128367, Reg: 0.014972
Iter 5 of 11 loss -0.1077, Img Sim: -0.121750, Reg: 0.014069
Iter 6 of 11 loss -0.1005, Img Sim: -0.115272, Reg: 0.014788
Iter 7 of 11 loss -0.1181, Img Sim: -0.141835, Reg: 0.023721
Iter 8 of 11 loss -0.0652, Img Sim: -0.079392, Reg: 0.014171
Iter 9 of 11 loss -0.1513, Img Sim: -0.165446, Reg: 0.014167
Iter 10 of 11 loss -0.1148, Img Sim: -0.131902, Reg: 0.017109
New_Post_55_epoh_ModeTv2 Epoch 33 loss -0.1188
33 : 0.0009664514595410762
33 : 0.00048365476627465427
33 : 0.0003224365108497695
Training Starts
Iter 0 of 11 loss -0.1381, Img Sim: -0.154351, Reg: 0.016279
Iter 1 of 11 loss -0.1531, Img Sim: -0.167561, Reg: 0.014472
Iter 2 of 11 loss -0.1127, Img Sim: -0.128684, Reg: 0.016031
Iter 3 of 11 loss -0.1140, Img Sim: -0.139615, Reg: 0.025594
Iter 4 of 11 loss -0.1335, Img Sim: -0.148754, Reg: 0.015208
Iter 5 of 11 loss -0.1117, Img Sim: -0.126821, Reg: 0.015124
Iter 6 of 11 loss -0.0987, Img Sim: -0.115877, Reg: 0.017214
Iter 7 of 11 loss -0.1393, Img Sim: -0.158710, Reg: 0.019386
Iter 8 of 11 loss -0.1136, Img Sim: -0.131570, Reg: 0.017921
Iter 9 of 11 loss -0.1168, Img Sim: -0.135431, Reg: 0.018605
Iter 10 of 11 loss -0.0631, Img Sim: -0.080930, Reg: 0.017853
New_Post_55_epoh_ModeTv2 Epoch 34 loss -0.1177
34 : 0.0010518706337002567
34 : 0.0005263965808240906
34 : 0.0003509310538827271
Training Starts
Iter 0 of 11 loss -0.1137, Img Sim: -0.140913, Reg: 0.027170
Iter 1 of 11 loss -0.0637, Img Sim: -0.081864, Reg: 0.018138
Iter 2 of 11 loss -0.1133, Img Sim: -0.130423, Reg: 0.017134
Iter 3 of 11 loss -0.1389, Img Sim: -0.157510, Reg: 0.018633
Iter 4 of 11 loss -0.1557, Img Sim: -0.170076, Reg: 0.014396
Iter 5 of 11 loss -0.1132, Img Sim: -0.128847, Reg: 0.015688
Iter 6 of 11 loss -0.1304, Img Sim: -0.146821, Reg: 0.016418
Iter 7 of 11 loss -0.1179, Img Sim: -0.136280, Reg: 0.018345
Iter 8 of 11 loss -0.1080, Img Sim: -0.125115, Reg: 0.017161
Iter 9 of 11 loss -0.1161, Img Sim: -0.133923, Reg: 0.017865
Iter 10 of 11 loss -0.1429, Img Sim: -0.160917, Reg: 0.018001
New_Post_55_epoh_ModeTv2 Epoch 35 loss -0.1194
35 : 0.0013412609688200343
35 : 0.000671073422078915
35 : 0.0004473822813859433
Training Starts
Iter 0 of 11 loss -0.1184, Img Sim: -0.135987, Reg: 0.017613
Iter 1 of 11 loss -0.1428, Img Sim: -0.160162, Reg: 0.017387
Iter 2 of 11 loss -0.1287, Img Sim: -0.143975, Reg: 0.015292
Iter 3 of 11 loss -0.1013, Img Sim: -0.129134, Reg: 0.027847
Iter 4 of 11 loss -0.1154, Img Sim: -0.132480, Reg: 0.017086
Iter 5 of 11 loss -0.1151, Img Sim: -0.130427, Reg: 0.015281
Iter 6 of 11 loss -0.1531, Img Sim: -0.167044, Reg: 0.013897
Iter 7 of 11 loss -0.1141, Img Sim: -0.129022, Reg: 0.014971
Iter 8 of 11 loss -0.1479, Img Sim: -0.164227, Reg: 0.016373
Iter 9 of 11 loss -0.1184, Img Sim: -0.135799, Reg: 0.017376
Iter 10 of 11 loss -0.0682, Img Sim: -0.085411, Reg: 0.017232
New_Post_55_epoh_ModeTv2 Epoch 36 loss -0.1203
36 : 0.0014275121213455973
36 : 0.000714224610660492
36 : 0.00047614974044032796
Training Starts
Iter 0 of 11 loss -0.1454, Img Sim: -0.162038, Reg: 0.016686
Iter 1 of 11 loss -0.1533, Img Sim: -0.167328, Reg: 0.014003
Iter 2 of 11 loss -0.0683, Img Sim: -0.085270, Reg: 0.016977
Iter 3 of 11 loss -0.1499, Img Sim: -0.166036, Reg: 0.016116
Iter 4 of 11 loss -0.1191, Img Sim: -0.136365, Reg: 0.017247
Iter 5 of 11 loss -0.1311, Img Sim: -0.146742, Reg: 0.015611
Iter 6 of 11 loss -0.1157, Img Sim: -0.135500, Reg: 0.019795
Iter 7 of 11 loss -0.1132, Img Sim: -0.132344, Reg: 0.019153
Iter 8 of 11 loss -0.1047, Img Sim: -0.133749, Reg: 0.029068
Iter 9 of 11 loss -0.1138, Img Sim: -0.130636, Reg: 0.016829
Iter 10 of 11 loss -0.1038, Img Sim: -0.123363, Reg: 0.019604
New_Post_55_epoh_ModeTv2 Epoch 37 loss -0.1198
37 : 0.0013722533644141247
37 : 0.0006866232933327061
37 : 0.0004577488622218041
Training Starts
Iter 0 of 11 loss -0.1400, Img Sim: -0.161715, Reg: 0.021731
Iter 1 of 11 loss -0.1097, Img Sim: -0.129911, Reg: 0.020219
Iter 2 of 11 loss -0.1511, Img Sim: -0.168020, Reg: 0.016941
Iter 3 of 11 loss -0.1133, Img Sim: -0.136979, Reg: 0.023696
Iter 4 of 11 loss -0.1138, Img Sim: -0.130350, Reg: 0.016517
Iter 5 of 11 loss -0.1108, Img Sim: -0.138773, Reg: 0.028016
Iter 6 of 11 loss -0.0653, Img Sim: -0.085657, Reg: 0.020318
Iter 7 of 11 loss -0.1021, Img Sim: -0.121496, Reg: 0.019378
Iter 8 of 11 loss -0.1308, Img Sim: -0.148751, Reg: 0.017928
Iter 9 of 11 loss -0.1322, Img Sim: -0.155869, Reg: 0.023686
Iter 10 of 11 loss -0.1163, Img Sim: -0.136595, Reg: 0.020322
New_Post_55_epoh_ModeTv2 Epoch 38 loss -0.1169
38 : 0.0011897730535154005
38 : 0.0005953848250689326
38 : 0.00039692321671262173
Training Starts
Iter 0 of 11 loss -0.1474, Img Sim: -0.164264, Reg: 0.016901
Iter 1 of 11 loss -0.1072, Img Sim: -0.124050, Reg: 0.016848
Iter 2 of 11 loss -0.1317, Img Sim: -0.149080, Reg: 0.017358
Iter 3 of 11 loss -0.1170, Img Sim: -0.137742, Reg: 0.020693
Iter 4 of 11 loss -0.1129, Img Sim: -0.133633, Reg: 0.020703
Iter 5 of 11 loss -0.1250, Img Sim: -0.149067, Reg: 0.024107
Iter 6 of 11 loss -0.1111, Img Sim: -0.125406, Reg: 0.014346
Iter 7 of 11 loss -0.0946, Img Sim: -0.132357, Reg: 0.037787
Iter 8 of 11 loss -0.1368, Img Sim: -0.156155, Reg: 0.019305
Iter 9 of 11 loss -0.1044, Img Sim: -0.129392, Reg: 0.024980
Iter 10 of 11 loss -0.0603, Img Sim: -0.082276, Reg: 0.022001
New_Post_55_epoh_ModeTv2 Epoch 39 loss -0.1135
39 : 0.0012143366106599288
39 : 0.0006076466547565349
39 : 0.00040509776983768995
Training Starts
Iter 0 of 11 loss -0.1034, Img Sim: -0.120254, Reg: 0.016891
Iter 1 of 11 loss -0.0925, Img Sim: -0.131626, Reg: 0.039113
Iter 2 of 11 loss -0.1045, Img Sim: -0.129552, Reg: 0.025047
Iter 3 of 11 loss -0.1291, Img Sim: -0.146829, Reg: 0.017757
Iter 4 of 11 loss -0.1187, Img Sim: -0.139409, Reg: 0.020707
Iter 5 of 11 loss -0.1356, Img Sim: -0.155294, Reg: 0.019707
Iter 6 of 11 loss -0.0602, Img Sim: -0.082482, Reg: 0.022289
Iter 7 of 11 loss -0.1407, Img Sim: -0.157402, Reg: 0.016734
Iter 8 of 11 loss -0.1180, Img Sim: -0.144462, Reg: 0.026419
Iter 9 of 11 loss -0.1043, Img Sim: -0.125077, Reg: 0.020805
Iter 10 of 11 loss -0.1143, Img Sim: -0.137560, Reg: 0.023283
New_Post_55_epoh_ModeTv2 Epoch 40 loss -0.1110
40 : 0.0012096657994766565
40 : 0.0006053241047132184
40 : 0.0004035494031421456
Training Starts
Iter 0 of 11 loss -0.1026, Img Sim: -0.124148, Reg: 0.021558
Iter 1 of 11 loss -0.1185, Img Sim: -0.145417, Reg: 0.026917
Iter 2 of 11 loss -0.1046, Img Sim: -0.123205, Reg: 0.018609
Iter 3 of 11 loss -0.1245, Img Sim: -0.144837, Reg: 0.020322
Iter 4 of 11 loss -0.1086, Img Sim: -0.134814, Reg: 0.026249
Iter 5 of 11 loss -0.0576, Img Sim: -0.081205, Reg: 0.023580
Iter 6 of 11 loss -0.1402, Img Sim: -0.159046, Reg: 0.018891
Iter 7 of 11 loss -0.1121, Img Sim: -0.135260, Reg: 0.023113
Iter 8 of 11 loss -0.1188, Img Sim: -0.139697, Reg: 0.020849
Iter 9 of 11 loss -0.1333, Img Sim: -0.159122, Reg: 0.025772
Iter 10 of 11 loss -0.0967, Img Sim: -0.133633, Reg: 0.036936
New_Post_55_epoh_ModeTv2 Epoch 41 loss -0.1107
41 : 0.001299892897999841
41 : 0.0006504549785663017
41 : 0.0004336366523775345
Training Starts
Iter 0 of 11 loss -0.0972, Img Sim: -0.119504, Reg: 0.022271
Iter 1 of 11 loss -0.0946, Img Sim: -0.132943, Reg: 0.038322
Iter 2 of 11 loss -0.1114, Img Sim: -0.135624, Reg: 0.024248
Iter 3 of 11 loss -0.1359, Img Sim: -0.162033, Reg: 0.026161
Iter 4 of 11 loss -0.1191, Img Sim: -0.140890, Reg: 0.021785
Iter 5 of 11 loss -0.0584, Img Sim: -0.082972, Reg: 0.024617
Iter 6 of 11 loss -0.1139, Img Sim: -0.141832, Reg: 0.027943
Iter 7 of 11 loss -0.1198, Img Sim: -0.140853, Reg: 0.021039
Iter 8 of 11 loss -0.1107, Img Sim: -0.130397, Reg: 0.019703
Iter 9 of 11 loss -0.1258, Img Sim: -0.152575, Reg: 0.026801
Iter 10 of 11 loss -0.1437, Img Sim: -0.164391, Reg: 0.020661
New_Post_55_epoh_ModeTv2 Epoch 42 loss -0.1119
42 : 0.0013779398191773966
42 : 0.0006895334886311781
42 : 0.00045968899242078545
Training Starts
Iter 0 of 11 loss -0.0604, Img Sim: -0.083311, Reg: 0.022916
Iter 1 of 11 loss -0.1284, Img Sim: -0.154908, Reg: 0.026534
Iter 2 of 11 loss -0.0986, Img Sim: -0.118767, Reg: 0.020168
Iter 3 of 11 loss -0.1469, Img Sim: -0.170645, Reg: 0.023773
Iter 4 of 11 loss -0.1211, Img Sim: -0.140998, Reg: 0.019931
Iter 5 of 11 loss -0.0929, Img Sim: -0.137562, Reg: 0.044700
Iter 6 of 11 loss -0.1135, Img Sim: -0.133736, Reg: 0.020191
Iter 7 of 11 loss -0.1221, Img Sim: -0.150431, Reg: 0.028331
Iter 8 of 11 loss -0.1199, Img Sim: -0.140805, Reg: 0.020896
Iter 9 of 11 loss -0.1478, Img Sim: -0.168775, Reg: 0.020948
Iter 10 of 11 loss -0.1234, Img Sim: -0.146072, Reg: 0.022630
New_Post_55_epoh_ModeTv2 Epoch 43 loss -0.1159
43 : 0.0014532727873588591
43 : 0.0007272278856587494
43 : 0.00048481859043916623
Training Starts
Iter 0 of 11 loss -0.1001, Img Sim: -0.119387, Reg: 0.019323
Iter 1 of 11 loss -0.0619, Img Sim: -0.083365, Reg: 0.021496
Iter 2 of 11 loss -0.1336, Img Sim: -0.160085, Reg: 0.026500
Iter 3 of 11 loss -0.1248, Img Sim: -0.148129, Reg: 0.023364
Iter 4 of 11 loss -0.1252, Img Sim: -0.154311, Reg: 0.029124
Iter 5 of 11 loss -0.1464, Img Sim: -0.168074, Reg: 0.021626
Iter 6 of 11 loss -0.1192, Img Sim: -0.140621, Reg: 0.021395
Iter 7 of 11 loss -0.1233, Img Sim: -0.146049, Reg: 0.022737
Iter 8 of 11 loss -0.1414, Img Sim: -0.167396, Reg: 0.025970
Iter 9 of 11 loss -0.0937, Img Sim: -0.140543, Reg: 0.046863
Iter 10 of 11 loss -0.1114, Img Sim: -0.133104, Reg: 0.021689
New_Post_55_epoh_ModeTv2 Epoch 44 loss -0.1165
44 : 0.0013751929292631724
44 : 0.0006875964646315862
44 : 0.0004583976430877241
Training Starts
Iter 0 of 11 loss -0.0936, Img Sim: -0.140610, Reg: 0.046971
Iter 1 of 11 loss -0.1281, Img Sim: -0.157330, Reg: 0.029184
Iter 2 of 11 loss -0.1415, Img Sim: -0.168047, Reg: 0.026507
Iter 3 of 11 loss -0.1329, Img Sim: -0.161074, Reg: 0.028179
Iter 4 of 11 loss -0.1272, Img Sim: -0.151931, Reg: 0.024728
Iter 5 of 11 loss -0.1249, Img Sim: -0.148509, Reg: 0.023598
Iter 6 of 11 loss -0.0618, Img Sim: -0.086202, Reg: 0.024397
Iter 7 of 11 loss -0.1214, Img Sim: -0.143736, Reg: 0.022381
Iter 8 of 11 loss -0.0970, Img Sim: -0.118989, Reg: 0.022017
Iter 9 of 11 loss -0.1466, Img Sim: -0.167742, Reg: 0.021188
Iter 10 of 11 loss -0.1105, Img Sim: -0.132383, Reg: 0.021841
New_Post_55_epoh_ModeTv2 Epoch 45 loss -0.1169
45 : 0.001354475945180632
45 : 0.000677237972590316
45 : 0.00045149198172687735
Training Starts
Iter 0 of 11 loss -0.1286, Img Sim: -0.157726, Reg: 0.029151
Iter 1 of 11 loss -0.1462, Img Sim: -0.167367, Reg: 0.021135
Iter 2 of 11 loss -0.1266, Img Sim: -0.151586, Reg: 0.025029
Iter 3 of 11 loss -0.1241, Img Sim: -0.148260, Reg: 0.024191
Iter 4 of 11 loss -0.1255, Img Sim: -0.146845, Reg: 0.021355
Iter 5 of 11 loss -0.1517, Img Sim: -0.176597, Reg: 0.024871
Iter 6 of 11 loss -0.1569, Img Sim: -0.178684, Reg: 0.021755
Iter 7 of 11 loss -0.0756, Img Sim: -0.094013, Reg: 0.018451
Iter 8 of 11 loss -0.1380, Img Sim: -0.153984, Reg: 0.015945
Iter 9 of 11 loss -0.1389, Img Sim: -0.165015, Reg: 0.026118
Iter 10 of 11 loss -0.1212, Img Sim: -0.133497, Reg: 0.012331
New_Post_55_epoh_ModeTv2 Epoch 46 loss -0.1303
46 : 0.0025582944432358022
46 : 0.0012791472216179011
46 : 0.000852764814411934
Training Starts
Iter 0 of 11 loss -0.1469, Img Sim: -0.158657, Reg: 0.011782
Iter 1 of 11 loss -0.1644, Img Sim: -0.177256, Reg: 0.012853
Iter 2 of 11 loss -0.1766, Img Sim: -0.190726, Reg: 0.014098
Iter 3 of 11 loss -0.1371, Img Sim: -0.163641, Reg: 0.026501
Iter 4 of 11 loss -0.1997, Img Sim: -0.208639, Reg: 0.008926
Iter 5 of 11 loss -0.1592, Img Sim: -0.171807, Reg: 0.012639
Iter 6 of 11 loss -0.1781, Img Sim: -0.190200, Reg: 0.012135
Iter 7 of 11 loss -0.1459, Img Sim: -0.157398, Reg: 0.011528
Iter 8 of 11 loss -0.1783, Img Sim: -0.191298, Reg: 0.013010
Iter 9 of 11 loss -0.1200, Img Sim: -0.132473, Reg: 0.012439
Iter 10 of 11 loss -0.0685, Img Sim: -0.085961, Reg: 0.017505
New_Post_55_epoh_ModeTv2 Epoch 47 loss -0.1522
47 : 0.0021596984714075977
47 : 0.0010798492357037988
47 : 0.0007198994904691992
Training Starts
Iter 0 of 11 loss -0.1592, Img Sim: -0.174908, Reg: 0.015729
Iter 1 of 11 loss -0.1375, Img Sim: -0.153313, Reg: 0.015831
Iter 2 of 11 loss -0.1732, Img Sim: -0.193403, Reg: 0.020176
Iter 3 of 11 loss -0.1166, Img Sim: -0.128646, Reg: 0.012087
Iter 4 of 11 loss -0.1272, Img Sim: -0.144447, Reg: 0.017285
Iter 5 of 11 loss -0.1703, Img Sim: -0.182628, Reg: 0.012294
Iter 6 of 11 loss -0.1360, Img Sim: -0.153545, Reg: 0.017578
Iter 7 of 11 loss -0.1189, Img Sim: -0.136713, Reg: 0.017810
Iter 8 of 11 loss -0.1637, Img Sim: -0.180254, Reg: 0.016603
Iter 9 of 11 loss -0.0625, Img Sim: -0.076827, Reg: 0.014354
Iter 10 of 11 loss -0.1444, Img Sim: -0.173878, Reg: 0.029467
New_Post_55_epoh_ModeTv2 Epoch 48 loss -0.1372
48 : 0.0015817176968870134
48 : 0.0007913497833307788
48 : 0.0005275665222205193
Training Starts
Iter 0 of 11 loss -0.1134, Img Sim: -0.129935, Reg: 0.016507
Iter 1 of 11 loss -0.1138, Img Sim: -0.132434, Reg: 0.018596
Iter 2 of 11 loss -0.1649, Img Sim: -0.184351, Reg: 0.019498
Iter 3 of 11 loss -0.1358, Img Sim: -0.154770, Reg: 0.018975
Iter 4 of 11 loss -0.1183, Img Sim: -0.161305, Reg: 0.042968
Iter 5 of 11 loss -0.1218, Img Sim: -0.144748, Reg: 0.022979
Iter 6 of 11 loss -0.1458, Img Sim: -0.169367, Reg: 0.023585
Iter 7 of 11 loss -0.1369, Img Sim: -0.155921, Reg: 0.019064
Iter 8 of 11 loss -0.0613, Img Sim: -0.081003, Reg: 0.019675
Iter 9 of 11 loss -0.1033, Img Sim: -0.120938, Reg: 0.017590
Iter 10 of 11 loss -0.1282, Img Sim: -0.150006, Reg: 0.021806
New_Post_55_epoh_ModeTv2 Epoch 49 loss -0.1221
49 : 0.0014284747699872598
49 : 0.0007142373849936299
49 : 0.00047615825666241996
Training Starts
Iter 0 of 11 loss -0.1533, Img Sim: -0.173072, Reg: 0.019780
Iter 1 of 11 loss -0.1629, Img Sim: -0.183760, Reg: 0.020837
Iter 2 of 11 loss -0.1069, Img Sim: -0.119875, Reg: 0.012966
Iter 3 of 11 loss -0.1380, Img Sim: -0.154846, Reg: 0.016798
Iter 4 of 11 loss -0.0646, Img Sim: -0.080173, Reg: 0.015532
Iter 5 of 11 loss -0.1307, Img Sim: -0.149725, Reg: 0.019069
Iter 6 of 11 loss -0.1092, Img Sim: -0.128340, Reg: 0.019141
Iter 7 of 11 loss -0.1310, Img Sim: -0.154477, Reg: 0.023475
Iter 8 of 11 loss -0.1277, Img Sim: -0.145704, Reg: 0.018042
Iter 9 of 11 loss -0.1214, Img Sim: -0.133845, Reg: 0.012449
Iter 10 of 11 loss -0.1465, Img Sim: -0.165166, Reg: 0.018654
New_Post_55_epoh_ModeTv2 Epoch 50 loss -0.1266
50 : 0.0014765764571120364
50 : 0.0007382882285560182
50 : 0.0004921921523706788
Training Starts
Iter 0 of 11 loss -0.1094, Img Sim: -0.129123, Reg: 0.019750
Iter 1 of 11 loss -0.1242, Img Sim: -0.152072, Reg: 0.027836
Iter 2 of 11 loss -0.0669, Img Sim: -0.080673, Reg: 0.013771
Iter 3 of 11 loss -0.1394, Img Sim: -0.155137, Reg: 0.015705
Iter 4 of 11 loss -0.1059, Img Sim: -0.118526, Reg: 0.012672
Iter 5 of 11 loss -0.1541, Img Sim: -0.172104, Reg: 0.018044
Iter 6 of 11 loss -0.1301, Img Sim: -0.151051, Reg: 0.020972
Iter 7 of 11 loss -0.1407, Img Sim: -0.163516, Reg: 0.022793
Iter 8 of 11 loss -0.1631, Img Sim: -0.184941, Reg: 0.021850
Iter 9 of 11 loss -0.1211, Img Sim: -0.144425, Reg: 0.023319
Iter 10 of 11 loss -0.1162, Img Sim: -0.134176, Reg: 0.017953
New_Post_55_epoh_ModeTv2 Epoch 51 loss -0.1246
51 : 0.0013471536473895296
51 : 0.0006735768236947648
51 : 0.00044905121579650985
Training Starts
Iter 0 of 11 loss -0.1133, Img Sim: -0.134288, Reg: 0.021021
Iter 1 of 11 loss -0.0554, Img Sim: -0.079080, Reg: 0.023676
Iter 2 of 11 loss -0.1371, Img Sim: -0.165561, Reg: 0.028480
Iter 3 of 11 loss -0.1104, Img Sim: -0.143512, Reg: 0.033101
Iter 4 of 11 loss -0.0958, Img Sim: -0.123723, Reg: 0.027938
Iter 5 of 11 loss -0.0890, Img Sim: -0.116800, Reg: 0.027804
Iter 6 of 11 loss -0.1021, Img Sim: -0.133483, Reg: 0.031421
Iter 7 of 11 loss -0.1429, Img Sim: -0.170593, Reg: 0.027663
Iter 8 of 11 loss -0.1244, Img Sim: -0.150145, Reg: 0.025759
Iter 9 of 11 loss -0.1288, Img Sim: -0.159964, Reg: 0.031123
Iter 10 of 11 loss -0.1243, Img Sim: -0.151685, Reg: 0.027426
New_Post_55_epoh_ModeTv2 Epoch 52 loss -0.1112
52 : 0.0011333487436105613
52 : 0.0005666743718052807
52 : 0.00037778291453685375
Training Starts
Iter 0 of 11 loss -0.1396, Img Sim: -0.167034, Reg: 0.027463
Iter 1 of 11 loss -0.1017, Img Sim: -0.131665, Reg: 0.029922
Iter 2 of 11 loss -0.0976, Img Sim: -0.128673, Reg: 0.031093
Iter 3 of 11 loss -0.1236, Img Sim: -0.153494, Reg: 0.029857
Iter 4 of 11 loss -0.0935, Img Sim: -0.120699, Reg: 0.027188
Iter 5 of 11 loss -0.0863, Img Sim: -0.116924, Reg: 0.030634
Iter 6 of 11 loss -0.1246, Img Sim: -0.158849, Reg: 0.034206
Iter 7 of 11 loss -0.1134, Img Sim: -0.149698, Reg: 0.036314
Iter 8 of 11 loss -0.0466, Img Sim: -0.077524, Reg: 0.030966
Iter 9 of 11 loss -0.1256, Img Sim: -0.153210, Reg: 0.027622
Iter 10 of 11 loss -0.1067, Img Sim: -0.140875, Reg: 0.034141
New_Post_55_epoh_ModeTv2 Epoch 53 loss -0.1054
53 : 0.0011715508662471434
53 : 0.0005857754331235717
53 : 0.00039051695541571447
Training Starts
Iter 0 of 11 loss -0.1034, Img Sim: -0.138152, Reg: 0.034736
Iter 1 of 11 loss -0.0879, Img Sim: -0.117417, Reg: 0.029552
Iter 2 of 11 loss -0.0875, Img Sim: -0.118149, Reg: 0.030673
Iter 3 of 11 loss -0.1162, Img Sim: -0.151147, Reg: 0.034947
Iter 4 of 11 loss -0.0460, Img Sim: -0.077546, Reg: 0.031553
Iter 5 of 11 loss -0.1063, Img Sim: -0.139825, Reg: 0.033544
Iter 6 of 11 loss -0.1342, Img Sim: -0.161126, Reg: 0.026952
Iter 7 of 11 loss -0.1037, Img Sim: -0.136364, Reg: 0.032636
Iter 8 of 11 loss -0.0814, Img Sim: -0.132289, Reg: 0.050939
Iter 9 of 11 loss -0.1215, Img Sim: -0.147845, Reg: 0.026333
Iter 10 of 11 loss -0.1265, Img Sim: -0.153871, Reg: 0.027328
New_Post_55_epoh_ModeTv2 Epoch 54 loss -0.1013
54 : 0.0013496687941593826
54 : 0.0006748343970796913
54 : 0.00044988959805312756
