Training Starts
Iter 1 of 11 loss -0.1949, Img Sim: -0.194912, Reg: 0.000000
Iter 2 of 11 loss -0.1523, Img Sim: -0.152281, Reg: 0.000000
Iter 3 of 11 loss -0.1520, Img Sim: -0.152042, Reg: 0.000000
Iter 4 of 11 loss -0.1546, Img Sim: -0.154593, Reg: 0.000000
Iter 5 of 11 loss -0.1631, Img Sim: -0.163091, Reg: 0.000000
Iter 6 of 11 loss -0.1676, Img Sim: -0.167581, Reg: 0.000001
Iter 7 of 11 loss -0.1755, Img Sim: -0.175500, Reg: 0.000002
Iter 8 of 11 loss -0.1574, Img Sim: -0.157428, Reg: 0.000002
Iter 9 of 11 loss -0.1852, Img Sim: -0.185187, Reg: 0.000004
Iter 10 of 11 loss -0.1914, Img Sim: -0.191403, Reg: 0.000005
Iter 11 of 11 loss -0.1705, Img Sim: -0.170464, Reg: 0.000009
300_epoh_post_ModeTv2_cuda_nh(84211)_hd_6_c_8_ncc_1_reg_1_lr_5e-05_54r/ Epoch 0 loss -0.1695
0 : 0.07142854578341037
0 : 0.07142854578341037
0 : 0.07142854578341037
0 : 0.07142854578341037
0 : 0.07142854578341037
0 : 0.07142854578341039
Training Starts
Iter 1 of 11 loss -0.1460, Img Sim: -0.146025, Reg: 0.000011
Iter 2 of 11 loss -0.1912, Img Sim: -0.191166, Reg: 0.000009
Iter 3 of 11 loss -0.1571, Img Sim: -0.157135, Reg: 0.000010
Iter 4 of 11 loss -0.1945, Img Sim: -0.194505, Reg: 0.000012
Iter 5 of 11 loss -0.1557, Img Sim: -0.155662, Reg: 0.000010
Iter 6 of 11 loss -0.1801, Img Sim: -0.180072, Reg: 0.000012
Iter 7 of 11 loss -0.1872, Img Sim: -0.187258, Reg: 0.000012
Iter 8 of 11 loss -0.1688, Img Sim: -0.168852, Reg: 0.000020
Iter 9 of 11 loss -0.1604, Img Sim: -0.160440, Reg: 0.000011
Iter 10 of 11 loss -0.1534, Img Sim: -0.153369, Reg: 0.000014
Iter 11 of 11 loss -0.1636, Img Sim: -0.163607, Reg: 0.000022
300_epoh_post_ModeTv2_cuda_nh(84211)_hd_6_c_8_ncc_1_reg_1_lr_5e-05_54r/ Epoch 1 loss -0.1689
1 : 0.07142854578341037
1 : 0.07142854578341037
1 : 0.07142854578341037
1 : 0.07142854578341037
1 : 0.07142854578341037
1 : 0.07142854578341039
Training Starts
Iter 1 of 11 loss -0.1552, Img Sim: -0.155229, Reg: 0.000013
Iter 2 of 11 loss -0.1571, Img Sim: -0.157083, Reg: 0.000014
Iter 3 of 11 loss -0.1936, Img Sim: -0.193617, Reg: 0.000020
Iter 4 of 11 loss -0.1883, Img Sim: -0.188318, Reg: 0.000014
Iter 5 of 11 loss -0.1536, Img Sim: -0.153621, Reg: 0.000016
Iter 6 of 11 loss -0.1612, Img Sim: -0.161196, Reg: 0.000013
Iter 7 of 11 loss -0.1628, Img Sim: -0.162818, Reg: 0.000028
Iter 8 of 11 loss -0.1902, Img Sim: -0.190247, Reg: 0.000023
Iter 9 of 11 loss -0.1689, Img Sim: -0.168962, Reg: 0.000027
Iter 10 of 11 loss -0.1788, Img Sim: -0.178803, Reg: 0.000020
Iter 11 of 11 loss -0.1652, Img Sim: -0.165226, Reg: 0.000038
300_epoh_post_ModeTv2_cuda_nh(84211)_hd_6_c_8_ncc_1_reg_1_lr_5e-05_54r/ Epoch 2 loss -0.1704
2 : 0.07142854578341037
2 : 0.07142854578341037
2 : 0.07142854578341037
2 : 0.07142854578341037
2 : 0.07142854578341037
2 : 0.07142854578341039
Training Starts
Iter 1 of 11 loss -0.1894, Img Sim: -0.189396, Reg: 0.000013
Iter 2 of 11 loss -0.1550, Img Sim: -0.155031, Reg: 0.000017
Iter 3 of 11 loss -0.1586, Img Sim: -0.158599, Reg: 0.000018
Iter 4 of 11 loss -0.1893, Img Sim: -0.189296, Reg: 0.000041
Iter 5 of 11 loss -0.1939, Img Sim: -0.193934, Reg: 0.000034
Iter 6 of 11 loss -0.1601, Img Sim: -0.160175, Reg: 0.000055
Iter 7 of 11 loss -0.1600, Img Sim: -0.160051, Reg: 0.000054
Iter 8 of 11 loss -0.1634, Img Sim: -0.163392, Reg: 0.000023
Iter 9 of 11 loss -0.1560, Img Sim: -0.156063, Reg: 0.000033
Iter 10 of 11 loss -0.1641, Img Sim: -0.164164, Reg: 0.000079
Iter 11 of 11 loss -0.1775, Img Sim: -0.177544, Reg: 0.000048
300_epoh_post_ModeTv2_cuda_nh(84211)_hd_6_c_8_ncc_1_reg_1_lr_5e-05_54r/ Epoch 3 loss -0.1697
3 : 0.07142854578341037
3 : 0.07142854578341037
3 : 0.07142854578341037
3 : 0.07142854578341037
3 : 0.07142854578341037
3 : 0.07142854578341039
Training Starts
Iter 1 of 11 loss -0.1639, Img Sim: -0.164018, Reg: 0.000091
Iter 2 of 11 loss -0.1895, Img Sim: -0.189496, Reg: 0.000031
Iter 3 of 11 loss -0.1595, Img Sim: -0.159577, Reg: 0.000099
Iter 4 of 11 loss -0.1635, Img Sim: -0.163504, Reg: 0.000037
Iter 5 of 11 loss -0.1850, Img Sim: -0.185117, Reg: 0.000079
Iter 6 of 11 loss -0.1571, Img Sim: -0.157240, Reg: 0.000116
Iter 7 of 11 loss -0.1560, Img Sim: -0.156103, Reg: 0.000054
Iter 8 of 11 loss -0.1906, Img Sim: -0.190678, Reg: 0.000086
Iter 9 of 11 loss -0.1791, Img Sim: -0.179180, Reg: 0.000086
Iter 10 of 11 loss -0.1594, Img Sim: -0.159414, Reg: 0.000053
Iter 11 of 11 loss -0.1576, Img Sim: -0.157707, Reg: 0.000072
300_epoh_post_ModeTv2_cuda_nh(84211)_hd_6_c_8_ncc_1_reg_1_lr_5e-05_54r/ Epoch 4 loss -0.1692
4 : 0.07142854578341037
4 : 0.07142854578341037
4 : 0.07142854578341037
4 : 0.07142854898904005
4 : 0.07142854834791412
4 : 0.07142854792049684
Training Starts
Iter 1 of 11 loss -0.1854, Img Sim: -0.185483, Reg: 0.000099
Iter 2 of 11 loss -0.1854, Img Sim: -0.185415, Reg: 0.000049
Iter 3 of 11 loss -0.1796, Img Sim: -0.179703, Reg: 0.000096
Iter 4 of 11 loss -0.1593, Img Sim: -0.159450, Reg: 0.000178
Iter 5 of 11 loss -0.1549, Img Sim: -0.155067, Reg: 0.000173
Iter 6 of 11 loss -0.1822, Img Sim: -0.182271, Reg: 0.000116
Iter 7 of 11 loss -0.1615, Img Sim: -0.161553, Reg: 0.000057
Iter 8 of 11 loss -0.1580, Img Sim: -0.158065, Reg: 0.000072
Iter 9 of 11 loss -0.1579, Img Sim: -0.157977, Reg: 0.000085
Iter 10 of 11 loss -0.1547, Img Sim: -0.154795, Reg: 0.000090
Iter 11 of 11 loss -0.1534, Img Sim: -0.153598, Reg: 0.000227
300_epoh_post_ModeTv2_cuda_nh(84211)_hd_6_c_8_ncc_1_reg_1_lr_5e-05_54r/ Epoch 5 loss -0.1666
5 : 0.07142854578341037
5 : 0.07142854578341037
5 : 0.07142854578341037
5 : 0.07142854578341037
5 : 0.07142854578341037
5 : 0.07142854578341039
Training Starts
Iter 1 of 11 loss -0.1574, Img Sim: -0.157485, Reg: 0.000087
Iter 2 of 11 loss -0.1563, Img Sim: -0.156569, Reg: 0.000248
Iter 3 of 11 loss -0.1568, Img Sim: -0.156868, Reg: 0.000093
Iter 4 of 11 loss -0.1733, Img Sim: -0.173462, Reg: 0.000155
Iter 5 of 11 loss -0.1550, Img Sim: -0.155157, Reg: 0.000108
Iter 6 of 11 loss -0.1805, Img Sim: -0.180693, Reg: 0.000171
Iter 7 of 11 loss -0.1530, Img Sim: -0.153243, Reg: 0.000255
Iter 8 of 11 loss -0.1603, Img Sim: -0.160403, Reg: 0.000071
Iter 9 of 11 loss -0.1696, Img Sim: -0.169909, Reg: 0.000305
Iter 10 of 11 loss -0.1855, Img Sim: -0.185670, Reg: 0.000184
Iter 11 of 11 loss -0.1822, Img Sim: -0.182230, Reg: 0.000079
300_epoh_post_ModeTv2_cuda_nh(84211)_hd_6_c_8_ncc_1_reg_1_lr_5e-05_54r/ Epoch 6 loss -0.1664
6 : 0.07142854578341037
6 : 0.07142854578341037
6 : 0.07142854578341037
6 : 0.07142854578341037
6 : 0.07142854578341037
6 : 0.07142854578341039
Training Starts
Iter 1 of 11 loss -0.1531, Img Sim: -0.153264, Reg: 0.000123
Iter 2 of 11 loss -0.1796, Img Sim: -0.179759, Reg: 0.000196
Iter 3 of 11 loss -0.1593, Img Sim: -0.159365, Reg: 0.000078
Iter 4 of 11 loss -0.1710, Img Sim: -0.171146, Reg: 0.000190
Iter 5 of 11 loss -0.1756, Img Sim: -0.175981, Reg: 0.000355
Iter 6 of 11 loss -0.1511, Img Sim: -0.151427, Reg: 0.000305
Iter 7 of 11 loss -0.1849, Img Sim: -0.185103, Reg: 0.000211
Iter 8 of 11 loss -0.1567, Img Sim: -0.156851, Reg: 0.000127
Iter 9 of 11 loss -0.1506, Img Sim: -0.150953, Reg: 0.000342
Iter 10 of 11 loss -0.1809, Img Sim: -0.180966, Reg: 0.000097
Iter 11 of 11 loss -0.1551, Img Sim: -0.155211, Reg: 0.000135
300_epoh_post_ModeTv2_cuda_nh(84211)_hd_6_c_8_ncc_1_reg_1_lr_5e-05_54r/ Epoch 7 loss -0.1653
7 : 0.07142855860592909
7 : 0.07142855219466973
7 : 0.07142855005758328
7 : 0.07142855219466973
7 : 0.07142855091241787
7 : 0.07142855005758329
Training Starts
Iter 1 of 11 loss -0.1622, Img Sim: -0.162607, Reg: 0.000382
Iter 2 of 11 loss -0.1792, Img Sim: -0.179378, Reg: 0.000226
Iter 3 of 11 loss -0.1575, Img Sim: -0.157641, Reg: 0.000152
Iter 4 of 11 loss -0.1495, Img Sim: -0.149875, Reg: 0.000362
Iter 5 of 11 loss -0.1507, Img Sim: -0.150883, Reg: 0.000174
Iter 6 of 11 loss -0.1815, Img Sim: -0.181625, Reg: 0.000129
Iter 7 of 11 loss -0.1585, Img Sim: -0.158578, Reg: 0.000116
Iter 8 of 11 loss -0.1831, Img Sim: -0.183342, Reg: 0.000278
Iter 9 of 11 loss -0.1710, Img Sim: -0.171264, Reg: 0.000251
Iter 10 of 11 loss -0.1497, Img Sim: -0.150032, Reg: 0.000375
Iter 11 of 11 loss -0.1562, Img Sim: -0.156386, Reg: 0.000187
300_epoh_post_ModeTv2_cuda_nh(84211)_hd_6_c_8_ncc_1_reg_1_lr_5e-05_54r/ Epoch 8 loss -0.1635
8 : 0.07142854578341037
8 : 0.07142854578341037
8 : 0.07142854578341037
8 : 0.07142854578341037
8 : 0.07142854578341037
8 : 0.07142854578341039
Training Starts
Iter 1 of 11 loss -0.1818, Img Sim: -0.182084, Reg: 0.000296
Iter 2 of 11 loss -0.1564, Img Sim: -0.156628, Reg: 0.000194
Iter 3 of 11 loss -0.1466, Img Sim: -0.146809, Reg: 0.000231
Iter 4 of 11 loss -0.1691, Img Sim: -0.169333, Reg: 0.000272
Iter 5 of 11 loss -0.1823, Img Sim: -0.182420, Reg: 0.000169
Iter 6 of 11 loss -0.1790, Img Sim: -0.179282, Reg: 0.000242
Iter 7 of 11 loss -0.1495, Img Sim: -0.149880, Reg: 0.000385
Iter 8 of 11 loss -0.1610, Img Sim: -0.161401, Reg: 0.000439
Iter 9 of 11 loss -0.1467, Img Sim: -0.147112, Reg: 0.000448
Iter 10 of 11 loss -0.1601, Img Sim: -0.160310, Reg: 0.000249
Iter 11 of 11 loss -0.1592, Img Sim: -0.159400, Reg: 0.000183
300_epoh_post_ModeTv2_cuda_nh(84211)_hd_6_c_8_ncc_1_reg_1_lr_5e-05_54r/ Epoch 9 loss -0.1629
9 : 0.07142854578341037
9 : 0.07142854578341037
9 : 0.07142854578341037
9 : 0.07142854578341037
9 : 0.07142854578341037
9 : 0.07142854578341039
Training Starts
Iter 1 of 11 loss -0.1570, Img Sim: -0.157270, Reg: 0.000315
Iter 2 of 11 loss -0.1818, Img Sim: -0.182063, Reg: 0.000234
Iter 3 of 11 loss -0.1440, Img Sim: -0.144678, Reg: 0.000644
Iter 4 of 11 loss -0.1736, Img Sim: -0.174044, Reg: 0.000441
Iter 5 of 11 loss -0.1795, Img Sim: -0.180014, Reg: 0.000500
Iter 6 of 11 loss -0.1541, Img Sim: -0.154518, Reg: 0.000396
Iter 7 of 11 loss -0.1455, Img Sim: -0.146266, Reg: 0.000785
Iter 8 of 11 loss -0.1808, Img Sim: -0.181362, Reg: 0.000541
Iter 9 of 11 loss -0.1527, Img Sim: -0.153529, Reg: 0.000845
Iter 10 of 11 loss -0.1573, Img Sim: -0.157628, Reg: 0.000324
Iter 11 of 11 loss -0.1635, Img Sim: -0.163887, Reg: 0.000373
300_epoh_post_ModeTv2_cuda_nh(84211)_hd_6_c_8_ncc_1_reg_1_lr_5e-05_54r/ Epoch 10 loss -0.1627
10 : 0.07142854578341037
10 : 0.07142854578341037
10 : 0.07142854578341037
10 : 0.07142854578341037
10 : 0.07142854578341037
10 : 0.07142854578341039
Training Starts
Iter 1 of 11 loss -0.1424, Img Sim: -0.143096, Reg: 0.000735
Iter 2 of 11 loss -0.1592, Img Sim: -0.159638, Reg: 0.000487
Iter 3 of 11 loss -0.1799, Img Sim: -0.180243, Reg: 0.000351
Iter 4 of 11 loss -0.1627, Img Sim: -0.163101, Reg: 0.000391
Iter 5 of 11 loss -0.1857, Img Sim: -0.186539, Reg: 0.000818
Iter 6 of 11 loss -0.1690, Img Sim: -0.169469, Reg: 0.000493
Iter 7 of 11 loss -0.1480, Img Sim: -0.148803, Reg: 0.000825
Iter 8 of 11 loss -0.1821, Img Sim: -0.182497, Reg: 0.000445
Iter 9 of 11 loss -0.1523, Img Sim: -0.152717, Reg: 0.000450
Iter 10 of 11 loss -0.1549, Img Sim: -0.155264, Reg: 0.000391
Iter 11 of 11 loss -0.1744, Img Sim: -0.174867, Reg: 0.000505
300_epoh_post_ModeTv2_cuda_nh(84211)_hd_6_c_8_ncc_1_reg_1_lr_5e-05_54r/ Epoch 11 loss -0.1646
11 : 0.07142854578341037
11 : 0.07142854578341037
11 : 0.07142854578341037
11 : 0.07142854578341037
11 : 0.07142854578341037
11 : 0.07142854578341039
Training Starts
Iter 1 of 11 loss -0.1579, Img Sim: -0.158459, Reg: 0.000550
Iter 2 of 11 loss -0.1746, Img Sim: -0.175083, Reg: 0.000506
Iter 3 of 11 loss -0.1490, Img Sim: -0.149850, Reg: 0.000814
Iter 4 of 11 loss -0.1799, Img Sim: -0.180283, Reg: 0.000382
Iter 5 of 11 loss -0.1448, Img Sim: -0.145461, Reg: 0.000678
Iter 6 of 11 loss -0.1545, Img Sim: -0.154858, Reg: 0.000408
Iter 7 of 11 loss -0.1861, Img Sim: -0.186509, Reg: 0.000425
Iter 8 of 11 loss -0.1691, Img Sim: -0.169909, Reg: 0.000775
Iter 9 of 11 loss -0.1688, Img Sim: -0.169279, Reg: 0.000468
Iter 10 of 11 loss -0.1617, Img Sim: -0.162140, Reg: 0.000415
Iter 11 of 11 loss -0.1516, Img Sim: -0.152051, Reg: 0.000495
300_epoh_post_ModeTv2_cuda_nh(84211)_hd_6_c_8_ncc_1_reg_1_lr_5e-05_54r/ Epoch 12 loss -0.1635
12 : 0.07142854578341037
12 : 0.07142854578341037
12 : 0.07142854578341037
12 : 0.07142854578341037
12 : 0.07142854578341037
12 : 0.07142854578341039
Training Starts
Iter 1 of 11 loss -0.1438, Img Sim: -0.144533, Reg: 0.000764
Iter 2 of 11 loss -0.1603, Img Sim: -0.160902, Reg: 0.000598
Iter 3 of 11 loss -0.1515, Img Sim: -0.152016, Reg: 0.000504
Iter 4 of 11 loss -0.1774, Img Sim: -0.177865, Reg: 0.000468
Iter 5 of 11 loss -0.1757, Img Sim: -0.176569, Reg: 0.000907
Iter 6 of 11 loss -0.1611, Img Sim: -0.161539, Reg: 0.000398
Iter 7 of 11 loss -0.1746, Img Sim: -0.175003, Reg: 0.000383
Iter 8 of 11 loss -0.1900, Img Sim: -0.190447, Reg: 0.000471
Iter 9 of 11 loss -0.1679, Img Sim: -0.168374, Reg: 0.000470
Iter 10 of 11 loss -0.1387, Img Sim: -0.139614, Reg: 0.000943
Iter 11 of 11 loss -0.1543, Img Sim: -0.154640, Reg: 0.000362
300_epoh_post_ModeTv2_cuda_nh(84211)_hd_6_c_8_ncc_1_reg_1_lr_5e-05_54r/ Epoch 13 loss -0.1632
13 : 0.07142854578341037
13 : 0.07142854578341037
13 : 0.07142854578341037
13 : 0.07142854578341037
13 : 0.07142854578341037
13 : 0.07142854578341039
Training Starts
Iter 1 of 11 loss -0.1387, Img Sim: -0.139677, Reg: 0.000943
Iter 2 of 11 loss -0.1596, Img Sim: -0.159994, Reg: 0.000371
Iter 3 of 11 loss -0.1453, Img Sim: -0.146002, Reg: 0.000734
Iter 4 of 11 loss -0.1735, Img Sim: -0.173904, Reg: 0.000367
Iter 5 of 11 loss -0.1581, Img Sim: -0.158516, Reg: 0.000461
Iter 6 of 11 loss -0.1492, Img Sim: -0.149644, Reg: 0.000479
Iter 7 of 11 loss -0.1684, Img Sim: -0.168833, Reg: 0.000452
Iter 8 of 11 loss -0.1906, Img Sim: -0.191025, Reg: 0.000453
Iter 9 of 11 loss -0.1530, Img Sim: -0.153302, Reg: 0.000348
Iter 10 of 11 loss -0.1897, Img Sim: -0.190533, Reg: 0.000851
Iter 11 of 11 loss -0.1805, Img Sim: -0.180901, Reg: 0.000396
300_epoh_post_ModeTv2_cuda_nh(84211)_hd_6_c_8_ncc_1_reg_1_lr_5e-05_54r/ Epoch 14 loss -0.1642
14 : 0.07142854578341037
14 : 0.07142854578341037
14 : 0.07142854578341037
14 : 0.07142854578341037
14 : 0.07142854578341037
14 : 0.07142854578341039
Training Starts
Iter 1 of 11 loss -0.1580, Img Sim: -0.158486, Reg: 0.000437
Iter 2 of 11 loss -0.1680, Img Sim: -0.168466, Reg: 0.000461
Iter 3 of 11 loss -0.1580, Img Sim: -0.158423, Reg: 0.000374
Iter 4 of 11 loss -0.1731, Img Sim: -0.173516, Reg: 0.000371
Iter 5 of 11 loss -0.1382, Img Sim: -0.139144, Reg: 0.000960
Iter 6 of 11 loss -0.1523, Img Sim: -0.152603, Reg: 0.000345
Iter 7 of 11 loss -0.1497, Img Sim: -0.150200, Reg: 0.000501
Iter 8 of 11 loss -0.1456, Img Sim: -0.146296, Reg: 0.000738
Iter 9 of 11 loss -0.1805, Img Sim: -0.180870, Reg: 0.000400
Iter 10 of 11 loss -0.1650, Img Sim: -0.165823, Reg: 0.000861
Iter 11 of 11 loss -0.1905, Img Sim: -0.190944, Reg: 0.000455
300_epoh_post_ModeTv2_cuda_nh(84211)_hd_6_c_8_ncc_1_reg_1_lr_5e-05_54r/ Epoch 15 loss -0.1617
15 : 0.07142854578341037
15 : 0.07142854578341037
15 : 0.07142854578341037
15 : 0.07142854578341037
15 : 0.07142854578341037
15 : 0.07142854578341039
Training Starts
Iter 1 of 11 loss -0.1561, Img Sim: -0.156553, Reg: 0.000428
Iter 2 of 11 loss -0.1766, Img Sim: -0.177432, Reg: 0.000878
Iter 3 of 11 loss -0.1506, Img Sim: -0.150973, Reg: 0.000357
Iter 4 of 11 loss -0.1908, Img Sim: -0.191216, Reg: 0.000464
Iter 5 of 11 loss -0.1373, Img Sim: -0.138197, Reg: 0.000940
Iter 6 of 11 loss -0.1785, Img Sim: -0.178903, Reg: 0.000408
Iter 7 of 11 loss -0.1463, Img Sim: -0.146804, Reg: 0.000516
Iter 8 of 11 loss -0.1524, Img Sim: -0.152795, Reg: 0.000433
Iter 9 of 11 loss -0.1439, Img Sim: -0.144659, Reg: 0.000743
Iter 10 of 11 loss -0.1671, Img Sim: -0.167517, Reg: 0.000439
Iter 11 of 11 loss -0.1710, Img Sim: -0.171497, Reg: 0.000536
300_epoh_post_ModeTv2_cuda_nh(84211)_hd_6_c_8_ncc_1_reg_1_lr_5e-05_54r/ Epoch 16 loss -0.1609
16 : 0.07142854578341037
16 : 0.07142854578341037
16 : 0.07142854578341037
16 : 0.07142854578341037
16 : 0.07142854578341037
16 : 0.07142854578341039
Training Starts
Iter 1 of 11 loss -0.1485, Img Sim: -0.148953, Reg: 0.000406
Iter 2 of 11 loss -0.1663, Img Sim: -0.166760, Reg: 0.000453
Iter 3 of 11 loss -0.1506, Img Sim: -0.151066, Reg: 0.000465
Iter 4 of 11 loss -0.1860, Img Sim: -0.186567, Reg: 0.000535
Iter 5 of 11 loss -0.1676, Img Sim: -0.168491, Reg: 0.000909
Iter 6 of 11 loss -0.1536, Img Sim: -0.154008, Reg: 0.000446
Iter 7 of 11 loss -0.1770, Img Sim: -0.177401, Reg: 0.000430
Iter 8 of 11 loss -0.1692, Img Sim: -0.169763, Reg: 0.000563
Iter 9 of 11 loss -0.1451, Img Sim: -0.145604, Reg: 0.000549
Iter 10 of 11 loss -0.1425, Img Sim: -0.143247, Reg: 0.000745
Iter 11 of 11 loss -0.1382, Img Sim: -0.139066, Reg: 0.000890
300_epoh_post_ModeTv2_cuda_nh(84211)_hd_6_c_8_ncc_1_reg_1_lr_5e-05_54r/ Epoch 17 loss -0.1586
17 : 0.07142854578341037
17 : 0.07142854578341037
17 : 0.07142854578341037
17 : 0.07142854578341037
17 : 0.07142854578341037
17 : 0.07142854578341039
Training Starts
Iter 1 of 11 loss -0.1435, Img Sim: -0.144062, Reg: 0.000563
Iter 2 of 11 loss -0.1547, Img Sim: -0.155196, Reg: 0.000467
Iter 3 of 11 loss -0.1471, Img Sim: -0.147545, Reg: 0.000472
Iter 4 of 11 loss -0.1519, Img Sim: -0.152461, Reg: 0.000558
Iter 5 of 11 loss -0.1421, Img Sim: -0.143053, Reg: 0.000930
Iter 6 of 11 loss -0.1831, Img Sim: -0.183652, Reg: 0.000593
Iter 7 of 11 loss -0.1389, Img Sim: -0.139704, Reg: 0.000848
Iter 8 of 11 loss -0.1415, Img Sim: -0.142180, Reg: 0.000724
Iter 9 of 11 loss -0.1638, Img Sim: -0.164442, Reg: 0.000600
Iter 10 of 11 loss -0.1604, Img Sim: -0.160990, Reg: 0.000619
Iter 11 of 11 loss -0.1775, Img Sim: -0.177973, Reg: 0.000448
300_epoh_post_ModeTv2_cuda_nh(84211)_hd_6_c_8_ncc_1_reg_1_lr_5e-05_54r/ Epoch 18 loss -0.1549
18 : 0.07142854578341037
18 : 0.07142854578341037
18 : 0.07142854578341037
18 : 0.07142854578341037
18 : 0.07142854578341037
18 : 0.07142854578341039
Training Starts
Iter 1 of 11 loss -0.1775, Img Sim: -0.177958, Reg: 0.000448
Iter 2 of 11 loss -0.1441, Img Sim: -0.144755, Reg: 0.000631
Iter 3 of 11 loss -0.1812, Img Sim: -0.181842, Reg: 0.000614
Iter 4 of 11 loss -0.1385, Img Sim: -0.139181, Reg: 0.000640
Iter 5 of 11 loss -0.1513, Img Sim: -0.151848, Reg: 0.000575
Iter 6 of 11 loss -0.1395, Img Sim: -0.140211, Reg: 0.000725
Iter 7 of 11 loss -0.1633, Img Sim: -0.164360, Reg: 0.001014
Iter 8 of 11 loss -0.1394, Img Sim: -0.140180, Reg: 0.000745
Iter 9 of 11 loss -0.1566, Img Sim: -0.157326, Reg: 0.000737
Iter 10 of 11 loss -0.1605, Img Sim: -0.161218, Reg: 0.000682
Iter 11 of 11 loss -0.1439, Img Sim: -0.144701, Reg: 0.000814
300_epoh_post_ModeTv2_cuda_nh(84211)_hd_6_c_8_ncc_1_reg_1_lr_5e-05_54r/ Epoch 19 loss -0.1542
19 : 0.07142854578341037
19 : 0.07142854578341037
19 : 0.07142855005758328
19 : 0.07142854898904005
19 : 0.07142854834791412
19 : 0.07142854792049684
Training Starts
Iter 1 of 11 loss -0.1806, Img Sim: -0.181280, Reg: 0.000699
Iter 2 of 11 loss -0.1634, Img Sim: -0.164540, Reg: 0.001109
Iter 3 of 11 loss -0.1433, Img Sim: -0.144162, Reg: 0.000846
Iter 4 of 11 loss -0.1492, Img Sim: -0.149909, Reg: 0.000715
Iter 5 of 11 loss -0.1351, Img Sim: -0.135877, Reg: 0.000759
Iter 6 of 11 loss -0.1542, Img Sim: -0.154983, Reg: 0.000818
Iter 7 of 11 loss -0.1381, Img Sim: -0.138864, Reg: 0.000799
Iter 8 of 11 loss -0.1387, Img Sim: -0.139488, Reg: 0.000741
Iter 9 of 11 loss -0.1748, Img Sim: -0.175253, Reg: 0.000495
Iter 10 of 11 loss -0.1410, Img Sim: -0.141855, Reg: 0.000819
Iter 11 of 11 loss -0.1594, Img Sim: -0.160184, Reg: 0.000744
300_epoh_post_ModeTv2_cuda_nh(84211)_hd_6_c_8_ncc_1_reg_1_lr_5e-05_54r/ Epoch 20 loss -0.1525
20 : 0.07142854578341037
20 : 0.07142854578341037
20 : 0.07142854578341037
20 : 0.07142854578341037
20 : 0.07142854578341037
20 : 0.07142854578341039
Training Starts
Iter 1 of 11 loss -0.1591, Img Sim: -0.159814, Reg: 0.000747
Iter 2 of 11 loss -0.1386, Img Sim: -0.139389, Reg: 0.000740
Iter 3 of 11 loss -0.1377, Img Sim: -0.138539, Reg: 0.000818
Iter 4 of 11 loss -0.1483, Img Sim: -0.149061, Reg: 0.000771
Iter 5 of 11 loss -0.1407, Img Sim: -0.141516, Reg: 0.000836
Iter 6 of 11 loss -0.1323, Img Sim: -0.133067, Reg: 0.000798
Iter 7 of 11 loss -0.1428, Img Sim: -0.143731, Reg: 0.000913
Iter 8 of 11 loss -0.1521, Img Sim: -0.153322, Reg: 0.001232
Iter 9 of 11 loss -0.1533, Img Sim: -0.154113, Reg: 0.000840
Iter 10 of 11 loss -0.1740, Img Sim: -0.174770, Reg: 0.000764
Iter 11 of 11 loss -0.1721, Img Sim: -0.172572, Reg: 0.000505
300_epoh_post_ModeTv2_cuda_nh(84211)_hd_6_c_8_ncc_1_reg_1_lr_5e-05_54r/ Epoch 21 loss -0.1501
21 : 0.07142854578341037
21 : 0.07142854578341037
21 : 0.07142854578341037
21 : 0.07142854578341037
21 : 0.07142854578341037
21 : 0.07142854578341039
Training Starts
Iter 1 of 11 loss -0.1629, Img Sim: -0.163641, Reg: 0.000747
Iter 2 of 11 loss -0.1370, Img Sim: -0.137778, Reg: 0.000789
Iter 3 of 11 loss -0.1624, Img Sim: -0.163585, Reg: 0.001210
Iter 4 of 11 loss -0.1350, Img Sim: -0.135726, Reg: 0.000762
Iter 5 of 11 loss -0.1703, Img Sim: -0.170852, Reg: 0.000508
Iter 6 of 11 loss -0.1707, Img Sim: -0.171488, Reg: 0.000743
Iter 7 of 11 loss -0.1605, Img Sim: -0.161130, Reg: 0.000673
Iter 8 of 11 loss -0.1458, Img Sim: -0.146480, Reg: 0.000649
Iter 9 of 11 loss -0.1535, Img Sim: -0.154059, Reg: 0.000565
Iter 10 of 11 loss -0.1365, Img Sim: -0.137417, Reg: 0.000870
Iter 11 of 11 loss -0.1475, Img Sim: -0.148295, Reg: 0.000759
300_epoh_post_ModeTv2_cuda_nh(84211)_hd_6_c_8_ncc_1_reg_1_lr_5e-05_54r/ Epoch 22 loss -0.1529
22 : 0.07142854578341037
22 : 0.07142854578341037
22 : 0.07142854578341037
22 : 0.07142854578341037
22 : 0.07142854578341037
22 : 0.07142854578341039
Training Starts
Iter 1 of 11 loss -0.1364, Img Sim: -0.137328, Reg: 0.000939
Iter 2 of 11 loss -0.1480, Img Sim: -0.148740, Reg: 0.000745
Iter 3 of 11 loss -0.1496, Img Sim: -0.150737, Reg: 0.001149
Iter 4 of 11 loss -0.1383, Img Sim: -0.138989, Reg: 0.000713
Iter 5 of 11 loss -0.1643, Img Sim: -0.165074, Reg: 0.000751
Iter 6 of 11 loss -0.1630, Img Sim: -0.163644, Reg: 0.000661
Iter 7 of 11 loss -0.1685, Img Sim: -0.169127, Reg: 0.000618
Iter 8 of 11 loss -0.1557, Img Sim: -0.156337, Reg: 0.000602
Iter 9 of 11 loss -0.1355, Img Sim: -0.136457, Reg: 0.000986
Iter 10 of 11 loss -0.1467, Img Sim: -0.147428, Reg: 0.000687
Iter 11 of 11 loss -0.1727, Img Sim: -0.173521, Reg: 0.000834
300_epoh_post_ModeTv2_cuda_nh(84211)_hd_6_c_8_ncc_1_reg_1_lr_5e-05_54r/ Epoch 23 loss -0.1526
23 : 0.07142854578341037
23 : 0.07142854578341037
23 : 0.07142854578341037
23 : 0.07142854578341037
23 : 0.07142854578341037
23 : 0.07142854578341039
Training Starts
Iter 1 of 11 loss -0.1555, Img Sim: -0.156117, Reg: 0.000624
Iter 2 of 11 loss -0.1339, Img Sim: -0.134980, Reg: 0.001124
Iter 3 of 11 loss -0.1380, Img Sim: -0.138762, Reg: 0.000809
Iter 4 of 11 loss -0.1347, Img Sim: -0.135759, Reg: 0.001027
Iter 5 of 11 loss -0.1464, Img Sim: -0.147092, Reg: 0.000723
Iter 6 of 11 loss -0.1672, Img Sim: -0.167846, Reg: 0.000683
Iter 7 of 11 loss -0.1655, Img Sim: -0.166305, Reg: 0.000839
Iter 8 of 11 loss -0.1611, Img Sim: -0.161892, Reg: 0.000768
Iter 9 of 11 loss -0.1483, Img Sim: -0.149106, Reg: 0.000840
Iter 10 of 11 loss -0.1731, Img Sim: -0.173947, Reg: 0.000870
Iter 11 of 11 loss -0.1702, Img Sim: -0.171531, Reg: 0.001363
300_epoh_post_ModeTv2_cuda_nh(84211)_hd_6_c_8_ncc_1_reg_1_lr_5e-05_54r/ Epoch 24 loss -0.1540
24 : 0.07142854578341037
24 : 0.07142855219466973
24 : 0.07142855005758328
24 : 0.07142854898904005
24 : 0.07142854834791412
24 : 0.07142854792049684
Training Starts
Iter 1 of 11 loss -0.1486, Img Sim: -0.149443, Reg: 0.000839
Iter 2 of 11 loss -0.1616, Img Sim: -0.163029, Reg: 0.001383
Iter 3 of 11 loss -0.1671, Img Sim: -0.167849, Reg: 0.000721
Iter 4 of 11 loss -0.1479, Img Sim: -0.148646, Reg: 0.000733
Iter 5 of 11 loss -0.1632, Img Sim: -0.163964, Reg: 0.000775
Iter 6 of 11 loss -0.1555, Img Sim: -0.156123, Reg: 0.000672
Iter 7 of 11 loss -0.1411, Img Sim: -0.141995, Reg: 0.000854
Iter 8 of 11 loss -0.1339, Img Sim: -0.135024, Reg: 0.001146
Iter 9 of 11 loss -0.1743, Img Sim: -0.175188, Reg: 0.000920
Iter 10 of 11 loss -0.1649, Img Sim: -0.165814, Reg: 0.000910
Iter 11 of 11 loss -0.1325, Img Sim: -0.133846, Reg: 0.001301
300_epoh_post_ModeTv2_cuda_nh(84211)_hd_6_c_8_ncc_1_reg_1_lr_5e-05_54r/ Epoch 25 loss -0.1537
25 : 0.07142854578341037
25 : 0.07142855219466973
25 : 0.07142855005758328
25 : 0.07142854898904005
25 : 0.07142854834791412
25 : 0.07142854792049684
Training Starts
Iter 1 of 11 loss -0.1337, Img Sim: -0.134910, Reg: 0.001175
Iter 2 of 11 loss -0.1648, Img Sim: -0.165561, Reg: 0.000782
Iter 3 of 11 loss -0.1651, Img Sim: -0.166049, Reg: 0.000924
Iter 4 of 11 loss -0.1674, Img Sim: -0.168152, Reg: 0.000779
Iter 5 of 11 loss -0.1720, Img Sim: -0.172953, Reg: 0.000938
Iter 6 of 11 loss -0.1501, Img Sim: -0.150867, Reg: 0.000739
Iter 7 of 11 loss -0.1564, Img Sim: -0.157123, Reg: 0.000701
Iter 8 of 11 loss -0.1324, Img Sim: -0.133693, Reg: 0.001337
Iter 9 of 11 loss -0.1733, Img Sim: -0.174817, Reg: 0.001538
Iter 10 of 11 loss -0.1421, Img Sim: -0.142974, Reg: 0.000887
Iter 11 of 11 loss -0.1506, Img Sim: -0.151455, Reg: 0.000877
300_epoh_post_ModeTv2_cuda_nh(84211)_hd_6_c_8_ncc_1_reg_1_lr_5e-05_54r/ Epoch 26 loss -0.1553
26 : 0.07142854578341037
26 : 0.07142854578341037
26 : 0.07142854578341037
26 : 0.07142854578341037
26 : 0.07142854578341037
26 : 0.07142854578341039
Training Starts
Iter 1 of 11 loss -0.1421, Img Sim: -0.142989, Reg: 0.000889
Iter 2 of 11 loss -0.1562, Img Sim: -0.156872, Reg: 0.000708
Iter 3 of 11 loss -0.1503, Img Sim: -0.151168, Reg: 0.000880
Iter 4 of 11 loss -0.1322, Img Sim: -0.133527, Reg: 0.001356
Iter 5 of 11 loss -0.1333, Img Sim: -0.134536, Reg: 0.001224
Iter 6 of 11 loss -0.1733, Img Sim: -0.174267, Reg: 0.000955
Iter 7 of 11 loss -0.1508, Img Sim: -0.151516, Reg: 0.000743
Iter 8 of 11 loss -0.1643, Img Sim: -0.165256, Reg: 0.000954
Iter 9 of 11 loss -0.1699, Img Sim: -0.171445, Reg: 0.001564
Iter 10 of 11 loss -0.1655, Img Sim: -0.166340, Reg: 0.000795
Iter 11 of 11 loss -0.1666, Img Sim: -0.167383, Reg: 0.000808
300_epoh_post_ModeTv2_cuda_nh(84211)_hd_6_c_8_ncc_1_reg_1_lr_5e-05_54r/ Epoch 27 loss -0.1549
27 : 0.07142854578341037
27 : 0.07142854578341037
27 : 0.07142854578341037
27 : 0.07142854578341037
27 : 0.07142854578341037
27 : 0.07142854578341039
Training Starts
Iter 1 of 11 loss -0.1713, Img Sim: -0.172299, Reg: 0.000968
Iter 2 of 11 loss -0.1725, Img Sim: -0.174047, Reg: 0.001588
Iter 3 of 11 loss -0.1570, Img Sim: -0.157692, Reg: 0.000725
Iter 4 of 11 loss -0.1315, Img Sim: -0.132885, Reg: 0.001387
Iter 5 of 11 loss -0.1505, Img Sim: -0.151453, Reg: 0.000913
Iter 6 of 11 loss -0.1651, Img Sim: -0.165894, Reg: 0.000815
Iter 7 of 11 loss -0.1385, Img Sim: -0.139441, Reg: 0.000925
Iter 8 of 11 loss -0.1620, Img Sim: -0.163008, Reg: 0.001002
Iter 9 of 11 loss -0.1647, Img Sim: -0.165561, Reg: 0.000831
Iter 10 of 11 loss -0.1500, Img Sim: -0.150785, Reg: 0.000811
Iter 11 of 11 loss -0.1309, Img Sim: -0.132219, Reg: 0.001310
300_epoh_post_ModeTv2_cuda_nh(84211)_hd_6_c_8_ncc_1_reg_1_lr_5e-05_54r/ Epoch 28 loss -0.1540
28 : 0.07142854578341037
28 : 0.07142854578341037
28 : 0.07142854578341037
28 : 0.07142854578341037
28 : 0.07142854578341037
28 : 0.07142854578341039
Training Starts
Iter 1 of 11 loss -0.1572, Img Sim: -0.157985, Reg: 0.000773
Iter 2 of 11 loss -0.1493, Img Sim: -0.150139, Reg: 0.000847
Iter 3 of 11 loss -0.1303, Img Sim: -0.131777, Reg: 0.001481
Iter 4 of 11 loss -0.1700, Img Sim: -0.171698, Reg: 0.001688
Iter 5 of 11 loss -0.1679, Img Sim: -0.168921, Reg: 0.001049
Iter 6 of 11 loss -0.1597, Img Sim: -0.160797, Reg: 0.001107
Iter 7 of 11 loss -0.1627, Img Sim: -0.163569, Reg: 0.000845
Iter 8 of 11 loss -0.1301, Img Sim: -0.131434, Reg: 0.001338
Iter 9 of 11 loss -0.1622, Img Sim: -0.163126, Reg: 0.000936
Iter 10 of 11 loss -0.1395, Img Sim: -0.140635, Reg: 0.001139
Iter 11 of 11 loss -0.1495, Img Sim: -0.150577, Reg: 0.001074
300_epoh_post_ModeTv2_cuda_nh(84211)_hd_6_c_8_ncc_1_reg_1_lr_5e-05_54r/ Epoch 29 loss -0.1526
29 : 0.07142854578341037
29 : 0.07142854578341037
29 : 0.07142854578341037
29 : 0.07142854578341037
29 : 0.07142854578341037
29 : 0.07142854578341039
Training Starts
Iter 1 of 11 loss -0.1393, Img Sim: -0.140483, Reg: 0.001148
Iter 2 of 11 loss -0.1746, Img Sim: -0.176272, Reg: 0.001694
Iter 3 of 11 loss -0.1617, Img Sim: -0.162642, Reg: 0.000951
Iter 4 of 11 loss -0.1618, Img Sim: -0.162700, Reg: 0.000853
Iter 5 of 11 loss -0.1305, Img Sim: -0.131980, Reg: 0.001516
Iter 6 of 11 loss -0.1563, Img Sim: -0.157410, Reg: 0.001141
Iter 7 of 11 loss -0.1494, Img Sim: -0.150480, Reg: 0.001092
Iter 8 of 11 loss -0.1658, Img Sim: -0.166928, Reg: 0.001085
Iter 9 of 11 loss -0.1474, Img Sim: -0.148329, Reg: 0.000924
Iter 10 of 11 loss -0.1581, Img Sim: -0.158891, Reg: 0.000800
Iter 11 of 11 loss -0.1296, Img Sim: -0.130931, Reg: 0.001345
300_epoh_post_ModeTv2_cuda_nh(84211)_hd_6_c_8_ncc_1_reg_1_lr_5e-05_54r/ Epoch 30 loss -0.1522
30 : 0.07142855860592909
30 : 0.07142855219466973
30 : 0.07142855005758328
30 : 0.07142854898904005
30 : 0.07142854834791412
30 : 0.07142854792049684
Training Starts
Iter 1 of 11 loss -0.1473, Img Sim: -0.148276, Reg: 0.000927
Iter 2 of 11 loss -0.1613, Img Sim: -0.162223, Reg: 0.000966
Iter 3 of 11 loss -0.1585, Img Sim: -0.159299, Reg: 0.000801
Iter 4 of 11 loss -0.1493, Img Sim: -0.150429, Reg: 0.001100
Iter 5 of 11 loss -0.1295, Img Sim: -0.130879, Reg: 0.001346
Iter 6 of 11 loss -0.1616, Img Sim: -0.162495, Reg: 0.000860
Iter 7 of 11 loss -0.1389, Img Sim: -0.140063, Reg: 0.001178
Iter 8 of 11 loss -0.1647, Img Sim: -0.166422, Reg: 0.001697
Iter 9 of 11 loss -0.1582, Img Sim: -0.159343, Reg: 0.001155
Iter 10 of 11 loss -0.1667, Img Sim: -0.167777, Reg: 0.001100
Iter 11 of 11 loss -0.1304, Img Sim: -0.131884, Reg: 0.001531
300_epoh_post_ModeTv2_cuda_nh(84211)_hd_6_c_8_ncc_1_reg_1_lr_5e-05_54r/ Epoch 31 loss -0.1515
31 : 0.07142855860592909
31 : 0.07142855860592909
31 : 0.07142855433175618
31 : 0.07142855219466973
31 : 0.07142855091241787
31 : 0.07142855005758329
Training Starts
Iter 1 of 11 loss -0.1575, Img Sim: -0.158311, Reg: 0.000819
Iter 2 of 11 loss -0.1489, Img Sim: -0.150066, Reg: 0.001144
Iter 3 of 11 loss -0.1704, Img Sim: -0.172067, Reg: 0.001716
Iter 4 of 11 loss -0.1595, Img Sim: -0.160492, Reg: 0.001014
Iter 5 of 11 loss -0.1301, Img Sim: -0.131675, Reg: 0.001537
Iter 6 of 11 loss -0.1280, Img Sim: -0.129370, Reg: 0.001359
Iter 7 of 11 loss -0.1374, Img Sim: -0.138648, Reg: 0.001216
Iter 8 of 11 loss -0.1455, Img Sim: -0.146450, Reg: 0.000996
Iter 9 of 11 loss -0.1606, Img Sim: -0.161394, Reg: 0.000826
Iter 10 of 11 loss -0.1635, Img Sim: -0.164603, Reg: 0.001115
Iter 11 of 11 loss -0.1580, Img Sim: -0.159158, Reg: 0.001176
300_epoh_post_ModeTv2_cuda_nh(84211)_hd_6_c_8_ncc_1_reg_1_lr_5e-05_54r/ Epoch 32 loss -0.1508
32 : 0.07142855860592909
32 : 0.07142855219466973
32 : 0.07142855005758328
32 : 0.07142854898904005
32 : 0.07142854834791412
32 : 0.07142854792049684
Training Starts
Iter 1 of 11 loss -0.1485, Img Sim: -0.149674, Reg: 0.001178
Iter 2 of 11 loss -0.1276, Img Sim: -0.128998, Reg: 0.001359
Iter 3 of 11 loss -0.1664, Img Sim: -0.168173, Reg: 0.001725
Iter 4 of 11 loss -0.1584, Img Sim: -0.159486, Reg: 0.001046
Iter 5 of 11 loss -0.1568, Img Sim: -0.157617, Reg: 0.000848
Iter 6 of 11 loss -0.1370, Img Sim: -0.138246, Reg: 0.001242
Iter 7 of 11 loss -0.1604, Img Sim: -0.161206, Reg: 0.000822
Iter 8 of 11 loss -0.1612, Img Sim: -0.162290, Reg: 0.001138
Iter 9 of 11 loss -0.1579, Img Sim: -0.159082, Reg: 0.001208
Iter 10 of 11 loss -0.1292, Img Sim: -0.130752, Reg: 0.001552
Iter 11 of 11 loss -0.1446, Img Sim: -0.145615, Reg: 0.001053
300_epoh_post_ModeTv2_cuda_nh(84211)_hd_6_c_8_ncc_1_reg_1_lr_5e-05_54r/ Epoch 33 loss -0.1498
33 : 0.07142855860592909
33 : 0.07142855219466973
33 : 0.07142855005758328
33 : 0.07142854898904005
33 : 0.07142854834791412
33 : 0.07142854792049684
Training Starts
Iter 1 of 11 loss -0.1263, Img Sim: -0.127660, Reg: 0.001383
Iter 2 of 11 loss -0.1290, Img Sim: -0.130583, Reg: 0.001554
Iter 3 of 11 loss -0.1565, Img Sim: -0.157341, Reg: 0.000868
Iter 4 of 11 loss -0.1603, Img Sim: -0.161457, Reg: 0.001151
Iter 5 of 11 loss -0.1575, Img Sim: -0.158635, Reg: 0.001093
Iter 6 of 11 loss -0.1335, Img Sim: -0.134792, Reg: 0.001278
Iter 7 of 11 loss -0.1604, Img Sim: -0.161248, Reg: 0.000824
Iter 8 of 11 loss -0.1481, Img Sim: -0.149377, Reg: 0.001253
Iter 9 of 11 loss -0.1723, Img Sim: -0.174090, Reg: 0.001790
Iter 10 of 11 loss -0.1443, Img Sim: -0.145348, Reg: 0.001076
Iter 11 of 11 loss -0.1559, Img Sim: -0.157172, Reg: 0.001231
300_epoh_post_ModeTv2_cuda_nh(84211)_hd_6_c_8_ncc_1_reg_1_lr_5e-05_54r/ Epoch 34 loss -0.1495
34 : 0.07142855860592909
34 : 0.07142855219466973
34 : 0.07142855005758328
34 : 0.07142854898904005
34 : 0.07142854834791412
34 : 0.07142854792049684
Training Starts
Iter 1 of 11 loss -0.1594, Img Sim: -0.160569, Reg: 0.001160
Iter 2 of 11 loss -0.1550, Img Sim: -0.156218, Reg: 0.001233
Iter 3 of 11 loss -0.1554, Img Sim: -0.156255, Reg: 0.000878
Iter 4 of 11 loss -0.1257, Img Sim: -0.127106, Reg: 0.001399
Iter 5 of 11 loss -0.1287, Img Sim: -0.130293, Reg: 0.001562
Iter 6 of 11 loss -0.1347, Img Sim: -0.135980, Reg: 0.001290
Iter 7 of 11 loss -0.1574, Img Sim: -0.158555, Reg: 0.001106
Iter 8 of 11 loss -0.1444, Img Sim: -0.145440, Reg: 0.001083
Iter 9 of 11 loss -0.1604, Img Sim: -0.161196, Reg: 0.000832
Iter 10 of 11 loss -0.1640, Img Sim: -0.165784, Reg: 0.001801
Iter 11 of 11 loss -0.1480, Img Sim: -0.149242, Reg: 0.001271
300_epoh_post_ModeTv2_cuda_nh(84211)_hd_6_c_8_ncc_1_reg_1_lr_5e-05_54r/ Epoch 35 loss -0.1485
35 : 0.07142854578341037
35 : 0.07142854578341037
35 : 0.07142855005758328
35 : 0.07142854898904005
35 : 0.07142854834791412
35 : 0.07142854792049684
Training Starts
Iter 1 of 11 loss -0.1440, Img Sim: -0.145093, Reg: 0.001091
Iter 2 of 11 loss -0.1257, Img Sim: -0.127099, Reg: 0.001386
Iter 3 of 11 loss -0.1568, Img Sim: -0.157873, Reg: 0.001118
Iter 4 of 11 loss -0.1507, Img Sim: -0.151814, Reg: 0.001152
Iter 5 of 11 loss -0.1545, Img Sim: -0.155380, Reg: 0.000888
Iter 6 of 11 loss -0.1075, Img Sim: -0.108738, Reg: 0.001282
Iter 7 of 11 loss -0.1284, Img Sim: -0.129886, Reg: 0.001489
Iter 8 of 11 loss -0.1622, Img Sim: -0.163008, Reg: 0.000790
Iter 9 of 11 loss -0.1480, Img Sim: -0.149270, Reg: 0.001294
Iter 10 of 11 loss -0.1724, Img Sim: -0.174209, Reg: 0.001797
Iter 11 of 11 loss -0.1564, Img Sim: -0.157479, Reg: 0.001075
300_epoh_post_ModeTv2_cuda_nh(84211)_hd_6_c_8_ncc_1_reg_1_lr_5e-05_54r/ Epoch 36 loss -0.1460
36 : 0.07142854578341037
36 : 0.07142854578341037
36 : 0.07142854578341037
36 : 0.07142854578341037
36 : 0.07142854578341037
36 : 0.07142854578341039
Training Starts
Iter 1 of 11 loss -0.1278, Img Sim: -0.129078, Reg: 0.001254
Iter 2 of 11 loss -0.1288, Img Sim: -0.130237, Reg: 0.001436
Iter 3 of 11 loss -0.1557, Img Sim: -0.156717, Reg: 0.001043
Iter 4 of 11 loss -0.1483, Img Sim: -0.149609, Reg: 0.001281
Iter 5 of 11 loss -0.1591, Img Sim: -0.160888, Reg: 0.001775
Iter 6 of 11 loss -0.1582, Img Sim: -0.159312, Reg: 0.001116
Iter 7 of 11 loss -0.1439, Img Sim: -0.144995, Reg: 0.001111
Iter 8 of 11 loss -0.1515, Img Sim: -0.152367, Reg: 0.000895
Iter 9 of 11 loss -0.1619, Img Sim: -0.162926, Reg: 0.001001
Iter 10 of 11 loss -0.1338, Img Sim: -0.134997, Reg: 0.001230
Iter 11 of 11 loss -0.1654, Img Sim: -0.166108, Reg: 0.000753
300_epoh_post_ModeTv2_cuda_nh(84211)_hd_6_c_8_ncc_1_reg_1_lr_5e-05_54r/ Epoch 37 loss -0.1486
37 : 0.07142854578341037
37 : 0.07142854578341037
37 : 0.07142854578341037
37 : 0.07142854578341037
37 : 0.07142854578341037
37 : 0.07142854578341039
Training Starts
Iter 1 of 11 loss -0.1480, Img Sim: -0.149268, Reg: 0.001269
Iter 2 of 11 loss -0.1503, Img Sim: -0.151162, Reg: 0.000900
Iter 3 of 11 loss -0.1303, Img Sim: -0.131645, Reg: 0.001361
Iter 4 of 11 loss -0.1435, Img Sim: -0.144638, Reg: 0.001120
Iter 5 of 11 loss -0.1338, Img Sim: -0.134998, Reg: 0.001219
Iter 6 of 11 loss -0.1632, Img Sim: -0.164162, Reg: 0.000982
Iter 7 of 11 loss -0.1576, Img Sim: -0.158606, Reg: 0.000958
Iter 8 of 11 loss -0.1663, Img Sim: -0.167045, Reg: 0.000753
Iter 9 of 11 loss -0.1587, Img Sim: -0.159777, Reg: 0.001123
Iter 10 of 11 loss -0.1299, Img Sim: -0.131015, Reg: 0.001154
Iter 11 of 11 loss -0.1699, Img Sim: -0.171658, Reg: 0.001802
300_epoh_post_ModeTv2_cuda_nh(84211)_hd_6_c_8_ncc_1_reg_1_lr_5e-05_54r/ Epoch 38 loss -0.1501
38 : 0.07142854578341037
38 : 0.07142854578341037
38 : 0.07142855005758328
38 : 0.07142854898904005
38 : 0.07142854834791412
38 : 0.07142854792049684
Training Starts
Iter 1 of 11 loss -0.1306, Img Sim: -0.131921, Reg: 0.001358
Iter 2 of 11 loss -0.1337, Img Sim: -0.134936, Reg: 0.001224
Iter 3 of 11 loss -0.1587, Img Sim: -0.159800, Reg: 0.001129
Iter 4 of 11 loss -0.1686, Img Sim: -0.170392, Reg: 0.001809
Iter 5 of 11 loss -0.1491, Img Sim: -0.150017, Reg: 0.000935
Iter 6 of 11 loss -0.1269, Img Sim: -0.128194, Reg: 0.001286
Iter 7 of 11 loss -0.1634, Img Sim: -0.164250, Reg: 0.000805
Iter 8 of 11 loss -0.1589, Img Sim: -0.160064, Reg: 0.001150
Iter 9 of 11 loss -0.1482, Img Sim: -0.149698, Reg: 0.001469
Iter 10 of 11 loss -0.1426, Img Sim: -0.143954, Reg: 0.001316
Iter 11 of 11 loss -0.1542, Img Sim: -0.155451, Reg: 0.001226
300_epoh_post_ModeTv2_cuda_nh(84211)_hd_6_c_8_ncc_1_reg_1_lr_5e-05_54r/ Epoch 39 loss -0.1486
39 : 0.07142854578341037
39 : 0.07142855219466973
39 : 0.07142855005758328
39 : 0.07142854898904005
39 : 0.07142854834791412
39 : 0.07142854792049684
Training Starts
Iter 1 of 11 loss -0.1316, Img Sim: -0.133084, Reg: 0.001455
Iter 2 of 11 loss -0.1564, Img Sim: -0.157697, Reg: 0.001269
Iter 3 of 11 loss -0.1428, Img Sim: -0.144113, Reg: 0.001351
Iter 4 of 11 loss -0.1576, Img Sim: -0.158936, Reg: 0.001342
Iter 5 of 11 loss -0.1504, Img Sim: -0.151379, Reg: 0.001004
Iter 6 of 11 loss -0.1499, Img Sim: -0.151453, Reg: 0.001557
Iter 7 of 11 loss -0.1516, Img Sim: -0.152991, Reg: 0.001345
Iter 8 of 11 loss -0.1268, Img Sim: -0.128490, Reg: 0.001667
Iter 9 of 11 loss -0.1226, Img Sim: -0.124164, Reg: 0.001577
Iter 10 of 11 loss -0.1575, Img Sim: -0.158442, Reg: 0.000910
Iter 11 of 11 loss -0.1648, Img Sim: -0.166795, Reg: 0.002026
300_epoh_post_ModeTv2_cuda_nh(84211)_hd_6_c_8_ncc_1_reg_1_lr_5e-05_54r/ Epoch 40 loss -0.1465
40 : 0.07142854578341037
40 : 0.07142854578341037
40 : 0.07142854578341037
40 : 0.07142854578341037
40 : 0.07142854578341037
40 : 0.07142854578341039
Training Starts
Iter 1 of 11 loss -0.1570, Img Sim: -0.157955, Reg: 0.000916
Iter 2 of 11 loss -0.1224, Img Sim: -0.124036, Reg: 0.001595
Iter 3 of 11 loss -0.1324, Img Sim: -0.133899, Reg: 0.001538
Iter 4 of 11 loss -0.1588, Img Sim: -0.160192, Reg: 0.001377
Iter 5 of 11 loss -0.1431, Img Sim: -0.144513, Reg: 0.001379
Iter 6 of 11 loss -0.1419, Img Sim: -0.143353, Reg: 0.001410
Iter 7 of 11 loss -0.1269, Img Sim: -0.128590, Reg: 0.001687
Iter 8 of 11 loss -0.1552, Img Sim: -0.157245, Reg: 0.002037
Iter 9 of 11 loss -0.1497, Img Sim: -0.150707, Reg: 0.000994
Iter 10 of 11 loss -0.1509, Img Sim: -0.152512, Reg: 0.001602
Iter 11 of 11 loss -0.1538, Img Sim: -0.155176, Reg: 0.001419
300_epoh_post_ModeTv2_cuda_nh(84211)_hd_6_c_8_ncc_1_reg_1_lr_5e-05_54r/ Epoch 41 loss -0.1447
41 : 0.07142854578341037
41 : 0.07142854578341037
41 : 0.07142854578341037
41 : 0.07142854578341037
41 : 0.07142854578341037
41 : 0.07142854578341039
Training Starts
Iter 1 of 11 loss -0.1551, Img Sim: -0.156052, Reg: 0.000957
Iter 2 of 11 loss -0.1526, Img Sim: -0.154022, Reg: 0.001433
Iter 3 of 11 loss -0.1518, Img Sim: -0.153828, Reg: 0.002070
Iter 4 of 11 loss -0.1510, Img Sim: -0.152607, Reg: 0.001621
Iter 5 of 11 loss -0.1504, Img Sim: -0.151357, Reg: 0.000991
Iter 6 of 11 loss -0.1529, Img Sim: -0.154393, Reg: 0.001512
Iter 7 of 11 loss -0.1441, Img Sim: -0.145451, Reg: 0.001390
Iter 8 of 11 loss -0.1600, Img Sim: -0.161469, Reg: 0.001421
Iter 9 of 11 loss -0.1311, Img Sim: -0.132715, Reg: 0.001592
Iter 10 of 11 loss -0.1216, Img Sim: -0.123306, Reg: 0.001692
Iter 11 of 11 loss -0.1268, Img Sim: -0.128508, Reg: 0.001727
300_epoh_post_ModeTv2_cuda_nh(84211)_hd_6_c_8_ncc_1_reg_1_lr_5e-05_54r/ Epoch 42 loss -0.1452
42 : 0.07142854578341037
42 : 0.07142854578341037
42 : 0.07142854578341037
42 : 0.07142854578341037
42 : 0.07142854578341037
42 : 0.07142854578341039
Training Starts
Iter 1 of 11 loss -0.1530, Img Sim: -0.154520, Reg: 0.001542
Iter 2 of 11 loss -0.1215, Img Sim: -0.123206, Reg: 0.001708
Iter 3 of 11 loss -0.1539, Img Sim: -0.154847, Reg: 0.000989
Iter 4 of 11 loss -0.1511, Img Sim: -0.152735, Reg: 0.001633
Iter 5 of 11 loss -0.1605, Img Sim: -0.161889, Reg: 0.001421
Iter 6 of 11 loss -0.1501, Img Sim: -0.151567, Reg: 0.001493
Iter 7 of 11 loss -0.1303, Img Sim: -0.131942, Reg: 0.001599
Iter 8 of 11 loss -0.1444, Img Sim: -0.145738, Reg: 0.001375
Iter 9 of 11 loss -0.1619, Img Sim: -0.163972, Reg: 0.002097
Iter 10 of 11 loss -0.1271, Img Sim: -0.128812, Reg: 0.001737
Iter 11 of 11 loss -0.1508, Img Sim: -0.151806, Reg: 0.000986
300_epoh_post_ModeTv2_cuda_nh(84211)_hd_6_c_8_ncc_1_reg_1_lr_5e-05_54r/ Epoch 43 loss -0.1459
43 : 0.07142854578341037
43 : 0.07142854578341037
43 : 0.07142854578341037
43 : 0.07142854578341037
43 : 0.07142854578341037
43 : 0.07142854578341039
Training Starts
Iter 1 of 11 loss -0.1534, Img Sim: -0.154415, Reg: 0.000996
Iter 2 of 11 loss -0.1543, Img Sim: -0.155870, Reg: 0.001578
Iter 3 of 11 loss -0.1214, Img Sim: -0.123143, Reg: 0.001734
Iter 4 of 11 loss -0.1509, Img Sim: -0.151882, Reg: 0.000986
Iter 5 of 11 loss -0.1443, Img Sim: -0.145660, Reg: 0.001369
Iter 6 of 11 loss -0.1271, Img Sim: -0.128805, Reg: 0.001740
Iter 7 of 11 loss -0.1605, Img Sim: -0.161909, Reg: 0.001418
Iter 8 of 11 loss -0.1644, Img Sim: -0.166544, Reg: 0.002098
Iter 9 of 11 loss -0.1511, Img Sim: -0.152709, Reg: 0.001630
Iter 10 of 11 loss -0.1524, Img Sim: -0.153924, Reg: 0.001505
Iter 11 of 11 loss -0.1336, Img Sim: -0.135197, Reg: 0.001594
300_epoh_post_ModeTv2_cuda_nh(84211)_hd_6_c_8_ncc_1_reg_1_lr_5e-05_54r/ Epoch 44 loss -0.1467
44 : 0.07142854578341037
44 : 0.07142854578341037
44 : 0.07142854578341037
44 : 0.07142854578341037
44 : 0.07142854578341037
44 : 0.07142854578341039
Training Starts
Iter 1 of 11 loss -0.1508, Img Sim: -0.152290, Reg: 0.001506
Iter 2 of 11 loss -0.1440, Img Sim: -0.145333, Reg: 0.001368
Iter 3 of 11 loss -0.1510, Img Sim: -0.152588, Reg: 0.001632
Iter 4 of 11 loss -0.1212, Img Sim: -0.122993, Reg: 0.001748
Iter 5 of 11 loss -0.1512, Img Sim: -0.152220, Reg: 0.000988
Iter 6 of 11 loss -0.1652, Img Sim: -0.167310, Reg: 0.002115
Iter 7 of 11 loss -0.1537, Img Sim: -0.155320, Reg: 0.001584
Iter 8 of 11 loss -0.1599, Img Sim: -0.161342, Reg: 0.001420
Iter 9 of 11 loss -0.1528, Img Sim: -0.153770, Reg: 0.000993
Iter 10 of 11 loss -0.1267, Img Sim: -0.128482, Reg: 0.001760
Iter 11 of 11 loss -0.1326, Img Sim: -0.134219, Reg: 0.001591
300_epoh_post_ModeTv2_cuda_nh(84211)_hd_6_c_8_ncc_1_reg_1_lr_5e-05_54r/ Epoch 45 loss -0.1463
45 : 0.07142854578341037
45 : 0.07142854578341037
45 : 0.07142854578341037
45 : 0.07142854578341037
45 : 0.07142854578341037
45 : 0.07142854578341039
Training Starts
Iter 1 of 11 loss -0.1438, Img Sim: -0.145173, Reg: 0.001364
Iter 2 of 11 loss -0.1267, Img Sim: -0.128463, Reg: 0.001762
Iter 3 of 11 loss -0.1517, Img Sim: -0.152638, Reg: 0.000986
Iter 4 of 11 loss -0.1638, Img Sim: -0.165877, Reg: 0.002119
Iter 5 of 11 loss -0.1598, Img Sim: -0.161235, Reg: 0.001420
Iter 6 of 11 loss -0.1212, Img Sim: -0.122985, Reg: 0.001755
Iter 7 of 11 loss -0.1509, Img Sim: -0.152548, Reg: 0.001633
Iter 8 of 11 loss -0.1520, Img Sim: -0.153625, Reg: 0.001586
Iter 9 of 11 loss -0.1324, Img Sim: -0.134032, Reg: 0.001590
Iter 10 of 11 loss -0.1519, Img Sim: -0.153409, Reg: 0.001510
Iter 11 of 11 loss -0.1527, Img Sim: -0.153665, Reg: 0.000996
300_epoh_post_ModeTv2_cuda_nh(84211)_hd_6_c_8_ncc_1_reg_1_lr_5e-05_54r/ Epoch 46 loss -0.1461
46 : 0.07142854578341037
46 : 0.07142854578341037
46 : 0.07142854578341037
46 : 0.07142854578341037
46 : 0.07142854578341037
46 : 0.07142854578341039
Training Starts
Iter 1 of 11 loss -0.1597, Img Sim: -0.161111, Reg: 0.001422
Iter 2 of 11 loss -0.1522, Img Sim: -0.153206, Reg: 0.000988
Iter 3 of 11 loss -0.1509, Img Sim: -0.152530, Reg: 0.001634
Iter 4 of 11 loss -0.1521, Img Sim: -0.153593, Reg: 0.001510
Iter 5 of 11 loss -0.1212, Img Sim: -0.122958, Reg: 0.001756
Iter 6 of 11 loss -0.1438, Img Sim: -0.145114, Reg: 0.001363
Iter 7 of 11 loss -0.1324, Img Sim: -0.134018, Reg: 0.001590
Iter 8 of 11 loss -0.1637, Img Sim: -0.165788, Reg: 0.002127
Iter 9 of 11 loss -0.1266, Img Sim: -0.128374, Reg: 0.001768
Iter 10 of 11 loss -0.1527, Img Sim: -0.153677, Reg: 0.000997
Iter 11 of 11 loss -0.1531, Img Sim: -0.154674, Reg: 0.001586
300_epoh_post_ModeTv2_cuda_nh(84211)_hd_6_c_8_ncc_1_reg_1_lr_5e-05_54r/ Epoch 47 loss -0.1462
47 : 0.07142854578341037
47 : 0.07142854578341037
47 : 0.07142854578341037
47 : 0.07142854578341037
47 : 0.07142854578341037
47 : 0.07142854578341039
Training Starts
Iter 1 of 11 loss -0.1513, Img Sim: -0.152283, Reg: 0.000988
Iter 2 of 11 loss -0.1596, Img Sim: -0.161041, Reg: 0.001422
Iter 3 of 11 loss -0.1508, Img Sim: -0.152485, Reg: 0.001635
Iter 4 of 11 loss -0.1527, Img Sim: -0.153738, Reg: 0.000998
Iter 5 of 11 loss -0.1325, Img Sim: -0.134075, Reg: 0.001591
Iter 6 of 11 loss -0.1212, Img Sim: -0.122947, Reg: 0.001757
Iter 7 of 11 loss -0.1438, Img Sim: -0.145130, Reg: 0.001362
Iter 8 of 11 loss -0.1645, Img Sim: -0.166620, Reg: 0.002129
Iter 9 of 11 loss -0.1266, Img Sim: -0.128369, Reg: 0.001770
Iter 10 of 11 loss -0.1540, Img Sim: -0.155621, Reg: 0.001587
Iter 11 of 11 loss -0.1513, Img Sim: -0.152766, Reg: 0.001512
300_epoh_post_ModeTv2_cuda_nh(84211)_hd_6_c_8_ncc_1_reg_1_lr_5e-05_54r/ Epoch 48 loss -0.1462
48 : 0.07142854578341037
48 : 0.07142854578341037
48 : 0.07142854578341037
48 : 0.07142854578341037
48 : 0.07142854578341037
48 : 0.07142854578341039
Training Starts
Iter 1 of 11 loss -0.1325, Img Sim: -0.134041, Reg: 0.001591
Iter 2 of 11 loss -0.1653, Img Sim: -0.167404, Reg: 0.002129
Iter 3 of 11 loss -0.1266, Img Sim: -0.128388, Reg: 0.001771
Iter 4 of 11 loss -0.1212, Img Sim: -0.122991, Reg: 0.001758
Iter 5 of 11 loss -0.1534, Img Sim: -0.154961, Reg: 0.001512
Iter 6 of 11 loss -0.1518, Img Sim: -0.152802, Reg: 0.000988
Iter 7 of 11 loss -0.1509, Img Sim: -0.152508, Reg: 0.001635
Iter 8 of 11 loss -0.1597, Img Sim: -0.161095, Reg: 0.001422
Iter 9 of 11 loss -0.1543, Img Sim: -0.155879, Reg: 0.001587
Iter 10 of 11 loss -0.1526, Img Sim: -0.153594, Reg: 0.001000
Iter 11 of 11 loss -0.1439, Img Sim: -0.145221, Reg: 0.001360
300_epoh_post_ModeTv2_cuda_nh(84211)_hd_6_c_8_ncc_1_reg_1_lr_5e-05_54r/ Epoch 49 loss -0.1466
49 : 0.07142854578341037
49 : 0.07142854578341037
49 : 0.07142854578341037
49 : 0.07142854578341037
49 : 0.07142854578341037
49 : 0.07142854578341039
