Training Starts
Iter 0 of 11 loss -0.7930
Iter 1 of 11 loss -0.8808
Iter 2 of 11 loss -0.9121
Iter 3 of 11 loss -0.8028
Iter 4 of 11 loss -0.8849
Iter 5 of 11 loss -0.8037
Iter 6 of 11 loss -0.7714
Iter 7 of 11 loss -0.8464
Iter 8 of 11 loss -0.8000
Iter 9 of 11 loss -0.8358
Iter 10 of 11 loss -0.7914
Pre_150_epoh_ModeTv2_cuda_nh(84211)_hd_6_ncc_8_reg_1_lr_1_54r/ Epoch 0 loss -0.8293
0 : 0.06792083047680128
0 : 0.03396041523840064
0 : 0.043346429958442574
Training Starts
Iter 0 of 11 loss -0.8039
Iter 1 of 11 loss -0.8363
Iter 2 of 11 loss -0.8034
Iter 3 of 11 loss -0.7919
Iter 4 of 11 loss -0.8849
Iter 5 of 11 loss -0.7721
Iter 6 of 11 loss -0.8005
Iter 7 of 11 loss -0.7918
Iter 8 of 11 loss -0.8474
Iter 9 of 11 loss -0.9118
Iter 10 of 11 loss -0.8862
Pre_150_epoh_ModeTv2_cuda_nh(84211)_hd_6_ncc_8_reg_1_lr_1_54r/ Epoch 1 loss -0.8300
1 : 0.06780898637782037
1 : 0.03390449318891019
1 : 0.04604038143619913
Training Starts
Iter 0 of 11 loss -0.8851
Iter 1 of 11 loss -0.8037
Iter 2 of 11 loss -0.7924
Iter 3 of 11 loss -0.8007
Iter 4 of 11 loss -0.9122
Iter 5 of 11 loss -0.8478
Iter 6 of 11 loss -0.8865
Iter 7 of 11 loss -0.8367
Iter 8 of 11 loss -0.8046
Iter 9 of 11 loss -0.7724
Iter 10 of 11 loss -0.7919
Pre_150_epoh_ModeTv2_cuda_nh(84211)_hd_6_ncc_8_reg_1_lr_1_54r/ Epoch 2 loss -0.8303
2 : 0.06542395457197754
2 : 0.03271197728598877
2 : 0.044655389046234555
Training Starts
Iter 0 of 11 loss -0.8007
Iter 1 of 11 loss -0.9122
Iter 2 of 11 loss -0.8039
Iter 3 of 11 loss -0.8368
Iter 4 of 11 loss -0.7924
Iter 5 of 11 loss -0.8864
Iter 6 of 11 loss -0.8047
Iter 7 of 11 loss -0.8479
Iter 8 of 11 loss -0.8852
Iter 9 of 11 loss -0.7919
Iter 10 of 11 loss -0.7725
Pre_150_epoh_ModeTv2_cuda_nh(84211)_hd_6_ncc_8_reg_1_lr_1_54r/ Epoch 3 loss -0.8304
3 : 0.06452753630452515
3 : 0.032263768152262576
3 : 0.04317515179132036
Training Starts
Iter 0 of 11 loss -0.7920
Iter 1 of 11 loss -0.8007
Iter 2 of 11 loss -0.8047
Iter 3 of 11 loss -0.8480
Iter 4 of 11 loss -0.8368
Iter 5 of 11 loss -0.8865
Iter 6 of 11 loss -0.9124
Iter 7 of 11 loss -0.7921
Iter 8 of 11 loss -0.7725
Iter 9 of 11 loss -0.8040
Iter 10 of 11 loss -0.8853
Pre_150_epoh_ModeTv2_cuda_nh(84211)_hd_6_ncc_8_reg_1_lr_1_54r/ Epoch 4 loss -0.8304
4 : 0.06863976937891778
4 : 0.03431988468945889
4 : 0.04565266694143718
Training Starts
Iter 0 of 11 loss -0.7923
Iter 1 of 11 loss -0.8008
Iter 2 of 11 loss -0.7726
Iter 3 of 11 loss -0.7920
Iter 4 of 11 loss -0.8047
Iter 5 of 11 loss -0.8368
Iter 6 of 11 loss -0.8480
Iter 7 of 11 loss -0.8041
Iter 8 of 11 loss -0.8853
Iter 9 of 11 loss -0.9125
Iter 10 of 11 loss -0.8866
Pre_150_epoh_ModeTv2_cuda_nh(84211)_hd_6_ncc_8_reg_1_lr_1_54r/ Epoch 5 loss -0.8305
5 : 0.06464936696806119
5 : 0.03232468348403059
5 : 0.04288227019175095
Training Starts
Iter 0 of 11 loss -0.8041
Iter 1 of 11 loss -0.7920
Iter 2 of 11 loss -0.8853
Iter 3 of 11 loss -0.7726
Iter 4 of 11 loss -0.9124
Iter 5 of 11 loss -0.8369
Iter 6 of 11 loss -0.8867
Iter 7 of 11 loss -0.8481
Iter 8 of 11 loss -0.8048
Iter 9 of 11 loss -0.7928
Iter 10 of 11 loss -0.8008
Pre_150_epoh_ModeTv2_cuda_nh(84211)_hd_6_ncc_8_reg_1_lr_1_54r/ Epoch 6 loss -0.8306
6 : 0.06443046841046665
6 : 0.032215234205233326
6 : 0.04449414517361635
Training Starts
Iter 0 of 11 loss -0.9125
Iter 1 of 11 loss -0.8369
Iter 2 of 11 loss -0.8481
Iter 3 of 11 loss -0.7726
Iter 4 of 11 loss -0.8048
Iter 5 of 11 loss -0.8867
Iter 6 of 11 loss -0.7928
Iter 7 of 11 loss -0.8042
Iter 8 of 11 loss -0.7921
Iter 9 of 11 loss -0.8008
Iter 10 of 11 loss -0.8853
Pre_150_epoh_ModeTv2_cuda_nh(84211)_hd_6_ncc_8_reg_1_lr_1_54r/ Epoch 7 loss -0.8306
7 : 0.06465769766777898
7 : 0.03232884883388949
7 : 0.04427715578258595
Training Starts
Iter 0 of 11 loss -0.8048
Iter 1 of 11 loss -0.8369
Iter 2 of 11 loss -0.8042
Iter 3 of 11 loss -0.7921
Iter 4 of 11 loss -0.9126
Iter 5 of 11 loss -0.8009
Iter 6 of 11 loss -0.8481
Iter 7 of 11 loss -0.7929
Iter 8 of 11 loss -0.7726
Iter 9 of 11 loss -0.8867
Iter 10 of 11 loss -0.8854
Pre_150_epoh_ModeTv2_cuda_nh(84211)_hd_6_ncc_8_reg_1_lr_1_54r/ Epoch 8 loss -0.8306
8 : 0.06583260513385761
8 : 0.032916302566928804
8 : 0.04389958733084983
Training Starts
Iter 0 of 11 loss -0.7930
Iter 1 of 11 loss -0.8854
Iter 2 of 11 loss -0.9126
Iter 3 of 11 loss -0.7727
Iter 4 of 11 loss -0.8009
Iter 5 of 11 loss -0.8369
Iter 6 of 11 loss -0.8867
Iter 7 of 11 loss -0.8049
Iter 8 of 11 loss -0.7921
Iter 9 of 11 loss -0.8042
Iter 10 of 11 loss -0.8482
Pre_150_epoh_ModeTv2_cuda_nh(84211)_hd_6_ncc_8_reg_1_lr_1_54r/ Epoch 9 loss -0.8307
9 : 0.06484301228676025
9 : 0.03242150614338012
9 : 0.043588787891635734
Training Starts
Iter 0 of 11 loss -0.8854
Iter 1 of 11 loss -0.8009
Iter 2 of 11 loss -0.8867
Iter 3 of 11 loss -0.8369
Iter 4 of 11 loss -0.7930
Iter 5 of 11 loss -0.9126
Iter 6 of 11 loss -0.7922
Iter 7 of 11 loss -0.7726
Iter 8 of 11 loss -0.8049
Iter 9 of 11 loss -0.8481
Iter 10 of 11 loss -0.8042
Pre_150_epoh_ModeTv2_cuda_nh(84211)_hd_6_ncc_8_reg_1_lr_1_54r/ Epoch 10 loss -0.8307
10 : 0.06528485989534566
10 : 0.03264242994767283
10 : 0.043028886403532786
Training Starts
Iter 0 of 11 loss -0.8867
Iter 1 of 11 loss -0.8854
Iter 2 of 11 loss -0.8009
Iter 3 of 11 loss -0.8042
Iter 4 of 11 loss -0.8048
Iter 5 of 11 loss -0.7727
Iter 6 of 11 loss -0.7922
Iter 7 of 11 loss -0.7929
Iter 8 of 11 loss -0.9126
Iter 9 of 11 loss -0.8482
Iter 10 of 11 loss -0.8369
Pre_150_epoh_ModeTv2_cuda_nh(84211)_hd_6_ncc_8_reg_1_lr_1_54r/ Epoch 11 loss -0.8307
11 : 0.06452670053910674
11 : 0.03226335026955337
11 : 0.04445699311039832
Training Starts
Iter 0 of 11 loss -0.8854
Iter 1 of 11 loss -0.8369
Iter 2 of 11 loss -0.7922
Iter 3 of 11 loss -0.8009
Iter 4 of 11 loss -0.8867
Iter 5 of 11 loss -0.8482
Iter 6 of 11 loss -0.7930
Iter 7 of 11 loss -0.8048
Iter 8 of 11 loss -0.7726
Iter 9 of 11 loss -0.8042
Iter 10 of 11 loss -0.9126
Pre_150_epoh_ModeTv2_cuda_nh(84211)_hd_6_ncc_8_reg_1_lr_1_54r/ Epoch 12 loss -0.8307
12 : 0.06448488951643738
12 : 0.03224244475821869
12 : 0.04409438162108436
Training Starts
Iter 0 of 11 loss -0.8868
Iter 1 of 11 loss -0.8853
Iter 2 of 11 loss -0.9125
Iter 3 of 11 loss -0.8369
Iter 4 of 11 loss -0.8049
Iter 5 of 11 loss -0.8042
Iter 6 of 11 loss -0.8009
Iter 7 of 11 loss -0.7930
Iter 8 of 11 loss -0.7726
Iter 9 of 11 loss -0.7921
Iter 10 of 11 loss -0.8482
Pre_150_epoh_ModeTv2_cuda_nh(84211)_hd_6_ncc_8_reg_1_lr_1_54r/ Epoch 13 loss -0.8307
13 : 0.0658164389612463
13 : 0.03290821948062315
13 : 0.04338588687850443
Training Starts
Iter 0 of 11 loss -0.7922
Iter 1 of 11 loss -0.8042
Iter 2 of 11 loss -0.8867
Iter 3 of 11 loss -0.8010
Iter 4 of 11 loss -0.8853
Iter 5 of 11 loss -0.9126
Iter 6 of 11 loss -0.7727
Iter 7 of 11 loss -0.7930
Iter 8 of 11 loss -0.8482
Iter 9 of 11 loss -0.8049
Iter 10 of 11 loss -0.8369
Pre_150_epoh_ModeTv2_cuda_nh(84211)_hd_6_ncc_8_reg_1_lr_1_54r/ Epoch 14 loss -0.8307
14 : 0.0654835304906991
14 : 0.03274176524534955
14 : 0.04360068926517232
Training Starts
Iter 0 of 11 loss -0.8854
Iter 1 of 11 loss -0.7726
Iter 2 of 11 loss -0.8042
Iter 3 of 11 loss -0.8009
Iter 4 of 11 loss -0.7922
Iter 5 of 11 loss -0.8482
Iter 6 of 11 loss -0.9126
Iter 7 of 11 loss -0.8868
Iter 8 of 11 loss -0.8369
Iter 9 of 11 loss -0.8049
Iter 10 of 11 loss -0.7930
Pre_150_epoh_ModeTv2_cuda_nh(84211)_hd_6_ncc_8_reg_1_lr_1_54r/ Epoch 15 loss -0.8307
15 : 0.06497212816411482
15 : 0.03248606408205741
15 : 0.042762726787021234
Training Starts
Iter 0 of 11 loss -0.8854
Iter 1 of 11 loss -0.8049
Iter 2 of 11 loss -0.8482
Iter 3 of 11 loss -0.7930
Iter 4 of 11 loss -0.7922
Iter 5 of 11 loss -0.8369
Iter 6 of 11 loss -0.9127
Iter 7 of 11 loss -0.8043
Iter 8 of 11 loss -0.8868
Iter 9 of 11 loss -0.8009
Iter 10 of 11 loss -0.7727
Pre_150_epoh_ModeTv2_cuda_nh(84211)_hd_6_ncc_8_reg_1_lr_1_54r/ Epoch 16 loss -0.8307
16 : 0.06547048060087954
16 : 0.03273524030043977
16 : 0.04353450918351781
Training Starts
Iter 0 of 11 loss -0.8482
Iter 1 of 11 loss -0.8009
Iter 2 of 11 loss -0.8043
Iter 3 of 11 loss -0.7930
Iter 4 of 11 loss -0.8049
Iter 5 of 11 loss -0.8854
Iter 6 of 11 loss -0.8370
Iter 7 of 11 loss -0.7727
Iter 8 of 11 loss -0.9126
Iter 9 of 11 loss -0.8868
Iter 10 of 11 loss -0.7922
Pre_150_epoh_ModeTv2_cuda_nh(84211)_hd_6_ncc_8_reg_1_lr_1_54r/ Epoch 17 loss -0.8307
17 : 0.06467435374402708
17 : 0.03233717687201354
17 : 0.04385239095526041
Training Starts
Iter 0 of 11 loss -0.9127
Iter 1 of 11 loss -0.8854
Iter 2 of 11 loss -0.8482
Iter 3 of 11 loss -0.8043
Iter 4 of 11 loss -0.8049
Iter 5 of 11 loss -0.7930
Iter 6 of 11 loss -0.7922
Iter 7 of 11 loss -0.8868
Iter 8 of 11 loss -0.7727
Iter 9 of 11 loss -0.8009
Iter 10 of 11 loss -0.8370
Pre_150_epoh_ModeTv2_cuda_nh(84211)_hd_6_ncc_8_reg_1_lr_1_54r/ Epoch 18 loss -0.8307
18 : 0.06504394963083353
18 : 0.032521974815416764
18 : 0.0442045700076056
Training Starts
Iter 0 of 11 loss -0.8370
Iter 1 of 11 loss -0.8482
Iter 2 of 11 loss -0.7930
Iter 3 of 11 loss -0.9126
Iter 4 of 11 loss -0.8854
Iter 5 of 11 loss -0.8868
Iter 6 of 11 loss -0.8049
Iter 7 of 11 loss -0.7922
Iter 8 of 11 loss -0.8009
Iter 9 of 11 loss -0.7727
Iter 10 of 11 loss -0.8042
Pre_150_epoh_ModeTv2_cuda_nh(84211)_hd_6_ncc_8_reg_1_lr_1_54r/ Epoch 19 loss -0.8307
19 : 0.06503487607172018
19 : 0.03251743803586009
19 : 0.0432020295442786
Training Starts
Iter 0 of 11 loss -0.7930
Iter 1 of 11 loss -0.8049
Iter 2 of 11 loss -0.8043
Iter 3 of 11 loss -0.8854
Iter 4 of 11 loss -0.9127
Iter 5 of 11 loss -0.8009
Iter 6 of 11 loss -0.8868
Iter 7 of 11 loss -0.7923
Iter 8 of 11 loss -0.8370
Iter 9 of 11 loss -0.8482
Iter 10 of 11 loss -0.7727
Pre_150_epoh_ModeTv2_cuda_nh(84211)_hd_6_ncc_8_reg_1_lr_1_54r/ Epoch 20 loss -0.8307
20 : 0.06517157973611185
20 : 0.03258578986805592
20 : 0.04342879785902041
Training Starts
Iter 0 of 11 loss -0.7727
Iter 1 of 11 loss -0.7923
Iter 2 of 11 loss -0.8867
Iter 3 of 11 loss -0.8854
Iter 4 of 11 loss -0.8482
Iter 5 of 11 loss -0.9127
Iter 6 of 11 loss -0.8043
Iter 7 of 11 loss -0.8049
Iter 8 of 11 loss -0.8010
Iter 9 of 11 loss -0.7930
Iter 10 of 11 loss -0.8369
Pre_150_epoh_ModeTv2_cuda_nh(84211)_hd_6_ncc_8_reg_1_lr_1_54r/ Epoch 21 loss -0.8307
21 : 0.06544844892707054
21 : 0.03272422446353527
21 : 0.0435089236249859
Training Starts
Iter 0 of 11 loss -0.7727
Iter 1 of 11 loss -0.7922
Iter 2 of 11 loss -0.8049
Iter 3 of 11 loss -0.9127
Iter 4 of 11 loss -0.8370
Iter 5 of 11 loss -0.7930
Iter 6 of 11 loss -0.8009
Iter 7 of 11 loss -0.8482
Iter 8 of 11 loss -0.8854
Iter 9 of 11 loss -0.8868
Iter 10 of 11 loss -0.8043
Pre_150_epoh_ModeTv2_cuda_nh(84211)_hd_6_ncc_8_reg_1_lr_1_54r/ Epoch 22 loss -0.8307
22 : 0.0651090521711223
22 : 0.03255452608556115
22 : 0.043450439474230024
Training Starts
Iter 0 of 11 loss -0.7923
Iter 1 of 11 loss -0.8043
Iter 2 of 11 loss -0.8049
Iter 3 of 11 loss -0.9127
Iter 4 of 11 loss -0.7727
Iter 5 of 11 loss -0.8009
Iter 6 of 11 loss -0.8369
Iter 7 of 11 loss -0.8854
Iter 8 of 11 loss -0.8868
Iter 9 of 11 loss -0.8482
Iter 10 of 11 loss -0.7930
Pre_150_epoh_ModeTv2_cuda_nh(84211)_hd_6_ncc_8_reg_1_lr_1_54r/ Epoch 23 loss -0.8307
23 : 0.06471429939292518
23 : 0.03235714969646259
23 : 0.04158347652482881
Training Starts
Iter 0 of 11 loss -0.8854
Iter 1 of 11 loss -0.7922
Iter 2 of 11 loss -0.9127
Iter 3 of 11 loss -0.8868
Iter 4 of 11 loss -0.8482
Iter 5 of 11 loss -0.8370
Iter 6 of 11 loss -0.7727
Iter 7 of 11 loss -0.8010
Iter 8 of 11 loss -0.8042
Iter 9 of 11 loss -0.7930
Iter 10 of 11 loss -0.8049
Pre_150_epoh_ModeTv2_cuda_nh(84211)_hd_6_ncc_8_reg_1_lr_1_54r/ Epoch 24 loss -0.8307
24 : 0.06476168186683041
24 : 0.03238084093341521
24 : 0.04291220018902589
Training Starts
Iter 0 of 11 loss -0.8042
Iter 1 of 11 loss -0.8049
Iter 2 of 11 loss -0.8370
Iter 3 of 11 loss -0.8482
Iter 4 of 11 loss -0.8010
Iter 5 of 11 loss -0.8854
Iter 6 of 11 loss -0.9127
Iter 7 of 11 loss -0.8868
Iter 8 of 11 loss -0.7930
Iter 9 of 11 loss -0.7727
Iter 10 of 11 loss -0.7922
Pre_150_epoh_ModeTv2_cuda_nh(84211)_hd_6_ncc_8_reg_1_lr_1_54r/ Epoch 25 loss -0.8307
25 : 0.06479489842970822
25 : 0.03239744921485411
25 : 0.043436291571358566
Training Starts
Iter 0 of 11 loss -0.8868
Iter 1 of 11 loss -0.8010
Iter 2 of 11 loss -0.7727
Iter 3 of 11 loss -0.8369
Iter 4 of 11 loss -0.7930
Iter 5 of 11 loss -0.8482
Iter 6 of 11 loss -0.8854
Iter 7 of 11 loss -0.7923
Iter 8 of 11 loss -0.8049
Iter 9 of 11 loss -0.9127
Iter 10 of 11 loss -0.8043
Pre_150_epoh_ModeTv2_cuda_nh(84211)_hd_6_ncc_8_reg_1_lr_1_54r/ Epoch 26 loss -0.8307
26 : 0.06453004349377502
26 : 0.03226502174688751
26 : 0.04252981658152686
Training Starts
Iter 0 of 11 loss -0.9127
Iter 1 of 11 loss -0.8854
Iter 2 of 11 loss -0.8043
Iter 3 of 11 loss -0.7922
Iter 4 of 11 loss -0.8868
Iter 5 of 11 loss -0.7930
Iter 6 of 11 loss -0.8482
Iter 7 of 11 loss -0.7727
Iter 8 of 11 loss -0.8049
Iter 9 of 11 loss -0.8010
Iter 10 of 11 loss -0.8370
Pre_150_epoh_ModeTv2_cuda_nh(84211)_hd_6_ncc_8_reg_1_lr_1_54r/ Epoch 27 loss -0.8307
27 : 0.06476085109056814
27 : 0.03238042554528407
27 : 0.042960650700694804
Training Starts
Iter 0 of 11 loss -0.7931
Iter 1 of 11 loss -0.8049
Iter 2 of 11 loss -0.8854
Iter 3 of 11 loss -0.7922
Iter 4 of 11 loss -0.8043
Iter 5 of 11 loss -0.8010
Iter 6 of 11 loss -0.9127
Iter 7 of 11 loss -0.7727
Iter 8 of 11 loss -0.8370
Iter 9 of 11 loss -0.8482
Iter 10 of 11 loss -0.8868
Pre_150_epoh_ModeTv2_cuda_nh(84211)_hd_6_ncc_8_reg_1_lr_1_54r/ Epoch 28 loss -0.8308
28 : 0.06478327584732102
28 : 0.03239163792366051
28 : 0.0429519032197217
Training Starts
Iter 0 of 11 loss -0.8854
Iter 1 of 11 loss -0.8482
Iter 2 of 11 loss -0.7922
Iter 3 of 11 loss -0.8049
Iter 4 of 11 loss -0.7931
Iter 5 of 11 loss -0.7727
Iter 6 of 11 loss -0.8370
Iter 7 of 11 loss -0.8868
Iter 8 of 11 loss -0.8010
Iter 9 of 11 loss -0.9127
Iter 10 of 11 loss -0.8043
Pre_150_epoh_ModeTv2_cuda_nh(84211)_hd_6_ncc_8_reg_1_lr_1_54r/ Epoch 29 loss -0.8307
29 : 0.06471346760824616
29 : 0.03235673380412308
29 : 0.04322492831218099
Training Starts
Iter 0 of 11 loss -0.9127
Iter 1 of 11 loss -0.8049
Iter 2 of 11 loss -0.8010
Iter 3 of 11 loss -0.8370
Iter 4 of 11 loss -0.7922
Iter 5 of 11 loss -0.7727
Iter 6 of 11 loss -0.8043
Iter 7 of 11 loss -0.7931
Iter 8 of 11 loss -0.8482
Iter 9 of 11 loss -0.8854
Iter 10 of 11 loss -0.8868
Pre_150_epoh_ModeTv2_cuda_nh(84211)_hd_6_ncc_8_reg_1_lr_1_54r/ Epoch 30 loss -0.8307
30 : 0.06482476918650125
30 : 0.032412384593250625
30 : 0.04346428645067408
Training Starts
Iter 0 of 11 loss -0.8482
Iter 1 of 11 loss -0.8010
Iter 2 of 11 loss -0.8854
Iter 3 of 11 loss -0.8043
Iter 4 of 11 loss -0.8868
Iter 5 of 11 loss -0.8370
Iter 6 of 11 loss -0.9127
Iter 7 of 11 loss -0.8049
Iter 8 of 11 loss -0.7727
Iter 9 of 11 loss -0.7931
Iter 10 of 11 loss -0.7923
Pre_150_epoh_ModeTv2_cuda_nh(84211)_hd_6_ncc_8_reg_1_lr_1_54r/ Epoch 31 loss -0.8307
31 : 0.06583341326439432
31 : 0.03291670663219716
31 : 0.04343858570423353
Training Starts
Iter 0 of 11 loss -0.8854
Iter 1 of 11 loss -0.8043
Iter 2 of 11 loss -0.8049
Iter 3 of 11 loss -0.8010
Iter 4 of 11 loss -0.7922
Iter 5 of 11 loss -0.8868
Iter 6 of 11 loss -0.9127
Iter 7 of 11 loss -0.8482
Iter 8 of 11 loss -0.8370
Iter 9 of 11 loss -0.7931
Iter 10 of 11 loss -0.7727
Pre_150_epoh_ModeTv2_cuda_nh(84211)_hd_6_ncc_8_reg_1_lr_1_54r/ Epoch 32 loss -0.8307
32 : 0.0650191985753647
32 : 0.03250959928768235
32 : 0.04266337340281173
Training Starts
Iter 0 of 11 loss -0.8043
Iter 1 of 11 loss -0.8868
Iter 2 of 11 loss -0.8049
Iter 3 of 11 loss -0.8010
Iter 4 of 11 loss -0.8854
Iter 5 of 11 loss -0.9127
Iter 6 of 11 loss -0.8370
Iter 7 of 11 loss -0.7930
Iter 8 of 11 loss -0.7727
Iter 9 of 11 loss -0.7923
Iter 10 of 11 loss -0.8482
Pre_150_epoh_ModeTv2_cuda_nh(84211)_hd_6_ncc_8_reg_1_lr_1_54r/ Epoch 33 loss -0.8307
33 : 0.0648148148079246
33 : 0.0324074074039623
33 : 0.044002134043189124
Training Starts
Iter 0 of 11 loss -0.8868
Iter 1 of 11 loss -0.7923
Iter 2 of 11 loss -0.8854
Iter 3 of 11 loss -0.7931
Iter 4 of 11 loss -0.8010
Iter 5 of 11 loss -0.9127
Iter 6 of 11 loss -0.8370
Iter 7 of 11 loss -0.8043
Iter 8 of 11 loss -0.8049
Iter 9 of 11 loss -0.8482
Iter 10 of 11 loss -0.7727
Pre_150_epoh_ModeTv2_cuda_nh(84211)_hd_6_ncc_8_reg_1_lr_1_54r/ Epoch 34 loss -0.8308
34 : 0.06623536567946085
34 : 0.03311768283973043
34 : 0.04362190405652655
Training Starts
Iter 0 of 11 loss -0.7930
Iter 1 of 11 loss -0.7727
Iter 2 of 11 loss -0.8854
Iter 3 of 11 loss -0.8868
Iter 4 of 11 loss -0.7923
Iter 5 of 11 loss -0.9127
Iter 6 of 11 loss -0.8010
Iter 7 of 11 loss -0.8482
Iter 8 of 11 loss -0.8370
Iter 9 of 11 loss -0.8049
Iter 10 of 11 loss -0.8043
Pre_150_epoh_ModeTv2_cuda_nh(84211)_hd_6_ncc_8_reg_1_lr_1_54r/ Epoch 35 loss -0.8307
35 : 0.06444554643599285
35 : 0.03222277321799642
35 : 0.04257956091081522
Training Starts
Iter 0 of 11 loss -0.8482
Iter 1 of 11 loss -0.8868
Iter 2 of 11 loss -0.8010
Iter 3 of 11 loss -0.7931
Iter 4 of 11 loss -0.8854
Iter 5 of 11 loss -0.9127
Iter 6 of 11 loss -0.7923
Iter 7 of 11 loss -0.8370
Iter 8 of 11 loss -0.8043
Iter 9 of 11 loss -0.8049
Iter 10 of 11 loss -0.7727
Pre_150_epoh_ModeTv2_cuda_nh(84211)_hd_6_ncc_8_reg_1_lr_1_54r/ Epoch 36 loss -0.8308
36 : 0.06512716260454364
36 : 0.03256358130227182
36 : 0.04364892875102234
Training Starts
Iter 0 of 11 loss -0.8868
Iter 1 of 11 loss -0.7923
Iter 2 of 11 loss -0.7727
Iter 3 of 11 loss -0.8043
Iter 4 of 11 loss -0.8049
Iter 5 of 11 loss -0.8010
Iter 6 of 11 loss -0.8482
Iter 7 of 11 loss -0.8854
Iter 8 of 11 loss -0.7931
Iter 9 of 11 loss -0.9127
Iter 10 of 11 loss -0.8370
Pre_150_epoh_ModeTv2_cuda_nh(84211)_hd_6_ncc_8_reg_1_lr_1_54r/ Epoch 37 loss -0.8308
37 : 0.06516418040635542
37 : 0.03258209020317771
37 : 0.04400056250104903
Training Starts
Iter 0 of 11 loss -0.8043
Iter 1 of 11 loss -0.8854
Iter 2 of 11 loss -0.7923
Iter 3 of 11 loss -0.8482
Iter 4 of 11 loss -0.9127
Iter 5 of 11 loss -0.7931
Iter 6 of 11 loss -0.7727
Iter 7 of 11 loss -0.8370
Iter 8 of 11 loss -0.8010
Iter 9 of 11 loss -0.8867
Iter 10 of 11 loss -0.8049
Pre_150_epoh_ModeTv2_cuda_nh(84211)_hd_6_ncc_8_reg_1_lr_1_54r/ Epoch 38 loss -0.8307
38 : 0.06521019779344103
38 : 0.032605098896720516
38 : 0.042848445497638256
Training Starts
Iter 0 of 11 loss -0.7923
Iter 1 of 11 loss -0.9127
Iter 2 of 11 loss -0.8010
Iter 3 of 11 loss -0.8049
Iter 4 of 11 loss -0.8854
Iter 5 of 11 loss -0.8868
Iter 6 of 11 loss -0.8370
Iter 7 of 11 loss -0.7931
Iter 8 of 11 loss -0.8043
Iter 9 of 11 loss -0.8482
Iter 10 of 11 loss -0.7727
Pre_150_epoh_ModeTv2_cuda_nh(84211)_hd_6_ncc_8_reg_1_lr_1_54r/ Epoch 39 loss -0.8307
39 : 0.06612965837818162
39 : 0.03306482918909081
39 : 0.043516310460781644
Training Starts
Iter 0 of 11 loss -0.9127
Iter 1 of 11 loss -0.7930
Iter 2 of 11 loss -0.8482
Iter 3 of 11 loss -0.8010
Iter 4 of 11 loss -0.8854
Iter 5 of 11 loss -0.8043
Iter 6 of 11 loss -0.7727
Iter 7 of 11 loss -0.7923
Iter 8 of 11 loss -0.8868
Iter 9 of 11 loss -0.8370
Iter 10 of 11 loss -0.8049
Pre_150_epoh_ModeTv2_cuda_nh(84211)_hd_6_ncc_8_reg_1_lr_1_54r/ Epoch 40 loss -0.8307
40 : 0.06525287944063482
40 : 0.03262643972031741
40 : 0.04322900059137367
Training Starts
Iter 0 of 11 loss -0.8370
Iter 1 of 11 loss -0.8868
Iter 2 of 11 loss -0.9127
Iter 3 of 11 loss -0.8010
Iter 4 of 11 loss -0.8482
Iter 5 of 11 loss -0.7727
Iter 6 of 11 loss -0.7923
Iter 7 of 11 loss -0.8049
Iter 8 of 11 loss -0.8854
Iter 9 of 11 loss -0.8043
Iter 10 of 11 loss -0.7931
Pre_150_epoh_ModeTv2_cuda_nh(84211)_hd_6_ncc_8_reg_1_lr_1_54r/ Epoch 41 loss -0.8308
41 : 0.06449911027134617
41 : 0.03224955513567308
41 : 0.042804633198790486
Training Starts
Iter 0 of 11 loss -0.8370
Iter 1 of 11 loss -0.7931
Iter 2 of 11 loss -0.8049
Iter 3 of 11 loss -0.8043
Iter 4 of 11 loss -0.8854
Iter 5 of 11 loss -0.7727
Iter 6 of 11 loss -0.8482
Iter 7 of 11 loss -0.8010
Iter 8 of 11 loss -0.9127
Iter 9 of 11 loss -0.8868
Iter 10 of 11 loss -0.7923
Pre_150_epoh_ModeTv2_cuda_nh(84211)_hd_6_ncc_8_reg_1_lr_1_54r/ Epoch 42 loss -0.8308
42 : 0.06536919450384907
42 : 0.03268459725192453
42 : 0.04368056347135348
Training Starts
Iter 0 of 11 loss -0.7727
Iter 1 of 11 loss -0.8868
Iter 2 of 11 loss -0.8370
Iter 3 of 11 loss -0.8043
Iter 4 of 11 loss -0.8010
Iter 5 of 11 loss -0.7931
Iter 6 of 11 loss -0.9127
Iter 7 of 11 loss -0.8482
Iter 8 of 11 loss -0.8049
Iter 9 of 11 loss -0.7923
Iter 10 of 11 loss -0.8854
Pre_150_epoh_ModeTv2_cuda_nh(84211)_hd_6_ncc_8_reg_1_lr_1_54r/ Epoch 43 loss -0.8308
43 : 0.06562110166890588
43 : 0.03281055083445294
43 : 0.0435433315180778
Training Starts
Iter 0 of 11 loss -0.8370
Iter 1 of 11 loss -0.7727
Iter 2 of 11 loss -0.8868
Iter 3 of 11 loss -0.8854
Iter 4 of 11 loss -0.8482
Iter 5 of 11 loss -0.7923
Iter 6 of 11 loss -0.8010
Iter 7 of 11 loss -0.8049
Iter 8 of 11 loss -0.8043
Iter 9 of 11 loss -0.7931
Iter 10 of 11 loss -0.9127
Pre_150_epoh_ModeTv2_cuda_nh(84211)_hd_6_ncc_8_reg_1_lr_1_54r/ Epoch 44 loss -0.8308
44 : 0.06515760204094004
44 : 0.03257880102047002
44 : 0.0430379133845226
Training Starts
Iter 0 of 11 loss -0.7931
Iter 1 of 11 loss -0.8482
Iter 2 of 11 loss -0.8043
Iter 3 of 11 loss -0.8868
Iter 4 of 11 loss -0.8854
Iter 5 of 11 loss -0.8049
Iter 6 of 11 loss -0.7727
Iter 7 of 11 loss -0.8010
Iter 8 of 11 loss -0.8370
Iter 9 of 11 loss -0.7923
Iter 10 of 11 loss -0.9127
Pre_150_epoh_ModeTv2_cuda_nh(84211)_hd_6_ncc_8_reg_1_lr_1_54r/ Epoch 45 loss -0.8308
45 : 0.06576142317866887
45 : 0.032880711589334435
45 : 0.043871089371690035
Training Starts
Iter 0 of 11 loss -0.8482
Iter 1 of 11 loss -0.7923
Iter 2 of 11 loss -0.8854
Iter 3 of 11 loss -0.8049
Iter 4 of 11 loss -0.8010
Iter 5 of 11 loss -0.8868
Iter 6 of 11 loss -0.8043
Iter 7 of 11 loss -0.7727
Iter 8 of 11 loss -0.9127
Iter 9 of 11 loss -0.7930
Iter 10 of 11 loss -0.8370
Pre_150_epoh_ModeTv2_cuda_nh(84211)_hd_6_ncc_8_reg_1_lr_1_54r/ Epoch 46 loss -0.8308
46 : 0.0657014637124043
46 : 0.03285073185620215
46 : 0.04320291013980343
Training Starts
Iter 0 of 11 loss -0.8010
Iter 1 of 11 loss -0.8854
Iter 2 of 11 loss -0.8043
Iter 3 of 11 loss -0.7930
Iter 4 of 11 loss -0.8868
Iter 5 of 11 loss -0.8482
Iter 6 of 11 loss -0.9127
Iter 7 of 11 loss -0.8049
Iter 8 of 11 loss -0.7922
Iter 9 of 11 loss -0.8370
Iter 10 of 11 loss -0.7727
Pre_150_epoh_ModeTv2_cuda_nh(84211)_hd_6_ncc_8_reg_1_lr_1_54r/ Epoch 47 loss -0.8308
47 : 0.0647458940947534
47 : 0.0323729470473767
47 : 0.04257098803962537
Training Starts
Iter 0 of 11 loss -0.8854
Iter 1 of 11 loss -0.8010
Iter 2 of 11 loss -0.8043
Iter 3 of 11 loss -0.8370
Iter 4 of 11 loss -0.9127
Iter 5 of 11 loss -0.8868
Iter 6 of 11 loss -0.8482
Iter 7 of 11 loss -0.8049
Iter 8 of 11 loss -0.7923
Iter 9 of 11 loss -0.7727
Iter 10 of 11 loss -0.7930
Pre_150_epoh_ModeTv2_cuda_nh(84211)_hd_6_ncc_8_reg_1_lr_1_54r/ Epoch 48 loss -0.8308
48 : 0.06563003905072366
48 : 0.03281501952536183
48 : 0.04333243169616626
Training Starts
Iter 0 of 11 loss -0.9127
Iter 1 of 11 loss -0.8049
Iter 2 of 11 loss -0.7923
Iter 3 of 11 loss -0.8868
Iter 4 of 11 loss -0.7930
Iter 5 of 11 loss -0.8854
Iter 6 of 11 loss -0.8043
Iter 7 of 11 loss -0.8010
Iter 8 of 11 loss -0.7727
Iter 9 of 11 loss -0.8370
Iter 10 of 11 loss -0.8482
Pre_150_epoh_ModeTv2_cuda_nh(84211)_hd_6_ncc_8_reg_1_lr_1_54r/ Epoch 49 loss -0.8308
49 : 0.06579136797845686
49 : 0.03289568398922843
49 : 0.043821287962889414
Training Starts
Iter 0 of 11 loss -0.8043
Iter 1 of 11 loss -0.7923
Iter 2 of 11 loss -0.8371
Iter 3 of 11 loss -0.8010
Iter 4 of 11 loss -0.7727
Iter 5 of 11 loss -0.8482
Iter 6 of 11 loss -0.9127
Iter 7 of 11 loss -0.7931
Iter 8 of 11 loss -0.8854
Iter 9 of 11 loss -0.8049
Iter 10 of 11 loss -0.8868
Pre_150_epoh_ModeTv2_cuda_nh(84211)_hd_6_ncc_8_reg_1_lr_1_54r/ Epoch 50 loss -0.8308
50 : 0.06484881512085619
50 : 0.032424407560428095
50 : 0.04342776238966437
Training Starts
Iter 0 of 11 loss -0.9127
Iter 1 of 11 loss -0.7931
Iter 2 of 11 loss -0.7727
Iter 3 of 11 loss -0.8010
Iter 4 of 11 loss -0.8370
Iter 5 of 11 loss -0.8043
Iter 6 of 11 loss -0.8482
Iter 7 of 11 loss -0.8868
Iter 8 of 11 loss -0.7923
Iter 9 of 11 loss -0.8854
Iter 10 of 11 loss -0.8049
Pre_150_epoh_ModeTv2_cuda_nh(84211)_hd_6_ncc_8_reg_1_lr_1_54r/ Epoch 51 loss -0.8308
51 : 0.06504889795315452
51 : 0.03252444897657726
51 : 0.043595351891040336
Training Starts
Iter 0 of 11 loss -0.8050
Iter 1 of 11 loss -0.7727
Iter 2 of 11 loss -0.8043
Iter 3 of 11 loss -0.8482
Iter 4 of 11 loss -0.9127
Iter 5 of 11 loss -0.8370
Iter 6 of 11 loss -0.8854
Iter 7 of 11 loss -0.7923
Iter 8 of 11 loss -0.8010
Iter 9 of 11 loss -0.7931
Iter 10 of 11 loss -0.8868
Pre_150_epoh_ModeTv2_cuda_nh(84211)_hd_6_ncc_8_reg_1_lr_1_54r/ Epoch 52 loss -0.8308
52 : 0.06527338276521641
52 : 0.032636691382608204
52 : 0.043970524783252196
Training Starts
Iter 0 of 11 loss -0.7923
Iter 1 of 11 loss -0.8855
Iter 2 of 11 loss -0.8049
Iter 3 of 11 loss -0.8868
Iter 4 of 11 loss -0.9127
Iter 5 of 11 loss -0.8370
Iter 6 of 11 loss -0.8043
Iter 7 of 11 loss -0.7931
Iter 8 of 11 loss -0.7727
Iter 9 of 11 loss -0.8010
Iter 10 of 11 loss -0.8482
Pre_150_epoh_ModeTv2_cuda_nh(84211)_hd_6_ncc_8_reg_1_lr_1_54r/ Epoch 53 loss -0.8308
53 : 0.06558451810116624
53 : 0.03279225905058312
53 : 0.043439378096470214
Training Starts
Iter 0 of 11 loss -0.8049
Iter 1 of 11 loss -0.9127
Iter 2 of 11 loss -0.8370
Iter 3 of 11 loss -0.8868
Iter 4 of 11 loss -0.7727
Iter 5 of 11 loss -0.8482
Iter 6 of 11 loss -0.7923
Iter 7 of 11 loss -0.8854
Iter 8 of 11 loss -0.7931
Iter 9 of 11 loss -0.8010
Iter 10 of 11 loss -0.8043
Pre_150_epoh_ModeTv2_cuda_nh(84211)_hd_6_ncc_8_reg_1_lr_1_54r/ Epoch 54 loss -0.8308
54 : 0.06487118939688932
54 : 0.03243559469844466
54 : 0.04413785793442023
Training Starts
Iter 0 of 11 loss -0.7923
Iter 1 of 11 loss -0.8050
Iter 2 of 11 loss -0.8868
Iter 3 of 11 loss -0.8010
Iter 4 of 11 loss -0.7931
Iter 5 of 11 loss -0.8854
Iter 6 of 11 loss -0.9127
Iter 7 of 11 loss -0.8482
Iter 8 of 11 loss -0.7727
Iter 9 of 11 loss -0.8043
Iter 10 of 11 loss -0.8370
Pre_150_epoh_ModeTv2_cuda_nh(84211)_hd_6_ncc_8_reg_1_lr_1_54r/ Epoch 55 loss -0.8308
55 : 0.06544028586405941
55 : 0.032720142932029704
55 : 0.04352565946974148
Training Starts
Iter 0 of 11 loss -0.8010
Iter 1 of 11 loss -0.7931
Iter 2 of 11 loss -0.8483
Iter 3 of 11 loss -0.8370
Iter 4 of 11 loss -0.7727
Iter 5 of 11 loss -0.8868
Iter 6 of 11 loss -0.7923
Iter 7 of 11 loss -0.8854
Iter 8 of 11 loss -0.8049
Iter 9 of 11 loss -0.8043
Iter 10 of 11 loss -0.9127
Pre_150_epoh_ModeTv2_cuda_nh(84211)_hd_6_ncc_8_reg_1_lr_1_54r/ Epoch 56 loss -0.8308
56 : 0.0649547720798976
56 : 0.0324773860399488
56 : 0.04347272455468476
Training Starts
Iter 0 of 11 loss -0.7727
Iter 1 of 11 loss -0.7923
Iter 2 of 11 loss -0.8049
Iter 3 of 11 loss -0.9127
Iter 4 of 11 loss -0.8043
Iter 5 of 11 loss -0.8482
Iter 6 of 11 loss -0.8868
Iter 7 of 11 loss -0.8010
Iter 8 of 11 loss -0.8370
Iter 9 of 11 loss -0.7931
Iter 10 of 11 loss -0.8854
Pre_150_epoh_ModeTv2_cuda_nh(84211)_hd_6_ncc_8_reg_1_lr_1_54r/ Epoch 57 loss -0.8308
57 : 0.06496551723448642
57 : 0.03248275861724321
57 : 0.0433759064585198
Training Starts
Iter 0 of 11 loss -0.8371
Iter 1 of 11 loss -0.7931
Iter 2 of 11 loss -0.8854
Iter 3 of 11 loss -0.8043
Iter 4 of 11 loss -0.9127
Iter 5 of 11 loss -0.8868
Iter 6 of 11 loss -0.7727
Iter 7 of 11 loss -0.8049
Iter 8 of 11 loss -0.8482
Iter 9 of 11 loss -0.8010
Iter 10 of 11 loss -0.7923
Pre_150_epoh_ModeTv2_cuda_nh(84211)_hd_6_ncc_8_reg_1_lr_1_54r/ Epoch 58 loss -0.8308
58 : 0.0653920887261545
58 : 0.03269604436307725
58 : 0.04311231806436533
Training Starts
Iter 0 of 11 loss -0.8010
Iter 1 of 11 loss -0.8868
Iter 2 of 11 loss -0.7728
Iter 3 of 11 loss -0.8049
Iter 4 of 11 loss -0.7931
Iter 5 of 11 loss -0.9127
Iter 6 of 11 loss -0.8043
Iter 7 of 11 loss -0.8483
Iter 8 of 11 loss -0.8854
Iter 9 of 11 loss -0.8370
Iter 10 of 11 loss -0.7923
Pre_150_epoh_ModeTv2_cuda_nh(84211)_hd_6_ncc_8_reg_1_lr_1_54r/ Epoch 59 loss -0.8308
59 : 0.06504559914153801
59 : 0.032522799570769007
59 : 0.043125219314580104
Training Starts
Iter 0 of 11 loss -0.8043
Iter 1 of 11 loss -0.7931
Iter 2 of 11 loss -0.8371
Iter 3 of 11 loss -0.8010
Iter 4 of 11 loss -0.8854
Iter 5 of 11 loss -0.7727
Iter 6 of 11 loss -0.8868
Iter 7 of 11 loss -0.7923
Iter 8 of 11 loss -0.9127
Iter 9 of 11 loss -0.8049
Iter 10 of 11 loss -0.8482
Pre_150_epoh_ModeTv2_cuda_nh(84211)_hd_6_ncc_8_reg_1_lr_1_54r/ Epoch 60 loss -0.8308
60 : 0.0651032879905749
60 : 0.03255164399528745
60 : 0.0429633325094946
Training Starts
Iter 0 of 11 loss -0.7923
Iter 1 of 11 loss -0.8854
Iter 2 of 11 loss -0.8482
Iter 3 of 11 loss -0.7931
Iter 4 of 11 loss -0.8050
Iter 5 of 11 loss -0.8370
Iter 6 of 11 loss -0.8868
Iter 7 of 11 loss -0.7727
Iter 8 of 11 loss -0.8043
Iter 9 of 11 loss -0.8010
Iter 10 of 11 loss -0.9127
Pre_150_epoh_ModeTv2_cuda_nh(84211)_hd_6_ncc_8_reg_1_lr_1_54r/ Epoch 61 loss -0.8308
61 : 0.06454341245955
61 : 0.032271706229775
61 : 0.04205437280283681
Training Starts
Iter 0 of 11 loss -0.8010
Iter 1 of 11 loss -0.8043
Iter 2 of 11 loss -0.8482
Iter 3 of 11 loss -0.7727
Iter 4 of 11 loss -0.8855
Iter 5 of 11 loss -0.7923
Iter 6 of 11 loss -0.8868
Iter 7 of 11 loss -0.9127
Iter 8 of 11 loss -0.7931
Iter 9 of 11 loss -0.8049
Iter 10 of 11 loss -0.8370
Pre_150_epoh_ModeTv2_cuda_nh(84211)_hd_6_ncc_8_reg_1_lr_1_54r/ Epoch 62 loss -0.8308
62 : 0.06472012138990448
62 : 0.03236006069495224
62 : 0.04377675173247947
Training Starts
Iter 0 of 11 loss -0.9127
Iter 1 of 11 loss -0.7931
Iter 2 of 11 loss -0.8482
Iter 3 of 11 loss -0.8868
Iter 4 of 11 loss -0.7727
Iter 5 of 11 loss -0.8370
Iter 6 of 11 loss -0.8010
Iter 7 of 11 loss -0.8043
Iter 8 of 11 loss -0.8049
Iter 9 of 11 loss -0.8854
Iter 10 of 11 loss -0.7923
Pre_150_epoh_ModeTv2_cuda_nh(84211)_hd_6_ncc_8_reg_1_lr_1_54r/ Epoch 63 loss -0.8308
63 : 0.06485378829161927
63 : 0.03242689414580963
63 : 0.043181059814519696
Training Starts
Iter 0 of 11 loss -0.8854
Iter 1 of 11 loss -0.7727
Iter 2 of 11 loss -0.8370
Iter 3 of 11 loss -0.8010
Iter 4 of 11 loss -0.8868
Iter 5 of 11 loss -0.8482
Iter 6 of 11 loss -0.7923
Iter 7 of 11 loss -0.8043
Iter 8 of 11 loss -0.8050
Iter 9 of 11 loss -0.7931
Iter 10 of 11 loss -0.9127
Pre_150_epoh_ModeTv2_cuda_nh(84211)_hd_6_ncc_8_reg_1_lr_1_54r/ Epoch 64 loss -0.8308
64 : 0.06468600877631726
64 : 0.03234300438815863
64 : 0.04337108168694353
Training Starts
Iter 0 of 11 loss -0.8854
Iter 1 of 11 loss -0.9127
Iter 2 of 11 loss -0.7923
Iter 3 of 11 loss -0.7727
Iter 4 of 11 loss -0.8482
Iter 5 of 11 loss -0.8868
Iter 6 of 11 loss -0.7931
Iter 7 of 11 loss -0.8370
Iter 8 of 11 loss -0.8049
Iter 9 of 11 loss -0.8043
Iter 10 of 11 loss -0.8010
Pre_150_epoh_ModeTv2_cuda_nh(84211)_hd_6_ncc_8_reg_1_lr_1_54r/ Epoch 65 loss -0.8308
65 : 0.0649266553468196
65 : 0.0324633276734098
65 : 0.04305700885442446
Training Starts
Iter 0 of 11 loss -0.8049
Iter 1 of 11 loss -0.9127
Iter 2 of 11 loss -0.8482
Iter 3 of 11 loss -0.7923
Iter 4 of 11 loss -0.8371
Iter 5 of 11 loss -0.8854
Iter 6 of 11 loss -0.7727
Iter 7 of 11 loss -0.7931
Iter 8 of 11 loss -0.8010
Iter 9 of 11 loss -0.8868
Iter 10 of 11 loss -0.8043
Pre_150_epoh_ModeTv2_cuda_nh(84211)_hd_6_ncc_8_reg_1_lr_1_54r/ Epoch 66 loss -0.8308
66 : 0.06549576076579368
66 : 0.03274788038289684
66 : 0.04324422401649019
Training Starts
Iter 0 of 11 loss -0.8043
Iter 1 of 11 loss -0.8010
Iter 2 of 11 loss -0.9127
Iter 3 of 11 loss -0.7931
Iter 4 of 11 loss -0.8854
Iter 5 of 11 loss -0.8482
Iter 6 of 11 loss -0.8868
Iter 7 of 11 loss -0.8370
Iter 8 of 11 loss -0.7923
Iter 9 of 11 loss -0.7727
Iter 10 of 11 loss -0.8049
Pre_150_epoh_ModeTv2_cuda_nh(84211)_hd_6_ncc_8_reg_1_lr_1_54r/ Epoch 67 loss -0.8308
67 : 0.06523072367453044
67 : 0.03261536183726522
67 : 0.04294782860738341
Training Starts
Iter 0 of 11 loss -0.8049
Iter 1 of 11 loss -0.8370
Iter 2 of 11 loss -0.7923
Iter 3 of 11 loss -0.9127
Iter 4 of 11 loss -0.8868
Iter 5 of 11 loss -0.8010
Iter 6 of 11 loss -0.7727
Iter 7 of 11 loss -0.8854
Iter 8 of 11 loss -0.7931
Iter 9 of 11 loss -0.8482
Iter 10 of 11 loss -0.8043
Pre_150_epoh_ModeTv2_cuda_nh(84211)_hd_6_ncc_8_reg_1_lr_1_54r/ Epoch 68 loss -0.8308
68 : 0.06504312484925527
68 : 0.032521562424627636
68 : 0.043740934512933316
Training Starts
Iter 0 of 11 loss -0.7931
Iter 1 of 11 loss -0.8482
Iter 2 of 11 loss -0.8868
Iter 3 of 11 loss -0.8043
Iter 4 of 11 loss -0.8010
Iter 5 of 11 loss -0.8050
Iter 6 of 11 loss -0.8370
Iter 7 of 11 loss -0.7923
Iter 8 of 11 loss -0.8855
Iter 9 of 11 loss -0.7727
Iter 10 of 11 loss -0.9127
Pre_150_epoh_ModeTv2_cuda_nh(84211)_hd_6_ncc_8_reg_1_lr_1_54r/ Epoch 69 loss -0.8308
69 : 0.06519459086262631
69 : 0.03259729543131316
69 : 0.043613970406838655
Training Starts
Iter 0 of 11 loss -0.9127
Iter 1 of 11 loss -0.7727
Iter 2 of 11 loss -0.8868
Iter 3 of 11 loss -0.7923
Iter 4 of 11 loss -0.8370
Iter 5 of 11 loss -0.8043
Iter 6 of 11 loss -0.8049
Iter 7 of 11 loss -0.7931
Iter 8 of 11 loss -0.8854
Iter 9 of 11 loss -0.8010
Iter 10 of 11 loss -0.8482
Pre_150_epoh_ModeTv2_cuda_nh(84211)_hd_6_ncc_8_reg_1_lr_1_54r/ Epoch 70 loss -0.8308
70 : 0.0651123456048783
70 : 0.03255617280243915
70 : 0.043686897629067266
Training Starts
Iter 0 of 11 loss -0.7923
Iter 1 of 11 loss -0.7727
Iter 2 of 11 loss -0.8482
Iter 3 of 11 loss -0.7931
Iter 4 of 11 loss -0.8010
Iter 5 of 11 loss -0.8854
Iter 6 of 11 loss -0.8049
Iter 7 of 11 loss -0.8370
Iter 8 of 11 loss -0.8043
Iter 9 of 11 loss -0.8868
Iter 10 of 11 loss -0.9127
Pre_150_epoh_ModeTv2_cuda_nh(84211)_hd_6_ncc_8_reg_1_lr_1_54r/ Epoch 71 loss -0.8308
71 : 0.0645834919889101
71 : 0.03229174599445505
71 : 0.04281896305506477
Training Starts
Iter 0 of 11 loss -0.7727
Iter 1 of 11 loss -0.7923
Iter 2 of 11 loss -0.8049
Iter 3 of 11 loss -0.8010
Iter 4 of 11 loss -0.8043
Iter 5 of 11 loss -0.9127
Iter 6 of 11 loss -0.8483
Iter 7 of 11 loss -0.8855
Iter 8 of 11 loss -0.8370
Iter 9 of 11 loss -0.7931
Iter 10 of 11 loss -0.8868
Pre_150_epoh_ModeTv2_cuda_nh(84211)_hd_6_ncc_8_reg_1_lr_1_54r/ Epoch 72 loss -0.8308
72 : 0.06508187069203672
72 : 0.03254093534601836
72 : 0.04351509075873113
Training Starts
Iter 0 of 11 loss -0.8010
Iter 1 of 11 loss -0.7923
Iter 2 of 11 loss -0.8043
Iter 3 of 11 loss -0.8482
Iter 4 of 11 loss -0.9127
Iter 5 of 11 loss -0.8049
Iter 6 of 11 loss -0.7931
Iter 7 of 11 loss -0.8854
Iter 8 of 11 loss -0.7727
Iter 9 of 11 loss -0.8868
Iter 10 of 11 loss -0.8370
Pre_150_epoh_ModeTv2_cuda_nh(84211)_hd_6_ncc_8_reg_1_lr_1_54r/ Epoch 73 loss -0.8308
73 : 0.06544028586405941
73 : 0.032720142932029704
73 : 0.04377239105791886
Training Starts
Iter 0 of 11 loss -0.7931
Iter 1 of 11 loss -0.8049
Iter 2 of 11 loss -0.9127
Iter 3 of 11 loss -0.8010
Iter 4 of 11 loss -0.8043
Iter 5 of 11 loss -0.8482
Iter 6 of 11 loss -0.8868
Iter 7 of 11 loss -0.7923
Iter 8 of 11 loss -0.7728
Iter 9 of 11 loss -0.8854
Iter 10 of 11 loss -0.8370
Pre_150_epoh_ModeTv2_cuda_nh(84211)_hd_6_ncc_8_reg_1_lr_1_54r/ Epoch 74 loss -0.8308
74 : 0.06502992596570009
74 : 0.032514962982850046
74 : 0.04342406407242263
Training Starts
Iter 0 of 11 loss -0.8482
Iter 1 of 11 loss -0.7931
Iter 2 of 11 loss -0.8868
Iter 3 of 11 loss -0.8043
Iter 4 of 11 loss -0.7923
Iter 5 of 11 loss -0.8010
Iter 6 of 11 loss -0.8854
Iter 7 of 11 loss -0.8370
Iter 8 of 11 loss -0.7727
Iter 9 of 11 loss -0.8050
Iter 10 of 11 loss -0.9127
Pre_150_epoh_ModeTv2_cuda_nh(84211)_hd_6_ncc_8_reg_1_lr_1_54r/ Epoch 75 loss -0.8308
75 : 0.06515020004814549
75 : 0.032575100024072746
75 : 0.04392245007879153
Training Starts
Iter 0 of 11 loss -0.9127
Iter 1 of 11 loss -0.8010
Iter 2 of 11 loss -0.8050
Iter 3 of 11 loss -0.8370
Iter 4 of 11 loss -0.8043
Iter 5 of 11 loss -0.7923
Iter 6 of 11 loss -0.7727
Iter 7 of 11 loss -0.8854
Iter 8 of 11 loss -0.7931
Iter 9 of 11 loss -0.8868
Iter 10 of 11 loss -0.8482
Pre_150_epoh_ModeTv2_cuda_nh(84211)_hd_6_ncc_8_reg_1_lr_1_54r/ Epoch 76 loss -0.8308
76 : 0.06448488951643738
76 : 0.03224244475821869
76 : 0.04242995196986469
Training Starts
Iter 0 of 11 loss -0.7931
Iter 1 of 11 loss -0.8868
Iter 2 of 11 loss -0.7727
Iter 3 of 11 loss -0.9127
Iter 4 of 11 loss -0.8370
Iter 5 of 11 loss -0.8049
Iter 6 of 11 loss -0.8855
Iter 7 of 11 loss -0.7923
Iter 8 of 11 loss -0.8010
Iter 9 of 11 loss -0.8482
Iter 10 of 11 loss -0.8043
Pre_150_epoh_ModeTv2_cuda_nh(84211)_hd_6_ncc_8_reg_1_lr_1_54r/ Epoch 77 loss -0.8308
77 : 0.06550228199837255
77 : 0.03275114099918627
77 : 0.04386438398340501
Training Starts
Iter 0 of 11 loss -0.7923
Iter 1 of 11 loss -0.9127
Iter 2 of 11 loss -0.8854
Iter 3 of 11 loss -0.7728
Iter 4 of 11 loss -0.8868
Iter 5 of 11 loss -0.8010
Iter 6 of 11 loss -0.8370
Iter 7 of 11 loss -0.8482
Iter 8 of 11 loss -0.8050
Iter 9 of 11 loss -0.7931
Iter 10 of 11 loss -0.8043
Pre_150_epoh_ModeTv2_cuda_nh(84211)_hd_6_ncc_8_reg_1_lr_1_54r/ Epoch 78 loss -0.8308
78 : 0.0652586214638031
78 : 0.03262931073190155
78 : 0.04285440578693067
Training Starts
Iter 0 of 11 loss -0.8050
Iter 1 of 11 loss -0.8855
Iter 2 of 11 loss -0.8010
Iter 3 of 11 loss -0.7923
Iter 4 of 11 loss -0.8868
Iter 5 of 11 loss -0.8371
Iter 6 of 11 loss -0.8483
Iter 7 of 11 loss -0.8043
Iter 8 of 11 loss -0.7931
Iter 9 of 11 loss -0.9127
Iter 10 of 11 loss -0.7727
Pre_150_epoh_ModeTv2_cuda_nh(84211)_hd_6_ncc_8_reg_1_lr_1_54r/ Epoch 79 loss -0.8308
79 : 0.06556580644665064
79 : 0.03278290322332532
79 : 0.043450318434725806
Training Starts
Iter 0 of 11 loss -0.8049
Iter 1 of 11 loss -0.7727
Iter 2 of 11 loss -0.8868
Iter 3 of 11 loss -0.9127
Iter 4 of 11 loss -0.7931
Iter 5 of 11 loss -0.8855
Iter 6 of 11 loss -0.8482
Iter 7 of 11 loss -0.7923
Iter 8 of 11 loss -0.8043
Iter 9 of 11 loss -0.8370
Iter 10 of 11 loss -0.8010
Pre_150_epoh_ModeTv2_cuda_nh(84211)_hd_6_ncc_8_reg_1_lr_1_54r/ Epoch 80 loss -0.8308
80 : 0.06538554890035082
80 : 0.03269277445017541
80 : 0.043062449405201174
Training Starts
Iter 0 of 11 loss -0.8483
Iter 1 of 11 loss -0.8043
Iter 2 of 11 loss -0.8010
Iter 3 of 11 loss -0.8050
Iter 4 of 11 loss -0.7931
Iter 5 of 11 loss -0.8854
Iter 6 of 11 loss -0.8370
Iter 7 of 11 loss -0.7728
Iter 8 of 11 loss -0.8868
Iter 9 of 11 loss -0.7923
Iter 10 of 11 loss -0.9127
Pre_150_epoh_ModeTv2_cuda_nh(84211)_hd_6_ncc_8_reg_1_lr_1_54r/ Epoch 81 loss -0.8308
81 : 0.06566252119236184
81 : 0.03283126059618092
81 : 0.04324997864461727
Training Starts
Iter 0 of 11 loss -0.8043
Iter 1 of 11 loss -0.8010
Iter 2 of 11 loss -0.8483
Iter 3 of 11 loss -0.8050
Iter 4 of 11 loss -0.7931
Iter 5 of 11 loss -0.9127
Iter 6 of 11 loss -0.8855
Iter 7 of 11 loss -0.8371
Iter 8 of 11 loss -0.7923
Iter 9 of 11 loss -0.8868
Iter 10 of 11 loss -0.7727
Pre_150_epoh_ModeTv2_cuda_nh(84211)_hd_6_ncc_8_reg_1_lr_1_54r/ Epoch 82 loss -0.8308
82 : 0.06536674074880848
82 : 0.03268337037440424
82 : 0.04336555780959848
Training Starts
Iter 0 of 11 loss -0.8483
Iter 1 of 11 loss -0.8868
Iter 2 of 11 loss -0.7923
Iter 3 of 11 loss -0.7727
Iter 4 of 11 loss -0.7931
Iter 5 of 11 loss -0.8010
Iter 6 of 11 loss -0.8043
Iter 7 of 11 loss -0.9127
Iter 8 of 11 loss -0.8050
Iter 9 of 11 loss -0.8371
Iter 10 of 11 loss -0.8854
Pre_150_epoh_ModeTv2_cuda_nh(84211)_hd_6_ncc_8_reg_1_lr_1_54r/ Epoch 83 loss -0.8308
83 : 0.06475088039655383
83 : 0.032375440198276914
83 : 0.042728373811812485
Training Starts
Iter 0 of 11 loss -0.8868
Iter 1 of 11 loss -0.9127
Iter 2 of 11 loss -0.8371
Iter 3 of 11 loss -0.7728
Iter 4 of 11 loss -0.8482
Iter 5 of 11 loss -0.7923
Iter 6 of 11 loss -0.7931
Iter 7 of 11 loss -0.8043
Iter 8 of 11 loss -0.8854
Iter 9 of 11 loss -0.8050
Iter 10 of 11 loss -0.8010
Pre_150_epoh_ModeTv2_cuda_nh(84211)_hd_6_ncc_8_reg_1_lr_1_54r/ Epoch 84 loss -0.8308
84 : 0.06475586606178478
84 : 0.03237793303089239
84 : 0.04329508902464905
Training Starts
Iter 0 of 11 loss -0.8043
Iter 1 of 11 loss -0.8855
Iter 2 of 11 loss -0.8371
Iter 3 of 11 loss -0.7727
Iter 4 of 11 loss -0.7931
Iter 5 of 11 loss -0.7923
Iter 6 of 11 loss -0.8049
Iter 7 of 11 loss -0.8868
Iter 8 of 11 loss -0.8010
Iter 9 of 11 loss -0.8483
Iter 10 of 11 loss -0.9127
Pre_150_epoh_ModeTv2_cuda_nh(84211)_hd_6_ncc_8_reg_1_lr_1_54r/ Epoch 85 loss -0.8308
85 : 0.06520937653241407
85 : 0.032604688266207035
85 : 0.043767934261126525
Training Starts
Iter 0 of 11 loss -0.7727
Iter 1 of 11 loss -0.8043
Iter 2 of 11 loss -0.7923
Iter 3 of 11 loss -0.9127
Iter 4 of 11 loss -0.8868
Iter 5 of 11 loss -0.8370
Iter 6 of 11 loss -0.8855
Iter 7 of 11 loss -0.8483
Iter 8 of 11 loss -0.7931
Iter 9 of 11 loss -0.8050
Iter 10 of 11 loss -0.8010
Pre_150_epoh_ModeTv2_cuda_nh(84211)_hd_6_ncc_8_reg_1_lr_1_54r/ Epoch 86 loss -0.8308
86 : 0.0656495316151782
86 : 0.0328247658075891
86 : 0.043538170222034746
Training Starts
Iter 0 of 11 loss -0.7728
Iter 1 of 11 loss -0.8050
Iter 2 of 11 loss -0.8370
Iter 3 of 11 loss -0.8483
Iter 4 of 11 loss -0.8010
Iter 5 of 11 loss -0.8868
Iter 6 of 11 loss -0.8855
Iter 7 of 11 loss -0.7923
Iter 8 of 11 loss -0.8043
Iter 9 of 11 loss -0.7931
Iter 10 of 11 loss -0.9127
Pre_150_epoh_ModeTv2_cuda_nh(84211)_hd_6_ncc_8_reg_1_lr_1_54r/ Epoch 87 loss -0.8308
87 : 0.06517240179686372
87 : 0.03258620089843186
87 : 0.0434071685183639
Training Starts
Iter 0 of 11 loss -0.8050
Iter 1 of 11 loss -0.7931
Iter 2 of 11 loss -0.7728
Iter 3 of 11 loss -0.7923
Iter 4 of 11 loss -0.9127
Iter 5 of 11 loss -0.8855
Iter 6 of 11 loss -0.8043
Iter 7 of 11 loss -0.8370
Iter 8 of 11 loss -0.8868
Iter 9 of 11 loss -0.8482
Iter 10 of 11 loss -0.8010
Pre_150_epoh_ModeTv2_cuda_nh(84211)_hd_6_ncc_8_reg_1_lr_1_54r/ Epoch 88 loss -0.8308
88 : 0.06490845134893208
88 : 0.03245422567446604
88 : 0.04323120006881962
Training Starts
Iter 0 of 11 loss -0.8855
Iter 1 of 11 loss -0.8043
Iter 2 of 11 loss -0.8050
Iter 3 of 11 loss -0.7923
Iter 4 of 11 loss -0.8010
Iter 5 of 11 loss -0.9127
Iter 6 of 11 loss -0.7727
Iter 7 of 11 loss -0.8370
Iter 8 of 11 loss -0.7931
Iter 9 of 11 loss -0.8868
Iter 10 of 11 loss -0.8483
Pre_150_epoh_ModeTv2_cuda_nh(84211)_hd_6_ncc_8_reg_1_lr_1_54r/ Epoch 89 loss -0.8308
89 : 0.06544681645218922
89 : 0.03272340822609461
89 : 0.04314558439551273
Training Starts
Iter 0 of 11 loss -0.8043
Iter 1 of 11 loss -0.8050
Iter 2 of 11 loss -0.9127
Iter 3 of 11 loss -0.7728
Iter 4 of 11 loss -0.8855
Iter 5 of 11 loss -0.7923
Iter 6 of 11 loss -0.8868
Iter 7 of 11 loss -0.8482
Iter 8 of 11 loss -0.7931
Iter 9 of 11 loss -0.8010
Iter 10 of 11 loss -0.8371
Pre_150_epoh_ModeTv2_cuda_nh(84211)_hd_6_ncc_8_reg_1_lr_1_54r/ Epoch 90 loss -0.8308
90 : 0.0652742026728527
90 : 0.03263710133642635
90 : 0.04339840610607881
Training Starts
Iter 0 of 11 loss -0.8869
Iter 1 of 11 loss -0.7923
Iter 2 of 11 loss -0.8483
Iter 3 of 11 loss -0.7931
Iter 4 of 11 loss -0.8854
Iter 5 of 11 loss -0.8010
Iter 6 of 11 loss -0.7728
Iter 7 of 11 loss -0.8370
Iter 8 of 11 loss -0.9127
Iter 9 of 11 loss -0.8043
Iter 10 of 11 loss -0.8050
Pre_150_epoh_ModeTv2_cuda_nh(84211)_hd_6_ncc_8_reg_1_lr_1_54r/ Epoch 91 loss -0.8308
91 : 0.06527584243613752
91 : 0.03263792121806876
91 : 0.04285123137617112
Training Starts
Iter 0 of 11 loss -0.8043
Iter 1 of 11 loss -0.8868
Iter 2 of 11 loss -0.8371
Iter 3 of 11 loss -0.8050
Iter 4 of 11 loss -0.7923
Iter 5 of 11 loss -0.9127
Iter 6 of 11 loss -0.7931
Iter 7 of 11 loss -0.8010
Iter 8 of 11 loss -0.8855
Iter 9 of 11 loss -0.7727
Iter 10 of 11 loss -0.8482
Pre_150_epoh_ModeTv2_cuda_nh(84211)_hd_6_ncc_8_reg_1_lr_1_54r/ Epoch 92 loss -0.8308
92 : 0.06573874677601357
92 : 0.03286937338800679
92 : 0.04389331801060944
Training Starts
Iter 0 of 11 loss -0.8483
Iter 1 of 11 loss -0.7923
Iter 2 of 11 loss -0.9127
Iter 3 of 11 loss -0.8010
Iter 4 of 11 loss -0.8855
Iter 5 of 11 loss -0.8043
Iter 6 of 11 loss -0.7931
Iter 7 of 11 loss -0.8050
Iter 8 of 11 loss -0.7728
Iter 9 of 11 loss -0.8868
Iter 10 of 11 loss -0.8370
Pre_150_epoh_ModeTv2_cuda_nh(84211)_hd_6_ncc_8_reg_1_lr_1_54r/ Epoch 93 loss -0.8308
93 : 0.06555034215643608
93 : 0.03277517107821804
93 : 0.04324873282963972
Training Starts
Iter 0 of 11 loss -0.8049
Iter 1 of 11 loss -0.8043
Iter 2 of 11 loss -0.8010
Iter 3 of 11 loss -0.8868
Iter 4 of 11 loss -0.8854
Iter 5 of 11 loss -0.8371
Iter 6 of 11 loss -0.7931
Iter 7 of 11 loss -0.9127
Iter 8 of 11 loss -0.7728
Iter 9 of 11 loss -0.8483
Iter 10 of 11 loss -0.7923
Pre_150_epoh_ModeTv2_cuda_nh(84211)_hd_6_ncc_8_reg_1_lr_1_54r/ Epoch 94 loss -0.8308
94 : 0.06555034215643608
94 : 0.03277517107821804
94 : 0.04343412355904717
Training Starts
Iter 0 of 11 loss -0.8370
Iter 1 of 11 loss -0.8855
Iter 2 of 11 loss -0.7931
Iter 3 of 11 loss -0.7727
Iter 4 of 11 loss -0.8483
Iter 5 of 11 loss -0.8050
Iter 6 of 11 loss -0.7923
Iter 7 of 11 loss -0.8010
Iter 8 of 11 loss -0.8868
Iter 9 of 11 loss -0.8043
Iter 10 of 11 loss -0.9127
Pre_150_epoh_ModeTv2_cuda_nh(84211)_hd_6_ncc_8_reg_1_lr_1_54r/ Epoch 95 loss -0.8308
95 : 0.06523975162470033
95 : 0.032619875812350166
95 : 0.0428519346072164
Training Starts
Iter 0 of 11 loss -0.8043
Iter 1 of 11 loss -0.8050
Iter 2 of 11 loss -0.8371
Iter 3 of 11 loss -0.8010
Iter 4 of 11 loss -0.7727
Iter 5 of 11 loss -0.8482
Iter 6 of 11 loss -0.8869
Iter 7 of 11 loss -0.8855
Iter 8 of 11 loss -0.9127
Iter 9 of 11 loss -0.7923
Iter 10 of 11 loss -0.7931
Pre_150_epoh_ModeTv2_cuda_nh(84211)_hd_6_ncc_8_reg_1_lr_1_54r/ Epoch 96 loss -0.8308
96 : 0.06580754467343389
96 : 0.032903772336716944
96 : 0.043457119735580675
Training Starts
Iter 0 of 11 loss -0.7727
Iter 1 of 11 loss -0.8050
Iter 2 of 11 loss -0.7931
Iter 3 of 11 loss -0.8010
Iter 4 of 11 loss -0.8868
Iter 5 of 11 loss -0.8371
Iter 6 of 11 loss -0.8043
Iter 7 of 11 loss -0.7923
Iter 8 of 11 loss -0.8482
Iter 9 of 11 loss -0.8855
Iter 10 of 11 loss -0.9127
Pre_150_epoh_ModeTv2_cuda_nh(84211)_hd_6_ncc_8_reg_1_lr_1_54r/ Epoch 97 loss -0.8308
97 : 0.06505714375861395
97 : 0.032528571879306974
97 : 0.04287353602229723
Training Starts
Iter 0 of 11 loss -0.8854
Iter 1 of 11 loss -0.8050
Iter 2 of 11 loss -0.8010
Iter 3 of 11 loss -0.8868
Iter 4 of 11 loss -0.9127
Iter 5 of 11 loss -0.7923
Iter 6 of 11 loss -0.7931
Iter 7 of 11 loss -0.8371
Iter 8 of 11 loss -0.8043
Iter 9 of 11 loss -0.8482
Iter 10 of 11 loss -0.7727
Pre_150_epoh_ModeTv2_cuda_nh(84211)_hd_6_ncc_8_reg_1_lr_1_54r/ Epoch 98 loss -0.8308
98 : 0.06514197395748654
98 : 0.03257098697874327
98 : 0.043219222402424935
Training Starts
Iter 0 of 11 loss -0.7727
Iter 1 of 11 loss -0.8482
Iter 2 of 11 loss -0.8855
Iter 3 of 11 loss -0.8010
Iter 4 of 11 loss -0.7923
Iter 5 of 11 loss -0.9127
Iter 6 of 11 loss -0.8370
Iter 7 of 11 loss -0.8043
Iter 8 of 11 loss -0.8049
Iter 9 of 11 loss -0.7931
Iter 10 of 11 loss -0.8868
Pre_150_epoh_ModeTv2_cuda_nh(84211)_hd_6_ncc_8_reg_1_lr_1_54r/ Epoch 99 loss -0.8308
99 : 0.06502745067653339
99 : 0.03251372533826669
99 : 0.042896483134484985
Training Starts
Iter 0 of 11 loss -0.7727
Iter 1 of 11 loss -0.8482
Iter 2 of 11 loss -0.8855
Iter 3 of 11 loss -0.8010
Iter 4 of 11 loss -0.8050
Iter 5 of 11 loss -0.8043
Iter 6 of 11 loss -0.8371
Iter 7 of 11 loss -0.7931
Iter 8 of 11 loss -0.8868
Iter 9 of 11 loss -0.7923
Iter 10 of 11 loss -0.9127
Pre_150_epoh_ModeTv2_cuda_nh(84211)_hd_6_ncc_8_reg_1_lr_1_54r/ Epoch 100 loss -0.8308
100 : 0.06544436761076071
100 : 0.032722183805380355
100 : 0.043322489328264435
Training Starts
Iter 0 of 11 loss -0.8043
Iter 1 of 11 loss -0.9127
Iter 2 of 11 loss -0.7728
Iter 3 of 11 loss -0.8050
Iter 4 of 11 loss -0.8010
Iter 5 of 11 loss -0.8482
Iter 6 of 11 loss -0.8868
Iter 7 of 11 loss -0.8371
Iter 8 of 11 loss -0.7931
Iter 9 of 11 loss -0.7923
Iter 10 of 11 loss -0.8855
Pre_150_epoh_ModeTv2_cuda_nh(84211)_hd_6_ncc_8_reg_1_lr_1_54r/ Epoch 101 loss -0.8308
101 : 0.06605741783416672
101 : 0.03302870891708336
101 : 0.04333284167890677
Training Starts
Iter 0 of 11 loss -0.8868
Iter 1 of 11 loss -0.7728
Iter 2 of 11 loss -0.8371
Iter 3 of 11 loss -0.8855
Iter 4 of 11 loss -0.7931
Iter 5 of 11 loss -0.8483
Iter 6 of 11 loss -0.9127
Iter 7 of 11 loss -0.8049
Iter 8 of 11 loss -0.8010
Iter 9 of 11 loss -0.7923
Iter 10 of 11 loss -0.8043
Pre_150_epoh_ModeTv2_cuda_nh(84211)_hd_6_ncc_8_reg_1_lr_1_54r/ Epoch 102 loss -0.8308
102 : 0.06525041831341777
102 : 0.032625209156708884
102 : 0.04252952849515826
Training Starts
Iter 0 of 11 loss -0.8043
Iter 1 of 11 loss -0.8050
Iter 2 of 11 loss -0.7728
Iter 3 of 11 loss -0.7923
Iter 4 of 11 loss -0.8483
Iter 5 of 11 loss -0.8010
Iter 6 of 11 loss -0.8371
Iter 7 of 11 loss -0.8855
Iter 8 of 11 loss -0.9128
Iter 9 of 11 loss -0.8868
Iter 10 of 11 loss -0.7931
Pre_150_epoh_ModeTv2_cuda_nh(84211)_hd_6_ncc_8_reg_1_lr_1_54r/ Epoch 103 loss -0.8308
103 : 0.06565602695016469
103 : 0.032828013475082345
103 : 0.04371009051244779
Training Starts
Iter 0 of 11 loss -0.8043
Iter 1 of 11 loss -0.9127
Iter 2 of 11 loss -0.8868
Iter 3 of 11 loss -0.8010
Iter 4 of 11 loss -0.7931
Iter 5 of 11 loss -0.8483
Iter 6 of 11 loss -0.7727
Iter 7 of 11 loss -0.8854
Iter 8 of 11 loss -0.8050
Iter 9 of 11 loss -0.7923
Iter 10 of 11 loss -0.8370
Pre_150_epoh_ModeTv2_cuda_nh(84211)_hd_6_ncc_8_reg_1_lr_1_54r/ Epoch 104 loss -0.8308
104 : 0.06538146094845602
104 : 0.03269073047422801
104 : 0.04273654175588252
Training Starts
Iter 0 of 11 loss -0.7923
Iter 1 of 11 loss -0.8483
Iter 2 of 11 loss -0.8050
Iter 3 of 11 loss -0.7931
Iter 4 of 11 loss -0.9127
Iter 5 of 11 loss -0.8855
Iter 6 of 11 loss -0.7728
Iter 7 of 11 loss -0.8043
Iter 8 of 11 loss -0.8371
Iter 9 of 11 loss -0.8868
Iter 10 of 11 loss -0.8010
Pre_150_epoh_ModeTv2_cuda_nh(84211)_hd_6_ncc_8_reg_1_lr_1_54r/ Epoch 105 loss -0.8308
105 : 0.06554301480628513
105 : 0.032771507403142566
105 : 0.0429517495344078
Training Starts
Iter 0 of 11 loss -0.8371
Iter 1 of 11 loss -0.8855
Iter 2 of 11 loss -0.8050
Iter 3 of 11 loss -0.8010
Iter 4 of 11 loss -0.9127
Iter 5 of 11 loss -0.8482
Iter 6 of 11 loss -0.7932
Iter 7 of 11 loss -0.7727
Iter 8 of 11 loss -0.8043
Iter 9 of 11 loss -0.8868
Iter 10 of 11 loss -0.7923
Pre_150_epoh_ModeTv2_cuda_nh(84211)_hd_6_ncc_8_reg_1_lr_1_54r/ Epoch 106 loss -0.8308
106 : 0.06502332484467523
106 : 0.03251166242233761
106 : 0.042908979176345084
Training Starts
Iter 0 of 11 loss -0.8855
Iter 1 of 11 loss -0.8371
Iter 2 of 11 loss -0.8010
Iter 3 of 11 loss -0.9127
Iter 4 of 11 loss -0.7728
Iter 5 of 11 loss -0.7931
Iter 6 of 11 loss -0.8482
Iter 7 of 11 loss -0.8869
Iter 8 of 11 loss -0.8043
Iter 9 of 11 loss -0.7923
Iter 10 of 11 loss -0.8050
Pre_150_epoh_ModeTv2_cuda_nh(84211)_hd_6_ncc_8_reg_1_lr_1_54r/ Epoch 107 loss -0.8308
107 : 0.06575494556739582
107 : 0.03287747278369791
107 : 0.042900917324809607
Training Starts
Iter 0 of 11 loss -0.8049
Iter 1 of 11 loss -0.8043
Iter 2 of 11 loss -0.7931
Iter 3 of 11 loss -0.7728
Iter 4 of 11 loss -0.8855
Iter 5 of 11 loss -0.8010
Iter 6 of 11 loss -0.8371
Iter 7 of 11 loss -0.8482
Iter 8 of 11 loss -0.7923
Iter 9 of 11 loss -0.8868
Iter 10 of 11 loss -0.9127
Pre_150_epoh_ModeTv2_cuda_nh(84211)_hd_6_ncc_8_reg_1_lr_1_54r/ Epoch 108 loss -0.8308
108 : 0.06553650043996805
108 : 0.03276825021998402
108 : 0.043326015109977994
Training Starts
Iter 0 of 11 loss -0.7923
Iter 1 of 11 loss -0.8050
Iter 2 of 11 loss -0.7727
Iter 3 of 11 loss -0.7931
Iter 4 of 11 loss -0.9127
Iter 5 of 11 loss -0.8483
Iter 6 of 11 loss -0.8855
Iter 7 of 11 loss -0.8868
Iter 8 of 11 loss -0.8043
Iter 9 of 11 loss -0.8370
Iter 10 of 11 loss -0.8010
Pre_150_epoh_ModeTv2_cuda_nh(84211)_hd_6_ncc_8_reg_1_lr_1_54r/ Epoch 109 loss -0.8308
109 : 0.06522661936651737
109 : 0.032613309683258686
109 : 0.042879337521611736
Training Starts
Iter 0 of 11 loss -0.8482
Iter 1 of 11 loss -0.8010
Iter 2 of 11 loss -0.8043
Iter 3 of 11 loss -0.7923
Iter 4 of 11 loss -0.8050
Iter 5 of 11 loss -0.7932
Iter 6 of 11 loss -0.9127
Iter 7 of 11 loss -0.7727
Iter 8 of 11 loss -0.8868
Iter 9 of 11 loss -0.8371
Iter 10 of 11 loss -0.8855
Pre_150_epoh_ModeTv2_cuda_nh(84211)_hd_6_ncc_8_reg_1_lr_1_54r/ Epoch 110 loss -0.8308
110 : 0.06564059874474493
110 : 0.03282029937237246
110 : 0.04388438222110994
Training Starts
Iter 0 of 11 loss -0.7931
Iter 1 of 11 loss -0.8049
Iter 2 of 11 loss -0.8043
Iter 3 of 11 loss -0.8855
Iter 4 of 11 loss -0.7923
Iter 5 of 11 loss -0.8010
Iter 6 of 11 loss -0.8370
Iter 7 of 11 loss -0.7728
Iter 8 of 11 loss -0.8868
Iter 9 of 11 loss -0.9127
Iter 10 of 11 loss -0.8483
Pre_150_epoh_ModeTv2_cuda_nh(84211)_hd_6_ncc_8_reg_1_lr_1_54r/ Epoch 111 loss -0.8308
111 : 0.06527912175477148
111 : 0.03263956087738574
111 : 0.04292854255644304
Training Starts
Iter 0 of 11 loss -0.8043
Iter 1 of 11 loss -0.9128
Iter 2 of 11 loss -0.7728
Iter 3 of 11 loss -0.8010
Iter 4 of 11 loss -0.8483
Iter 5 of 11 loss -0.8050
Iter 6 of 11 loss -0.8868
Iter 7 of 11 loss -0.8855
Iter 8 of 11 loss -0.8371
Iter 9 of 11 loss -0.7932
Iter 10 of 11 loss -0.7923
Pre_150_epoh_ModeTv2_cuda_nh(84211)_hd_6_ncc_8_reg_1_lr_1_54r/ Epoch 112 loss -0.8308
112 : 0.06529551419037051
112 : 0.032647757095185255
112 : 0.04326669804230135
Training Starts
Iter 0 of 11 loss -0.7932
Iter 1 of 11 loss -0.9127
Iter 2 of 11 loss -0.8483
Iter 3 of 11 loss -0.8371
Iter 4 of 11 loss -0.8043
Iter 5 of 11 loss -0.7923
Iter 6 of 11 loss -0.8010
Iter 7 of 11 loss -0.7728
Iter 8 of 11 loss -0.8050
Iter 9 of 11 loss -0.8868
Iter 10 of 11 loss -0.8855
Pre_150_epoh_ModeTv2_cuda_nh(84211)_hd_6_ncc_8_reg_1_lr_1_54r/ Epoch 113 loss -0.8308
113 : 0.06538227857334812
113 : 0.03269113928667406
113 : 0.043012235474893766
Training Starts
Iter 0 of 11 loss -0.8050
Iter 1 of 11 loss -0.8483
Iter 2 of 11 loss -0.8043
Iter 3 of 11 loss -0.8370
Iter 4 of 11 loss -0.8010
Iter 5 of 11 loss -0.7923
Iter 6 of 11 loss -0.8855
Iter 7 of 11 loss -0.7728
Iter 8 of 11 loss -0.7931
Iter 9 of 11 loss -0.9127
Iter 10 of 11 loss -0.8869
Pre_150_epoh_ModeTv2_cuda_nh(84211)_hd_6_ncc_8_reg_1_lr_1_54r/ Epoch 114 loss -0.8308
114 : 0.06540026195589134
114 : 0.03270013097794567
114 : 0.04289779941744804
Training Starts
Iter 0 of 11 loss -0.8855
Iter 1 of 11 loss -0.7923
Iter 2 of 11 loss -0.8010
Iter 3 of 11 loss -0.7931
Iter 4 of 11 loss -0.8868
Iter 5 of 11 loss -0.8482
Iter 6 of 11 loss -0.8050
Iter 7 of 11 loss -0.8043
Iter 8 of 11 loss -0.9128
Iter 9 of 11 loss -0.8371
Iter 10 of 11 loss -0.7727
Pre_150_epoh_ModeTv2_cuda_nh(84211)_hd_6_ncc_8_reg_1_lr_1_54r/ Epoch 115 loss -0.8308
115 : 0.06543538719980523
115 : 0.03271769359990261
115 : 0.04307654744879561
Training Starts
Iter 0 of 11 loss -0.7728
Iter 1 of 11 loss -0.7923
Iter 2 of 11 loss -0.8010
Iter 3 of 11 loss -0.8043
Iter 4 of 11 loss -0.8371
Iter 5 of 11 loss -0.8483
Iter 6 of 11 loss -0.8855
Iter 7 of 11 loss -0.9127
Iter 8 of 11 loss -0.7931
Iter 9 of 11 loss -0.8868
Iter 10 of 11 loss -0.8049
Pre_150_epoh_ModeTv2_cuda_nh(84211)_hd_6_ncc_8_reg_1_lr_1_54r/ Epoch 116 loss -0.8308
116 : 0.06551613596782567
116 : 0.032758067983912835
116 : 0.04260635788051489
Training Starts
Iter 0 of 11 loss -0.8868
Iter 1 of 11 loss -0.7924
Iter 2 of 11 loss -0.8010
Iter 3 of 11 loss -0.8371
Iter 4 of 11 loss -0.7931
Iter 5 of 11 loss -0.7728
Iter 6 of 11 loss -0.8483
Iter 7 of 11 loss -0.8050
Iter 8 of 11 loss -0.9127
Iter 9 of 11 loss -0.8855
Iter 10 of 11 loss -0.8043
Pre_150_epoh_ModeTv2_cuda_nh(84211)_hd_6_ncc_8_reg_1_lr_1_54r/ Epoch 117 loss -0.8308
117 : 0.06534792346275767
117 : 0.032673961731378834
117 : 0.04326315611757453
Training Starts
Iter 0 of 11 loss -0.9127
Iter 1 of 11 loss -0.8855
Iter 2 of 11 loss -0.7923
Iter 3 of 11 loss -0.8050
Iter 4 of 11 loss -0.8371
Iter 5 of 11 loss -0.8868
Iter 6 of 11 loss -0.7728
Iter 7 of 11 loss -0.8010
Iter 8 of 11 loss -0.7932
Iter 9 of 11 loss -0.8043
Iter 10 of 11 loss -0.8483
Pre_150_epoh_ModeTv2_cuda_nh(84211)_hd_6_ncc_8_reg_1_lr_1_54r/ Epoch 118 loss -0.8308
118 : 0.06520526996667451
118 : 0.03260263498333726
118 : 0.04291785112226637
Training Starts
Iter 0 of 11 loss -0.9127
Iter 1 of 11 loss -0.8868
Iter 2 of 11 loss -0.7728
Iter 3 of 11 loss -0.7923
Iter 4 of 11 loss -0.7931
Iter 5 of 11 loss -0.8050
Iter 6 of 11 loss -0.8483
Iter 7 of 11 loss -0.8855
Iter 8 of 11 loss -0.8010
Iter 9 of 11 loss -0.8043
Iter 10 of 11 loss -0.8371
Pre_150_epoh_ModeTv2_cuda_nh(84211)_hd_6_ncc_8_reg_1_lr_1_54r/ Epoch 119 loss -0.8308
119 : 0.06525944168346323
119 : 0.032629720841731616
119 : 0.0430781201279035
Training Starts
Iter 0 of 11 loss -0.8483
Iter 1 of 11 loss -0.8049
Iter 2 of 11 loss -0.8010
Iter 3 of 11 loss -0.8043
Iter 4 of 11 loss -0.8868
Iter 5 of 11 loss -0.9127
Iter 6 of 11 loss -0.7728
Iter 7 of 11 loss -0.7932
Iter 8 of 11 loss -0.7923
Iter 9 of 11 loss -0.8371
Iter 10 of 11 loss -0.8855
Pre_150_epoh_ModeTv2_cuda_nh(84211)_hd_6_ncc_8_reg_1_lr_1_54r/ Epoch 120 loss -0.8308
120 : 0.06532664074032907
120 : 0.032663320370164534
120 : 0.04340977454991276
Training Starts
Iter 0 of 11 loss -0.9127
Iter 1 of 11 loss -0.8050
Iter 2 of 11 loss -0.8483
Iter 3 of 11 loss -0.8371
Iter 4 of 11 loss -0.8855
Iter 5 of 11 loss -0.7923
Iter 6 of 11 loss -0.8010
Iter 7 of 11 loss -0.8043
Iter 8 of 11 loss -0.8868
Iter 9 of 11 loss -0.7931
Iter 10 of 11 loss -0.7728
Pre_150_epoh_ModeTv2_cuda_nh(84211)_hd_6_ncc_8_reg_1_lr_1_54r/ Epoch 121 loss -0.8308
121 : 0.06534219464855291
121 : 0.032671097324276456
121 : 0.043441825716645704
Training Starts
Iter 0 of 11 loss -0.7923
Iter 1 of 11 loss -0.8010
Iter 2 of 11 loss -0.8482
Iter 3 of 11 loss -0.9127
Iter 4 of 11 loss -0.7931
Iter 5 of 11 loss -0.7727
Iter 6 of 11 loss -0.8049
Iter 7 of 11 loss -0.8855
Iter 8 of 11 loss -0.8371
Iter 9 of 11 loss -0.8043
Iter 10 of 11 loss -0.8868
Pre_150_epoh_ModeTv2_cuda_nh(84211)_hd_6_ncc_8_reg_1_lr_1_54r/ Epoch 122 loss -0.8308
122 : 0.0651839088208782
122 : 0.0325919544104391
122 : 0.04282822840594095
Training Starts
Iter 0 of 11 loss -0.8010
Iter 1 of 11 loss -0.8868
Iter 2 of 11 loss -0.7727
Iter 3 of 11 loss -0.7932
Iter 4 of 11 loss -0.8371
Iter 5 of 11 loss -0.8050
Iter 6 of 11 loss -0.8855
Iter 7 of 11 loss -0.8043
Iter 8 of 11 loss -0.7923
Iter 9 of 11 loss -0.9127
Iter 10 of 11 loss -0.8483
Pre_150_epoh_ModeTv2_cuda_nh(84211)_hd_6_ncc_8_reg_1_lr_1_54r/ Epoch 123 loss -0.8308
123 : 0.06524303399505668
123 : 0.03262151699752834
123 : 0.04298977559133708
Training Starts
Iter 0 of 11 loss -0.8043
Iter 1 of 11 loss -0.9128
Iter 2 of 11 loss -0.8855
Iter 3 of 11 loss -0.7924
Iter 4 of 11 loss -0.8050
Iter 5 of 11 loss -0.8869
Iter 6 of 11 loss -0.7932
Iter 7 of 11 loss -0.7727
Iter 8 of 11 loss -0.8483
Iter 9 of 11 loss -0.8371
Iter 10 of 11 loss -0.8010
Pre_150_epoh_ModeTv2_cuda_nh(84211)_hd_6_ncc_8_reg_1_lr_1_54r/ Epoch 124 loss -0.8308
124 : 0.06526846295544973
124 : 0.032634231477724866
124 : 0.04300580761184434
Training Starts
Iter 0 of 11 loss -0.7931
Iter 1 of 11 loss -0.8483
Iter 2 of 11 loss -0.8043
Iter 3 of 11 loss -0.8371
Iter 4 of 11 loss -0.9127
Iter 5 of 11 loss -0.8868
Iter 6 of 11 loss -0.7923
Iter 7 of 11 loss -0.8010
Iter 8 of 11 loss -0.8050
Iter 9 of 11 loss -0.8855
Iter 10 of 11 loss -0.7728
Pre_150_epoh_ModeTv2_cuda_nh(84211)_hd_6_ncc_8_reg_1_lr_1_54r/ Epoch 125 loss -0.8308
125 : 0.06519294766282971
125 : 0.032596473831414854
125 : 0.0429010844497675
Training Starts
Iter 0 of 11 loss -0.8855
Iter 1 of 11 loss -0.8483
Iter 2 of 11 loss -0.7923
Iter 3 of 11 loss -0.7728
Iter 4 of 11 loss -0.9127
Iter 5 of 11 loss -0.8868
Iter 6 of 11 loss -0.7932
Iter 7 of 11 loss -0.8371
Iter 8 of 11 loss -0.8043
Iter 9 of 11 loss -0.8050
Iter 10 of 11 loss -0.8010
Pre_150_epoh_ModeTv2_cuda_nh(84211)_hd_6_ncc_8_reg_1_lr_1_54r/ Epoch 126 loss -0.8308
126 : 0.06526436263731727
126 : 0.03263218131865864
126 : 0.042866500445597006
Training Starts
Iter 0 of 11 loss -0.8483
Iter 1 of 11 loss -0.7728
Iter 2 of 11 loss -0.8868
Iter 3 of 11 loss -0.7923
Iter 4 of 11 loss -0.8010
Iter 5 of 11 loss -0.7932
Iter 6 of 11 loss -0.8050
Iter 7 of 11 loss -0.8371
Iter 8 of 11 loss -0.8043
Iter 9 of 11 loss -0.8855
Iter 10 of 11 loss -0.9127
Pre_150_epoh_ModeTv2_cuda_nh(84211)_hd_6_ncc_8_reg_1_lr_1_54r/ Epoch 127 loss -0.8308
127 : 0.06533564639527305
127 : 0.032667823197636524
127 : 0.04289662081318668
Training Starts
Iter 0 of 11 loss -0.7932
Iter 1 of 11 loss -0.9127
Iter 2 of 11 loss -0.8371
Iter 3 of 11 loss -0.8010
Iter 4 of 11 loss -0.8483
Iter 5 of 11 loss -0.8043
Iter 6 of 11 loss -0.7728
Iter 7 of 11 loss -0.7924
Iter 8 of 11 loss -0.8855
Iter 9 of 11 loss -0.8868
Iter 10 of 11 loss -0.8050
Pre_150_epoh_ModeTv2_cuda_nh(84211)_hd_6_ncc_8_reg_1_lr_1_54r/ Epoch 128 loss -0.8308
128 : 0.06541088457648812
128 : 0.03270544228824406
128 : 0.043093505559221
Training Starts
Iter 0 of 11 loss -0.8010
Iter 1 of 11 loss -0.8868
Iter 2 of 11 loss -0.7728
Iter 3 of 11 loss -0.8371
Iter 4 of 11 loss -0.7923
Iter 5 of 11 loss -0.8483
Iter 6 of 11 loss -0.8043
Iter 7 of 11 loss -0.7932
Iter 8 of 11 loss -0.8050
Iter 9 of 11 loss -0.8855
Iter 10 of 11 loss -0.9127
Pre_150_epoh_ModeTv2_cuda_nh(84211)_hd_6_ncc_8_reg_1_lr_1_54r/ Epoch 129 loss -0.8308
129 : 0.06529797245823003
129 : 0.032648986229115017
129 : 0.04282033405485447
Training Starts
Iter 0 of 11 loss -0.8371
Iter 1 of 11 loss -0.8043
Iter 2 of 11 loss -0.9127
Iter 3 of 11 loss -0.8868
Iter 4 of 11 loss -0.7923
Iter 5 of 11 loss -0.8010
Iter 6 of 11 loss -0.8050
Iter 7 of 11 loss -0.8855
Iter 8 of 11 loss -0.7931
Iter 9 of 11 loss -0.8482
Iter 10 of 11 loss -0.7728
Pre_150_epoh_ModeTv2_cuda_nh(84211)_hd_6_ncc_8_reg_1_lr_1_54r/ Epoch 130 loss -0.8308
130 : 0.06530370781062157
130 : 0.032651853905310786
130 : 0.043064053899550696
Training Starts
Iter 0 of 11 loss -0.8868
Iter 1 of 11 loss -0.7932
Iter 2 of 11 loss -0.7728
Iter 3 of 11 loss -0.8010
Iter 4 of 11 loss -0.8043
Iter 5 of 11 loss -0.9127
Iter 6 of 11 loss -0.8050
Iter 7 of 11 loss -0.8371
Iter 8 of 11 loss -0.8855
Iter 9 of 11 loss -0.7924
Iter 10 of 11 loss -0.8483
Pre_150_epoh_ModeTv2_cuda_nh(84211)_hd_6_ncc_8_reg_1_lr_1_54r/ Epoch 131 loss -0.8308
131 : 0.06530862315187279
131 : 0.032654311575936394
131 : 0.04278165512068327
Training Starts
Iter 0 of 11 loss -0.8010
Iter 1 of 11 loss -0.8043
Iter 2 of 11 loss -0.8050
Iter 3 of 11 loss -0.7923
Iter 4 of 11 loss -0.7728
Iter 5 of 11 loss -0.7932
Iter 6 of 11 loss -0.8855
Iter 7 of 11 loss -0.8371
Iter 8 of 11 loss -0.9127
Iter 9 of 11 loss -0.8483
Iter 10 of 11 loss -0.8868
Pre_150_epoh_ModeTv2_cuda_nh(84211)_hd_6_ncc_8_reg_1_lr_1_54r/ Epoch 132 loss -0.8308
132 : 0.06538064330630626
132 : 0.03269032165315313
132 : 0.04315976333558027
Training Starts
Iter 0 of 11 loss -0.8043
Iter 1 of 11 loss -0.8371
Iter 2 of 11 loss -0.8010
Iter 3 of 11 loss -0.7728
Iter 4 of 11 loss -0.8483
Iter 5 of 11 loss -0.8050
Iter 6 of 11 loss -0.7932
Iter 7 of 11 loss -0.8868
Iter 8 of 11 loss -0.7923
Iter 9 of 11 loss -0.9128
Iter 10 of 11 loss -0.8855
Pre_150_epoh_ModeTv2_cuda_nh(84211)_hd_6_ncc_8_reg_1_lr_1_54r/ Epoch 133 loss -0.8308
133 : 0.06540761638818275
133 : 0.032703808194091376
133 : 0.042975173508952934
Training Starts
Iter 0 of 11 loss -0.7923
Iter 1 of 11 loss -0.8050
Iter 2 of 11 loss -0.8043
Iter 3 of 11 loss -0.8855
Iter 4 of 11 loss -0.8010
Iter 5 of 11 loss -0.7931
Iter 6 of 11 loss -0.8483
Iter 7 of 11 loss -0.8868
Iter 8 of 11 loss -0.8371
Iter 9 of 11 loss -0.9127
Iter 10 of 11 loss -0.7728
Pre_150_epoh_ModeTv2_cuda_nh(84211)_hd_6_ncc_8_reg_1_lr_1_54r/ Epoch 134 loss -0.8308
134 : 0.06526764292649202
134 : 0.03263382146324601
134 : 0.042796162724580276
Training Starts
Iter 0 of 11 loss -0.8855
Iter 1 of 11 loss -0.7728
Iter 2 of 11 loss -0.8371
Iter 3 of 11 loss -0.8868
Iter 4 of 11 loss -0.7931
Iter 5 of 11 loss -0.8050
Iter 6 of 11 loss -0.8010
Iter 7 of 11 loss -0.7923
Iter 8 of 11 loss -0.9127
Iter 9 of 11 loss -0.8483
Iter 10 of 11 loss -0.8043
Pre_150_epoh_ModeTv2_cuda_nh(84211)_hd_6_ncc_8_reg_1_lr_1_54r/ Epoch 135 loss -0.8308
135 : 0.06547782170550497
135 : 0.03273891085275248
135 : 0.04311079663867057
Training Starts
Iter 0 of 11 loss -0.7728
Iter 1 of 11 loss -0.8043
Iter 2 of 11 loss -0.8483
Iter 3 of 11 loss -0.8371
Iter 4 of 11 loss -0.7923
Iter 5 of 11 loss -0.8855
Iter 6 of 11 loss -0.7932
Iter 7 of 11 loss -0.8050
Iter 8 of 11 loss -0.8868
Iter 9 of 11 loss -0.9128
Iter 10 of 11 loss -0.8010
Pre_150_epoh_ModeTv2_cuda_nh(84211)_hd_6_ncc_8_reg_1_lr_1_54r/ Epoch 136 loss -0.8308
136 : 0.06520526996667451
136 : 0.03260263498333726
136 : 0.04277409268283213
Training Starts
Iter 0 of 11 loss -0.8010
Iter 1 of 11 loss -0.7931
Iter 2 of 11 loss -0.8868
Iter 3 of 11 loss -0.7728
Iter 4 of 11 loss -0.8043
Iter 5 of 11 loss -0.7924
Iter 6 of 11 loss -0.9127
Iter 7 of 11 loss -0.8050
Iter 8 of 11 loss -0.8371
Iter 9 of 11 loss -0.8855
Iter 10 of 11 loss -0.8483
Pre_150_epoh_ModeTv2_cuda_nh(84211)_hd_6_ncc_8_reg_1_lr_1_54r/ Epoch 137 loss -0.8308
137 : 0.06540107918400796
137 : 0.03270053959200398
137 : 0.04299576798689683
Training Starts
Iter 0 of 11 loss -0.8010
Iter 1 of 11 loss -0.7728
Iter 2 of 11 loss -0.8050
Iter 3 of 11 loss -0.9127
Iter 4 of 11 loss -0.8043
Iter 5 of 11 loss -0.7932
Iter 6 of 11 loss -0.8483
Iter 7 of 11 loss -0.7924
Iter 8 of 11 loss -0.8868
Iter 9 of 11 loss -0.8855
Iter 10 of 11 loss -0.8371
Pre_150_epoh_ModeTv2_cuda_nh(84211)_hd_6_ncc_8_reg_1_lr_1_54r/ Epoch 138 loss -0.8308
138 : 0.0652692829670742
138 : 0.0326346414835371
138 : 0.042891019099017165
Training Starts
Iter 0 of 11 loss -0.7728
Iter 1 of 11 loss -0.8371
Iter 2 of 11 loss -0.8010
Iter 3 of 11 loss -0.8043
Iter 4 of 11 loss -0.8868
Iter 5 of 11 loss -0.9128
Iter 6 of 11 loss -0.8050
Iter 7 of 11 loss -0.7923
Iter 8 of 11 loss -0.8483
Iter 9 of 11 loss -0.8855
Iter 10 of 11 loss -0.7932
Pre_150_epoh_ModeTv2_cuda_nh(84211)_hd_6_ncc_8_reg_1_lr_1_54r/ Epoch 139 loss -0.8308
139 : 0.06534792346275767
139 : 0.032673961731378834
139 : 0.04302725779508513
Training Starts
Iter 0 of 11 loss -0.7932
Iter 1 of 11 loss -0.8868
Iter 2 of 11 loss -0.8010
Iter 3 of 11 loss -0.7924
Iter 4 of 11 loss -0.8483
Iter 5 of 11 loss -0.8043
Iter 6 of 11 loss -0.9128
Iter 7 of 11 loss -0.8855
Iter 8 of 11 loss -0.8371
Iter 9 of 11 loss -0.8050
Iter 10 of 11 loss -0.7728
Pre_150_epoh_ModeTv2_cuda_nh(84211)_hd_6_ncc_8_reg_1_lr_1_54r/ Epoch 140 loss -0.8308
140 : 0.06530124990632277
140 : 0.032650624953161386
140 : 0.04288261203706267
Training Starts
Iter 0 of 11 loss -0.7932
Iter 1 of 11 loss -0.8010
Iter 2 of 11 loss -0.7924
Iter 3 of 11 loss -0.9128
Iter 4 of 11 loss -0.8050
Iter 5 of 11 loss -0.8043
Iter 6 of 11 loss -0.7728
Iter 7 of 11 loss -0.8868
Iter 8 of 11 loss -0.8855
Iter 9 of 11 loss -0.8483
Iter 10 of 11 loss -0.8371
Pre_150_epoh_ModeTv2_cuda_nh(84211)_hd_6_ncc_8_reg_1_lr_1_54r/ Epoch 141 loss -0.8308
141 : 0.06542558801124083
141 : 0.03271279400562042
141 : 0.04297102986866522
Training Starts
Iter 0 of 11 loss -0.8043
Iter 1 of 11 loss -0.9128
Iter 2 of 11 loss -0.8050
Iter 3 of 11 loss -0.8855
Iter 4 of 11 loss -0.7924
Iter 5 of 11 loss -0.8010
Iter 6 of 11 loss -0.8868
Iter 7 of 11 loss -0.7932
Iter 8 of 11 loss -0.7728
Iter 9 of 11 loss -0.8371
Iter 10 of 11 loss -0.8482
Pre_150_epoh_ModeTv2_cuda_nh(84211)_hd_6_ncc_8_reg_1_lr_1_54r/ Epoch 142 loss -0.8308
142 : 0.0653561060142896
142 : 0.0326780530071448
142 : 0.042937727251958296
Training Starts
Iter 0 of 11 loss -0.8010
Iter 1 of 11 loss -0.9128
Iter 2 of 11 loss -0.8483
Iter 3 of 11 loss -0.8043
Iter 4 of 11 loss -0.7923
Iter 5 of 11 loss -0.8050
Iter 6 of 11 loss -0.7728
Iter 7 of 11 loss -0.7932
Iter 8 of 11 loss -0.8371
Iter 9 of 11 loss -0.8855
Iter 10 of 11 loss -0.8868
Pre_150_epoh_ModeTv2_cuda_nh(84211)_hd_6_ncc_8_reg_1_lr_1_54r/ Epoch 143 loss -0.8308
143 : 0.06534383153902278
143 : 0.03267191576951139
143 : 0.042948845772573276
Training Starts
Iter 0 of 11 loss -0.8868
Iter 1 of 11 loss -0.9128
Iter 2 of 11 loss -0.8483
Iter 3 of 11 loss -0.7932
Iter 4 of 11 loss -0.7923
Iter 5 of 11 loss -0.8050
Iter 6 of 11 loss -0.8855
Iter 7 of 11 loss -0.8043
Iter 8 of 11 loss -0.7728
Iter 9 of 11 loss -0.8010
Iter 10 of 11 loss -0.8371
Pre_150_epoh_ModeTv2_cuda_nh(84211)_hd_6_ncc_8_reg_1_lr_1_54r/ Epoch 144 loss -0.8308
144 : 0.06536510482577816
144 : 0.03268255241288908
144 : 0.042940726855787814
Training Starts
Iter 0 of 11 loss -0.8855
Iter 1 of 11 loss -0.8043
Iter 2 of 11 loss -0.8371
Iter 3 of 11 loss -0.7728
Iter 4 of 11 loss -0.8050
Iter 5 of 11 loss -0.8010
Iter 6 of 11 loss -0.8483
Iter 7 of 11 loss -0.7932
Iter 8 of 11 loss -0.8868
Iter 9 of 11 loss -0.7924
Iter 10 of 11 loss -0.9128
Pre_150_epoh_ModeTv2_cuda_nh(84211)_hd_6_ncc_8_reg_1_lr_1_54r/ Epoch 145 loss -0.8308
145 : 0.06536592279592734
145 : 0.03268296139796367
145 : 0.04295747623682832
Training Starts
Iter 0 of 11 loss -0.8050
Iter 1 of 11 loss -0.7932
Iter 2 of 11 loss -0.7728
Iter 3 of 11 loss -0.8371
Iter 4 of 11 loss -0.7924
Iter 5 of 11 loss -0.8483
Iter 6 of 11 loss -0.9128
Iter 7 of 11 loss -0.8855
Iter 8 of 11 loss -0.8868
Iter 9 of 11 loss -0.8010
Iter 10 of 11 loss -0.8043
Pre_150_epoh_ModeTv2_cuda_nh(84211)_hd_6_ncc_8_reg_1_lr_1_54r/ Epoch 146 loss -0.8308
146 : 0.06541170158046808
146 : 0.03270585079023404
146 : 0.042977801466512255
Training Starts
Iter 0 of 11 loss -0.8868
Iter 1 of 11 loss -0.8483
Iter 2 of 11 loss -0.8043
Iter 3 of 11 loss -0.7923
Iter 4 of 11 loss -0.8050
Iter 5 of 11 loss -0.8855
Iter 6 of 11 loss -0.7932
Iter 7 of 11 loss -0.8010
Iter 8 of 11 loss -0.9128
Iter 9 of 11 loss -0.8371
Iter 10 of 11 loss -0.7728
Pre_150_epoh_ModeTv2_cuda_nh(84211)_hd_6_ncc_8_reg_1_lr_1_54r/ Epoch 147 loss -0.8308
147 : 0.06533810211990015
147 : 0.03266905105995008
147 : 0.042921576224083664
Training Starts
Iter 0 of 11 loss -0.9128
Iter 1 of 11 loss -0.8483
Iter 2 of 11 loss -0.7923
Iter 3 of 11 loss -0.8050
Iter 4 of 11 loss -0.8855
Iter 5 of 11 loss -0.8010
Iter 6 of 11 loss -0.8371
Iter 7 of 11 loss -0.8043
Iter 8 of 11 loss -0.7932
Iter 9 of 11 loss -0.7728
Iter 10 of 11 loss -0.8868
Pre_150_epoh_ModeTv2_cuda_nh(84211)_hd_6_ncc_8_reg_1_lr_1_54r/ Epoch 148 loss -0.8308
148 : 0.0653683766027688
148 : 0.0326841883013844
148 : 0.04294562159084884
Training Starts
Iter 0 of 11 loss -0.8043
Iter 1 of 11 loss -0.7932
Iter 2 of 11 loss -0.9128
Iter 3 of 11 loss -0.8371
Iter 4 of 11 loss -0.8010
Iter 5 of 11 loss -0.8050
Iter 6 of 11 loss -0.8482
Iter 7 of 11 loss -0.8868
Iter 8 of 11 loss -0.7923
Iter 9 of 11 loss -0.8855
Iter 10 of 11 loss -0.7728
Pre_150_epoh_ModeTv2_cuda_nh(84211)_hd_6_ncc_8_reg_1_lr_1_54r/ Epoch 149 loss -0.8308
149 : 0.06537819027630555
149 : 0.032689095138152775
149 : 0.04294128343602157
