Training Starts
Iter 1 of 11 loss -0.1903
Iter 2 of 11 loss -0.1924
Iter 3 of 11 loss -0.1647
Iter 4 of 11 loss -0.1578
Iter 5 of 11 loss -0.1697
Iter 6 of 11 loss -0.1874
Iter 7 of 11 loss -0.1598
Iter 8 of 11 loss -0.1781
Iter 9 of 11 loss -0.1536
Iter 10 of 11 loss -0.1569
Iter 11 of 11 loss -0.1749
50_epoh_post_ModeTv2_cuda_nh(84211)_hd_6_c_8_ncc_1_reg_0.1_lr_0.0001_54r/ Epoch 0 loss -0.1714
Training Starts
Iter 1 of 11 loss -0.1880
Iter 2 of 11 loss -0.1585
Iter 3 of 11 loss -0.1600
Iter 4 of 11 loss -0.1890
Iter 5 of 11 loss -0.1922
Iter 6 of 11 loss -0.1635
Iter 7 of 11 loss -0.1551
Iter 8 of 11 loss -0.1604
Iter 9 of 11 loss -0.1789
Iter 10 of 11 loss -0.1594
Iter 11 of 11 loss -0.1647
50_epoh_post_ModeTv2_cuda_nh(84211)_hd_6_c_8_ncc_1_reg_0.1_lr_0.0001_54r/ Epoch 1 loss -0.1700
Training Starts
Iter 1 of 11 loss -0.1841
Iter 2 of 11 loss -0.1612
Iter 3 of 11 loss -0.1817
Iter 4 of 11 loss -0.1526
Iter 5 of 11 loss -0.1560
Iter 6 of 11 loss -0.1824
Iter 7 of 11 loss -0.1613
Iter 8 of 11 loss -0.1602
Iter 9 of 11 loss -0.1824
Iter 10 of 11 loss -0.1609
Iter 11 of 11 loss -0.1669
50_epoh_post_ModeTv2_cuda_nh(84211)_hd_6_c_8_ncc_1_reg_0.1_lr_0.0001_54r/ Epoch 2 loss -0.1681
Training Starts
Iter 1 of 11 loss -0.1516
Iter 2 of 11 loss -0.1522
Iter 3 of 11 loss -0.1619
Iter 4 of 11 loss -0.1565
Iter 5 of 11 loss -0.1741
Iter 6 of 11 loss -0.1582
Iter 7 of 11 loss -0.1736
Iter 8 of 11 loss -0.1729
Iter 9 of 11 loss -0.1754
Iter 10 of 11 loss -0.1331
Iter 11 of 11 loss -0.1548
50_epoh_post_ModeTv2_cuda_nh(84211)_hd_6_c_8_ncc_1_reg_0.1_lr_0.0001_54r/ Epoch 3 loss -0.1604
Training Starts
Iter 1 of 11 loss -0.1778
Iter 2 of 11 loss -0.1479
Iter 3 of 11 loss -0.1755
Iter 4 of 11 loss -0.1721
Iter 5 of 11 loss -0.1523
Iter 6 of 11 loss -0.1595
Iter 7 of 11 loss -0.1523
Iter 8 of 11 loss -0.1767
Iter 9 of 11 loss -0.1547
Iter 10 of 11 loss -0.1562
Iter 11 of 11 loss -0.1751
50_epoh_post_ModeTv2_cuda_nh(84211)_hd_6_c_8_ncc_1_reg_0.1_lr_0.0001_54r/ Epoch 4 loss -0.1637
Training Starts
Iter 1 of 11 loss -0.1786
Iter 2 of 11 loss -0.1482
Iter 3 of 11 loss -0.1544
Iter 4 of 11 loss -0.1538
Iter 5 of 11 loss -0.1803
Iter 6 of 11 loss -0.1499
Iter 7 of 11 loss -0.1727
Iter 8 of 11 loss -0.1550
Iter 9 of 11 loss -0.1741
Iter 10 of 11 loss -0.1479
Iter 11 of 11 loss -0.1565
50_epoh_post_ModeTv2_cuda_nh(84211)_hd_6_c_8_ncc_1_reg_0.1_lr_0.0001_54r/ Epoch 5 loss -0.1610
Training Starts
Iter 1 of 11 loss -0.1547
Iter 2 of 11 loss -0.1633
Iter 3 of 11 loss -0.1694
Iter 4 of 11 loss -0.1573
Iter 5 of 11 loss -0.1450
Iter 6 of 11 loss -0.1483
Iter 7 of 11 loss -0.1551
Iter 8 of 11 loss -0.1697
Iter 9 of 11 loss -0.1753
Iter 10 of 11 loss -0.1714
Iter 11 of 11 loss -0.1421
50_epoh_post_ModeTv2_cuda_nh(84211)_hd_6_c_8_ncc_1_reg_0.1_lr_0.0001_54r/ Epoch 6 loss -0.1592
Training Starts
Iter 1 of 11 loss -0.1438
Iter 2 of 11 loss -inf
Iter 3 of 11 loss nan
Iter 4 of 11 loss nan
Iter 5 of 11 loss nan
Iter 6 of 11 loss nan
Iter 7 of 11 loss nan
Iter 8 of 11 loss nan
Iter 9 of 11 loss nan
Iter 10 of 11 loss nan
Iter 11 of 11 loss nan
50_epoh_post_ModeTv2_cuda_nh(84211)_hd_6_c_8_ncc_1_reg_0.1_lr_0.0001_54r/ Epoch 7 loss nan
Training Starts
Iter 1 of 11 loss nan
Iter 2 of 11 loss nan
Iter 3 of 11 loss nan
Iter 4 of 11 loss nan
Iter 5 of 11 loss nan
Iter 6 of 11 loss nan
Iter 7 of 11 loss nan
Iter 8 of 11 loss nan
Iter 9 of 11 loss nan
Iter 10 of 11 loss nan
Iter 11 of 11 loss nan
50_epoh_post_ModeTv2_cuda_nh(84211)_hd_6_c_8_ncc_1_reg_0.1_lr_0.0001_54r/ Epoch 8 loss nan
Training Starts
Iter 1 of 11 loss nan
Iter 2 of 11 loss nan
Iter 3 of 11 loss nan
Iter 4 of 11 loss nan
Iter 5 of 11 loss nan
Iter 6 of 11 loss nan
Iter 7 of 11 loss nan
Iter 8 of 11 loss nan
Iter 9 of 11 loss nan
Iter 10 of 11 loss nan
Iter 11 of 11 loss nan
50_epoh_post_ModeTv2_cuda_nh(84211)_hd_6_c_8_ncc_1_reg_0.1_lr_0.0001_54r/ Epoch 9 loss nan
Training Starts
Iter 1 of 11 loss nan
Iter 2 of 11 loss nan
Iter 3 of 11 loss nan
Iter 4 of 11 loss nan
Iter 5 of 11 loss nan
Iter 6 of 11 loss nan
Iter 7 of 11 loss nan
Iter 8 of 11 loss nan
Iter 9 of 11 loss nan
Iter 10 of 11 loss nan
Iter 11 of 11 loss nan
50_epoh_post_ModeTv2_cuda_nh(84211)_hd_6_c_8_ncc_1_reg_0.1_lr_0.0001_54r/ Epoch 10 loss nan
Training Starts
Iter 1 of 11 loss nan
Iter 2 of 11 loss nan
Iter 3 of 11 loss nan
Iter 4 of 11 loss nan
Iter 5 of 11 loss nan
Iter 6 of 11 loss nan
Iter 7 of 11 loss nan
Iter 8 of 11 loss nan
Iter 9 of 11 loss nan
Iter 10 of 11 loss nan
Iter 11 of 11 loss nan
50_epoh_post_ModeTv2_cuda_nh(84211)_hd_6_c_8_ncc_1_reg_0.1_lr_0.0001_54r/ Epoch 11 loss nan
Training Starts
Iter 1 of 11 loss nan
Iter 2 of 11 loss nan
Iter 3 of 11 loss nan
Iter 4 of 11 loss nan
Iter 5 of 11 loss nan
Iter 6 of 11 loss nan
Iter 7 of 11 loss nan
Iter 8 of 11 loss nan
Iter 9 of 11 loss nan
Iter 10 of 11 loss nan
Iter 11 of 11 loss nan
50_epoh_post_ModeTv2_cuda_nh(84211)_hd_6_c_8_ncc_1_reg_0.1_lr_0.0001_54r/ Epoch 12 loss nan
Training Starts
Iter 1 of 11 loss nan
Iter 2 of 11 loss nan
Iter 3 of 11 loss nan
Iter 4 of 11 loss nan
Iter 5 of 11 loss nan
Iter 6 of 11 loss nan
Iter 7 of 11 loss nan
Iter 8 of 11 loss nan
Iter 9 of 11 loss nan
Iter 10 of 11 loss nan
Iter 11 of 11 loss nan
50_epoh_post_ModeTv2_cuda_nh(84211)_hd_6_c_8_ncc_1_reg_0.1_lr_0.0001_54r/ Epoch 13 loss nan
Training Starts
Iter 1 of 11 loss nan
Iter 2 of 11 loss nan
Iter 3 of 11 loss nan
Iter 4 of 11 loss nan
Iter 5 of 11 loss nan
Iter 6 of 11 loss nan
Iter 7 of 11 loss nan
Iter 8 of 11 loss nan
Iter 9 of 11 loss nan
Iter 10 of 11 loss nan
Iter 11 of 11 loss nan
50_epoh_post_ModeTv2_cuda_nh(84211)_hd_6_c_8_ncc_1_reg_0.1_lr_0.0001_54r/ Epoch 14 loss nan
Training Starts
Iter 1 of 11 loss nan
Iter 2 of 11 loss nan
Iter 3 of 11 loss nan
Iter 4 of 11 loss nan
Iter 5 of 11 loss nan
Iter 6 of 11 loss nan
Iter 7 of 11 loss nan
Iter 8 of 11 loss nan
Iter 9 of 11 loss nan
Iter 10 of 11 loss nan
Iter 11 of 11 loss nan
50_epoh_post_ModeTv2_cuda_nh(84211)_hd_6_c_8_ncc_1_reg_0.1_lr_0.0001_54r/ Epoch 15 loss nan
Training Starts
Iter 1 of 11 loss nan
Iter 2 of 11 loss nan
Iter 3 of 11 loss nan
Iter 4 of 11 loss nan
Iter 5 of 11 loss nan
Iter 6 of 11 loss nan
Iter 7 of 11 loss nan
Iter 8 of 11 loss nan
Iter 9 of 11 loss nan
Iter 10 of 11 loss nan
Iter 11 of 11 loss nan
50_epoh_post_ModeTv2_cuda_nh(84211)_hd_6_c_8_ncc_1_reg_0.1_lr_0.0001_54r/ Epoch 16 loss nan
Training Starts
Iter 1 of 11 loss nan
Iter 2 of 11 loss nan
Iter 3 of 11 loss nan
Iter 4 of 11 loss nan
Iter 5 of 11 loss nan
Iter 6 of 11 loss nan
Iter 7 of 11 loss nan
Iter 8 of 11 loss nan
Iter 9 of 11 loss nan
Iter 10 of 11 loss nan
Iter 11 of 11 loss nan
50_epoh_post_ModeTv2_cuda_nh(84211)_hd_6_c_8_ncc_1_reg_0.1_lr_0.0001_54r/ Epoch 17 loss nan
Training Starts
Iter 1 of 11 loss nan
Iter 2 of 11 loss nan
Iter 3 of 11 loss nan
Iter 4 of 11 loss nan
Iter 5 of 11 loss nan
Iter 6 of 11 loss nan
Iter 7 of 11 loss nan
Iter 8 of 11 loss nan
Iter 9 of 11 loss nan
Iter 10 of 11 loss nan
Iter 11 of 11 loss nan
50_epoh_post_ModeTv2_cuda_nh(84211)_hd_6_c_8_ncc_1_reg_0.1_lr_0.0001_54r/ Epoch 18 loss nan
Training Starts
Iter 1 of 11 loss nan
Iter 2 of 11 loss nan
Iter 3 of 11 loss nan
Iter 4 of 11 loss nan
Iter 5 of 11 loss nan
Iter 6 of 11 loss nan
Iter 7 of 11 loss nan
Iter 8 of 11 loss nan
Iter 9 of 11 loss nan
Iter 10 of 11 loss nan
Iter 11 of 11 loss nan
50_epoh_post_ModeTv2_cuda_nh(84211)_hd_6_c_8_ncc_1_reg_0.1_lr_0.0001_54r/ Epoch 19 loss nan
Training Starts
Iter 1 of 11 loss nan
Iter 2 of 11 loss nan
Iter 3 of 11 loss nan
Iter 4 of 11 loss nan
Iter 5 of 11 loss nan
Iter 6 of 11 loss nan
Iter 7 of 11 loss nan
Iter 8 of 11 loss nan
Iter 9 of 11 loss nan
Iter 10 of 11 loss nan
Iter 11 of 11 loss nan
50_epoh_post_ModeTv2_cuda_nh(84211)_hd_6_c_8_ncc_1_reg_0.1_lr_0.0001_54r/ Epoch 20 loss nan
Training Starts
Iter 1 of 11 loss nan
Iter 2 of 11 loss nan
Iter 3 of 11 loss nan
Iter 4 of 11 loss nan
Iter 5 of 11 loss nan
Iter 6 of 11 loss nan
Iter 7 of 11 loss nan
Iter 8 of 11 loss nan
Iter 9 of 11 loss nan
Iter 10 of 11 loss nan
Iter 11 of 11 loss nan
50_epoh_post_ModeTv2_cuda_nh(84211)_hd_6_c_8_ncc_1_reg_0.1_lr_0.0001_54r/ Epoch 21 loss nan
Training Starts
Iter 1 of 11 loss nan
Iter 2 of 11 loss nan
Iter 3 of 11 loss nan
Iter 4 of 11 loss nan
Iter 5 of 11 loss nan
Iter 6 of 11 loss nan
Iter 7 of 11 loss nan
Iter 8 of 11 loss nan
Iter 9 of 11 loss nan
Iter 10 of 11 loss nan
Iter 11 of 11 loss nan
50_epoh_post_ModeTv2_cuda_nh(84211)_hd_6_c_8_ncc_1_reg_0.1_lr_0.0001_54r/ Epoch 22 loss nan
Training Starts
Iter 1 of 11 loss nan
Iter 2 of 11 loss nan
Iter 3 of 11 loss nan
Iter 4 of 11 loss nan
Iter 5 of 11 loss nan
Iter 6 of 11 loss nan
Iter 7 of 11 loss nan
Iter 8 of 11 loss nan
Iter 9 of 11 loss nan
Iter 10 of 11 loss nan
Iter 11 of 11 loss nan
50_epoh_post_ModeTv2_cuda_nh(84211)_hd_6_c_8_ncc_1_reg_0.1_lr_0.0001_54r/ Epoch 23 loss nan
Training Starts
Iter 1 of 11 loss nan
Iter 2 of 11 loss nan
Iter 3 of 11 loss nan
Iter 4 of 11 loss nan
Iter 5 of 11 loss nan
Iter 6 of 11 loss nan
Iter 7 of 11 loss nan
Iter 8 of 11 loss nan
Iter 9 of 11 loss nan
Iter 10 of 11 loss nan
Iter 11 of 11 loss nan
50_epoh_post_ModeTv2_cuda_nh(84211)_hd_6_c_8_ncc_1_reg_0.1_lr_0.0001_54r/ Epoch 24 loss nan
Training Starts
Iter 1 of 11 loss nan
Iter 2 of 11 loss nan
Iter 3 of 11 loss nan
Iter 4 of 11 loss nan
Iter 5 of 11 loss nan
Iter 6 of 11 loss nan
Iter 7 of 11 loss nan
Iter 8 of 11 loss nan
Iter 9 of 11 loss nan
Iter 10 of 11 loss nan
Iter 11 of 11 loss nan
50_epoh_post_ModeTv2_cuda_nh(84211)_hd_6_c_8_ncc_1_reg_0.1_lr_0.0001_54r/ Epoch 25 loss nan
Training Starts
Iter 1 of 11 loss nan
Iter 2 of 11 loss nan
Iter 3 of 11 loss nan
Iter 4 of 11 loss nan
Iter 5 of 11 loss nan
Iter 6 of 11 loss nan
Iter 7 of 11 loss nan
Iter 8 of 11 loss nan
Iter 9 of 11 loss nan
Iter 10 of 11 loss nan
Iter 11 of 11 loss nan
50_epoh_post_ModeTv2_cuda_nh(84211)_hd_6_c_8_ncc_1_reg_0.1_lr_0.0001_54r/ Epoch 26 loss nan
Training Starts
Iter 1 of 11 loss nan
Iter 2 of 11 loss nan
Iter 3 of 11 loss nan
Iter 4 of 11 loss nan
Iter 5 of 11 loss nan
Iter 6 of 11 loss nan
Iter 7 of 11 loss nan
Iter 8 of 11 loss nan
Iter 9 of 11 loss nan
Iter 10 of 11 loss nan
Iter 11 of 11 loss nan
50_epoh_post_ModeTv2_cuda_nh(84211)_hd_6_c_8_ncc_1_reg_0.1_lr_0.0001_54r/ Epoch 27 loss nan
Training Starts
Iter 1 of 11 loss nan
Iter 2 of 11 loss nan
Iter 3 of 11 loss nan
Iter 4 of 11 loss nan
Iter 5 of 11 loss nan
Iter 6 of 11 loss nan
Iter 7 of 11 loss nan
Iter 8 of 11 loss nan
Iter 9 of 11 loss nan
Iter 10 of 11 loss nan
Iter 11 of 11 loss nan
50_epoh_post_ModeTv2_cuda_nh(84211)_hd_6_c_8_ncc_1_reg_0.1_lr_0.0001_54r/ Epoch 28 loss nan
Training Starts
Iter 1 of 11 loss nan
Iter 2 of 11 loss nan
Iter 3 of 11 loss nan
Iter 4 of 11 loss nan
Iter 5 of 11 loss nan
Iter 6 of 11 loss nan
Iter 7 of 11 loss nan
Iter 8 of 11 loss nan
Iter 9 of 11 loss nan
Iter 10 of 11 loss nan
Iter 11 of 11 loss nan
50_epoh_post_ModeTv2_cuda_nh(84211)_hd_6_c_8_ncc_1_reg_0.1_lr_0.0001_54r/ Epoch 29 loss nan
Training Starts
Iter 1 of 11 loss nan
Iter 2 of 11 loss nan
Iter 3 of 11 loss nan
Iter 4 of 11 loss nan
Iter 5 of 11 loss nan
Iter 6 of 11 loss nan
Iter 7 of 11 loss nan
Iter 8 of 11 loss nan
Iter 9 of 11 loss nan
Iter 10 of 11 loss nan
Iter 11 of 11 loss nan
50_epoh_post_ModeTv2_cuda_nh(84211)_hd_6_c_8_ncc_1_reg_0.1_lr_0.0001_54r/ Epoch 30 loss nan
Training Starts
Iter 1 of 11 loss nan
Iter 2 of 11 loss nan
Iter 3 of 11 loss nan
Iter 4 of 11 loss nan
Iter 5 of 11 loss nan
Iter 6 of 11 loss nan
Iter 7 of 11 loss nan
Iter 8 of 11 loss nan
Iter 9 of 11 loss nan
Iter 10 of 11 loss nan
Iter 11 of 11 loss nan
50_epoh_post_ModeTv2_cuda_nh(84211)_hd_6_c_8_ncc_1_reg_0.1_lr_0.0001_54r/ Epoch 31 loss nan
Training Starts
Iter 1 of 11 loss nan
Iter 2 of 11 loss nan
Iter 3 of 11 loss nan
Iter 4 of 11 loss nan
Iter 5 of 11 loss nan
Iter 6 of 11 loss nan
Iter 7 of 11 loss nan
Iter 8 of 11 loss nan
Iter 9 of 11 loss nan
